2023-03-29 21:07:58 [main] INFO :Starting Main using Java 18.0.1.1 on Shellys-MBP.lan with PID 11581 (/Users/shelly_yaron/IdeaProjects/CouponsProject/target/classes started by shelly_yaron in /Users/shelly_yaron/IdeaProjects/CouponsProject)
2023-03-29 21:07:58 [main] INFO :No active profile set, falling back to 1 default profile: "default"
2023-03-29 21:07:59 [main] INFO :Bootstrapping Spring Data JPA repositories in DEFAULT mode.
2023-03-29 21:07:59 [main] INFO :Finished Spring Data repository scanning in 104 ms. Found 5 JPA repository interfaces.
2023-03-29 21:08:00 [main] INFO :Tomcat initialized with port(s): 8080 (http)
2023-03-29 21:08:00 [main] INFO :Initializing ProtocolHandler ["http-nio-8080"]
2023-03-29 21:08:00 [main] INFO :Starting service [Tomcat]
2023-03-29 21:08:00 [main] INFO :Starting Servlet engine: [Apache Tomcat/9.0.65]
2023-03-29 21:08:00 [main] INFO :Initializing Spring embedded WebApplicationContext
2023-03-29 21:08:00 [main] INFO :Root WebApplicationContext: initialization completed in 2533 ms
2023-03-29 21:08:01 [main] INFO :HHH000204: Processing PersistenceUnitInfo [name: default]
2023-03-29 21:08:01 [main] INFO :HHH000412: Hibernate ORM core version 5.6.10.Final
2023-03-29 21:08:01 [main] INFO :HCANN000001: Hibernate Commons Annotations {5.1.2.Final}
2023-03-29 21:08:01 [main] INFO :HikariPool-1 - Starting...
2023-03-29 21:08:02 [main] INFO :HikariPool-1 - Start completed.
2023-03-29 21:08:02 [main] INFO :HHH000400: Using dialect: org.hibernate.dialect.MySQL57Dialect
2023-03-29 21:08:02 [main] INFO :HHH000490: Using JtaPlatform implementation: [org.hibernate.engine.transaction.jta.platform.internal.NoJtaPlatform]
2023-03-29 21:08:02 [main] INFO :Initialized JPA EntityManagerFactory for persistence unit 'default'
2023-03-29 21:08:03 [main] WARN :Exception encountered during context initialization - cancelling refresh attempt: org.springframework.beans.factory.UnsatisfiedDependencyException: Error creating bean with name 'couponController' defined in file [/Users/shelly_yaron/IdeaProjects/CouponsProject/target/classes/com/shelly/coupons/controller/CouponController.class]: Unsatisfied dependency expressed through constructor parameter 0; nested exception is org.springframework.beans.factory.UnsatisfiedDependencyException: Error creating bean with name 'couponLogic' defined in file [/Users/shelly_yaron/IdeaProjects/CouponsProject/target/classes/com/shelly/coupons/logic/CouponLogic.class]: Unsatisfied dependency expressed through constructor parameter 0; nested exception is org.springframework.beans.factory.BeanCreationException: Error creating bean with name 'ICouponDao' defined in com.shelly.coupons.dao.ICouponDao defined in @EnableJpaRepositories declared on JpaRepositoriesRegistrar.EnableJpaRepositoriesConfiguration: Invocation of init method failed; nested exception is org.springframework.data.repository.query.QueryCreationException: Could not create query for public abstract java.util.List com.shelly.coupons.dao.ICouponDao.getByCompany(com.shelly.coupons.entities.CompanyEntity); Reason: Validation failed for query for method public abstract java.util.List com.shelly.coupons.dao.ICouponDao.getByCompany(com.shelly.coupons.entities.CompanyEntity)!; nested exception is java.lang.IllegalArgumentException: Validation failed for query for method public abstract java.util.List com.shelly.coupons.dao.ICouponDao.getByCompany(com.shelly.coupons.entities.CompanyEntity)!
2023-03-29 21:08:03 [main] INFO :Closing JPA EntityManagerFactory for persistence unit 'default'
2023-03-29 21:08:03 [main] INFO :HikariPool-1 - Shutdown initiated...
2023-03-29 21:08:03 [main] INFO :HikariPool-1 - Shutdown completed.
2023-03-29 21:08:03 [main] INFO :Stopping service [Tomcat]
2023-03-29 21:08:03 [main] INFO :

Error starting ApplicationContext. To display the conditions report re-run your application with 'debug' enabled.
2023-03-29 21:08:03 [main] ERROR:Application run failed
org.springframework.beans.factory.UnsatisfiedDependencyException: Error creating bean with name 'couponController' defined in file [/Users/shelly_yaron/IdeaProjects/CouponsProject/target/classes/com/shelly/coupons/controller/CouponController.class]: Unsatisfied dependency expressed through constructor parameter 0; nested exception is org.springframework.beans.factory.UnsatisfiedDependencyException: Error creating bean with name 'couponLogic' defined in file [/Users/shelly_yaron/IdeaProjects/CouponsProject/target/classes/com/shelly/coupons/logic/CouponLogic.class]: Unsatisfied dependency expressed through constructor parameter 0; nested exception is org.springframework.beans.factory.BeanCreationException: Error creating bean with name 'ICouponDao' defined in com.shelly.coupons.dao.ICouponDao defined in @EnableJpaRepositories declared on JpaRepositoriesRegistrar.EnableJpaRepositoriesConfiguration: Invocation of init method failed; nested exception is org.springframework.data.repository.query.QueryCreationException: Could not create query for public abstract java.util.List com.shelly.coupons.dao.ICouponDao.getByCompany(com.shelly.coupons.entities.CompanyEntity); Reason: Validation failed for query for method public abstract java.util.List com.shelly.coupons.dao.ICouponDao.getByCompany(com.shelly.coupons.entities.CompanyEntity)!; nested exception is java.lang.IllegalArgumentException: Validation failed for query for method public abstract java.util.List com.shelly.coupons.dao.ICouponDao.getByCompany(com.shelly.coupons.entities.CompanyEntity)!
	at org.springframework.beans.factory.support.ConstructorResolver.createArgumentArray(ConstructorResolver.java:800)
	at org.springframework.beans.factory.support.ConstructorResolver.autowireConstructor(ConstructorResolver.java:229)
	at org.springframework.beans.factory.support.AbstractAutowireCapableBeanFactory.autowireConstructor(AbstractAutowireCapableBeanFactory.java:1372)
	at org.springframework.beans.factory.support.AbstractAutowireCapableBeanFactory.createBeanInstance(AbstractAutowireCapableBeanFactory.java:1222)
	at org.springframework.beans.factory.support.AbstractAutowireCapableBeanFactory.doCreateBean(AbstractAutowireCapableBeanFactory.java:582)
	at org.springframework.beans.factory.support.AbstractAutowireCapableBeanFactory.createBean(AbstractAutowireCapableBeanFactory.java:542)
	at org.springframework.beans.factory.support.AbstractBeanFactory.lambda$doGetBean$0(AbstractBeanFactory.java:335)
	at org.springframework.beans.factory.support.DefaultSingletonBeanRegistry.getSingleton(DefaultSingletonBeanRegistry.java:234)
	at org.springframework.beans.factory.support.AbstractBeanFactory.doGetBean(AbstractBeanFactory.java:333)
	at org.springframework.beans.factory.support.AbstractBeanFactory.getBean(AbstractBeanFactory.java:208)
	at org.springframework.beans.factory.support.DefaultListableBeanFactory.preInstantiateSingletons(DefaultListableBeanFactory.java:955)
	at org.springframework.context.support.AbstractApplicationContext.finishBeanFactoryInitialization(AbstractApplicationContext.java:918)
	at org.springframework.context.support.AbstractApplicationContext.refresh(AbstractApplicationContext.java:583)
	at org.springframework.boot.web.servlet.context.ServletWebServerApplicationContext.refresh(ServletWebServerApplicationContext.java:147)
	at org.springframework.boot.SpringApplication.refresh(SpringApplication.java:734)
	at org.springframework.boot.SpringApplication.refreshContext(SpringApplication.java:408)
	at org.springframework.boot.SpringApplication.run(SpringApplication.java:308)
	at org.springframework.boot.SpringApplication.run(SpringApplication.java:1306)
	at org.springframework.boot.SpringApplication.run(SpringApplication.java:1295)
	at com.shelly.coupons.Main.main(Main.java:14)
Caused by: org.springframework.beans.factory.UnsatisfiedDependencyException: Error creating bean with name 'couponLogic' defined in file [/Users/shelly_yaron/IdeaProjects/CouponsProject/target/classes/com/shelly/coupons/logic/CouponLogic.class]: Unsatisfied dependency expressed through constructor parameter 0; nested exception is org.springframework.beans.factory.BeanCreationException: Error creating bean with name 'ICouponDao' defined in com.shelly.coupons.dao.ICouponDao defined in @EnableJpaRepositories declared on JpaRepositoriesRegistrar.EnableJpaRepositoriesConfiguration: Invocation of init method failed; nested exception is org.springframework.data.repository.query.QueryCreationException: Could not create query for public abstract java.util.List com.shelly.coupons.dao.ICouponDao.getByCompany(com.shelly.coupons.entities.CompanyEntity); Reason: Validation failed for query for method public abstract java.util.List com.shelly.coupons.dao.ICouponDao.getByCompany(com.shelly.coupons.entities.CompanyEntity)!; nested exception is java.lang.IllegalArgumentException: Validation failed for query for method public abstract java.util.List com.shelly.coupons.dao.ICouponDao.getByCompany(com.shelly.coupons.entities.CompanyEntity)!
	at org.springframework.beans.factory.support.ConstructorResolver.createArgumentArray(ConstructorResolver.java:800)
	at org.springframework.beans.factory.support.ConstructorResolver.autowireConstructor(ConstructorResolver.java:229)
	at org.springframework.beans.factory.support.AbstractAutowireCapableBeanFactory.autowireConstructor(AbstractAutowireCapableBeanFactory.java:1372)
	at org.springframework.beans.factory.support.AbstractAutowireCapableBeanFactory.createBeanInstance(AbstractAutowireCapableBeanFactory.java:1222)
	at org.springframework.beans.factory.support.AbstractAutowireCapableBeanFactory.doCreateBean(AbstractAutowireCapableBeanFactory.java:582)
	at org.springframework.beans.factory.support.AbstractAutowireCapableBeanFactory.createBean(AbstractAutowireCapableBeanFactory.java:542)
	at org.springframework.beans.factory.support.AbstractBeanFactory.lambda$doGetBean$0(AbstractBeanFactory.java:335)
	at org.springframework.beans.factory.support.DefaultSingletonBeanRegistry.getSingleton(DefaultSingletonBeanRegistry.java:234)
	at org.springframework.beans.factory.support.AbstractBeanFactory.doGetBean(AbstractBeanFactory.java:333)
	at org.springframework.beans.factory.support.AbstractBeanFactory.getBean(AbstractBeanFactory.java:208)
	at org.springframework.beans.factory.config.DependencyDescriptor.resolveCandidate(DependencyDescriptor.java:276)
	at org.springframework.beans.factory.support.DefaultListableBeanFactory.doResolveDependency(DefaultListableBeanFactory.java:1391)
	at org.springframework.beans.factory.support.DefaultListableBeanFactory.resolveDependency(DefaultListableBeanFactory.java:1311)
	at org.springframework.beans.factory.support.ConstructorResolver.resolveAutowiredArgument(ConstructorResolver.java:887)
	at org.springframework.beans.factory.support.ConstructorResolver.createArgumentArray(ConstructorResolver.java:791)
	... 19 common frames omitted
Caused by: org.springframework.beans.factory.BeanCreationException: Error creating bean with name 'ICouponDao' defined in com.shelly.coupons.dao.ICouponDao defined in @EnableJpaRepositories declared on JpaRepositoriesRegistrar.EnableJpaRepositoriesConfiguration: Invocation of init method failed; nested exception is org.springframework.data.repository.query.QueryCreationException: Could not create query for public abstract java.util.List com.shelly.coupons.dao.ICouponDao.getByCompany(com.shelly.coupons.entities.CompanyEntity); Reason: Validation failed for query for method public abstract java.util.List com.shelly.coupons.dao.ICouponDao.getByCompany(com.shelly.coupons.entities.CompanyEntity)!; nested exception is java.lang.IllegalArgumentException: Validation failed for query for method public abstract java.util.List com.shelly.coupons.dao.ICouponDao.getByCompany(com.shelly.coupons.entities.CompanyEntity)!
	at org.springframework.beans.factory.support.AbstractAutowireCapableBeanFactory.initializeBean(AbstractAutowireCapableBeanFactory.java:1804)
	at org.springframework.beans.factory.support.AbstractAutowireCapableBeanFactory.doCreateBean(AbstractAutowireCapableBeanFactory.java:620)
	at org.springframework.beans.factory.support.AbstractAutowireCapableBeanFactory.createBean(AbstractAutowireCapableBeanFactory.java:542)
	at org.springframework.beans.factory.support.AbstractBeanFactory.lambda$doGetBean$0(AbstractBeanFactory.java:335)
	at org.springframework.beans.factory.support.DefaultSingletonBeanRegistry.getSingleton(DefaultSingletonBeanRegistry.java:234)
	at org.springframework.beans.factory.support.AbstractBeanFactory.doGetBean(AbstractBeanFactory.java:333)
	at org.springframework.beans.factory.support.AbstractBeanFactory.getBean(AbstractBeanFactory.java:208)
	at org.springframework.beans.factory.config.DependencyDescriptor.resolveCandidate(DependencyDescriptor.java:276)
	at org.springframework.beans.factory.support.DefaultListableBeanFactory.doResolveDependency(DefaultListableBeanFactory.java:1391)
	at org.springframework.beans.factory.support.DefaultListableBeanFactory.resolveDependency(DefaultListableBeanFactory.java:1311)
	at org.springframework.beans.factory.support.ConstructorResolver.resolveAutowiredArgument(ConstructorResolver.java:887)
	at org.springframework.beans.factory.support.ConstructorResolver.createArgumentArray(ConstructorResolver.java:791)
	... 33 common frames omitted
Caused by: org.springframework.data.repository.query.QueryCreationException: Could not create query for public abstract java.util.List com.shelly.coupons.dao.ICouponDao.getByCompany(com.shelly.coupons.entities.CompanyEntity); Reason: Validation failed for query for method public abstract java.util.List com.shelly.coupons.dao.ICouponDao.getByCompany(com.shelly.coupons.entities.CompanyEntity)!; nested exception is java.lang.IllegalArgumentException: Validation failed for query for method public abstract java.util.List com.shelly.coupons.dao.ICouponDao.getByCompany(com.shelly.coupons.entities.CompanyEntity)!
	at org.springframework.data.repository.query.QueryCreationException.create(QueryCreationException.java:101)
	at org.springframework.data.repository.core.support.QueryExecutorMethodInterceptor.lookupQuery(QueryExecutorMethodInterceptor.java:107)
	at org.springframework.data.repository.core.support.QueryExecutorMethodInterceptor.lambda$mapMethodsToQuery$1(QueryExecutorMethodInterceptor.java:95)
	at java.base/java.util.stream.ReferencePipeline$3$1.accept(ReferencePipeline.java:197)
	at java.base/java.util.Iterator.forEachRemaining(Iterator.java:133)
	at java.base/java.util.Collections$UnmodifiableCollection$1.forEachRemaining(Collections.java:1061)
	at java.base/java.util.Spliterators$IteratorSpliterator.forEachRemaining(Spliterators.java:1845)
	at java.base/java.util.stream.AbstractPipeline.copyInto(AbstractPipeline.java:509)
	at java.base/java.util.stream.AbstractPipeline.wrapAndCopyInto(AbstractPipeline.java:499)
	at java.base/java.util.stream.ReduceOps$ReduceOp.evaluateSequential(ReduceOps.java:921)
	at java.base/java.util.stream.AbstractPipeline.evaluate(AbstractPipeline.java:234)
	at java.base/java.util.stream.ReferencePipeline.collect(ReferencePipeline.java:682)
	at org.springframework.data.repository.core.support.QueryExecutorMethodInterceptor.mapMethodsToQuery(QueryExecutorMethodInterceptor.java:97)
	at org.springframework.data.repository.core.support.QueryExecutorMethodInterceptor.lambda$new$0(QueryExecutorMethodInterceptor.java:87)
	at java.base/java.util.Optional.map(Optional.java:260)
	at org.springframework.data.repository.core.support.QueryExecutorMethodInterceptor.<init>(QueryExecutorMethodInterceptor.java:87)
	at org.springframework.data.repository.core.support.RepositoryFactorySupport.getRepository(RepositoryFactorySupport.java:365)
	at org.springframework.data.repository.core.support.RepositoryFactoryBeanSupport.lambda$afterPropertiesSet$5(RepositoryFactoryBeanSupport.java:323)
	at org.springframework.data.util.Lazy.getNullable(Lazy.java:231)
	at org.springframework.data.util.Lazy.get(Lazy.java:115)
	at org.springframework.data.repository.core.support.RepositoryFactoryBeanSupport.afterPropertiesSet(RepositoryFactoryBeanSupport.java:329)
	at org.springframework.data.jpa.repository.support.JpaRepositoryFactoryBean.afterPropertiesSet(JpaRepositoryFactoryBean.java:144)
	at org.springframework.beans.factory.support.AbstractAutowireCapableBeanFactory.invokeInitMethods(AbstractAutowireCapableBeanFactory.java:1863)
	at org.springframework.beans.factory.support.AbstractAutowireCapableBeanFactory.initializeBean(AbstractAutowireCapableBeanFactory.java:1800)
	... 44 common frames omitted
Caused by: java.lang.IllegalArgumentException: Validation failed for query for method public abstract java.util.List com.shelly.coupons.dao.ICouponDao.getByCompany(com.shelly.coupons.entities.CompanyEntity)!
	at org.springframework.data.jpa.repository.query.SimpleJpaQuery.validateQuery(SimpleJpaQuery.java:96)
	at org.springframework.data.jpa.repository.query.SimpleJpaQuery.<init>(SimpleJpaQuery.java:66)
	at org.springframework.data.jpa.repository.query.JpaQueryFactory.fromMethodWithQueryString(JpaQueryFactory.java:51)
	at org.springframework.data.jpa.repository.query.JpaQueryLookupStrategy$DeclaredQueryLookupStrategy.resolveQuery(JpaQueryLookupStrategy.java:169)
	at org.springframework.data.jpa.repository.query.JpaQueryLookupStrategy$CreateIfNotFoundQueryLookupStrategy.resolveQuery(JpaQueryLookupStrategy.java:253)
	at org.springframework.data.jpa.repository.query.JpaQueryLookupStrategy$AbstractQueryLookupStrategy.resolveQuery(JpaQueryLookupStrategy.java:93)
	at org.springframework.data.repository.core.support.QueryExecutorMethodInterceptor.lookupQuery(QueryExecutorMethodInterceptor.java:103)
	... 66 common frames omitted
Caused by: java.lang.IllegalArgumentException: org.hibernate.QueryException: could not resolve property: company of: com.shelly.coupons.entities.CouponEntity [SELECT c FROM com.shelly.coupons.entities.CouponEntity c WHERE c.company= :companyEntity]
	at org.hibernate.internal.ExceptionConverterImpl.convert(ExceptionConverterImpl.java:138)
	at org.hibernate.internal.ExceptionConverterImpl.convert(ExceptionConverterImpl.java:181)
	at org.hibernate.internal.ExceptionConverterImpl.convert(ExceptionConverterImpl.java:188)
	at org.hibernate.internal.AbstractSharedSessionContract.createQuery(AbstractSharedSessionContract.java:757)
	at org.hibernate.internal.AbstractSharedSessionContract.createQuery(AbstractSharedSessionContract.java:114)
	at java.base/jdk.internal.reflect.DirectMethodHandleAccessor.invoke(DirectMethodHandleAccessor.java:104)
	at java.base/java.lang.reflect.Method.invoke(Method.java:577)
	at org.springframework.orm.jpa.ExtendedEntityManagerCreator$ExtendedEntityManagerInvocationHandler.invoke(ExtendedEntityManagerCreator.java:362)
	at jdk.proxy2/jdk.proxy2.$Proxy108.createQuery(Unknown Source)
	at org.springframework.data.jpa.repository.query.SimpleJpaQuery.validateQuery(SimpleJpaQuery.java:90)
	... 72 common frames omitted
Caused by: org.hibernate.QueryException: could not resolve property: company of: com.shelly.coupons.entities.CouponEntity [SELECT c FROM com.shelly.coupons.entities.CouponEntity c WHERE c.company= :companyEntity]
	at org.hibernate.QueryException.generateQueryException(QueryException.java:120)
	at org.hibernate.QueryException.wrapWithQueryString(QueryException.java:103)
	at org.hibernate.hql.internal.ast.QueryTranslatorImpl.doCompile(QueryTranslatorImpl.java:220)
	at org.hibernate.hql.internal.ast.QueryTranslatorImpl.compile(QueryTranslatorImpl.java:144)
	at org.hibernate.engine.query.spi.HQLQueryPlan.<init>(HQLQueryPlan.java:113)
	at org.hibernate.engine.query.spi.HQLQueryPlan.<init>(HQLQueryPlan.java:73)
	at org.hibernate.engine.query.spi.QueryPlanCache.getHQLQueryPlan(QueryPlanCache.java:162)
	at org.hibernate.internal.AbstractSharedSessionContract.getQueryPlan(AbstractSharedSessionContract.java:636)
	at org.hibernate.internal.AbstractSharedSessionContract.createQuery(AbstractSharedSessionContract.java:748)
	... 78 common frames omitted
Caused by: org.hibernate.QueryException: could not resolve property: company of: com.shelly.coupons.entities.CouponEntity
	at org.hibernate.persister.entity.AbstractPropertyMapping.propertyException(AbstractPropertyMapping.java:78)
	at org.hibernate.persister.entity.AbstractPropertyMapping.toType(AbstractPropertyMapping.java:72)
	at org.hibernate.persister.entity.AbstractEntityPersister.toType(AbstractEntityPersister.java:2053)
	at org.hibernate.hql.internal.ast.tree.FromElementType.getPropertyType(FromElementType.java:412)
	at org.hibernate.hql.internal.ast.tree.FromElement.getPropertyType(FromElement.java:524)
	at org.hibernate.hql.internal.ast.tree.DotNode.getDataType(DotNode.java:723)
	at org.hibernate.hql.internal.ast.tree.DotNode.prepareLhs(DotNode.java:268)
	at org.hibernate.hql.internal.ast.tree.DotNode.resolve(DotNode.java:208)
	at org.hibernate.hql.internal.ast.HqlSqlWalker.resolve(HqlSqlWalker.java:1066)
	at org.hibernate.hql.internal.antlr.HqlSqlBaseWalker.expr(HqlSqlBaseWalker.java:1319)
	at org.hibernate.hql.internal.antlr.HqlSqlBaseWalker.exprOrSubquery(HqlSqlBaseWalker.java:4797)
	at org.hibernate.hql.internal.antlr.HqlSqlBaseWalker.comparisonExpr(HqlSqlBaseWalker.java:4261)
	at org.hibernate.hql.internal.antlr.HqlSqlBaseWalker.logicalExpr(HqlSqlBaseWalker.java:2180)
	at org.hibernate.hql.internal.antlr.HqlSqlBaseWalker.whereClause(HqlSqlBaseWalker.java:841)
	at org.hibernate.hql.internal.antlr.HqlSqlBaseWalker.query(HqlSqlBaseWalker.java:635)
	at org.hibernate.hql.internal.antlr.HqlSqlBaseWalker.selectStatement(HqlSqlBaseWalker.java:339)
	at org.hibernate.hql.internal.antlr.HqlSqlBaseWalker.statement(HqlSqlBaseWalker.java:287)
	at org.hibernate.hql.internal.ast.QueryTranslatorImpl.analyze(QueryTranslatorImpl.java:276)
	at org.hibernate.hql.internal.ast.QueryTranslatorImpl.doCompile(QueryTranslatorImpl.java:192)
	... 84 common frames omitted
2023-03-29 21:14:20 [main] INFO :Starting Main using Java 18.0.1.1 on Shellys-MBP.lan with PID 11696 (/Users/shelly_yaron/IdeaProjects/CouponsProject/target/classes started by shelly_yaron in /Users/shelly_yaron/IdeaProjects/CouponsProject)
2023-03-29 21:14:20 [main] INFO :No active profile set, falling back to 1 default profile: "default"
2023-03-29 21:14:21 [main] INFO :Bootstrapping Spring Data JPA repositories in DEFAULT mode.
2023-03-29 21:14:21 [main] INFO :Finished Spring Data repository scanning in 109 ms. Found 5 JPA repository interfaces.
2023-03-29 21:14:22 [main] INFO :Tomcat initialized with port(s): 8080 (http)
2023-03-29 21:14:22 [main] INFO :Initializing ProtocolHandler ["http-nio-8080"]
2023-03-29 21:14:22 [main] INFO :Starting service [Tomcat]
2023-03-29 21:14:22 [main] INFO :Starting Servlet engine: [Apache Tomcat/9.0.65]
2023-03-29 21:14:22 [main] INFO :Initializing Spring embedded WebApplicationContext
2023-03-29 21:14:22 [main] INFO :Root WebApplicationContext: initialization completed in 2492 ms
2023-03-29 21:14:23 [main] INFO :HHH000204: Processing PersistenceUnitInfo [name: default]
2023-03-29 21:14:23 [main] INFO :HHH000412: Hibernate ORM core version 5.6.10.Final
2023-03-29 21:14:23 [main] INFO :HCANN000001: Hibernate Commons Annotations {5.1.2.Final}
2023-03-29 21:14:23 [main] INFO :HikariPool-1 - Starting...
2023-03-29 21:14:24 [main] INFO :HikariPool-1 - Start completed.
2023-03-29 21:14:24 [main] INFO :HHH000400: Using dialect: org.hibernate.dialect.MySQL57Dialect
2023-03-29 21:14:25 [main] INFO :HHH000490: Using JtaPlatform implementation: [org.hibernate.engine.transaction.jta.platform.internal.NoJtaPlatform]
2023-03-29 21:14:25 [main] INFO :Initialized JPA EntityManagerFactory for persistence unit 'default'
2023-03-29 21:14:26 [main] WARN :spring.jpa.open-in-view is enabled by default. Therefore, database queries may be performed during view rendering. Explicitly configure spring.jpa.open-in-view to disable this warning
2023-03-29 21:14:27 [main] INFO :Starting ProtocolHandler ["http-nio-8080"]
2023-03-29 21:14:27 [main] INFO :Tomcat started on port(s): 8080 (http) with context path ''
2023-03-29 21:14:27 [main] INFO :Started Main in 7.621 seconds (JVM running for 8.405)
2023-03-29 21:15:00 [http-nio-8080-exec-1] INFO :Initializing Spring DispatcherServlet 'dispatcherServlet'
2023-03-29 21:15:00 [http-nio-8080-exec-1] INFO :Initializing Servlet 'dispatcherServlet'
2023-03-29 21:15:00 [http-nio-8080-exec-1] INFO :Completed initialization in 2 ms
2023-03-29 21:15:00 [http-nio-8080-exec-1] DEBUG:
    select
        couponenti0_.id as id1_1_,
        couponenti0_.amount as amount2_1_,
        couponenti0_.category as category3_1_,
        couponenti0_.company_entity_id as company10_1_,
        couponenti0_.description as descript4_1_,
        couponenti0_.end_date as end_date5_1_,
        couponenti0_.image_url as image_ur6_1_,
        couponenti0_.price as price7_1_,
        couponenti0_.start_date as start_da8_1_,
        couponenti0_.title as title9_1_ 
    from
        coupons couponenti0_
2023-03-29 21:15:00 [http-nio-8080-exec-1] DEBUG:
    select
        companyent0_.id as id1_0_0_,
        companyent0_.address as address2_0_0_,
        companyent0_.name as name3_0_0_,
        companyent0_.phone_number as phone_nu4_0_0_ 
    from
        companies companyent0_ 
    where
        companyent0_.id=?
2023-03-29 21:15:00 [http-nio-8080-exec-1] TRACE:binding parameter [1] as [BIGINT] - [1]
2023-03-29 21:15:00 [http-nio-8080-exec-1] DEBUG:
    select
        companyent0_.id as id1_0_0_,
        companyent0_.address as address2_0_0_,
        companyent0_.name as name3_0_0_,
        companyent0_.phone_number as phone_nu4_0_0_ 
    from
        companies companyent0_ 
    where
        companyent0_.id=?
2023-03-29 21:15:00 [http-nio-8080-exec-1] TRACE:binding parameter [1] as [BIGINT] - [2]
2023-03-29 21:15:00 [http-nio-8080-exec-1] DEBUG:
    select
        companyent0_.id as id1_0_0_,
        companyent0_.address as address2_0_0_,
        companyent0_.name as name3_0_0_,
        companyent0_.phone_number as phone_nu4_0_0_ 
    from
        companies companyent0_ 
    where
        companyent0_.id=?
2023-03-29 21:15:00 [http-nio-8080-exec-1] TRACE:binding parameter [1] as [BIGINT] - [3]
2023-03-29 21:15:01 [http-nio-8080-exec-3] DEBUG:
    select
        couponenti0_.id as id1_1_,
        couponenti0_.amount as amount2_1_,
        couponenti0_.category as category3_1_,
        couponenti0_.company_entity_id as company10_1_,
        couponenti0_.description as descript4_1_,
        couponenti0_.end_date as end_date5_1_,
        couponenti0_.image_url as image_ur6_1_,
        couponenti0_.price as price7_1_,
        couponenti0_.start_date as start_da8_1_,
        couponenti0_.title as title9_1_ 
    from
        coupons couponenti0_
2023-03-29 21:15:01 [http-nio-8080-exec-3] DEBUG:
    select
        companyent0_.id as id1_0_0_,
        companyent0_.address as address2_0_0_,
        companyent0_.name as name3_0_0_,
        companyent0_.phone_number as phone_nu4_0_0_ 
    from
        companies companyent0_ 
    where
        companyent0_.id=?
2023-03-29 21:15:01 [http-nio-8080-exec-3] TRACE:binding parameter [1] as [BIGINT] - [1]
2023-03-29 21:15:01 [http-nio-8080-exec-3] DEBUG:
    select
        companyent0_.id as id1_0_0_,
        companyent0_.address as address2_0_0_,
        companyent0_.name as name3_0_0_,
        companyent0_.phone_number as phone_nu4_0_0_ 
    from
        companies companyent0_ 
    where
        companyent0_.id=?
2023-03-29 21:15:01 [http-nio-8080-exec-3] TRACE:binding parameter [1] as [BIGINT] - [2]
2023-03-29 21:15:01 [http-nio-8080-exec-3] DEBUG:
    select
        companyent0_.id as id1_0_0_,
        companyent0_.address as address2_0_0_,
        companyent0_.name as name3_0_0_,
        companyent0_.phone_number as phone_nu4_0_0_ 
    from
        companies companyent0_ 
    where
        companyent0_.id=?
2023-03-29 21:15:01 [http-nio-8080-exec-3] TRACE:binding parameter [1] as [BIGINT] - [3]
2023-03-29 21:17:10 [http-nio-8080-exec-5] DEBUG:
    select
        couponenti0_.id as id1_1_,
        couponenti0_.amount as amount2_1_,
        couponenti0_.category as category3_1_,
        couponenti0_.company_entity_id as company10_1_,
        couponenti0_.description as descript4_1_,
        couponenti0_.end_date as end_date5_1_,
        couponenti0_.image_url as image_ur6_1_,
        couponenti0_.price as price7_1_,
        couponenti0_.start_date as start_da8_1_,
        couponenti0_.title as title9_1_ 
    from
        coupons couponenti0_
2023-03-29 21:17:10 [http-nio-8080-exec-5] DEBUG:
    select
        companyent0_.id as id1_0_0_,
        companyent0_.address as address2_0_0_,
        companyent0_.name as name3_0_0_,
        companyent0_.phone_number as phone_nu4_0_0_ 
    from
        companies companyent0_ 
    where
        companyent0_.id=?
2023-03-29 21:17:10 [http-nio-8080-exec-5] TRACE:binding parameter [1] as [BIGINT] - [1]
2023-03-29 21:17:10 [http-nio-8080-exec-5] DEBUG:
    select
        companyent0_.id as id1_0_0_,
        companyent0_.address as address2_0_0_,
        companyent0_.name as name3_0_0_,
        companyent0_.phone_number as phone_nu4_0_0_ 
    from
        companies companyent0_ 
    where
        companyent0_.id=?
2023-03-29 21:17:10 [http-nio-8080-exec-5] TRACE:binding parameter [1] as [BIGINT] - [2]
2023-03-29 21:17:10 [http-nio-8080-exec-5] DEBUG:
    select
        companyent0_.id as id1_0_0_,
        companyent0_.address as address2_0_0_,
        companyent0_.name as name3_0_0_,
        companyent0_.phone_number as phone_nu4_0_0_ 
    from
        companies companyent0_ 
    where
        companyent0_.id=?
2023-03-29 21:17:10 [http-nio-8080-exec-5] TRACE:binding parameter [1] as [BIGINT] - [3]
2023-03-29 21:17:10 [http-nio-8080-exec-7] DEBUG:
    select
        couponenti0_.id as id1_1_,
        couponenti0_.amount as amount2_1_,
        couponenti0_.category as category3_1_,
        couponenti0_.company_entity_id as company10_1_,
        couponenti0_.description as descript4_1_,
        couponenti0_.end_date as end_date5_1_,
        couponenti0_.image_url as image_ur6_1_,
        couponenti0_.price as price7_1_,
        couponenti0_.start_date as start_da8_1_,
        couponenti0_.title as title9_1_ 
    from
        coupons couponenti0_
2023-03-29 21:17:10 [http-nio-8080-exec-7] DEBUG:
    select
        companyent0_.id as id1_0_0_,
        companyent0_.address as address2_0_0_,
        companyent0_.name as name3_0_0_,
        companyent0_.phone_number as phone_nu4_0_0_ 
    from
        companies companyent0_ 
    where
        companyent0_.id=?
2023-03-29 21:17:10 [http-nio-8080-exec-7] TRACE:binding parameter [1] as [BIGINT] - [1]
2023-03-29 21:17:10 [http-nio-8080-exec-7] DEBUG:
    select
        companyent0_.id as id1_0_0_,
        companyent0_.address as address2_0_0_,
        companyent0_.name as name3_0_0_,
        companyent0_.phone_number as phone_nu4_0_0_ 
    from
        companies companyent0_ 
    where
        companyent0_.id=?
2023-03-29 21:17:10 [http-nio-8080-exec-7] TRACE:binding parameter [1] as [BIGINT] - [2]
2023-03-29 21:17:10 [http-nio-8080-exec-7] DEBUG:
    select
        companyent0_.id as id1_0_0_,
        companyent0_.address as address2_0_0_,
        companyent0_.name as name3_0_0_,
        companyent0_.phone_number as phone_nu4_0_0_ 
    from
        companies companyent0_ 
    where
        companyent0_.id=?
2023-03-29 21:17:10 [http-nio-8080-exec-7] TRACE:binding parameter [1] as [BIGINT] - [3]
2023-03-29 21:27:30 [http-nio-8080-exec-8] DEBUG:
    select
        couponenti0_.id as id1_1_,
        couponenti0_.amount as amount2_1_,
        couponenti0_.category as category3_1_,
        couponenti0_.company_entity_id as company10_1_,
        couponenti0_.description as descript4_1_,
        couponenti0_.end_date as end_date5_1_,
        couponenti0_.image_url as image_ur6_1_,
        couponenti0_.price as price7_1_,
        couponenti0_.start_date as start_da8_1_,
        couponenti0_.title as title9_1_ 
    from
        coupons couponenti0_
2023-03-29 21:27:30 [http-nio-8080-exec-8] DEBUG:
    select
        companyent0_.id as id1_0_0_,
        companyent0_.address as address2_0_0_,
        companyent0_.name as name3_0_0_,
        companyent0_.phone_number as phone_nu4_0_0_ 
    from
        companies companyent0_ 
    where
        companyent0_.id=?
2023-03-29 21:27:30 [http-nio-8080-exec-8] TRACE:binding parameter [1] as [BIGINT] - [1]
2023-03-29 21:27:30 [http-nio-8080-exec-8] DEBUG:
    select
        companyent0_.id as id1_0_0_,
        companyent0_.address as address2_0_0_,
        companyent0_.name as name3_0_0_,
        companyent0_.phone_number as phone_nu4_0_0_ 
    from
        companies companyent0_ 
    where
        companyent0_.id=?
2023-03-29 21:27:30 [http-nio-8080-exec-8] TRACE:binding parameter [1] as [BIGINT] - [2]
2023-03-29 21:27:30 [http-nio-8080-exec-8] DEBUG:
    select
        companyent0_.id as id1_0_0_,
        companyent0_.address as address2_0_0_,
        companyent0_.name as name3_0_0_,
        companyent0_.phone_number as phone_nu4_0_0_ 
    from
        companies companyent0_ 
    where
        companyent0_.id=?
2023-03-29 21:27:30 [http-nio-8080-exec-8] TRACE:binding parameter [1] as [BIGINT] - [3]
2023-03-29 21:27:30 [http-nio-8080-exec-9] DEBUG:
    select
        couponenti0_.id as id1_1_,
        couponenti0_.amount as amount2_1_,
        couponenti0_.category as category3_1_,
        couponenti0_.company_entity_id as company10_1_,
        couponenti0_.description as descript4_1_,
        couponenti0_.end_date as end_date5_1_,
        couponenti0_.image_url as image_ur6_1_,
        couponenti0_.price as price7_1_,
        couponenti0_.start_date as start_da8_1_,
        couponenti0_.title as title9_1_ 
    from
        coupons couponenti0_
2023-03-29 21:27:30 [http-nio-8080-exec-9] DEBUG:
    select
        companyent0_.id as id1_0_0_,
        companyent0_.address as address2_0_0_,
        companyent0_.name as name3_0_0_,
        companyent0_.phone_number as phone_nu4_0_0_ 
    from
        companies companyent0_ 
    where
        companyent0_.id=?
2023-03-29 21:27:30 [http-nio-8080-exec-9] TRACE:binding parameter [1] as [BIGINT] - [1]
2023-03-29 21:27:30 [http-nio-8080-exec-9] DEBUG:
    select
        companyent0_.id as id1_0_0_,
        companyent0_.address as address2_0_0_,
        companyent0_.name as name3_0_0_,
        companyent0_.phone_number as phone_nu4_0_0_ 
    from
        companies companyent0_ 
    where
        companyent0_.id=?
2023-03-29 21:27:30 [http-nio-8080-exec-9] TRACE:binding parameter [1] as [BIGINT] - [2]
2023-03-29 21:27:30 [http-nio-8080-exec-9] DEBUG:
    select
        companyent0_.id as id1_0_0_,
        companyent0_.address as address2_0_0_,
        companyent0_.name as name3_0_0_,
        companyent0_.phone_number as phone_nu4_0_0_ 
    from
        companies companyent0_ 
    where
        companyent0_.id=?
2023-03-29 21:27:30 [http-nio-8080-exec-9] TRACE:binding parameter [1] as [BIGINT] - [3]
2023-03-29 21:28:43 [http-nio-8080-exec-7] DEBUG:
    select
        couponenti0_.id as id1_1_,
        couponenti0_.amount as amount2_1_,
        couponenti0_.category as category3_1_,
        couponenti0_.company_entity_id as company10_1_,
        couponenti0_.description as descript4_1_,
        couponenti0_.end_date as end_date5_1_,
        couponenti0_.image_url as image_ur6_1_,
        couponenti0_.price as price7_1_,
        couponenti0_.start_date as start_da8_1_,
        couponenti0_.title as title9_1_ 
    from
        coupons couponenti0_
2023-03-29 21:28:43 [http-nio-8080-exec-7] DEBUG:
    select
        companyent0_.id as id1_0_0_,
        companyent0_.address as address2_0_0_,
        companyent0_.name as name3_0_0_,
        companyent0_.phone_number as phone_nu4_0_0_ 
    from
        companies companyent0_ 
    where
        companyent0_.id=?
2023-03-29 21:28:43 [http-nio-8080-exec-7] TRACE:binding parameter [1] as [BIGINT] - [1]
2023-03-29 21:28:43 [http-nio-8080-exec-7] DEBUG:
    select
        companyent0_.id as id1_0_0_,
        companyent0_.address as address2_0_0_,
        companyent0_.name as name3_0_0_,
        companyent0_.phone_number as phone_nu4_0_0_ 
    from
        companies companyent0_ 
    where
        companyent0_.id=?
2023-03-29 21:28:43 [http-nio-8080-exec-7] TRACE:binding parameter [1] as [BIGINT] - [2]
2023-03-29 21:28:43 [http-nio-8080-exec-7] DEBUG:
    select
        companyent0_.id as id1_0_0_,
        companyent0_.address as address2_0_0_,
        companyent0_.name as name3_0_0_,
        companyent0_.phone_number as phone_nu4_0_0_ 
    from
        companies companyent0_ 
    where
        companyent0_.id=?
2023-03-29 21:28:43 [http-nio-8080-exec-7] TRACE:binding parameter [1] as [BIGINT] - [3]
2023-03-29 21:28:43 [http-nio-8080-exec-10] DEBUG:
    select
        couponenti0_.id as id1_1_,
        couponenti0_.amount as amount2_1_,
        couponenti0_.category as category3_1_,
        couponenti0_.company_entity_id as company10_1_,
        couponenti0_.description as descript4_1_,
        couponenti0_.end_date as end_date5_1_,
        couponenti0_.image_url as image_ur6_1_,
        couponenti0_.price as price7_1_,
        couponenti0_.start_date as start_da8_1_,
        couponenti0_.title as title9_1_ 
    from
        coupons couponenti0_
2023-03-29 21:28:43 [http-nio-8080-exec-10] DEBUG:
    select
        companyent0_.id as id1_0_0_,
        companyent0_.address as address2_0_0_,
        companyent0_.name as name3_0_0_,
        companyent0_.phone_number as phone_nu4_0_0_ 
    from
        companies companyent0_ 
    where
        companyent0_.id=?
2023-03-29 21:28:43 [http-nio-8080-exec-10] TRACE:binding parameter [1] as [BIGINT] - [1]
2023-03-29 21:28:43 [http-nio-8080-exec-10] DEBUG:
    select
        companyent0_.id as id1_0_0_,
        companyent0_.address as address2_0_0_,
        companyent0_.name as name3_0_0_,
        companyent0_.phone_number as phone_nu4_0_0_ 
    from
        companies companyent0_ 
    where
        companyent0_.id=?
2023-03-29 21:28:43 [http-nio-8080-exec-10] TRACE:binding parameter [1] as [BIGINT] - [2]
2023-03-29 21:28:43 [http-nio-8080-exec-10] DEBUG:
    select
        companyent0_.id as id1_0_0_,
        companyent0_.address as address2_0_0_,
        companyent0_.name as name3_0_0_,
        companyent0_.phone_number as phone_nu4_0_0_ 
    from
        companies companyent0_ 
    where
        companyent0_.id=?
2023-03-29 21:28:43 [http-nio-8080-exec-10] TRACE:binding parameter [1] as [BIGINT] - [3]
2023-03-29 21:28:43 [http-nio-8080-exec-5] DEBUG:
    select
        couponenti0_.id as id1_1_0_,
        couponenti0_.amount as amount2_1_0_,
        couponenti0_.category as category3_1_0_,
        couponenti0_.company_entity_id as company10_1_0_,
        couponenti0_.description as descript4_1_0_,
        couponenti0_.end_date as end_date5_1_0_,
        couponenti0_.image_url as image_ur6_1_0_,
        couponenti0_.price as price7_1_0_,
        couponenti0_.start_date as start_da8_1_0_,
        couponenti0_.title as title9_1_0_,
        companyent1_.id as id1_0_1_,
        companyent1_.address as address2_0_1_,
        companyent1_.name as name3_0_1_,
        companyent1_.phone_number as phone_nu4_0_1_ 
    from
        coupons couponenti0_ 
    left outer join
        companies companyent1_ 
            on couponenti0_.company_entity_id=companyent1_.id 
    where
        couponenti0_.id=?
2023-03-29 21:28:43 [http-nio-8080-exec-4] DEBUG:
    select
        couponenti0_.id as id1_1_0_,
        couponenti0_.amount as amount2_1_0_,
        couponenti0_.category as category3_1_0_,
        couponenti0_.company_entity_id as company10_1_0_,
        couponenti0_.description as descript4_1_0_,
        couponenti0_.end_date as end_date5_1_0_,
        couponenti0_.image_url as image_ur6_1_0_,
        couponenti0_.price as price7_1_0_,
        couponenti0_.start_date as start_da8_1_0_,
        couponenti0_.title as title9_1_0_,
        companyent1_.id as id1_0_1_,
        companyent1_.address as address2_0_1_,
        companyent1_.name as name3_0_1_,
        companyent1_.phone_number as phone_nu4_0_1_ 
    from
        coupons couponenti0_ 
    left outer join
        companies companyent1_ 
            on couponenti0_.company_entity_id=companyent1_.id 
    where
        couponenti0_.id=?
2023-03-29 21:28:43 [http-nio-8080-exec-2] DEBUG:
    select
        couponenti0_.id as id1_1_0_,
        couponenti0_.amount as amount2_1_0_,
        couponenti0_.category as category3_1_0_,
        couponenti0_.company_entity_id as company10_1_0_,
        couponenti0_.description as descript4_1_0_,
        couponenti0_.end_date as end_date5_1_0_,
        couponenti0_.image_url as image_ur6_1_0_,
        couponenti0_.price as price7_1_0_,
        couponenti0_.start_date as start_da8_1_0_,
        couponenti0_.title as title9_1_0_,
        companyent1_.id as id1_0_1_,
        companyent1_.address as address2_0_1_,
        companyent1_.name as name3_0_1_,
        companyent1_.phone_number as phone_nu4_0_1_ 
    from
        coupons couponenti0_ 
    left outer join
        companies companyent1_ 
            on couponenti0_.company_entity_id=companyent1_.id 
    where
        couponenti0_.id=?
2023-03-29 21:28:43 [http-nio-8080-exec-4] TRACE:binding parameter [1] as [BIGINT] - [1]
2023-03-29 21:28:43 [http-nio-8080-exec-2] TRACE:binding parameter [1] as [BIGINT] - [2]
2023-03-29 21:28:43 [http-nio-8080-exec-5] TRACE:binding parameter [1] as [BIGINT] - [3]
2023-03-29 21:28:43 [http-nio-8080-exec-8] DEBUG:
    select
        couponenti0_.id as id1_1_0_,
        couponenti0_.amount as amount2_1_0_,
        couponenti0_.category as category3_1_0_,
        couponenti0_.company_entity_id as company10_1_0_,
        couponenti0_.description as descript4_1_0_,
        couponenti0_.end_date as end_date5_1_0_,
        couponenti0_.image_url as image_ur6_1_0_,
        couponenti0_.price as price7_1_0_,
        couponenti0_.start_date as start_da8_1_0_,
        couponenti0_.title as title9_1_0_,
        companyent1_.id as id1_0_1_,
        companyent1_.address as address2_0_1_,
        companyent1_.name as name3_0_1_,
        companyent1_.phone_number as phone_nu4_0_1_ 
    from
        coupons couponenti0_ 
    left outer join
        companies companyent1_ 
            on couponenti0_.company_entity_id=companyent1_.id 
    where
        couponenti0_.id=?
2023-03-29 21:28:43 [http-nio-8080-exec-9] DEBUG:
    select
        couponenti0_.id as id1_1_0_,
        couponenti0_.amount as amount2_1_0_,
        couponenti0_.category as category3_1_0_,
        couponenti0_.company_entity_id as company10_1_0_,
        couponenti0_.description as descript4_1_0_,
        couponenti0_.end_date as end_date5_1_0_,
        couponenti0_.image_url as image_ur6_1_0_,
        couponenti0_.price as price7_1_0_,
        couponenti0_.start_date as start_da8_1_0_,
        couponenti0_.title as title9_1_0_,
        companyent1_.id as id1_0_1_,
        companyent1_.address as address2_0_1_,
        companyent1_.name as name3_0_1_,
        companyent1_.phone_number as phone_nu4_0_1_ 
    from
        coupons couponenti0_ 
    left outer join
        companies companyent1_ 
            on couponenti0_.company_entity_id=companyent1_.id 
    where
        couponenti0_.id=?
2023-03-29 21:28:43 [http-nio-8080-exec-8] TRACE:binding parameter [1] as [BIGINT] - [1]
2023-03-29 21:28:43 [http-nio-8080-exec-9] TRACE:binding parameter [1] as [BIGINT] - [3]
2023-03-29 21:28:43 [http-nio-8080-exec-6] DEBUG:
    select
        couponenti0_.id as id1_1_0_,
        couponenti0_.amount as amount2_1_0_,
        couponenti0_.category as category3_1_0_,
        couponenti0_.company_entity_id as company10_1_0_,
        couponenti0_.description as descript4_1_0_,
        couponenti0_.end_date as end_date5_1_0_,
        couponenti0_.image_url as image_ur6_1_0_,
        couponenti0_.price as price7_1_0_,
        couponenti0_.start_date as start_da8_1_0_,
        couponenti0_.title as title9_1_0_,
        companyent1_.id as id1_0_1_,
        companyent1_.address as address2_0_1_,
        companyent1_.name as name3_0_1_,
        companyent1_.phone_number as phone_nu4_0_1_ 
    from
        coupons couponenti0_ 
    left outer join
        companies companyent1_ 
            on couponenti0_.company_entity_id=companyent1_.id 
    where
        couponenti0_.id=?
2023-03-29 21:28:43 [http-nio-8080-exec-6] TRACE:binding parameter [1] as [BIGINT] - [2]
2023-03-29 21:40:00 [HikariPool-1 housekeeper] WARN :HikariPool-1 - Thread starvation or clock leap detected (housekeeper delta=1m6s114ms).
2023-03-29 21:57:28 [HikariPool-1 housekeeper] WARN :HikariPool-1 - Thread starvation or clock leap detected (housekeeper delta=16m58s476ms).
2023-03-29 22:16:21 [HikariPool-1 housekeeper] WARN :HikariPool-1 - Thread starvation or clock leap detected (housekeeper delta=16m22s453ms).
2023-03-29 22:33:45 [HikariPool-1 housekeeper] WARN :HikariPool-1 - Thread starvation or clock leap detected (housekeeper delta=17m23s535ms).
2023-03-29 22:35:23 [HikariPool-1 housekeeper] WARN :HikariPool-1 - Thread starvation or clock leap detected (housekeeper delta=1m8s447ms).
2023-03-29 22:52:21 [HikariPool-1 housekeeper] WARN :HikariPool-1 - Thread starvation or clock leap detected (housekeeper delta=16m57s687ms).
2023-03-29 23:23:17 [HikariPool-1 housekeeper] WARN :HikariPool-1 - Thread starvation or clock leap detected (housekeeper delta=17m56s398ms).
2023-03-29 23:30:37 [HikariPool-1 housekeeper] WARN :HikariPool-1 - Thread starvation or clock leap detected (housekeeper delta=6m19s635ms).
2023-03-29 23:54:55 [HikariPool-1 housekeeper] WARN :HikariPool-1 - Thread starvation or clock leap detected (housekeeper delta=18m17s741ms).
