2022-11-07 00:00:36 [HikariPool-1 housekeeper] WARN :HikariPool-1 - Thread starvation or clock leap detected (housekeeper delta=12m26s880ms).
2022-11-07 01:50:09 [HikariPool-1 housekeeper] WARN :HikariPool-1 - Thread starvation or clock leap detected (housekeeper delta=16m1s959ms).
2022-11-07 02:08:16 [HikariPool-1 housekeeper] WARN :HikariPool-1 - Thread starvation or clock leap detected (housekeeper delta=17m37s173ms).
2022-11-07 02:25:34 [HikariPool-1 housekeeper] WARN :HikariPool-1 - Thread starvation or clock leap detected (housekeeper delta=16m47s19ms).
2022-11-07 02:44:07 [HikariPool-1 housekeeper] WARN :HikariPool-1 - Thread starvation or clock leap detected (housekeeper delta=18m3s491ms).
2022-11-07 03:00:33 [HikariPool-1 housekeeper] WARN :HikariPool-1 - Thread starvation or clock leap detected (housekeeper delta=16m26s41ms).
2022-11-07 03:02:37 [HikariPool-1 housekeeper] WARN :HikariPool-1 - Thread starvation or clock leap detected (housekeeper delta=1m34s240ms).
2022-11-07 03:22:13 [HikariPool-1 housekeeper] WARN :HikariPool-1 - Thread starvation or clock leap detected (housekeeper delta=15m35s461ms).
2022-11-07 03:42:51 [HikariPool-1 housekeeper] WARN :HikariPool-1 - Thread starvation or clock leap detected (housekeeper delta=16m8s305ms).
2022-11-07 04:01:01 [HikariPool-1 housekeeper] WARN :HikariPool-1 - Thread starvation or clock leap detected (housekeeper delta=17m39s976ms).
2022-11-07 04:19:07 [HikariPool-1 housekeeper] WARN :HikariPool-1 - Thread starvation or clock leap detected (housekeeper delta=17m5s596ms).
2022-11-07 04:20:41 [HikariPool-1 housekeeper] WARN :HikariPool-1 - Thread starvation or clock leap detected (housekeeper delta=1m33s936ms).
2022-11-07 04:38:20 [HikariPool-1 housekeeper] WARN :HikariPool-1 - Thread starvation or clock leap detected (housekeeper delta=17m9s77ms).
2022-11-07 04:53:59 [HikariPool-1 housekeeper] WARN :HikariPool-1 - Thread starvation or clock leap detected (housekeeper delta=15m39s574ms).
2022-11-07 05:12:14 [HikariPool-1 housekeeper] WARN :HikariPool-1 - Thread starvation or clock leap detected (housekeeper delta=17m44s834ms).
2022-11-07 05:32:05 [HikariPool-1 housekeeper] WARN :HikariPool-1 - Thread starvation or clock leap detected (housekeeper delta=15m50s560ms).
2022-11-07 05:50:31 [HikariPool-1 housekeeper] WARN :HikariPool-1 - Thread starvation or clock leap detected (housekeeper delta=17m56s20ms).
2022-11-07 06:06:54 [HikariPool-1 housekeeper] WARN :HikariPool-1 - Thread starvation or clock leap detected (housekeeper delta=15m52s672ms).
2022-11-07 06:23:54 [HikariPool-1 housekeeper] WARN :HikariPool-1 - Thread starvation or clock leap detected (housekeeper delta=16m30s44ms).
2022-11-07 06:41:36 [HikariPool-1 housekeeper] WARN :HikariPool-1 - Thread starvation or clock leap detected (housekeeper delta=17m41s898ms).
2022-11-07 06:59:41 [HikariPool-1 housekeeper] WARN :HikariPool-1 - Thread starvation or clock leap detected (housekeeper delta=17m35s760ms).
2022-11-07 07:16:19 [HikariPool-1 housekeeper] WARN :HikariPool-1 - Thread starvation or clock leap detected (housekeeper delta=16m7s927ms).
2022-11-07 07:31:33 [HikariPool-1 housekeeper] WARN :HikariPool-1 - Thread starvation or clock leap detected (housekeeper delta=10m44s148ms).
2022-11-07 07:50:38 [HikariPool-1 housekeeper] WARN :HikariPool-1 - Thread starvation or clock leap detected (housekeeper delta=16m4s86ms).
2022-11-07 07:53:54 [HikariPool-1 housekeeper] WARN :HikariPool-1 - Thread starvation or clock leap detected (housekeeper delta=2m46s560ms).
2022-11-07 08:00:36 [HikariPool-1 housekeeper] WARN :HikariPool-1 - Thread starvation or clock leap detected (housekeeper delta=6m41s869ms).
2022-11-07 08:04:19 [HikariPool-1 housekeeper] WARN :HikariPool-1 - Thread starvation or clock leap detected (housekeeper delta=3m12s774ms).
2022-11-07 08:07:26 [HikariPool-1 housekeeper] WARN :HikariPool-1 - Thread starvation or clock leap detected (housekeeper delta=3m7s208ms).
2022-11-07 08:24:14 [HikariPool-1 housekeeper] WARN :HikariPool-1 - Thread starvation or clock leap detected (housekeeper delta=16m18s218ms).
2022-11-07 08:42:11 [HikariPool-1 housekeeper] WARN :HikariPool-1 - Thread starvation or clock leap detected (housekeeper delta=17m27s9ms).
2022-11-07 08:58:29 [HikariPool-1 housekeeper] WARN :HikariPool-1 - Thread starvation or clock leap detected (housekeeper delta=16m18s41ms).
2022-11-07 09:12:43 [HikariPool-1 housekeeper] WARN :HikariPool-1 - Thread starvation or clock leap detected (housekeeper delta=11m43s454ms).
2022-11-07 09:29:15 [HikariPool-1 housekeeper] WARN :HikariPool-1 - Thread starvation or clock leap detected (housekeeper delta=16m2s322ms).
2022-11-07 09:31:13 [HikariPool-1 housekeeper] WARN :HikariPool-1 - Thread starvation or clock leap detected (housekeeper delta=1m57s938ms).
2022-11-07 09:40:40 [HikariPool-1 housekeeper] WARN :HikariPool-1 - Thread starvation or clock leap detected (housekeeper delta=4m26s338ms).
2022-11-07 09:56:39 [HikariPool-1 housekeeper] WARN :HikariPool-1 - Thread starvation or clock leap detected (housekeeper delta=15m29s366ms).
2022-11-07 10:04:35 [HikariPool-1 housekeeper] WARN :HikariPool-1 - Thread starvation or clock leap detected (housekeeper delta=7m26s404ms).
2022-11-07 10:07:34 [HikariPool-1 housekeeper] WARN :HikariPool-1 - Thread starvation or clock leap detected (housekeeper delta=58s546ms).
2022-11-07 10:12:30 [HikariPool-1 housekeeper] WARN :HikariPool-1 - Thread starvation or clock leap detected (housekeeper delta=4m56s412ms).
2022-11-07 10:36:45 [http-nio-8080-exec-9] DEBUG:
    select
        couponenti0_.id as id1_1_,
        couponenti0_.amount as amount2_1_,
        couponenti0_.category as category3_1_,
        couponenti0_.company_entity_id as company10_1_,
        couponenti0_.description as descript4_1_,
        couponenti0_.end_date as end_date5_1_,
        couponenti0_.image_url as image_ur6_1_,
        couponenti0_.price as price7_1_,
        couponenti0_.start_date as start_da8_1_,
        couponenti0_.title as title9_1_ 
    from
        coupons couponenti0_
2022-11-07 10:36:45 [http-nio-8080-exec-9] DEBUG:
    select
        companyent0_.id as id1_0_0_,
        companyent0_.address as address2_0_0_,
        companyent0_.name as name3_0_0_,
        companyent0_.phone_number as phone_nu4_0_0_ 
    from
        companies companyent0_ 
    where
        companyent0_.id=?
2022-11-07 10:36:45 [http-nio-8080-exec-9] TRACE:binding parameter [1] as [BIGINT] - [1]
2022-11-07 10:36:45 [http-nio-8080-exec-9] DEBUG:
    select
        companyent0_.id as id1_0_0_,
        companyent0_.address as address2_0_0_,
        companyent0_.name as name3_0_0_,
        companyent0_.phone_number as phone_nu4_0_0_ 
    from
        companies companyent0_ 
    where
        companyent0_.id=?
2022-11-07 10:36:45 [http-nio-8080-exec-9] TRACE:binding parameter [1] as [BIGINT] - [2]
2022-11-07 10:36:46 [http-nio-8080-exec-3] DEBUG:
    select
        couponenti0_.id as id1_1_,
        couponenti0_.amount as amount2_1_,
        couponenti0_.category as category3_1_,
        couponenti0_.company_entity_id as company10_1_,
        couponenti0_.description as descript4_1_,
        couponenti0_.end_date as end_date5_1_,
        couponenti0_.image_url as image_ur6_1_,
        couponenti0_.price as price7_1_,
        couponenti0_.start_date as start_da8_1_,
        couponenti0_.title as title9_1_ 
    from
        coupons couponenti0_
2022-11-07 10:36:46 [http-nio-8080-exec-3] DEBUG:
    select
        companyent0_.id as id1_0_0_,
        companyent0_.address as address2_0_0_,
        companyent0_.name as name3_0_0_,
        companyent0_.phone_number as phone_nu4_0_0_ 
    from
        companies companyent0_ 
    where
        companyent0_.id=?
2022-11-07 10:36:46 [http-nio-8080-exec-3] TRACE:binding parameter [1] as [BIGINT] - [1]
2022-11-07 10:36:46 [http-nio-8080-exec-3] DEBUG:
    select
        companyent0_.id as id1_0_0_,
        companyent0_.address as address2_0_0_,
        companyent0_.name as name3_0_0_,
        companyent0_.phone_number as phone_nu4_0_0_ 
    from
        companies companyent0_ 
    where
        companyent0_.id=?
2022-11-07 10:36:46 [http-nio-8080-exec-3] TRACE:binding parameter [1] as [BIGINT] - [2]
2022-11-07 11:09:16 [HikariPool-1 housekeeper] WARN :HikariPool-1 - Thread starvation or clock leap detected (housekeeper delta=6m14s562ms).
2022-11-07 11:41:02 [HikariPool-1 housekeeper] WARN :HikariPool-1 - Thread starvation or clock leap detected (housekeeper delta=45s773ms).
2022-11-07 11:57:06 [HikariPool-1 housekeeper] WARN :HikariPool-1 - Thread starvation or clock leap detected (housekeeper delta=15m33s949ms).
2022-11-07 12:04:29 [HikariPool-1 housekeeper] WARN :HikariPool-1 - Thread starvation or clock leap detected (housekeeper delta=6m21s213ms).
2022-11-07 12:06:52 [SpringApplicationShutdownHook] INFO :Closing JPA EntityManagerFactory for persistence unit 'default'
2022-11-07 12:06:52 [SpringApplicationShutdownHook] INFO :HikariPool-1 - Shutdown initiated...
2022-11-07 12:06:52 [SpringApplicationShutdownHook] INFO :HikariPool-1 - Shutdown completed.
2022-11-07 17:57:01 [main] INFO :Starting Main using Java 18.0.1.1 on Shellys-MBP.lan with PID 60308 (/Users/shelly_yaron/Documents/לימודים/Java Full stack/IdeaProjects/CouponsProject/target/classes started by shelly_yaron in /Users/shelly_yaron/Documents/לימודים/Java Full stack/IdeaProjects/CouponsProject)
2022-11-07 17:57:01 [main] INFO :No active profile set, falling back to 1 default profile: "default"
2022-11-07 17:57:03 [main] INFO :Bootstrapping Spring Data JPA repositories in DEFAULT mode.
2022-11-07 17:57:03 [main] INFO :Finished Spring Data repository scanning in 113 ms. Found 5 JPA repository interfaces.
2022-11-07 17:57:04 [main] INFO :Tomcat initialized with port(s): 8080 (http)
2022-11-07 17:57:04 [main] INFO :Initializing ProtocolHandler ["http-nio-8080"]
2022-11-07 17:57:04 [main] INFO :Starting service [Tomcat]
2022-11-07 17:57:04 [main] INFO :Starting Servlet engine: [Apache Tomcat/9.0.65]
2022-11-07 17:57:04 [main] INFO :Initializing Spring embedded WebApplicationContext
2022-11-07 17:57:04 [main] INFO :Root WebApplicationContext: initialization completed in 2592 ms
2022-11-07 17:57:05 [main] INFO :HHH000204: Processing PersistenceUnitInfo [name: default]
2022-11-07 17:57:05 [main] INFO :HHH000412: Hibernate ORM core version 5.6.10.Final
2022-11-07 17:57:05 [main] INFO :HCANN000001: Hibernate Commons Annotations {5.1.2.Final}
2022-11-07 17:57:05 [main] INFO :HikariPool-1 - Starting...
2022-11-07 17:57:05 [main] INFO :HikariPool-1 - Start completed.
2022-11-07 17:57:05 [main] INFO :HHH000400: Using dialect: org.hibernate.dialect.MySQL57Dialect
2022-11-07 17:57:06 [main] INFO :HHH000490: Using JtaPlatform implementation: [org.hibernate.engine.transaction.jta.platform.internal.NoJtaPlatform]
2022-11-07 17:57:06 [main] INFO :Initialized JPA EntityManagerFactory for persistence unit 'default'
2022-11-07 17:57:07 [main] WARN :spring.jpa.open-in-view is enabled by default. Therefore, database queries may be performed during view rendering. Explicitly configure spring.jpa.open-in-view to disable this warning
2022-11-07 17:57:08 [main] INFO :Starting ProtocolHandler ["http-nio-8080"]
2022-11-07 17:57:08 [main] INFO :Tomcat started on port(s): 8080 (http) with context path ''
2022-11-07 17:57:08 [main] INFO :Started Main in 7.723 seconds (JVM running for 8.761)
2022-11-07 17:57:19 [http-nio-8080-exec-1] INFO :Initializing Spring DispatcherServlet 'dispatcherServlet'
2022-11-07 17:57:19 [http-nio-8080-exec-1] INFO :Initializing Servlet 'dispatcherServlet'
2022-11-07 17:57:19 [http-nio-8080-exec-1] INFO :Completed initialization in 2 ms
2022-11-07 18:00:32 [SpringApplicationShutdownHook] INFO :Closing JPA EntityManagerFactory for persistence unit 'default'
2022-11-07 18:00:32 [SpringApplicationShutdownHook] INFO :HikariPool-1 - Shutdown initiated...
2022-11-07 18:00:32 [SpringApplicationShutdownHook] INFO :HikariPool-1 - Shutdown completed.
2022-11-07 18:00:37 [main] INFO :Starting Main using Java 18.0.1.1 on Shellys-MBP.lan with PID 60377 (/Users/shelly_yaron/Documents/לימודים/Java Full stack/IdeaProjects/CouponsProject/target/classes started by shelly_yaron in /Users/shelly_yaron/Documents/לימודים/Java Full stack/IdeaProjects/CouponsProject)
2022-11-07 18:00:37 [main] INFO :No active profile set, falling back to 1 default profile: "default"
2022-11-07 18:00:38 [main] INFO :Bootstrapping Spring Data JPA repositories in DEFAULT mode.
2022-11-07 18:00:38 [main] INFO :Finished Spring Data repository scanning in 130 ms. Found 5 JPA repository interfaces.
2022-11-07 18:00:39 [main] INFO :Tomcat initialized with port(s): 8080 (http)
2022-11-07 18:00:39 [main] INFO :Initializing ProtocolHandler ["http-nio-8080"]
2022-11-07 18:00:39 [main] INFO :Starting service [Tomcat]
2022-11-07 18:00:39 [main] INFO :Starting Servlet engine: [Apache Tomcat/9.0.65]
2022-11-07 18:00:40 [main] INFO :Initializing Spring embedded WebApplicationContext
2022-11-07 18:00:40 [main] INFO :Root WebApplicationContext: initialization completed in 2749 ms
2022-11-07 18:00:40 [main] INFO :HHH000204: Processing PersistenceUnitInfo [name: default]
2022-11-07 18:00:40 [main] INFO :HHH000412: Hibernate ORM core version 5.6.10.Final
2022-11-07 18:00:40 [main] INFO :HCANN000001: Hibernate Commons Annotations {5.1.2.Final}
2022-11-07 18:00:40 [main] INFO :HikariPool-1 - Starting...
2022-11-07 18:00:41 [main] INFO :HikariPool-1 - Start completed.
2022-11-07 18:00:41 [main] INFO :HHH000400: Using dialect: org.hibernate.dialect.MySQL57Dialect
2022-11-07 18:00:42 [main] INFO :HHH000490: Using JtaPlatform implementation: [org.hibernate.engine.transaction.jta.platform.internal.NoJtaPlatform]
2022-11-07 18:00:42 [main] INFO :Initialized JPA EntityManagerFactory for persistence unit 'default'
2022-11-07 18:00:43 [main] WARN :spring.jpa.open-in-view is enabled by default. Therefore, database queries may be performed during view rendering. Explicitly configure spring.jpa.open-in-view to disable this warning
2022-11-07 18:00:44 [main] INFO :Starting ProtocolHandler ["http-nio-8080"]
2022-11-07 18:00:44 [main] INFO :Tomcat started on port(s): 8080 (http) with context path ''
2022-11-07 18:00:44 [main] INFO :Started Main in 8.025 seconds (JVM running for 8.93)
2022-11-07 18:00:59 [http-nio-8080-exec-1] INFO :Initializing Spring DispatcherServlet 'dispatcherServlet'
2022-11-07 18:00:59 [http-nio-8080-exec-1] INFO :Initializing Servlet 'dispatcherServlet'
2022-11-07 18:00:59 [http-nio-8080-exec-1] INFO :Completed initialization in 1 ms
2022-11-07 18:00:59 [http-nio-8080-exec-1] DEBUG:
    select
        couponenti0_.id as id1_1_,
        couponenti0_.amount as amount2_1_,
        couponenti0_.category as category3_1_,
        couponenti0_.company_entity_id as company10_1_,
        couponenti0_.description as descript4_1_,
        couponenti0_.end_date as end_date5_1_,
        couponenti0_.image_url as image_ur6_1_,
        couponenti0_.price as price7_1_,
        couponenti0_.start_date as start_da8_1_,
        couponenti0_.title as title9_1_ 
    from
        coupons couponenti0_
2022-11-07 18:00:59 [http-nio-8080-exec-1] DEBUG:
    select
        companyent0_.id as id1_0_0_,
        companyent0_.address as address2_0_0_,
        companyent0_.name as name3_0_0_,
        companyent0_.phone_number as phone_nu4_0_0_ 
    from
        companies companyent0_ 
    where
        companyent0_.id=?
2022-11-07 18:00:59 [http-nio-8080-exec-1] TRACE:binding parameter [1] as [BIGINT] - [1]
2022-11-07 18:00:59 [http-nio-8080-exec-1] DEBUG:
    select
        companyent0_.id as id1_0_0_,
        companyent0_.address as address2_0_0_,
        companyent0_.name as name3_0_0_,
        companyent0_.phone_number as phone_nu4_0_0_ 
    from
        companies companyent0_ 
    where
        companyent0_.id=?
2022-11-07 18:00:59 [http-nio-8080-exec-1] TRACE:binding parameter [1] as [BIGINT] - [2]
2022-11-07 18:00:59 [http-nio-8080-exec-3] DEBUG:
    select
        couponenti0_.id as id1_1_,
        couponenti0_.amount as amount2_1_,
        couponenti0_.category as category3_1_,
        couponenti0_.company_entity_id as company10_1_,
        couponenti0_.description as descript4_1_,
        couponenti0_.end_date as end_date5_1_,
        couponenti0_.image_url as image_ur6_1_,
        couponenti0_.price as price7_1_,
        couponenti0_.start_date as start_da8_1_,
        couponenti0_.title as title9_1_ 
    from
        coupons couponenti0_
2022-11-07 18:00:59 [http-nio-8080-exec-3] DEBUG:
    select
        companyent0_.id as id1_0_0_,
        companyent0_.address as address2_0_0_,
        companyent0_.name as name3_0_0_,
        companyent0_.phone_number as phone_nu4_0_0_ 
    from
        companies companyent0_ 
    where
        companyent0_.id=?
2022-11-07 18:00:59 [http-nio-8080-exec-3] TRACE:binding parameter [1] as [BIGINT] - [1]
2022-11-07 18:00:59 [http-nio-8080-exec-3] DEBUG:
    select
        companyent0_.id as id1_0_0_,
        companyent0_.address as address2_0_0_,
        companyent0_.name as name3_0_0_,
        companyent0_.phone_number as phone_nu4_0_0_ 
    from
        companies companyent0_ 
    where
        companyent0_.id=?
2022-11-07 18:00:59 [http-nio-8080-exec-3] TRACE:binding parameter [1] as [BIGINT] - [2]
2022-11-07 18:03:47 [http-nio-8080-exec-5] DEBUG:
    select
        couponenti0_.id as id1_1_,
        couponenti0_.amount as amount2_1_,
        couponenti0_.category as category3_1_,
        couponenti0_.company_entity_id as company10_1_,
        couponenti0_.description as descript4_1_,
        couponenti0_.end_date as end_date5_1_,
        couponenti0_.image_url as image_ur6_1_,
        couponenti0_.price as price7_1_,
        couponenti0_.start_date as start_da8_1_,
        couponenti0_.title as title9_1_ 
    from
        coupons couponenti0_
2022-11-07 18:03:47 [http-nio-8080-exec-5] DEBUG:
    select
        companyent0_.id as id1_0_0_,
        companyent0_.address as address2_0_0_,
        companyent0_.name as name3_0_0_,
        companyent0_.phone_number as phone_nu4_0_0_ 
    from
        companies companyent0_ 
    where
        companyent0_.id=?
2022-11-07 18:03:47 [http-nio-8080-exec-5] TRACE:binding parameter [1] as [BIGINT] - [1]
2022-11-07 18:03:47 [http-nio-8080-exec-5] DEBUG:
    select
        companyent0_.id as id1_0_0_,
        companyent0_.address as address2_0_0_,
        companyent0_.name as name3_0_0_,
        companyent0_.phone_number as phone_nu4_0_0_ 
    from
        companies companyent0_ 
    where
        companyent0_.id=?
2022-11-07 18:03:47 [http-nio-8080-exec-5] TRACE:binding parameter [1] as [BIGINT] - [2]
2022-11-07 18:03:47 [http-nio-8080-exec-6] DEBUG:
    select
        couponenti0_.id as id1_1_,
        couponenti0_.amount as amount2_1_,
        couponenti0_.category as category3_1_,
        couponenti0_.company_entity_id as company10_1_,
        couponenti0_.description as descript4_1_,
        couponenti0_.end_date as end_date5_1_,
        couponenti0_.image_url as image_ur6_1_,
        couponenti0_.price as price7_1_,
        couponenti0_.start_date as start_da8_1_,
        couponenti0_.title as title9_1_ 
    from
        coupons couponenti0_
2022-11-07 18:03:47 [http-nio-8080-exec-6] DEBUG:
    select
        companyent0_.id as id1_0_0_,
        companyent0_.address as address2_0_0_,
        companyent0_.name as name3_0_0_,
        companyent0_.phone_number as phone_nu4_0_0_ 
    from
        companies companyent0_ 
    where
        companyent0_.id=?
2022-11-07 18:03:47 [http-nio-8080-exec-6] TRACE:binding parameter [1] as [BIGINT] - [1]
2022-11-07 18:03:47 [http-nio-8080-exec-6] DEBUG:
    select
        companyent0_.id as id1_0_0_,
        companyent0_.address as address2_0_0_,
        companyent0_.name as name3_0_0_,
        companyent0_.phone_number as phone_nu4_0_0_ 
    from
        companies companyent0_ 
    where
        companyent0_.id=?
2022-11-07 18:03:47 [http-nio-8080-exec-6] TRACE:binding parameter [1] as [BIGINT] - [2]
2022-11-07 18:37:38 [SpringApplicationShutdownHook] INFO :Closing JPA EntityManagerFactory for persistence unit 'default'
2022-11-07 18:37:38 [SpringApplicationShutdownHook] INFO :HikariPool-1 - Shutdown initiated...
2022-11-07 18:37:38 [SpringApplicationShutdownHook] INFO :HikariPool-1 - Shutdown completed.
2022-11-07 18:37:42 [main] INFO :Starting Main using Java 18.0.1.1 on Shellys-MBP.lan with PID 60921 (/Users/shelly_yaron/Documents/לימודים/Java Full stack/IdeaProjects/CouponsProject/target/classes started by shelly_yaron in /Users/shelly_yaron/Documents/לימודים/Java Full stack/IdeaProjects/CouponsProject)
2022-11-07 18:37:42 [main] INFO :No active profile set, falling back to 1 default profile: "default"
2022-11-07 18:37:44 [main] INFO :Bootstrapping Spring Data JPA repositories in DEFAULT mode.
2022-11-07 18:37:44 [main] INFO :Finished Spring Data repository scanning in 132 ms. Found 5 JPA repository interfaces.
2022-11-07 18:37:45 [main] INFO :Tomcat initialized with port(s): 8080 (http)
2022-11-07 18:37:45 [main] INFO :Initializing ProtocolHandler ["http-nio-8080"]
2022-11-07 18:37:45 [main] INFO :Starting service [Tomcat]
2022-11-07 18:37:45 [main] INFO :Starting Servlet engine: [Apache Tomcat/9.0.65]
2022-11-07 18:37:45 [main] INFO :Initializing Spring embedded WebApplicationContext
2022-11-07 18:37:45 [main] INFO :Root WebApplicationContext: initialization completed in 2752 ms
2022-11-07 18:37:45 [main] INFO :HHH000204: Processing PersistenceUnitInfo [name: default]
2022-11-07 18:37:45 [main] INFO :HHH000412: Hibernate ORM core version 5.6.10.Final
2022-11-07 18:37:46 [main] INFO :HCANN000001: Hibernate Commons Annotations {5.1.2.Final}
2022-11-07 18:37:46 [main] INFO :HikariPool-1 - Starting...
2022-11-07 18:37:46 [main] INFO :HikariPool-1 - Start completed.
2022-11-07 18:37:46 [main] INFO :HHH000400: Using dialect: org.hibernate.dialect.MySQL57Dialect
2022-11-07 18:37:47 [main] INFO :HHH000490: Using JtaPlatform implementation: [org.hibernate.engine.transaction.jta.platform.internal.NoJtaPlatform]
2022-11-07 18:37:47 [main] INFO :Initialized JPA EntityManagerFactory for persistence unit 'default'
2022-11-07 18:37:48 [main] WARN :spring.jpa.open-in-view is enabled by default. Therefore, database queries may be performed during view rendering. Explicitly configure spring.jpa.open-in-view to disable this warning
2022-11-07 18:37:50 [main] INFO :Starting ProtocolHandler ["http-nio-8080"]
2022-11-07 18:37:50 [main] INFO :Tomcat started on port(s): 8080 (http) with context path ''
2022-11-07 18:37:50 [main] INFO :Started Main in 8.018 seconds (JVM running for 8.846)
2022-11-07 18:43:24 [http-nio-8080-exec-2] INFO :Initializing Spring DispatcherServlet 'dispatcherServlet'
2022-11-07 18:43:24 [http-nio-8080-exec-2] INFO :Initializing Servlet 'dispatcherServlet'
2022-11-07 18:43:24 [http-nio-8080-exec-2] INFO :Completed initialization in 9 ms
2022-11-07 18:43:24 [http-nio-8080-exec-2] DEBUG:
    select
        couponenti0_.id as id1_1_,
        couponenti0_.amount as amount2_1_,
        couponenti0_.category as category3_1_,
        couponenti0_.company_entity_id as company10_1_,
        couponenti0_.description as descript4_1_,
        couponenti0_.end_date as end_date5_1_,
        couponenti0_.image_url as image_ur6_1_,
        couponenti0_.price as price7_1_,
        couponenti0_.start_date as start_da8_1_,
        couponenti0_.title as title9_1_ 
    from
        coupons couponenti0_
2022-11-07 18:43:24 [http-nio-8080-exec-2] DEBUG:
    select
        companyent0_.id as id1_0_0_,
        companyent0_.address as address2_0_0_,
        companyent0_.name as name3_0_0_,
        companyent0_.phone_number as phone_nu4_0_0_ 
    from
        companies companyent0_ 
    where
        companyent0_.id=?
2022-11-07 18:43:24 [http-nio-8080-exec-2] TRACE:binding parameter [1] as [BIGINT] - [1]
2022-11-07 18:43:24 [http-nio-8080-exec-2] DEBUG:
    select
        companyent0_.id as id1_0_0_,
        companyent0_.address as address2_0_0_,
        companyent0_.name as name3_0_0_,
        companyent0_.phone_number as phone_nu4_0_0_ 
    from
        companies companyent0_ 
    where
        companyent0_.id=?
2022-11-07 18:43:24 [http-nio-8080-exec-2] TRACE:binding parameter [1] as [BIGINT] - [2]
2022-11-07 18:43:24 [http-nio-8080-exec-5] DEBUG:
    select
        couponenti0_.id as id1_1_,
        couponenti0_.amount as amount2_1_,
        couponenti0_.category as category3_1_,
        couponenti0_.company_entity_id as company10_1_,
        couponenti0_.description as descript4_1_,
        couponenti0_.end_date as end_date5_1_,
        couponenti0_.image_url as image_ur6_1_,
        couponenti0_.price as price7_1_,
        couponenti0_.start_date as start_da8_1_,
        couponenti0_.title as title9_1_ 
    from
        coupons couponenti0_
2022-11-07 18:43:24 [http-nio-8080-exec-5] DEBUG:
    select
        companyent0_.id as id1_0_0_,
        companyent0_.address as address2_0_0_,
        companyent0_.name as name3_0_0_,
        companyent0_.phone_number as phone_nu4_0_0_ 
    from
        companies companyent0_ 
    where
        companyent0_.id=?
2022-11-07 18:43:24 [http-nio-8080-exec-5] TRACE:binding parameter [1] as [BIGINT] - [1]
2022-11-07 18:43:24 [http-nio-8080-exec-5] DEBUG:
    select
        companyent0_.id as id1_0_0_,
        companyent0_.address as address2_0_0_,
        companyent0_.name as name3_0_0_,
        companyent0_.phone_number as phone_nu4_0_0_ 
    from
        companies companyent0_ 
    where
        companyent0_.id=?
2022-11-07 18:43:24 [http-nio-8080-exec-5] TRACE:binding parameter [1] as [BIGINT] - [2]
2022-11-07 18:44:43 [http-nio-8080-exec-3] DEBUG:
    select
        couponenti0_.id as id1_1_,
        couponenti0_.amount as amount2_1_,
        couponenti0_.category as category3_1_,
        couponenti0_.company_entity_id as company10_1_,
        couponenti0_.description as descript4_1_,
        couponenti0_.end_date as end_date5_1_,
        couponenti0_.image_url as image_ur6_1_,
        couponenti0_.price as price7_1_,
        couponenti0_.start_date as start_da8_1_,
        couponenti0_.title as title9_1_ 
    from
        coupons couponenti0_
2022-11-07 18:44:43 [http-nio-8080-exec-3] DEBUG:
    select
        companyent0_.id as id1_0_0_,
        companyent0_.address as address2_0_0_,
        companyent0_.name as name3_0_0_,
        companyent0_.phone_number as phone_nu4_0_0_ 
    from
        companies companyent0_ 
    where
        companyent0_.id=?
2022-11-07 18:44:43 [http-nio-8080-exec-3] TRACE:binding parameter [1] as [BIGINT] - [1]
2022-11-07 18:44:44 [http-nio-8080-exec-3] DEBUG:
    select
        companyent0_.id as id1_0_0_,
        companyent0_.address as address2_0_0_,
        companyent0_.name as name3_0_0_,
        companyent0_.phone_number as phone_nu4_0_0_ 
    from
        companies companyent0_ 
    where
        companyent0_.id=?
2022-11-07 18:44:44 [http-nio-8080-exec-3] TRACE:binding parameter [1] as [BIGINT] - [2]
2022-11-07 18:44:44 [http-nio-8080-exec-8] DEBUG:
    select
        couponenti0_.id as id1_1_,
        couponenti0_.amount as amount2_1_,
        couponenti0_.category as category3_1_,
        couponenti0_.company_entity_id as company10_1_,
        couponenti0_.description as descript4_1_,
        couponenti0_.end_date as end_date5_1_,
        couponenti0_.image_url as image_ur6_1_,
        couponenti0_.price as price7_1_,
        couponenti0_.start_date as start_da8_1_,
        couponenti0_.title as title9_1_ 
    from
        coupons couponenti0_
2022-11-07 18:44:44 [http-nio-8080-exec-8] DEBUG:
    select
        companyent0_.id as id1_0_0_,
        companyent0_.address as address2_0_0_,
        companyent0_.name as name3_0_0_,
        companyent0_.phone_number as phone_nu4_0_0_ 
    from
        companies companyent0_ 
    where
        companyent0_.id=?
2022-11-07 18:44:44 [http-nio-8080-exec-8] TRACE:binding parameter [1] as [BIGINT] - [1]
2022-11-07 18:44:44 [http-nio-8080-exec-8] DEBUG:
    select
        companyent0_.id as id1_0_0_,
        companyent0_.address as address2_0_0_,
        companyent0_.name as name3_0_0_,
        companyent0_.phone_number as phone_nu4_0_0_ 
    from
        companies companyent0_ 
    where
        companyent0_.id=?
2022-11-07 18:44:44 [http-nio-8080-exec-8] TRACE:binding parameter [1] as [BIGINT] - [2]
2022-11-07 19:11:38 [SpringApplicationShutdownHook] INFO :Closing JPA EntityManagerFactory for persistence unit 'default'
2022-11-07 19:11:38 [SpringApplicationShutdownHook] INFO :HikariPool-1 - Shutdown initiated...
2022-11-07 19:11:38 [SpringApplicationShutdownHook] INFO :HikariPool-1 - Shutdown completed.
2022-11-07 19:15:27 [main] INFO :Starting Main using Java 18.0.1.1 on Shellys-MBP.lan with PID 61564 (/Users/shelly_yaron/Documents/לימודים/Java Full stack/IdeaProjects/CouponsProject/target/classes started by shelly_yaron in /Users/shelly_yaron/Documents/לימודים/Java Full stack/IdeaProjects/CouponsProject)
2022-11-07 19:15:27 [main] INFO :No active profile set, falling back to 1 default profile: "default"
2022-11-07 19:15:29 [main] INFO :Bootstrapping Spring Data JPA repositories in DEFAULT mode.
2022-11-07 19:15:29 [main] INFO :Finished Spring Data repository scanning in 120 ms. Found 5 JPA repository interfaces.
2022-11-07 19:15:30 [main] INFO :Tomcat initialized with port(s): 8080 (http)
2022-11-07 19:15:30 [main] INFO :Initializing ProtocolHandler ["http-nio-8080"]
2022-11-07 19:15:30 [main] INFO :Starting service [Tomcat]
2022-11-07 19:15:30 [main] INFO :Starting Servlet engine: [Apache Tomcat/9.0.65]
2022-11-07 19:15:30 [main] INFO :Initializing Spring embedded WebApplicationContext
2022-11-07 19:15:30 [main] INFO :Root WebApplicationContext: initialization completed in 2690 ms
2022-11-07 19:15:31 [main] INFO :HHH000204: Processing PersistenceUnitInfo [name: default]
2022-11-07 19:15:31 [main] INFO :HHH000412: Hibernate ORM core version 5.6.10.Final
2022-11-07 19:15:31 [main] INFO :HCANN000001: Hibernate Commons Annotations {5.1.2.Final}
2022-11-07 19:15:31 [main] INFO :HikariPool-1 - Starting...
2022-11-07 19:15:31 [main] INFO :HikariPool-1 - Start completed.
2022-11-07 19:15:31 [main] INFO :HHH000400: Using dialect: org.hibernate.dialect.MySQL57Dialect
2022-11-07 19:15:32 [main] INFO :HHH000490: Using JtaPlatform implementation: [org.hibernate.engine.transaction.jta.platform.internal.NoJtaPlatform]
2022-11-07 19:15:32 [main] INFO :Initialized JPA EntityManagerFactory for persistence unit 'default'
2022-11-07 19:15:33 [main] WARN :Exception encountered during context initialization - cancelling refresh attempt: org.springframework.beans.factory.UnsatisfiedDependencyException: Error creating bean with name 'userController' defined in file [/Users/shelly_yaron/Documents/לימודים/Java Full stack/IdeaProjects/CouponsProject/target/classes/com/shelly/coupons/controller/UserController.class]: Unsatisfied dependency expressed through constructor parameter 0; nested exception is org.springframework.beans.factory.UnsatisfiedDependencyException: Error creating bean with name 'userLogic' defined in file [/Users/shelly_yaron/Documents/לימודים/Java Full stack/IdeaProjects/CouponsProject/target/classes/com/shelly/coupons/logic/UserLogic.class]: Unsatisfied dependency expressed through constructor parameter 0; nested exception is org.springframework.beans.factory.BeanCreationException: Error creating bean with name 'IUserDao' defined in com.shelly.coupons.dao.IUserDao defined in @EnableJpaRepositories declared on JpaRepositoriesRegistrar.EnableJpaRepositoriesConfiguration: Invocation of init method failed; nested exception is org.springframework.data.repository.query.QueryCreationException: Could not create query for public abstract com.shelly.coupons.entities.UserEntity com.shelly.coupons.dao.IUserDao.login(java.lang.String,java.lang.String); Reason: JDBC style parameters (?) are not supported for JPA queries.; nested exception is java.lang.IllegalArgumentException: JDBC style parameters (?) are not supported for JPA queries.
2022-11-07 19:15:33 [main] INFO :Closing JPA EntityManagerFactory for persistence unit 'default'
2022-11-07 19:15:33 [main] INFO :HikariPool-1 - Shutdown initiated...
2022-11-07 19:15:33 [main] INFO :HikariPool-1 - Shutdown completed.
2022-11-07 19:15:33 [main] INFO :Stopping service [Tomcat]
2022-11-07 19:15:33 [main] INFO :

Error starting ApplicationContext. To display the conditions report re-run your application with 'debug' enabled.
2022-11-07 19:15:33 [main] ERROR:Application run failed
org.springframework.beans.factory.UnsatisfiedDependencyException: Error creating bean with name 'userController' defined in file [/Users/shelly_yaron/Documents/לימודים/Java Full stack/IdeaProjects/CouponsProject/target/classes/com/shelly/coupons/controller/UserController.class]: Unsatisfied dependency expressed through constructor parameter 0; nested exception is org.springframework.beans.factory.UnsatisfiedDependencyException: Error creating bean with name 'userLogic' defined in file [/Users/shelly_yaron/Documents/לימודים/Java Full stack/IdeaProjects/CouponsProject/target/classes/com/shelly/coupons/logic/UserLogic.class]: Unsatisfied dependency expressed through constructor parameter 0; nested exception is org.springframework.beans.factory.BeanCreationException: Error creating bean with name 'IUserDao' defined in com.shelly.coupons.dao.IUserDao defined in @EnableJpaRepositories declared on JpaRepositoriesRegistrar.EnableJpaRepositoriesConfiguration: Invocation of init method failed; nested exception is org.springframework.data.repository.query.QueryCreationException: Could not create query for public abstract com.shelly.coupons.entities.UserEntity com.shelly.coupons.dao.IUserDao.login(java.lang.String,java.lang.String); Reason: JDBC style parameters (?) are not supported for JPA queries.; nested exception is java.lang.IllegalArgumentException: JDBC style parameters (?) are not supported for JPA queries.
	at org.springframework.beans.factory.support.ConstructorResolver.createArgumentArray(ConstructorResolver.java:800)
	at org.springframework.beans.factory.support.ConstructorResolver.autowireConstructor(ConstructorResolver.java:229)
	at org.springframework.beans.factory.support.AbstractAutowireCapableBeanFactory.autowireConstructor(AbstractAutowireCapableBeanFactory.java:1372)
	at org.springframework.beans.factory.support.AbstractAutowireCapableBeanFactory.createBeanInstance(AbstractAutowireCapableBeanFactory.java:1222)
	at org.springframework.beans.factory.support.AbstractAutowireCapableBeanFactory.doCreateBean(AbstractAutowireCapableBeanFactory.java:582)
	at org.springframework.beans.factory.support.AbstractAutowireCapableBeanFactory.createBean(AbstractAutowireCapableBeanFactory.java:542)
	at org.springframework.beans.factory.support.AbstractBeanFactory.lambda$doGetBean$0(AbstractBeanFactory.java:335)
	at org.springframework.beans.factory.support.DefaultSingletonBeanRegistry.getSingleton(DefaultSingletonBeanRegistry.java:234)
	at org.springframework.beans.factory.support.AbstractBeanFactory.doGetBean(AbstractBeanFactory.java:333)
	at org.springframework.beans.factory.support.AbstractBeanFactory.getBean(AbstractBeanFactory.java:208)
	at org.springframework.beans.factory.support.DefaultListableBeanFactory.preInstantiateSingletons(DefaultListableBeanFactory.java:955)
	at org.springframework.context.support.AbstractApplicationContext.finishBeanFactoryInitialization(AbstractApplicationContext.java:918)
	at org.springframework.context.support.AbstractApplicationContext.refresh(AbstractApplicationContext.java:583)
	at org.springframework.boot.web.servlet.context.ServletWebServerApplicationContext.refresh(ServletWebServerApplicationContext.java:147)
	at org.springframework.boot.SpringApplication.refresh(SpringApplication.java:734)
	at org.springframework.boot.SpringApplication.refreshContext(SpringApplication.java:408)
	at org.springframework.boot.SpringApplication.run(SpringApplication.java:308)
	at org.springframework.boot.SpringApplication.run(SpringApplication.java:1306)
	at org.springframework.boot.SpringApplication.run(SpringApplication.java:1295)
	at com.shelly.coupons.Main.main(Main.java:15)
Caused by: org.springframework.beans.factory.UnsatisfiedDependencyException: Error creating bean with name 'userLogic' defined in file [/Users/shelly_yaron/Documents/לימודים/Java Full stack/IdeaProjects/CouponsProject/target/classes/com/shelly/coupons/logic/UserLogic.class]: Unsatisfied dependency expressed through constructor parameter 0; nested exception is org.springframework.beans.factory.BeanCreationException: Error creating bean with name 'IUserDao' defined in com.shelly.coupons.dao.IUserDao defined in @EnableJpaRepositories declared on JpaRepositoriesRegistrar.EnableJpaRepositoriesConfiguration: Invocation of init method failed; nested exception is org.springframework.data.repository.query.QueryCreationException: Could not create query for public abstract com.shelly.coupons.entities.UserEntity com.shelly.coupons.dao.IUserDao.login(java.lang.String,java.lang.String); Reason: JDBC style parameters (?) are not supported for JPA queries.; nested exception is java.lang.IllegalArgumentException: JDBC style parameters (?) are not supported for JPA queries.
	at org.springframework.beans.factory.support.ConstructorResolver.createArgumentArray(ConstructorResolver.java:800)
	at org.springframework.beans.factory.support.ConstructorResolver.autowireConstructor(ConstructorResolver.java:229)
	at org.springframework.beans.factory.support.AbstractAutowireCapableBeanFactory.autowireConstructor(AbstractAutowireCapableBeanFactory.java:1372)
	at org.springframework.beans.factory.support.AbstractAutowireCapableBeanFactory.createBeanInstance(AbstractAutowireCapableBeanFactory.java:1222)
	at org.springframework.beans.factory.support.AbstractAutowireCapableBeanFactory.doCreateBean(AbstractAutowireCapableBeanFactory.java:582)
	at org.springframework.beans.factory.support.AbstractAutowireCapableBeanFactory.createBean(AbstractAutowireCapableBeanFactory.java:542)
	at org.springframework.beans.factory.support.AbstractBeanFactory.lambda$doGetBean$0(AbstractBeanFactory.java:335)
	at org.springframework.beans.factory.support.DefaultSingletonBeanRegistry.getSingleton(DefaultSingletonBeanRegistry.java:234)
	at org.springframework.beans.factory.support.AbstractBeanFactory.doGetBean(AbstractBeanFactory.java:333)
	at org.springframework.beans.factory.support.AbstractBeanFactory.getBean(AbstractBeanFactory.java:208)
	at org.springframework.beans.factory.config.DependencyDescriptor.resolveCandidate(DependencyDescriptor.java:276)
	at org.springframework.beans.factory.support.DefaultListableBeanFactory.doResolveDependency(DefaultListableBeanFactory.java:1391)
	at org.springframework.beans.factory.support.DefaultListableBeanFactory.resolveDependency(DefaultListableBeanFactory.java:1311)
	at org.springframework.beans.factory.support.ConstructorResolver.resolveAutowiredArgument(ConstructorResolver.java:887)
	at org.springframework.beans.factory.support.ConstructorResolver.createArgumentArray(ConstructorResolver.java:791)
	... 19 common frames omitted
Caused by: org.springframework.beans.factory.BeanCreationException: Error creating bean with name 'IUserDao' defined in com.shelly.coupons.dao.IUserDao defined in @EnableJpaRepositories declared on JpaRepositoriesRegistrar.EnableJpaRepositoriesConfiguration: Invocation of init method failed; nested exception is org.springframework.data.repository.query.QueryCreationException: Could not create query for public abstract com.shelly.coupons.entities.UserEntity com.shelly.coupons.dao.IUserDao.login(java.lang.String,java.lang.String); Reason: JDBC style parameters (?) are not supported for JPA queries.; nested exception is java.lang.IllegalArgumentException: JDBC style parameters (?) are not supported for JPA queries.
	at org.springframework.beans.factory.support.AbstractAutowireCapableBeanFactory.initializeBean(AbstractAutowireCapableBeanFactory.java:1804)
	at org.springframework.beans.factory.support.AbstractAutowireCapableBeanFactory.doCreateBean(AbstractAutowireCapableBeanFactory.java:620)
	at org.springframework.beans.factory.support.AbstractAutowireCapableBeanFactory.createBean(AbstractAutowireCapableBeanFactory.java:542)
	at org.springframework.beans.factory.support.AbstractBeanFactory.lambda$doGetBean$0(AbstractBeanFactory.java:335)
	at org.springframework.beans.factory.support.DefaultSingletonBeanRegistry.getSingleton(DefaultSingletonBeanRegistry.java:234)
	at org.springframework.beans.factory.support.AbstractBeanFactory.doGetBean(AbstractBeanFactory.java:333)
	at org.springframework.beans.factory.support.AbstractBeanFactory.getBean(AbstractBeanFactory.java:208)
	at org.springframework.beans.factory.config.DependencyDescriptor.resolveCandidate(DependencyDescriptor.java:276)
	at org.springframework.beans.factory.support.DefaultListableBeanFactory.doResolveDependency(DefaultListableBeanFactory.java:1391)
	at org.springframework.beans.factory.support.DefaultListableBeanFactory.resolveDependency(DefaultListableBeanFactory.java:1311)
	at org.springframework.beans.factory.support.ConstructorResolver.resolveAutowiredArgument(ConstructorResolver.java:887)
	at org.springframework.beans.factory.support.ConstructorResolver.createArgumentArray(ConstructorResolver.java:791)
	... 33 common frames omitted
Caused by: org.springframework.data.repository.query.QueryCreationException: Could not create query for public abstract com.shelly.coupons.entities.UserEntity com.shelly.coupons.dao.IUserDao.login(java.lang.String,java.lang.String); Reason: JDBC style parameters (?) are not supported for JPA queries.; nested exception is java.lang.IllegalArgumentException: JDBC style parameters (?) are not supported for JPA queries.
	at org.springframework.data.repository.query.QueryCreationException.create(QueryCreationException.java:101)
	at org.springframework.data.repository.core.support.QueryExecutorMethodInterceptor.lookupQuery(QueryExecutorMethodInterceptor.java:107)
	at org.springframework.data.repository.core.support.QueryExecutorMethodInterceptor.lambda$mapMethodsToQuery$1(QueryExecutorMethodInterceptor.java:95)
	at java.base/java.util.stream.ReferencePipeline$3$1.accept(ReferencePipeline.java:197)
	at java.base/java.util.Iterator.forEachRemaining(Iterator.java:133)
	at java.base/java.util.Collections$UnmodifiableCollection$1.forEachRemaining(Collections.java:1061)
	at java.base/java.util.Spliterators$IteratorSpliterator.forEachRemaining(Spliterators.java:1845)
	at java.base/java.util.stream.AbstractPipeline.copyInto(AbstractPipeline.java:509)
	at java.base/java.util.stream.AbstractPipeline.wrapAndCopyInto(AbstractPipeline.java:499)
	at java.base/java.util.stream.ReduceOps$ReduceOp.evaluateSequential(ReduceOps.java:921)
	at java.base/java.util.stream.AbstractPipeline.evaluate(AbstractPipeline.java:234)
	at java.base/java.util.stream.ReferencePipeline.collect(ReferencePipeline.java:682)
	at org.springframework.data.repository.core.support.QueryExecutorMethodInterceptor.mapMethodsToQuery(QueryExecutorMethodInterceptor.java:97)
	at org.springframework.data.repository.core.support.QueryExecutorMethodInterceptor.lambda$new$0(QueryExecutorMethodInterceptor.java:87)
	at java.base/java.util.Optional.map(Optional.java:260)
	at org.springframework.data.repository.core.support.QueryExecutorMethodInterceptor.<init>(QueryExecutorMethodInterceptor.java:87)
	at org.springframework.data.repository.core.support.RepositoryFactorySupport.getRepository(RepositoryFactorySupport.java:365)
	at org.springframework.data.repository.core.support.RepositoryFactoryBeanSupport.lambda$afterPropertiesSet$5(RepositoryFactoryBeanSupport.java:323)
	at org.springframework.data.util.Lazy.getNullable(Lazy.java:231)
	at org.springframework.data.util.Lazy.get(Lazy.java:115)
	at org.springframework.data.repository.core.support.RepositoryFactoryBeanSupport.afterPropertiesSet(RepositoryFactoryBeanSupport.java:329)
	at org.springframework.data.jpa.repository.support.JpaRepositoryFactoryBean.afterPropertiesSet(JpaRepositoryFactoryBean.java:144)
	at org.springframework.beans.factory.support.AbstractAutowireCapableBeanFactory.invokeInitMethods(AbstractAutowireCapableBeanFactory.java:1863)
	at org.springframework.beans.factory.support.AbstractAutowireCapableBeanFactory.initializeBean(AbstractAutowireCapableBeanFactory.java:1800)
	... 44 common frames omitted
Caused by: java.lang.IllegalArgumentException: JDBC style parameters (?) are not supported for JPA queries.
	at org.springframework.util.Assert.isTrue(Assert.java:121)
	at org.springframework.data.jpa.repository.query.AbstractStringBasedJpaQuery.<init>(AbstractStringBasedJpaQuery.java:78)
	at org.springframework.data.jpa.repository.query.SimpleJpaQuery.<init>(SimpleJpaQuery.java:64)
	at org.springframework.data.jpa.repository.query.JpaQueryFactory.fromMethodWithQueryString(JpaQueryFactory.java:51)
	at org.springframework.data.jpa.repository.query.JpaQueryLookupStrategy$DeclaredQueryLookupStrategy.resolveQuery(JpaQueryLookupStrategy.java:169)
	at org.springframework.data.jpa.repository.query.JpaQueryLookupStrategy$CreateIfNotFoundQueryLookupStrategy.resolveQuery(JpaQueryLookupStrategy.java:253)
	at org.springframework.data.jpa.repository.query.JpaQueryLookupStrategy$AbstractQueryLookupStrategy.resolveQuery(JpaQueryLookupStrategy.java:93)
	at org.springframework.data.repository.core.support.QueryExecutorMethodInterceptor.lookupQuery(QueryExecutorMethodInterceptor.java:103)
	... 66 common frames omitted
2022-11-07 19:17:45 [main] INFO :Starting Main using Java 18.0.1.1 on Shellys-MBP.lan with PID 61597 (/Users/shelly_yaron/Documents/לימודים/Java Full stack/IdeaProjects/CouponsProject/target/classes started by shelly_yaron in /Users/shelly_yaron/Documents/לימודים/Java Full stack/IdeaProjects/CouponsProject)
2022-11-07 19:17:45 [main] INFO :No active profile set, falling back to 1 default profile: "default"
2022-11-07 19:17:47 [main] INFO :Bootstrapping Spring Data JPA repositories in DEFAULT mode.
2022-11-07 19:17:47 [main] INFO :Finished Spring Data repository scanning in 133 ms. Found 5 JPA repository interfaces.
2022-11-07 19:17:48 [main] INFO :Tomcat initialized with port(s): 8080 (http)
2022-11-07 19:17:48 [main] INFO :Initializing ProtocolHandler ["http-nio-8080"]
2022-11-07 19:17:48 [main] INFO :Starting service [Tomcat]
2022-11-07 19:17:48 [main] INFO :Starting Servlet engine: [Apache Tomcat/9.0.65]
2022-11-07 19:17:48 [main] INFO :Initializing Spring embedded WebApplicationContext
2022-11-07 19:17:48 [main] INFO :Root WebApplicationContext: initialization completed in 2762 ms
2022-11-07 19:17:49 [main] INFO :HHH000204: Processing PersistenceUnitInfo [name: default]
2022-11-07 19:17:49 [main] INFO :HHH000412: Hibernate ORM core version 5.6.10.Final
2022-11-07 19:17:49 [main] INFO :HCANN000001: Hibernate Commons Annotations {5.1.2.Final}
2022-11-07 19:17:49 [main] INFO :HikariPool-1 - Starting...
2022-11-07 19:17:49 [main] INFO :HikariPool-1 - Start completed.
2022-11-07 19:17:49 [main] INFO :HHH000400: Using dialect: org.hibernate.dialect.MySQL57Dialect
2022-11-07 19:17:50 [main] INFO :HHH000490: Using JtaPlatform implementation: [org.hibernate.engine.transaction.jta.platform.internal.NoJtaPlatform]
2022-11-07 19:17:50 [main] INFO :Initialized JPA EntityManagerFactory for persistence unit 'default'
2022-11-07 19:17:51 [main] WARN :spring.jpa.open-in-view is enabled by default. Therefore, database queries may be performed during view rendering. Explicitly configure spring.jpa.open-in-view to disable this warning
2022-11-07 19:17:51 [main] WARN :Exception encountered during context initialization - cancelling refresh attempt: org.springframework.beans.factory.BeanCreationException: Error creating bean with name 'requestMappingHandlerMapping' defined in org.springframework.web.servlet.config.annotation.DelegatingWebMvcConfiguration: Invocation of init method failed; nested exception is java.lang.IllegalStateException: Ambiguous mapping. Cannot map 'userController' method 
com.shelly.coupons.controller.UserController#login(UserLoginDetails)
to {POST [/users]}: There is already 'userController' bean method
com.shelly.coupons.controller.UserController#createUser(UserEntity) mapped.
2022-11-07 19:17:51 [main] INFO :Closing JPA EntityManagerFactory for persistence unit 'default'
2022-11-07 19:17:51 [main] INFO :HikariPool-1 - Shutdown initiated...
2022-11-07 19:17:52 [main] INFO :HikariPool-1 - Shutdown completed.
2022-11-07 19:17:52 [main] INFO :Stopping service [Tomcat]
2022-11-07 19:17:52 [main] INFO :

Error starting ApplicationContext. To display the conditions report re-run your application with 'debug' enabled.
2022-11-07 19:17:52 [main] ERROR:Application run failed
org.springframework.beans.factory.BeanCreationException: Error creating bean with name 'requestMappingHandlerMapping' defined in org.springframework.web.servlet.config.annotation.DelegatingWebMvcConfiguration: Invocation of init method failed; nested exception is java.lang.IllegalStateException: Ambiguous mapping. Cannot map 'userController' method 
com.shelly.coupons.controller.UserController#login(UserLoginDetails)
to {POST [/users]}: There is already 'userController' bean method
com.shelly.coupons.controller.UserController#createUser(UserEntity) mapped.
	at org.springframework.beans.factory.support.AbstractAutowireCapableBeanFactory.initializeBean(AbstractAutowireCapableBeanFactory.java:1804)
	at org.springframework.beans.factory.support.AbstractAutowireCapableBeanFactory.doCreateBean(AbstractAutowireCapableBeanFactory.java:620)
	at org.springframework.beans.factory.support.AbstractAutowireCapableBeanFactory.createBean(AbstractAutowireCapableBeanFactory.java:542)
	at org.springframework.beans.factory.support.AbstractBeanFactory.lambda$doGetBean$0(AbstractBeanFactory.java:335)
	at org.springframework.beans.factory.support.DefaultSingletonBeanRegistry.getSingleton(DefaultSingletonBeanRegistry.java:234)
	at org.springframework.beans.factory.support.AbstractBeanFactory.doGetBean(AbstractBeanFactory.java:333)
	at org.springframework.beans.factory.support.AbstractBeanFactory.getBean(AbstractBeanFactory.java:208)
	at org.springframework.beans.factory.support.DefaultListableBeanFactory.preInstantiateSingletons(DefaultListableBeanFactory.java:955)
	at org.springframework.context.support.AbstractApplicationContext.finishBeanFactoryInitialization(AbstractApplicationContext.java:918)
	at org.springframework.context.support.AbstractApplicationContext.refresh(AbstractApplicationContext.java:583)
	at org.springframework.boot.web.servlet.context.ServletWebServerApplicationContext.refresh(ServletWebServerApplicationContext.java:147)
	at org.springframework.boot.SpringApplication.refresh(SpringApplication.java:734)
	at org.springframework.boot.SpringApplication.refreshContext(SpringApplication.java:408)
	at org.springframework.boot.SpringApplication.run(SpringApplication.java:308)
	at org.springframework.boot.SpringApplication.run(SpringApplication.java:1306)
	at org.springframework.boot.SpringApplication.run(SpringApplication.java:1295)
	at com.shelly.coupons.Main.main(Main.java:15)
Caused by: java.lang.IllegalStateException: Ambiguous mapping. Cannot map 'userController' method 
com.shelly.coupons.controller.UserController#login(UserLoginDetails)
to {POST [/users]}: There is already 'userController' bean method
com.shelly.coupons.controller.UserController#createUser(UserEntity) mapped.
	at org.springframework.web.servlet.handler.AbstractHandlerMethodMapping$MappingRegistry.validateMethodMapping(AbstractHandlerMethodMapping.java:669)
	at org.springframework.web.servlet.handler.AbstractHandlerMethodMapping$MappingRegistry.register(AbstractHandlerMethodMapping.java:635)
	at org.springframework.web.servlet.handler.AbstractHandlerMethodMapping.registerHandlerMethod(AbstractHandlerMethodMapping.java:332)
	at org.springframework.web.servlet.mvc.method.annotation.RequestMappingHandlerMapping.registerHandlerMethod(RequestMappingHandlerMapping.java:420)
	at org.springframework.web.servlet.mvc.method.annotation.RequestMappingHandlerMapping.registerHandlerMethod(RequestMappingHandlerMapping.java:76)
	at org.springframework.web.servlet.handler.AbstractHandlerMethodMapping.lambda$detectHandlerMethods$2(AbstractHandlerMethodMapping.java:299)
	at java.base/java.util.LinkedHashMap.forEach(LinkedHashMap.java:721)
	at org.springframework.web.servlet.handler.AbstractHandlerMethodMapping.detectHandlerMethods(AbstractHandlerMethodMapping.java:297)
	at org.springframework.web.servlet.handler.AbstractHandlerMethodMapping.processCandidateBean(AbstractHandlerMethodMapping.java:266)
	at org.springframework.web.servlet.handler.AbstractHandlerMethodMapping.initHandlerMethods(AbstractHandlerMethodMapping.java:225)
	at org.springframework.web.servlet.handler.AbstractHandlerMethodMapping.afterPropertiesSet(AbstractHandlerMethodMapping.java:213)
	at org.springframework.web.servlet.mvc.method.annotation.RequestMappingHandlerMapping.afterPropertiesSet(RequestMappingHandlerMapping.java:205)
	at org.springframework.beans.factory.support.AbstractAutowireCapableBeanFactory.invokeInitMethods(AbstractAutowireCapableBeanFactory.java:1863)
	at org.springframework.beans.factory.support.AbstractAutowireCapableBeanFactory.initializeBean(AbstractAutowireCapableBeanFactory.java:1800)
	... 16 common frames omitted
2022-11-07 19:19:12 [main] INFO :Starting Main using Java 18.0.1.1 on Shellys-MBP.lan with PID 61622 (/Users/shelly_yaron/Documents/לימודים/Java Full stack/IdeaProjects/CouponsProject/target/classes started by shelly_yaron in /Users/shelly_yaron/Documents/לימודים/Java Full stack/IdeaProjects/CouponsProject)
2022-11-07 19:19:12 [main] INFO :No active profile set, falling back to 1 default profile: "default"
2022-11-07 19:19:13 [main] INFO :Bootstrapping Spring Data JPA repositories in DEFAULT mode.
2022-11-07 19:19:13 [main] INFO :Finished Spring Data repository scanning in 126 ms. Found 5 JPA repository interfaces.
2022-11-07 19:19:15 [main] INFO :Tomcat initialized with port(s): 8080 (http)
2022-11-07 19:19:15 [main] INFO :Initializing ProtocolHandler ["http-nio-8080"]
2022-11-07 19:19:15 [main] INFO :Starting service [Tomcat]
2022-11-07 19:19:15 [main] INFO :Starting Servlet engine: [Apache Tomcat/9.0.65]
2022-11-07 19:19:15 [main] INFO :Initializing Spring embedded WebApplicationContext
2022-11-07 19:19:15 [main] INFO :Root WebApplicationContext: initialization completed in 2617 ms
2022-11-07 19:19:15 [main] INFO :HHH000204: Processing PersistenceUnitInfo [name: default]
2022-11-07 19:19:15 [main] INFO :HHH000412: Hibernate ORM core version 5.6.10.Final
2022-11-07 19:19:15 [main] INFO :HCANN000001: Hibernate Commons Annotations {5.1.2.Final}
2022-11-07 19:19:15 [main] INFO :HikariPool-1 - Starting...
2022-11-07 19:19:16 [main] INFO :HikariPool-1 - Start completed.
2022-11-07 19:19:16 [main] INFO :HHH000400: Using dialect: org.hibernate.dialect.MySQL57Dialect
2022-11-07 19:19:17 [main] INFO :HHH000490: Using JtaPlatform implementation: [org.hibernate.engine.transaction.jta.platform.internal.NoJtaPlatform]
2022-11-07 19:19:17 [main] INFO :Initialized JPA EntityManagerFactory for persistence unit 'default'
2022-11-07 19:19:18 [main] WARN :spring.jpa.open-in-view is enabled by default. Therefore, database queries may be performed during view rendering. Explicitly configure spring.jpa.open-in-view to disable this warning
2022-11-07 19:19:19 [main] INFO :Starting ProtocolHandler ["http-nio-8080"]
2022-11-07 19:19:19 [main] INFO :Tomcat started on port(s): 8080 (http) with context path ''
2022-11-07 19:19:19 [main] INFO :Started Main in 7.823 seconds (JVM running for 8.651)
2022-11-07 19:20:54 [http-nio-8080-exec-3] INFO :Initializing Spring DispatcherServlet 'dispatcherServlet'
2022-11-07 19:20:54 [http-nio-8080-exec-3] INFO :Initializing Servlet 'dispatcherServlet'
2022-11-07 19:20:54 [http-nio-8080-exec-3] INFO :Completed initialization in 5 ms
2022-11-07 19:20:54 [http-nio-8080-exec-3] WARN :No mapping for POST /login
2022-11-07 19:21:14 [http-nio-8080-exec-5] DEBUG:
    select
        couponenti0_.id as id1_1_,
        couponenti0_.amount as amount2_1_,
        couponenti0_.category as category3_1_,
        couponenti0_.company_entity_id as company10_1_,
        couponenti0_.description as descript4_1_,
        couponenti0_.end_date as end_date5_1_,
        couponenti0_.image_url as image_ur6_1_,
        couponenti0_.price as price7_1_,
        couponenti0_.start_date as start_da8_1_,
        couponenti0_.title as title9_1_ 
    from
        coupons couponenti0_
2022-11-07 19:21:14 [http-nio-8080-exec-5] DEBUG:
    select
        companyent0_.id as id1_0_0_,
        companyent0_.address as address2_0_0_,
        companyent0_.name as name3_0_0_,
        companyent0_.phone_number as phone_nu4_0_0_ 
    from
        companies companyent0_ 
    where
        companyent0_.id=?
2022-11-07 19:21:14 [http-nio-8080-exec-5] TRACE:binding parameter [1] as [BIGINT] - [1]
2022-11-07 19:21:14 [http-nio-8080-exec-5] DEBUG:
    select
        companyent0_.id as id1_0_0_,
        companyent0_.address as address2_0_0_,
        companyent0_.name as name3_0_0_,
        companyent0_.phone_number as phone_nu4_0_0_ 
    from
        companies companyent0_ 
    where
        companyent0_.id=?
2022-11-07 19:21:14 [http-nio-8080-exec-5] TRACE:binding parameter [1] as [BIGINT] - [2]
2022-11-07 19:21:14 [http-nio-8080-exec-1] DEBUG:
    select
        couponenti0_.id as id1_1_,
        couponenti0_.amount as amount2_1_,
        couponenti0_.category as category3_1_,
        couponenti0_.company_entity_id as company10_1_,
        couponenti0_.description as descript4_1_,
        couponenti0_.end_date as end_date5_1_,
        couponenti0_.image_url as image_ur6_1_,
        couponenti0_.price as price7_1_,
        couponenti0_.start_date as start_da8_1_,
        couponenti0_.title as title9_1_ 
    from
        coupons couponenti0_
2022-11-07 19:21:14 [http-nio-8080-exec-1] DEBUG:
    select
        companyent0_.id as id1_0_0_,
        companyent0_.address as address2_0_0_,
        companyent0_.name as name3_0_0_,
        companyent0_.phone_number as phone_nu4_0_0_ 
    from
        companies companyent0_ 
    where
        companyent0_.id=?
2022-11-07 19:21:14 [http-nio-8080-exec-1] TRACE:binding parameter [1] as [BIGINT] - [1]
2022-11-07 19:21:14 [http-nio-8080-exec-1] DEBUG:
    select
        companyent0_.id as id1_0_0_,
        companyent0_.address as address2_0_0_,
        companyent0_.name as name3_0_0_,
        companyent0_.phone_number as phone_nu4_0_0_ 
    from
        companies companyent0_ 
    where
        companyent0_.id=?
2022-11-07 19:21:14 [http-nio-8080-exec-1] TRACE:binding parameter [1] as [BIGINT] - [2]
2022-11-07 19:21:58 [http-nio-8080-exec-4] DEBUG:
    select
        userentity0_.id as id1_4_,
        userentity0_.first_name as first_na2_4_,
        userentity0_.last_name as last_nam3_4_,
        userentity0_.password as password4_4_,
        userentity0_.user_type as user_typ5_4_,
        userentity0_.username as username6_4_ 
    from
        users userentity0_ 
    where
        userentity0_.username=? 
        and userentity0_.password=?
2022-11-07 19:21:58 [http-nio-8080-exec-4] TRACE:binding parameter [1] as [VARCHAR] - [null]
2022-11-07 19:21:58 [http-nio-8080-exec-4] TRACE:binding parameter [2] as [VARCHAR] - [12345678]
2022-11-07 19:22:30 [http-nio-8080-exec-8] DEBUG:
    select
        userentity0_.id as id1_4_,
        userentity0_.first_name as first_na2_4_,
        userentity0_.last_name as last_nam3_4_,
        userentity0_.password as password4_4_,
        userentity0_.user_type as user_typ5_4_,
        userentity0_.username as username6_4_ 
    from
        users userentity0_ 
    where
        userentity0_.username=? 
        and userentity0_.password=?
2022-11-07 19:22:30 [http-nio-8080-exec-8] TRACE:binding parameter [1] as [VARCHAR] - [null]
2022-11-07 19:22:30 [http-nio-8080-exec-8] TRACE:binding parameter [2] as [VARCHAR] - [12345678]
2022-11-07 19:22:39 [http-nio-8080-exec-10] DEBUG:
    select
        userentity0_.id as id1_4_,
        userentity0_.first_name as first_na2_4_,
        userentity0_.last_name as last_nam3_4_,
        userentity0_.password as password4_4_,
        userentity0_.user_type as user_typ5_4_,
        userentity0_.username as username6_4_ 
    from
        users userentity0_ 
    where
        userentity0_.username=? 
        and userentity0_.password=?
2022-11-07 19:22:39 [http-nio-8080-exec-10] TRACE:binding parameter [1] as [VARCHAR] - [null]
2022-11-07 19:22:39 [http-nio-8080-exec-10] TRACE:binding parameter [2] as [VARCHAR] - [12345678]
2022-11-07 19:27:18 [http-nio-8080-exec-5] DEBUG:
    select
        couponenti0_.id as id1_1_,
        couponenti0_.amount as amount2_1_,
        couponenti0_.category as category3_1_,
        couponenti0_.company_entity_id as company10_1_,
        couponenti0_.description as descript4_1_,
        couponenti0_.end_date as end_date5_1_,
        couponenti0_.image_url as image_ur6_1_,
        couponenti0_.price as price7_1_,
        couponenti0_.start_date as start_da8_1_,
        couponenti0_.title as title9_1_ 
    from
        coupons couponenti0_
2022-11-07 19:27:18 [http-nio-8080-exec-5] DEBUG:
    select
        companyent0_.id as id1_0_0_,
        companyent0_.address as address2_0_0_,
        companyent0_.name as name3_0_0_,
        companyent0_.phone_number as phone_nu4_0_0_ 
    from
        companies companyent0_ 
    where
        companyent0_.id=?
2022-11-07 19:27:18 [http-nio-8080-exec-5] TRACE:binding parameter [1] as [BIGINT] - [1]
2022-11-07 19:27:18 [http-nio-8080-exec-5] DEBUG:
    select
        companyent0_.id as id1_0_0_,
        companyent0_.address as address2_0_0_,
        companyent0_.name as name3_0_0_,
        companyent0_.phone_number as phone_nu4_0_0_ 
    from
        companies companyent0_ 
    where
        companyent0_.id=?
2022-11-07 19:27:18 [http-nio-8080-exec-5] TRACE:binding parameter [1] as [BIGINT] - [2]
2022-11-07 19:27:18 [http-nio-8080-exec-1] DEBUG:
    select
        couponenti0_.id as id1_1_,
        couponenti0_.amount as amount2_1_,
        couponenti0_.category as category3_1_,
        couponenti0_.company_entity_id as company10_1_,
        couponenti0_.description as descript4_1_,
        couponenti0_.end_date as end_date5_1_,
        couponenti0_.image_url as image_ur6_1_,
        couponenti0_.price as price7_1_,
        couponenti0_.start_date as start_da8_1_,
        couponenti0_.title as title9_1_ 
    from
        coupons couponenti0_
2022-11-07 19:27:18 [http-nio-8080-exec-1] DEBUG:
    select
        companyent0_.id as id1_0_0_,
        companyent0_.address as address2_0_0_,
        companyent0_.name as name3_0_0_,
        companyent0_.phone_number as phone_nu4_0_0_ 
    from
        companies companyent0_ 
    where
        companyent0_.id=?
2022-11-07 19:27:18 [http-nio-8080-exec-1] TRACE:binding parameter [1] as [BIGINT] - [1]
2022-11-07 19:27:18 [http-nio-8080-exec-1] DEBUG:
    select
        companyent0_.id as id1_0_0_,
        companyent0_.address as address2_0_0_,
        companyent0_.name as name3_0_0_,
        companyent0_.phone_number as phone_nu4_0_0_ 
    from
        companies companyent0_ 
    where
        companyent0_.id=?
2022-11-07 19:27:18 [http-nio-8080-exec-1] TRACE:binding parameter [1] as [BIGINT] - [2]
2022-11-07 19:27:28 [http-nio-8080-exec-2] DEBUG:
    select
        userentity0_.id as id1_4_,
        userentity0_.first_name as first_na2_4_,
        userentity0_.last_name as last_nam3_4_,
        userentity0_.password as password4_4_,
        userentity0_.user_type as user_typ5_4_,
        userentity0_.username as username6_4_ 
    from
        users userentity0_ 
    where
        userentity0_.username=? 
        and userentity0_.password=?
2022-11-07 19:27:28 [http-nio-8080-exec-2] TRACE:binding parameter [1] as [VARCHAR] - [ShellyY]
2022-11-07 19:27:28 [http-nio-8080-exec-2] TRACE:binding parameter [2] as [VARCHAR] - [12345678]
2022-11-07 19:27:40 [http-nio-8080-exec-6] DEBUG:
    select
        userentity0_.id as id1_4_,
        userentity0_.first_name as first_na2_4_,
        userentity0_.last_name as last_nam3_4_,
        userentity0_.password as password4_4_,
        userentity0_.user_type as user_typ5_4_,
        userentity0_.username as username6_4_ 
    from
        users userentity0_ 
    where
        userentity0_.username=? 
        and userentity0_.password=?
2022-11-07 19:27:40 [http-nio-8080-exec-6] TRACE:binding parameter [1] as [VARCHAR] - [ShellyY]
2022-11-07 19:27:40 [http-nio-8080-exec-6] TRACE:binding parameter [2] as [VARCHAR] - [12345678]
2022-11-07 19:28:57 [http-nio-8080-exec-9] DEBUG:
    select
        couponenti0_.id as id1_1_,
        couponenti0_.amount as amount2_1_,
        couponenti0_.category as category3_1_,
        couponenti0_.company_entity_id as company10_1_,
        couponenti0_.description as descript4_1_,
        couponenti0_.end_date as end_date5_1_,
        couponenti0_.image_url as image_ur6_1_,
        couponenti0_.price as price7_1_,
        couponenti0_.start_date as start_da8_1_,
        couponenti0_.title as title9_1_ 
    from
        coupons couponenti0_
2022-11-07 19:28:57 [http-nio-8080-exec-9] DEBUG:
    select
        companyent0_.id as id1_0_0_,
        companyent0_.address as address2_0_0_,
        companyent0_.name as name3_0_0_,
        companyent0_.phone_number as phone_nu4_0_0_ 
    from
        companies companyent0_ 
    where
        companyent0_.id=?
2022-11-07 19:28:57 [http-nio-8080-exec-9] TRACE:binding parameter [1] as [BIGINT] - [1]
2022-11-07 19:28:57 [http-nio-8080-exec-9] DEBUG:
    select
        companyent0_.id as id1_0_0_,
        companyent0_.address as address2_0_0_,
        companyent0_.name as name3_0_0_,
        companyent0_.phone_number as phone_nu4_0_0_ 
    from
        companies companyent0_ 
    where
        companyent0_.id=?
2022-11-07 19:28:57 [http-nio-8080-exec-9] TRACE:binding parameter [1] as [BIGINT] - [2]
2022-11-07 19:28:57 [http-nio-8080-exec-9] DEBUG:
    select
        couponenti0_.id as id1_1_,
        couponenti0_.amount as amount2_1_,
        couponenti0_.category as category3_1_,
        couponenti0_.company_entity_id as company10_1_,
        couponenti0_.description as descript4_1_,
        couponenti0_.end_date as end_date5_1_,
        couponenti0_.image_url as image_ur6_1_,
        couponenti0_.price as price7_1_,
        couponenti0_.start_date as start_da8_1_,
        couponenti0_.title as title9_1_ 
    from
        coupons couponenti0_
2022-11-07 19:28:57 [http-nio-8080-exec-9] DEBUG:
    select
        companyent0_.id as id1_0_0_,
        companyent0_.address as address2_0_0_,
        companyent0_.name as name3_0_0_,
        companyent0_.phone_number as phone_nu4_0_0_ 
    from
        companies companyent0_ 
    where
        companyent0_.id=?
2022-11-07 19:28:57 [http-nio-8080-exec-9] TRACE:binding parameter [1] as [BIGINT] - [1]
2022-11-07 19:28:57 [http-nio-8080-exec-9] DEBUG:
    select
        companyent0_.id as id1_0_0_,
        companyent0_.address as address2_0_0_,
        companyent0_.name as name3_0_0_,
        companyent0_.phone_number as phone_nu4_0_0_ 
    from
        companies companyent0_ 
    where
        companyent0_.id=?
2022-11-07 19:28:57 [http-nio-8080-exec-9] TRACE:binding parameter [1] as [BIGINT] - [2]
2022-11-07 19:29:00 [http-nio-8080-exec-3] DEBUG:
    select
        userentity0_.id as id1_4_,
        userentity0_.first_name as first_na2_4_,
        userentity0_.last_name as last_nam3_4_,
        userentity0_.password as password4_4_,
        userentity0_.user_type as user_typ5_4_,
        userentity0_.username as username6_4_ 
    from
        users userentity0_ 
    where
        userentity0_.username=? 
        and userentity0_.password=?
2022-11-07 19:29:00 [http-nio-8080-exec-3] TRACE:binding parameter [1] as [VARCHAR] - [ShellyY]
2022-11-07 19:29:00 [http-nio-8080-exec-3] TRACE:binding parameter [2] as [VARCHAR] - [12345678]
2022-11-07 19:33:05 [http-nio-8080-exec-2] DEBUG:
    select
        couponenti0_.id as id1_1_,
        couponenti0_.amount as amount2_1_,
        couponenti0_.category as category3_1_,
        couponenti0_.company_entity_id as company10_1_,
        couponenti0_.description as descript4_1_,
        couponenti0_.end_date as end_date5_1_,
        couponenti0_.image_url as image_ur6_1_,
        couponenti0_.price as price7_1_,
        couponenti0_.start_date as start_da8_1_,
        couponenti0_.title as title9_1_ 
    from
        coupons couponenti0_
2022-11-07 19:33:05 [http-nio-8080-exec-2] DEBUG:
    select
        companyent0_.id as id1_0_0_,
        companyent0_.address as address2_0_0_,
        companyent0_.name as name3_0_0_,
        companyent0_.phone_number as phone_nu4_0_0_ 
    from
        companies companyent0_ 
    where
        companyent0_.id=?
2022-11-07 19:33:05 [http-nio-8080-exec-2] TRACE:binding parameter [1] as [BIGINT] - [1]
2022-11-07 19:33:05 [http-nio-8080-exec-2] DEBUG:
    select
        companyent0_.id as id1_0_0_,
        companyent0_.address as address2_0_0_,
        companyent0_.name as name3_0_0_,
        companyent0_.phone_number as phone_nu4_0_0_ 
    from
        companies companyent0_ 
    where
        companyent0_.id=?
2022-11-07 19:33:05 [http-nio-8080-exec-2] TRACE:binding parameter [1] as [BIGINT] - [2]
2022-11-07 19:33:05 [http-nio-8080-exec-4] DEBUG:
    select
        couponenti0_.id as id1_1_,
        couponenti0_.amount as amount2_1_,
        couponenti0_.category as category3_1_,
        couponenti0_.company_entity_id as company10_1_,
        couponenti0_.description as descript4_1_,
        couponenti0_.end_date as end_date5_1_,
        couponenti0_.image_url as image_ur6_1_,
        couponenti0_.price as price7_1_,
        couponenti0_.start_date as start_da8_1_,
        couponenti0_.title as title9_1_ 
    from
        coupons couponenti0_
2022-11-07 19:33:05 [http-nio-8080-exec-4] DEBUG:
    select
        companyent0_.id as id1_0_0_,
        companyent0_.address as address2_0_0_,
        companyent0_.name as name3_0_0_,
        companyent0_.phone_number as phone_nu4_0_0_ 
    from
        companies companyent0_ 
    where
        companyent0_.id=?
2022-11-07 19:33:05 [http-nio-8080-exec-4] TRACE:binding parameter [1] as [BIGINT] - [1]
2022-11-07 19:33:05 [http-nio-8080-exec-4] DEBUG:
    select
        companyent0_.id as id1_0_0_,
        companyent0_.address as address2_0_0_,
        companyent0_.name as name3_0_0_,
        companyent0_.phone_number as phone_nu4_0_0_ 
    from
        companies companyent0_ 
    where
        companyent0_.id=?
2022-11-07 19:33:05 [http-nio-8080-exec-4] TRACE:binding parameter [1] as [BIGINT] - [2]
2022-11-07 19:36:11 [http-nio-8080-exec-8] DEBUG:
    select
        couponenti0_.id as id1_1_,
        couponenti0_.amount as amount2_1_,
        couponenti0_.category as category3_1_,
        couponenti0_.company_entity_id as company10_1_,
        couponenti0_.description as descript4_1_,
        couponenti0_.end_date as end_date5_1_,
        couponenti0_.image_url as image_ur6_1_,
        couponenti0_.price as price7_1_,
        couponenti0_.start_date as start_da8_1_,
        couponenti0_.title as title9_1_ 
    from
        coupons couponenti0_
2022-11-07 19:36:11 [http-nio-8080-exec-8] DEBUG:
    select
        companyent0_.id as id1_0_0_,
        companyent0_.address as address2_0_0_,
        companyent0_.name as name3_0_0_,
        companyent0_.phone_number as phone_nu4_0_0_ 
    from
        companies companyent0_ 
    where
        companyent0_.id=?
2022-11-07 19:36:11 [http-nio-8080-exec-8] TRACE:binding parameter [1] as [BIGINT] - [1]
2022-11-07 19:36:11 [http-nio-8080-exec-8] DEBUG:
    select
        companyent0_.id as id1_0_0_,
        companyent0_.address as address2_0_0_,
        companyent0_.name as name3_0_0_,
        companyent0_.phone_number as phone_nu4_0_0_ 
    from
        companies companyent0_ 
    where
        companyent0_.id=?
2022-11-07 19:36:11 [http-nio-8080-exec-8] TRACE:binding parameter [1] as [BIGINT] - [2]
2022-11-07 19:36:11 [http-nio-8080-exec-9] DEBUG:
    select
        couponenti0_.id as id1_1_,
        couponenti0_.amount as amount2_1_,
        couponenti0_.category as category3_1_,
        couponenti0_.company_entity_id as company10_1_,
        couponenti0_.description as descript4_1_,
        couponenti0_.end_date as end_date5_1_,
        couponenti0_.image_url as image_ur6_1_,
        couponenti0_.price as price7_1_,
        couponenti0_.start_date as start_da8_1_,
        couponenti0_.title as title9_1_ 
    from
        coupons couponenti0_
2022-11-07 19:36:11 [http-nio-8080-exec-9] DEBUG:
    select
        companyent0_.id as id1_0_0_,
        companyent0_.address as address2_0_0_,
        companyent0_.name as name3_0_0_,
        companyent0_.phone_number as phone_nu4_0_0_ 
    from
        companies companyent0_ 
    where
        companyent0_.id=?
2022-11-07 19:36:11 [http-nio-8080-exec-9] TRACE:binding parameter [1] as [BIGINT] - [1]
2022-11-07 19:36:11 [http-nio-8080-exec-9] DEBUG:
    select
        companyent0_.id as id1_0_0_,
        companyent0_.address as address2_0_0_,
        companyent0_.name as name3_0_0_,
        companyent0_.phone_number as phone_nu4_0_0_ 
    from
        companies companyent0_ 
    where
        companyent0_.id=?
2022-11-07 19:36:11 [http-nio-8080-exec-9] TRACE:binding parameter [1] as [BIGINT] - [2]
2022-11-07 21:15:22 [http-nio-8080-exec-5] DEBUG:
    select
        couponenti0_.id as id1_1_,
        couponenti0_.amount as amount2_1_,
        couponenti0_.category as category3_1_,
        couponenti0_.company_entity_id as company10_1_,
        couponenti0_.description as descript4_1_,
        couponenti0_.end_date as end_date5_1_,
        couponenti0_.image_url as image_ur6_1_,
        couponenti0_.price as price7_1_,
        couponenti0_.start_date as start_da8_1_,
        couponenti0_.title as title9_1_ 
    from
        coupons couponenti0_
2022-11-07 21:15:22 [http-nio-8080-exec-5] DEBUG:
    select
        companyent0_.id as id1_0_0_,
        companyent0_.address as address2_0_0_,
        companyent0_.name as name3_0_0_,
        companyent0_.phone_number as phone_nu4_0_0_ 
    from
        companies companyent0_ 
    where
        companyent0_.id=?
2022-11-07 21:15:22 [http-nio-8080-exec-5] TRACE:binding parameter [1] as [BIGINT] - [1]
2022-11-07 21:15:22 [http-nio-8080-exec-5] DEBUG:
    select
        companyent0_.id as id1_0_0_,
        companyent0_.address as address2_0_0_,
        companyent0_.name as name3_0_0_,
        companyent0_.phone_number as phone_nu4_0_0_ 
    from
        companies companyent0_ 
    where
        companyent0_.id=?
2022-11-07 21:15:22 [http-nio-8080-exec-5] TRACE:binding parameter [1] as [BIGINT] - [2]
2022-11-07 21:15:22 [http-nio-8080-exec-1] DEBUG:
    select
        couponenti0_.id as id1_1_,
        couponenti0_.amount as amount2_1_,
        couponenti0_.category as category3_1_,
        couponenti0_.company_entity_id as company10_1_,
        couponenti0_.description as descript4_1_,
        couponenti0_.end_date as end_date5_1_,
        couponenti0_.image_url as image_ur6_1_,
        couponenti0_.price as price7_1_,
        couponenti0_.start_date as start_da8_1_,
        couponenti0_.title as title9_1_ 
    from
        coupons couponenti0_
2022-11-07 21:15:22 [http-nio-8080-exec-1] DEBUG:
    select
        companyent0_.id as id1_0_0_,
        companyent0_.address as address2_0_0_,
        companyent0_.name as name3_0_0_,
        companyent0_.phone_number as phone_nu4_0_0_ 
    from
        companies companyent0_ 
    where
        companyent0_.id=?
2022-11-07 21:15:22 [http-nio-8080-exec-1] TRACE:binding parameter [1] as [BIGINT] - [1]
2022-11-07 21:15:22 [http-nio-8080-exec-1] DEBUG:
    select
        companyent0_.id as id1_0_0_,
        companyent0_.address as address2_0_0_,
        companyent0_.name as name3_0_0_,
        companyent0_.phone_number as phone_nu4_0_0_ 
    from
        companies companyent0_ 
    where
        companyent0_.id=?
2022-11-07 21:15:22 [http-nio-8080-exec-1] TRACE:binding parameter [1] as [BIGINT] - [2]
2022-11-07 21:42:25 [HikariPool-1 housekeeper] WARN :HikariPool-1 - Thread starvation or clock leap detected (housekeeper delta=6m4s856ms).
2022-11-07 21:43:54 [HikariPool-1 housekeeper] WARN :HikariPool-1 - Thread starvation or clock leap detected (housekeeper delta=58s610ms).
2022-11-07 22:00:50 [HikariPool-1 housekeeper] WARN :HikariPool-1 - Thread starvation or clock leap detected (housekeeper delta=16m56s185ms).
2022-11-07 22:16:39 [HikariPool-1 housekeeper] WARN :HikariPool-1 - Thread starvation or clock leap detected (housekeeper delta=14m49s230ms).
2022-11-07 22:28:47 [HikariPool-1 housekeeper] WARN :HikariPool-1 - Thread starvation or clock leap detected (housekeeper delta=11m38s129ms).
2022-11-07 22:42:50 [HikariPool-1 housekeeper] WARN :HikariPool-1 - Thread starvation or clock leap detected (housekeeper delta=9m32s916ms).
2022-11-07 22:43:46 [HikariPool-1 housekeeper] WARN :HikariPool-1 - Thread starvation or clock leap detected (housekeeper delta=55s689ms).
2022-11-07 23:01:06 [HikariPool-1 housekeeper] WARN :HikariPool-1 - Thread starvation or clock leap detected (housekeeper delta=16m49s699ms).
2022-11-07 23:02:42 [HikariPool-1 housekeeper] WARN :HikariPool-1 - Thread starvation or clock leap detected (housekeeper delta=1m6s762ms).
2022-11-07 23:19:38 [HikariPool-1 housekeeper] WARN :HikariPool-1 - Thread starvation or clock leap detected (housekeeper delta=16m25s760ms).
2022-11-07 23:30:16 [HikariPool-1 housekeeper] WARN :HikariPool-1 - Thread starvation or clock leap detected (housekeeper delta=10m38s153ms).
2022-11-07 23:36:37 [HikariPool-1 housekeeper] WARN :HikariPool-1 - Thread starvation or clock leap detected (housekeeper delta=2m20s963ms).
2022-11-07 23:53:07 [HikariPool-1 housekeeper] WARN :HikariPool-1 - Thread starvation or clock leap detected (housekeeper delta=15m59s124ms).
2022-11-07 23:59:48 [HikariPool-1 housekeeper] WARN :HikariPool-1 - Thread starvation or clock leap detected (housekeeper delta=6m41s316ms).
