2022-11-12 00:01:06 [HikariPool-1 housekeeper] WARN :HikariPool-1 - Thread starvation or clock leap detected (housekeeper delta=29m10s307ms).
2022-11-12 00:49:34 [HikariPool-1 housekeeper] WARN :HikariPool-1 - Thread starvation or clock leap detected (housekeeper delta=48m27s332ms).
2022-11-12 01:40:58 [HikariPool-1 housekeeper] WARN :HikariPool-1 - Thread starvation or clock leap detected (housekeeper delta=51m23s806ms).
2022-11-12 02:27:55 [HikariPool-1 housekeeper] WARN :HikariPool-1 - Thread starvation or clock leap detected (housekeeper delta=46m57s832ms).
2022-11-12 03:20:09 [HikariPool-1 housekeeper] WARN :HikariPool-1 - Thread starvation or clock leap detected (housekeeper delta=52m13s224ms).
2022-11-12 04:27:33 [HikariPool-1 housekeeper] WARN :HikariPool-1 - Thread starvation or clock leap detected (housekeeper delta=1h7m24s685ms).
2022-11-12 05:16:10 [HikariPool-1 housekeeper] WARN :HikariPool-1 - Thread starvation or clock leap detected (housekeeper delta=48m36s808ms).
2022-11-12 06:41:28 [HikariPool-1 housekeeper] WARN :HikariPool-1 - Thread starvation or clock leap detected (housekeeper delta=1h25m17s495ms).
2022-11-12 07:41:09 [HikariPool-1 housekeeper] WARN :HikariPool-1 - Thread starvation or clock leap detected (housekeeper delta=59m41s527ms).
2022-11-12 08:20:14 [HikariPool-1 housekeeper] WARN :HikariPool-1 - Thread starvation or clock leap detected (housekeeper delta=39m4s853ms).
2022-11-12 09:26:59 [HikariPool-1 housekeeper] WARN :HikariPool-1 - Thread starvation or clock leap detected (housekeeper delta=1h6m45s327ms).
2022-11-12 10:00:26 [HikariPool-1 housekeeper] WARN :HikariPool-1 - Thread starvation or clock leap detected (housekeeper delta=33m27s46ms).
2022-11-12 11:04:51 [HikariPool-1 housekeeper] WARN :HikariPool-1 - Thread starvation or clock leap detected (housekeeper delta=1h4m24s288ms).
2022-11-12 11:46:27 [HikariPool-1 housekeeper] WARN :HikariPool-1 - Thread starvation or clock leap detected (housekeeper delta=41m36s518ms).
2022-11-12 11:49:49 [HikariPool-1 housekeeper] WARN :HikariPool-1 - Thread starvation or clock leap detected (housekeeper delta=3m21s767ms).
2022-11-12 11:55:19 [HikariPool-1 housekeeper] WARN :HikariPool-1 - Thread starvation or clock leap detected (housekeeper delta=5m30s59ms).
2022-11-12 11:59:07 [HikariPool-1 housekeeper] WARN :HikariPool-1 - Thread starvation or clock leap detected (housekeeper delta=3m47s702ms).
2022-11-12 12:00:27 [HikariPool-1 housekeeper] WARN :HikariPool-1 - Thread starvation or clock leap detected (housekeeper delta=1m20s776ms).
2022-11-12 12:02:05 [HikariPool-1 housekeeper] WARN :HikariPool-1 - Thread starvation or clock leap detected (housekeeper delta=1m37s382ms).
2022-11-12 12:04:21 [HikariPool-1 housekeeper] WARN :HikariPool-1 - Thread starvation or clock leap detected (housekeeper delta=2m16s306ms).
2022-11-12 12:05:57 [HikariPool-1 housekeeper] WARN :HikariPool-1 - Thread starvation or clock leap detected (housekeeper delta=1m35s468ms).
2022-11-12 12:08:40 [HikariPool-1 housekeeper] WARN :HikariPool-1 - Thread starvation or clock leap detected (housekeeper delta=2m43s102ms).
2022-11-12 12:11:29 [HikariPool-1 housekeeper] WARN :HikariPool-1 - Thread starvation or clock leap detected (housekeeper delta=2m48s928ms).
2022-11-12 12:15:23 [HikariPool-1 housekeeper] WARN :HikariPool-1 - Thread starvation or clock leap detected (housekeeper delta=3m54s429ms).
2022-11-12 12:32:31 [HikariPool-1 housekeeper] WARN :HikariPool-1 - Thread starvation or clock leap detected (housekeeper delta=17m7s503ms).
2022-11-12 13:44:39 [HikariPool-1 housekeeper] WARN :HikariPool-1 - Thread starvation or clock leap detected (housekeeper delta=1h12m8s300ms).
2022-11-12 14:44:37 [HikariPool-1 housekeeper] WARN :HikariPool-1 - Thread starvation or clock leap detected (housekeeper delta=59m58s96ms).
2022-11-12 15:52:13 [HikariPool-1 housekeeper] WARN :HikariPool-1 - Thread starvation or clock leap detected (housekeeper delta=1h7m36s499ms).
2022-11-12 16:55:01 [HikariPool-1 housekeeper] WARN :HikariPool-1 - Thread starvation or clock leap detected (housekeeper delta=1h2m47s767ms).
2022-11-12 17:33:55 [HikariPool-1 housekeeper] WARN :HikariPool-1 - Thread starvation or clock leap detected (housekeeper delta=38m53s602ms).
2022-11-12 18:18:08 [HikariPool-1 housekeeper] WARN :HikariPool-1 - Thread starvation or clock leap detected (housekeeper delta=44m12s733ms).
2022-11-12 19:19:03 [HikariPool-1 housekeeper] WARN :HikariPool-1 - Thread starvation or clock leap detected (housekeeper delta=1h55s264ms).
2022-11-12 19:58:50 [HikariPool-1 housekeeper] WARN :HikariPool-1 - Thread starvation or clock leap detected (housekeeper delta=39m47s521ms).
2022-11-12 20:50:12 [HikariPool-1 housekeeper] WARN :HikariPool-1 - Thread starvation or clock leap detected (housekeeper delta=51m21s423ms).
2022-11-12 21:04:33 [HikariPool-1 housekeeper] WARN :HikariPool-1 - Thread starvation or clock leap detected (housekeeper delta=14m21s457ms).
2022-11-12 21:06:59 [http-nio-8080-exec-10] DEBUG:
    select
        couponenti0_.id as id1_1_,
        couponenti0_.amount as amount2_1_,
        couponenti0_.category as category3_1_,
        couponenti0_.company_entity_id as company10_1_,
        couponenti0_.description as descript4_1_,
        couponenti0_.end_date as end_date5_1_,
        couponenti0_.image_url as image_ur6_1_,
        couponenti0_.price as price7_1_,
        couponenti0_.start_date as start_da8_1_,
        couponenti0_.title as title9_1_ 
    from
        coupons couponenti0_
2022-11-12 21:06:59 [http-nio-8080-exec-10] DEBUG:
    select
        companyent0_.id as id1_0_0_,
        companyent0_.address as address2_0_0_,
        companyent0_.name as name3_0_0_,
        companyent0_.phone_number as phone_nu4_0_0_ 
    from
        companies companyent0_ 
    where
        companyent0_.id=?
2022-11-12 21:06:59 [http-nio-8080-exec-10] TRACE:binding parameter [1] as [BIGINT] - [1]
2022-11-12 21:06:59 [http-nio-8080-exec-10] DEBUG:
    select
        companyent0_.id as id1_0_0_,
        companyent0_.address as address2_0_0_,
        companyent0_.name as name3_0_0_,
        companyent0_.phone_number as phone_nu4_0_0_ 
    from
        companies companyent0_ 
    where
        companyent0_.id=?
2022-11-12 21:06:59 [http-nio-8080-exec-10] TRACE:binding parameter [1] as [BIGINT] - [2]
2022-11-12 21:06:59 [http-nio-8080-exec-10] DEBUG:
    select
        companyent0_.id as id1_0_0_,
        companyent0_.address as address2_0_0_,
        companyent0_.name as name3_0_0_,
        companyent0_.phone_number as phone_nu4_0_0_ 
    from
        companies companyent0_ 
    where
        companyent0_.id=?
2022-11-12 21:06:59 [http-nio-8080-exec-10] TRACE:binding parameter [1] as [BIGINT] - [3]
2022-11-12 22:10:48 [HikariPool-1 housekeeper] WARN :HikariPool-1 - Thread starvation or clock leap detected (housekeeper delta=15m41s933ms).
2022-11-12 22:17:38 [HikariPool-1 housekeeper] WARN :HikariPool-1 - Thread starvation or clock leap detected (housekeeper delta=4m19s852ms).
2022-11-12 22:20:14 [http-nio-8080-exec-3] DEBUG:
    select
        couponenti0_.id as id1_1_,
        couponenti0_.amount as amount2_1_,
        couponenti0_.category as category3_1_,
        couponenti0_.company_entity_id as company10_1_,
        couponenti0_.description as descript4_1_,
        couponenti0_.end_date as end_date5_1_,
        couponenti0_.image_url as image_ur6_1_,
        couponenti0_.price as price7_1_,
        couponenti0_.start_date as start_da8_1_,
        couponenti0_.title as title9_1_ 
    from
        coupons couponenti0_
2022-11-12 22:20:14 [http-nio-8080-exec-3] DEBUG:
    select
        companyent0_.id as id1_0_0_,
        companyent0_.address as address2_0_0_,
        companyent0_.name as name3_0_0_,
        companyent0_.phone_number as phone_nu4_0_0_ 
    from
        companies companyent0_ 
    where
        companyent0_.id=?
2022-11-12 22:20:14 [http-nio-8080-exec-3] TRACE:binding parameter [1] as [BIGINT] - [1]
2022-11-12 22:20:14 [http-nio-8080-exec-3] DEBUG:
    select
        companyent0_.id as id1_0_0_,
        companyent0_.address as address2_0_0_,
        companyent0_.name as name3_0_0_,
        companyent0_.phone_number as phone_nu4_0_0_ 
    from
        companies companyent0_ 
    where
        companyent0_.id=?
2022-11-12 22:20:14 [http-nio-8080-exec-3] TRACE:binding parameter [1] as [BIGINT] - [2]
2022-11-12 22:20:14 [http-nio-8080-exec-3] DEBUG:
    select
        companyent0_.id as id1_0_0_,
        companyent0_.address as address2_0_0_,
        companyent0_.name as name3_0_0_,
        companyent0_.phone_number as phone_nu4_0_0_ 
    from
        companies companyent0_ 
    where
        companyent0_.id=?
2022-11-12 22:20:14 [http-nio-8080-exec-3] TRACE:binding parameter [1] as [BIGINT] - [3]
2022-11-12 22:20:14 [http-nio-8080-exec-5] DEBUG:
    select
        couponenti0_.id as id1_1_,
        couponenti0_.amount as amount2_1_,
        couponenti0_.category as category3_1_,
        couponenti0_.company_entity_id as company10_1_,
        couponenti0_.description as descript4_1_,
        couponenti0_.end_date as end_date5_1_,
        couponenti0_.image_url as image_ur6_1_,
        couponenti0_.price as price7_1_,
        couponenti0_.start_date as start_da8_1_,
        couponenti0_.title as title9_1_ 
    from
        coupons couponenti0_
2022-11-12 22:20:14 [http-nio-8080-exec-5] DEBUG:
    select
        companyent0_.id as id1_0_0_,
        companyent0_.address as address2_0_0_,
        companyent0_.name as name3_0_0_,
        companyent0_.phone_number as phone_nu4_0_0_ 
    from
        companies companyent0_ 
    where
        companyent0_.id=?
2022-11-12 22:20:14 [http-nio-8080-exec-5] TRACE:binding parameter [1] as [BIGINT] - [1]
2022-11-12 22:20:14 [http-nio-8080-exec-5] DEBUG:
    select
        companyent0_.id as id1_0_0_,
        companyent0_.address as address2_0_0_,
        companyent0_.name as name3_0_0_,
        companyent0_.phone_number as phone_nu4_0_0_ 
    from
        companies companyent0_ 
    where
        companyent0_.id=?
2022-11-12 22:20:14 [http-nio-8080-exec-5] TRACE:binding parameter [1] as [BIGINT] - [2]
2022-11-12 22:20:14 [http-nio-8080-exec-5] DEBUG:
    select
        companyent0_.id as id1_0_0_,
        companyent0_.address as address2_0_0_,
        companyent0_.name as name3_0_0_,
        companyent0_.phone_number as phone_nu4_0_0_ 
    from
        companies companyent0_ 
    where
        companyent0_.id=?
2022-11-12 22:20:14 [http-nio-8080-exec-5] TRACE:binding parameter [1] as [BIGINT] - [3]
2022-11-12 23:13:02 [HikariPool-1 housekeeper] WARN :HikariPool-1 - Thread starvation or clock leap detected (housekeeper delta=15m52s877ms).
2022-11-12 23:29:57 [HikariPool-1 housekeeper] WARN :HikariPool-1 - Thread starvation or clock leap detected (housekeeper delta=16m25s649ms).
2022-11-12 23:47:10 [HikariPool-1 housekeeper] WARN :HikariPool-1 - Thread starvation or clock leap detected (housekeeper delta=6m42s415ms).
