2022-09-25 12:32:18 [main] INFO :Starting Main using Java 18.0.1.1 on Shellys-MacBook-Pro.local with PID 28171 (/Users/shelly_yaron/Documents/לימודים/Java Full stack/IdeaProjects/CouponsProject/target/classes started by shelly_yaron in /Users/shelly_yaron/Documents/לימודים/Java Full stack/IdeaProjects/CouponsProject)
2022-09-25 12:32:18 [main] INFO :No active profile set, falling back to 1 default profile: "default"
2022-09-25 12:32:20 [main] INFO :Bootstrapping Spring Data JPA repositories in DEFAULT mode.
2022-09-25 12:32:20 [main] INFO :Finished Spring Data repository scanning in 99 ms. Found 5 JPA repository interfaces.
2022-09-25 12:32:21 [main] INFO :Tomcat initialized with port(s): 8080 (http)
2022-09-25 12:32:21 [main] INFO :Initializing ProtocolHandler ["http-nio-8080"]
2022-09-25 12:32:21 [main] INFO :Starting service [Tomcat]
2022-09-25 12:32:21 [main] INFO :Starting Servlet engine: [Apache Tomcat/9.0.65]
2022-09-25 12:32:21 [main] INFO :Initializing Spring embedded WebApplicationContext
2022-09-25 12:32:21 [main] INFO :Root WebApplicationContext: initialization completed in 2578 ms
2022-09-25 12:32:21 [main] INFO :HHH000204: Processing PersistenceUnitInfo [name: default]
2022-09-25 12:32:21 [main] INFO :HHH000412: Hibernate ORM core version 5.6.10.Final
2022-09-25 12:32:21 [main] INFO :HCANN000001: Hibernate Commons Annotations {5.1.2.Final}
2022-09-25 12:32:21 [main] INFO :HikariPool-1 - Starting...
2022-09-25 12:32:22 [main] INFO :HikariPool-1 - Start completed.
2022-09-25 12:32:22 [main] INFO :HHH000400: Using dialect: org.hibernate.dialect.MySQL57Dialect
2022-09-25 12:32:23 [main] INFO :HHH000490: Using JtaPlatform implementation: [org.hibernate.engine.transaction.jta.platform.internal.NoJtaPlatform]
2022-09-25 12:32:23 [main] INFO :Initialized JPA EntityManagerFactory for persistence unit 'default'
2022-09-25 12:32:24 [main] WARN :spring.jpa.open-in-view is enabled by default. Therefore, database queries may be performed during view rendering. Explicitly configure spring.jpa.open-in-view to disable this warning
2022-09-25 12:32:25 [main] INFO :Starting ProtocolHandler ["http-nio-8080"]
2022-09-25 12:32:25 [main] INFO :Tomcat started on port(s): 8080 (http) with context path ''
2022-09-25 12:32:25 [main] INFO :Started Main in 7.67 seconds (JVM running for 8.579)
2022-09-25 12:32:39 [http-nio-8080-exec-4] INFO :Initializing Spring DispatcherServlet 'dispatcherServlet'
2022-09-25 12:32:39 [http-nio-8080-exec-4] INFO :Initializing Servlet 'dispatcherServlet'
2022-09-25 12:32:39 [http-nio-8080-exec-4] INFO :Completed initialization in 10 ms
2022-09-25 12:32:39 [http-nio-8080-exec-4] DEBUG:
    select
        couponenti0_.id as id1_1_,
        couponenti0_.amount as amount2_1_,
        couponenti0_.category as category3_1_,
        couponenti0_.company_entity_id as company_9_1_,
        couponenti0_.description as descript4_1_,
        couponenti0_.end_date as end_date5_1_,
        couponenti0_.price as price6_1_,
        couponenti0_.start_date as start_da7_1_,
        couponenti0_.title as title8_1_ 
    from
        coupons couponenti0_
2022-09-25 12:32:39 [http-nio-8080-exec-4] DEBUG:
    select
        companyent0_.id as id1_0_0_,
        companyent0_.address as address2_0_0_,
        companyent0_.name as name3_0_0_,
        companyent0_.phone_number as phone_nu4_0_0_ 
    from
        companies companyent0_ 
    where
        companyent0_.id=?
2022-09-25 12:32:39 [http-nio-8080-exec-4] TRACE:binding parameter [1] as [BIGINT] - [1]
2022-09-25 12:32:39 [http-nio-8080-exec-10] DEBUG:
    select
        couponenti0_.id as id1_1_,
        couponenti0_.amount as amount2_1_,
        couponenti0_.category as category3_1_,
        couponenti0_.company_entity_id as company_9_1_,
        couponenti0_.description as descript4_1_,
        couponenti0_.end_date as end_date5_1_,
        couponenti0_.price as price6_1_,
        couponenti0_.start_date as start_da7_1_,
        couponenti0_.title as title8_1_ 
    from
        coupons couponenti0_
2022-09-25 12:32:39 [http-nio-8080-exec-10] DEBUG:
    select
        companyent0_.id as id1_0_0_,
        companyent0_.address as address2_0_0_,
        companyent0_.name as name3_0_0_,
        companyent0_.phone_number as phone_nu4_0_0_ 
    from
        companies companyent0_ 
    where
        companyent0_.id=?
2022-09-25 12:32:39 [http-nio-8080-exec-10] TRACE:binding parameter [1] as [BIGINT] - [1]
2022-09-25 12:33:56 [http-nio-8080-exec-6] DEBUG:
    select
        couponenti0_.id as id1_1_,
        couponenti0_.amount as amount2_1_,
        couponenti0_.category as category3_1_,
        couponenti0_.company_entity_id as company_9_1_,
        couponenti0_.description as descript4_1_,
        couponenti0_.end_date as end_date5_1_,
        couponenti0_.price as price6_1_,
        couponenti0_.start_date as start_da7_1_,
        couponenti0_.title as title8_1_ 
    from
        coupons couponenti0_
2022-09-25 12:33:56 [http-nio-8080-exec-6] DEBUG:
    select
        companyent0_.id as id1_0_0_,
        companyent0_.address as address2_0_0_,
        companyent0_.name as name3_0_0_,
        companyent0_.phone_number as phone_nu4_0_0_ 
    from
        companies companyent0_ 
    where
        companyent0_.id=?
2022-09-25 12:33:56 [http-nio-8080-exec-6] TRACE:binding parameter [1] as [BIGINT] - [1]
2022-09-25 12:45:40 [SpringApplicationShutdownHook] INFO :Closing JPA EntityManagerFactory for persistence unit 'default'
2022-09-25 12:45:40 [SpringApplicationShutdownHook] INFO :HikariPool-1 - Shutdown initiated...
2022-09-25 12:45:40 [SpringApplicationShutdownHook] INFO :HikariPool-1 - Shutdown completed.
2022-09-25 12:45:47 [main] INFO :Starting Main using Java 18.0.1.1 on Shellys-MacBook-Pro.local with PID 28484 (/Users/shelly_yaron/Documents/לימודים/Java Full stack/IdeaProjects/CouponsProject/target/classes started by shelly_yaron in /Users/shelly_yaron/Documents/לימודים/Java Full stack/IdeaProjects/CouponsProject)
2022-09-25 12:45:47 [main] INFO :No active profile set, falling back to 1 default profile: "default"
2022-09-25 12:45:49 [main] INFO :Bootstrapping Spring Data JPA repositories in DEFAULT mode.
2022-09-25 12:45:49 [main] INFO :Finished Spring Data repository scanning in 100 ms. Found 5 JPA repository interfaces.
2022-09-25 12:45:50 [main] INFO :Tomcat initialized with port(s): 8080 (http)
2022-09-25 12:45:50 [main] INFO :Initializing ProtocolHandler ["http-nio-8080"]
2022-09-25 12:45:50 [main] INFO :Starting service [Tomcat]
2022-09-25 12:45:50 [main] INFO :Starting Servlet engine: [Apache Tomcat/9.0.65]
2022-09-25 12:45:50 [main] INFO :Initializing Spring embedded WebApplicationContext
2022-09-25 12:45:50 [main] INFO :Root WebApplicationContext: initialization completed in 2451 ms
2022-09-25 12:45:50 [main] INFO :HHH000204: Processing PersistenceUnitInfo [name: default]
2022-09-25 12:45:50 [main] INFO :HHH000412: Hibernate ORM core version 5.6.10.Final
2022-09-25 12:45:50 [main] INFO :HCANN000001: Hibernate Commons Annotations {5.1.2.Final}
2022-09-25 12:45:51 [main] INFO :HikariPool-1 - Starting...
2022-09-25 12:45:51 [main] INFO :HikariPool-1 - Start completed.
2022-09-25 12:45:51 [main] INFO :HHH000400: Using dialect: org.hibernate.dialect.MySQL57Dialect
2022-09-25 12:45:52 [main] INFO :HHH000490: Using JtaPlatform implementation: [org.hibernate.engine.transaction.jta.platform.internal.NoJtaPlatform]
2022-09-25 12:45:52 [main] INFO :Initialized JPA EntityManagerFactory for persistence unit 'default'
2022-09-25 12:45:53 [main] WARN :spring.jpa.open-in-view is enabled by default. Therefore, database queries may be performed during view rendering. Explicitly configure spring.jpa.open-in-view to disable this warning
2022-09-25 12:45:54 [main] INFO :Starting ProtocolHandler ["http-nio-8080"]
2022-09-25 12:45:54 [main] INFO :Tomcat started on port(s): 8080 (http) with context path ''
2022-09-25 12:45:54 [main] INFO :Started Main in 7.36 seconds (JVM running for 8.142)
2022-09-25 12:46:11 [http-nio-8080-exec-1] INFO :Initializing Spring DispatcherServlet 'dispatcherServlet'
2022-09-25 12:46:11 [http-nio-8080-exec-1] INFO :Initializing Servlet 'dispatcherServlet'
2022-09-25 12:46:11 [http-nio-8080-exec-1] INFO :Completed initialization in 9 ms
2022-09-25 12:46:11 [http-nio-8080-exec-1] DEBUG:
    select
        couponenti0_.id as id1_1_,
        couponenti0_.amount as amount2_1_,
        couponenti0_.category as category3_1_,
        couponenti0_.company_entity_id as company_9_1_,
        couponenti0_.description as descript4_1_,
        couponenti0_.end_date as end_date5_1_,
        couponenti0_.price as price6_1_,
        couponenti0_.start_date as start_da7_1_,
        couponenti0_.title as title8_1_ 
    from
        coupons couponenti0_
2022-09-25 12:46:11 [http-nio-8080-exec-1] DEBUG:
    select
        companyent0_.id as id1_0_0_,
        companyent0_.address as address2_0_0_,
        companyent0_.name as name3_0_0_,
        companyent0_.phone_number as phone_nu4_0_0_ 
    from
        companies companyent0_ 
    where
        companyent0_.id=?
2022-09-25 12:46:11 [http-nio-8080-exec-1] TRACE:binding parameter [1] as [BIGINT] - [1]
2022-09-25 12:46:11 [http-nio-8080-exec-2] DEBUG:
    select
        couponenti0_.id as id1_1_,
        couponenti0_.amount as amount2_1_,
        couponenti0_.category as category3_1_,
        couponenti0_.company_entity_id as company_9_1_,
        couponenti0_.description as descript4_1_,
        couponenti0_.end_date as end_date5_1_,
        couponenti0_.price as price6_1_,
        couponenti0_.start_date as start_da7_1_,
        couponenti0_.title as title8_1_ 
    from
        coupons couponenti0_
2022-09-25 12:46:11 [http-nio-8080-exec-2] DEBUG:
    select
        companyent0_.id as id1_0_0_,
        companyent0_.address as address2_0_0_,
        companyent0_.name as name3_0_0_,
        companyent0_.phone_number as phone_nu4_0_0_ 
    from
        companies companyent0_ 
    where
        companyent0_.id=?
2022-09-25 12:46:11 [http-nio-8080-exec-2] TRACE:binding parameter [1] as [BIGINT] - [1]
2022-09-25 13:01:16 [http-nio-8080-exec-5] DEBUG:
    select
        couponenti0_.id as id1_1_,
        couponenti0_.amount as amount2_1_,
        couponenti0_.category as category3_1_,
        couponenti0_.company_entity_id as company_9_1_,
        couponenti0_.description as descript4_1_,
        couponenti0_.end_date as end_date5_1_,
        couponenti0_.price as price6_1_,
        couponenti0_.start_date as start_da7_1_,
        couponenti0_.title as title8_1_ 
    from
        coupons couponenti0_
2022-09-25 13:01:16 [http-nio-8080-exec-5] DEBUG:
    select
        companyent0_.id as id1_0_0_,
        companyent0_.address as address2_0_0_,
        companyent0_.name as name3_0_0_,
        companyent0_.phone_number as phone_nu4_0_0_ 
    from
        companies companyent0_ 
    where
        companyent0_.id=?
2022-09-25 13:01:16 [http-nio-8080-exec-5] TRACE:binding parameter [1] as [BIGINT] - [1]
2022-09-25 13:11:04 [HikariPool-1 housekeeper] WARN :HikariPool-1 - Thread starvation or clock leap detected (housekeeper delta=2m42s954ms).
2022-09-25 13:12:47 [http-nio-8080-exec-7] DEBUG:
    select
        couponenti0_.id as id1_1_,
        couponenti0_.amount as amount2_1_,
        couponenti0_.category as category3_1_,
        couponenti0_.company_entity_id as company_9_1_,
        couponenti0_.description as descript4_1_,
        couponenti0_.end_date as end_date5_1_,
        couponenti0_.price as price6_1_,
        couponenti0_.start_date as start_da7_1_,
        couponenti0_.title as title8_1_ 
    from
        coupons couponenti0_
2022-09-25 13:12:47 [http-nio-8080-exec-7] DEBUG:
    select
        companyent0_.id as id1_0_0_,
        companyent0_.address as address2_0_0_,
        companyent0_.name as name3_0_0_,
        companyent0_.phone_number as phone_nu4_0_0_ 
    from
        companies companyent0_ 
    where
        companyent0_.id=?
2022-09-25 13:12:47 [http-nio-8080-exec-7] TRACE:binding parameter [1] as [BIGINT] - [1]
2022-09-25 13:13:49 [http-nio-8080-exec-9] DEBUG:
    select
        couponenti0_.id as id1_1_,
        couponenti0_.amount as amount2_1_,
        couponenti0_.category as category3_1_,
        couponenti0_.company_entity_id as company_9_1_,
        couponenti0_.description as descript4_1_,
        couponenti0_.end_date as end_date5_1_,
        couponenti0_.price as price6_1_,
        couponenti0_.start_date as start_da7_1_,
        couponenti0_.title as title8_1_ 
    from
        coupons couponenti0_
2022-09-25 13:13:49 [http-nio-8080-exec-9] DEBUG:
    select
        companyent0_.id as id1_0_0_,
        companyent0_.address as address2_0_0_,
        companyent0_.name as name3_0_0_,
        companyent0_.phone_number as phone_nu4_0_0_ 
    from
        companies companyent0_ 
    where
        companyent0_.id=?
2022-09-25 13:13:49 [http-nio-8080-exec-9] TRACE:binding parameter [1] as [BIGINT] - [1]
2022-09-25 13:13:49 [http-nio-8080-exec-10] DEBUG:
    select
        couponenti0_.id as id1_1_,
        couponenti0_.amount as amount2_1_,
        couponenti0_.category as category3_1_,
        couponenti0_.company_entity_id as company_9_1_,
        couponenti0_.description as descript4_1_,
        couponenti0_.end_date as end_date5_1_,
        couponenti0_.price as price6_1_,
        couponenti0_.start_date as start_da7_1_,
        couponenti0_.title as title8_1_ 
    from
        coupons couponenti0_
2022-09-25 13:13:49 [http-nio-8080-exec-10] DEBUG:
    select
        companyent0_.id as id1_0_0_,
        companyent0_.address as address2_0_0_,
        companyent0_.name as name3_0_0_,
        companyent0_.phone_number as phone_nu4_0_0_ 
    from
        companies companyent0_ 
    where
        companyent0_.id=?
2022-09-25 13:13:49 [http-nio-8080-exec-10] TRACE:binding parameter [1] as [BIGINT] - [1]
2022-09-25 13:48:16 [HikariPool-1 housekeeper] WARN :HikariPool-1 - Thread starvation or clock leap detected (housekeeper delta=30m11s754ms).
2022-09-25 13:49:17 [http-nio-8080-exec-2] DEBUG:
    select
        couponenti0_.id as id1_1_,
        couponenti0_.amount as amount2_1_,
        couponenti0_.category as category3_1_,
        couponenti0_.company_entity_id as company_9_1_,
        couponenti0_.description as descript4_1_,
        couponenti0_.end_date as end_date5_1_,
        couponenti0_.price as price6_1_,
        couponenti0_.start_date as start_da7_1_,
        couponenti0_.title as title8_1_ 
    from
        coupons couponenti0_
2022-09-25 13:49:17 [http-nio-8080-exec-2] DEBUG:
    select
        companyent0_.id as id1_0_0_,
        companyent0_.address as address2_0_0_,
        companyent0_.name as name3_0_0_,
        companyent0_.phone_number as phone_nu4_0_0_ 
    from
        companies companyent0_ 
    where
        companyent0_.id=?
2022-09-25 13:49:17 [http-nio-8080-exec-2] TRACE:binding parameter [1] as [BIGINT] - [1]
2022-09-25 13:49:18 [http-nio-8080-exec-4] DEBUG:
    select
        couponenti0_.id as id1_1_,
        couponenti0_.amount as amount2_1_,
        couponenti0_.category as category3_1_,
        couponenti0_.company_entity_id as company_9_1_,
        couponenti0_.description as descript4_1_,
        couponenti0_.end_date as end_date5_1_,
        couponenti0_.price as price6_1_,
        couponenti0_.start_date as start_da7_1_,
        couponenti0_.title as title8_1_ 
    from
        coupons couponenti0_
2022-09-25 13:49:18 [http-nio-8080-exec-4] DEBUG:
    select
        companyent0_.id as id1_0_0_,
        companyent0_.address as address2_0_0_,
        companyent0_.name as name3_0_0_,
        companyent0_.phone_number as phone_nu4_0_0_ 
    from
        companies companyent0_ 
    where
        companyent0_.id=?
2022-09-25 13:49:18 [http-nio-8080-exec-4] TRACE:binding parameter [1] as [BIGINT] - [1]
2022-09-25 13:49:19 [http-nio-8080-exec-3] DEBUG:
    select
        couponenti0_.id as id1_1_,
        couponenti0_.amount as amount2_1_,
        couponenti0_.category as category3_1_,
        couponenti0_.company_entity_id as company_9_1_,
        couponenti0_.description as descript4_1_,
        couponenti0_.end_date as end_date5_1_,
        couponenti0_.price as price6_1_,
        couponenti0_.start_date as start_da7_1_,
        couponenti0_.title as title8_1_ 
    from
        coupons couponenti0_
2022-09-25 13:49:19 [http-nio-8080-exec-3] DEBUG:
    select
        companyent0_.id as id1_0_0_,
        companyent0_.address as address2_0_0_,
        companyent0_.name as name3_0_0_,
        companyent0_.phone_number as phone_nu4_0_0_ 
    from
        companies companyent0_ 
    where
        companyent0_.id=?
2022-09-25 13:49:19 [http-nio-8080-exec-3] TRACE:binding parameter [1] as [BIGINT] - [1]
2022-09-25 14:06:58 [HikariPool-1 housekeeper] WARN :HikariPool-1 - Thread starvation or clock leap detected (housekeeper delta=12m11s859ms).
2022-09-25 14:33:34 [HikariPool-1 housekeeper] WARN :HikariPool-1 - Thread starvation or clock leap detected (housekeeper delta=26m35s854ms).
2022-09-25 14:36:20 [HikariPool-1 housekeeper] WARN :HikariPool-1 - Thread starvation or clock leap detected (housekeeper delta=2m45s639ms).
2022-09-25 14:45:36 [HikariPool-1 housekeeper] WARN :HikariPool-1 - Thread starvation or clock leap detected (housekeeper delta=9m16s30ms).
2022-09-25 15:05:22 [HikariPool-1 housekeeper] WARN :HikariPool-1 - Thread starvation or clock leap detected (housekeeper delta=19m46s94ms).
2022-09-25 15:20:12 [HikariPool-1 housekeeper] WARN :HikariPool-1 - Thread starvation or clock leap detected (housekeeper delta=14m50s778ms).
2022-09-25 15:21:31 [HikariPool-1 housekeeper] WARN :HikariPool-1 - Thread starvation or clock leap detected (housekeeper delta=1m18s866ms).
2022-09-25 15:24:36 [HikariPool-1 housekeeper] WARN :HikariPool-1 - Thread starvation or clock leap detected (housekeeper delta=3m4s806ms).
2022-09-25 16:10:34 [HikariPool-1 housekeeper] WARN :HikariPool-1 - Thread starvation or clock leap detected (housekeeper delta=45m58s273ms).
2022-09-25 17:18:30 [HikariPool-1 housekeeper] WARN :HikariPool-1 - Thread starvation or clock leap detected (housekeeper delta=1h7m56s100ms).
2022-09-25 18:11:53 [HikariPool-1 housekeeper] WARN :HikariPool-1 - Thread starvation or clock leap detected (housekeeper delta=53m22s348ms).
2022-09-25 18:47:27 [HikariPool-1 housekeeper] WARN :HikariPool-1 - Thread starvation or clock leap detected (housekeeper delta=35m34s169ms).
2022-09-25 19:39:01 [HikariPool-1 housekeeper] WARN :HikariPool-1 - Thread starvation or clock leap detected (housekeeper delta=51m34s335ms).
2022-09-25 20:22:00 [HikariPool-1 housekeeper] WARN :HikariPool-1 - Thread starvation or clock leap detected (housekeeper delta=42m58s256ms).
2022-09-25 20:41:05 [HikariPool-1 housekeeper] WARN :HikariPool-1 - Thread starvation or clock leap detected (housekeeper delta=19m5s920ms).
2022-09-25 21:28:10 [HikariPool-1 housekeeper] WARN :HikariPool-1 - Thread starvation or clock leap detected (housekeeper delta=47m4s746ms).
2022-09-25 21:48:58 [HikariPool-1 housekeeper] WARN :HikariPool-1 - Thread starvation or clock leap detected (housekeeper delta=20m47s446ms).
2022-09-25 22:25:59 [HikariPool-1 housekeeper] WARN :HikariPool-1 - Thread starvation or clock leap detected (housekeeper delta=37m1s448ms).
2022-09-25 23:30:21 [HikariPool-1 housekeeper] WARN :HikariPool-1 - Thread starvation or clock leap detected (housekeeper delta=1h4m22s89ms).
