2022-10-11 12:20:54 [main] INFO :Starting Main using Java 18.0.1.1 on Shellys-MBP.lan with PID 37998 (/Users/shelly_yaron/Documents/לימודים/Java Full stack/IdeaProjects/CouponsProject/target/classes started by shelly_yaron in /Users/shelly_yaron/Documents/לימודים/Java Full stack/IdeaProjects/CouponsProject)
2022-10-11 12:20:54 [main] INFO :No active profile set, falling back to 1 default profile: "default"
2022-10-11 12:20:55 [main] INFO :Bootstrapping Spring Data JPA repositories in DEFAULT mode.
2022-10-11 12:20:55 [main] INFO :Finished Spring Data repository scanning in 132 ms. Found 5 JPA repository interfaces.
2022-10-11 12:20:56 [main] INFO :Tomcat initialized with port(s): 8080 (http)
2022-10-11 12:20:56 [main] INFO :Initializing ProtocolHandler ["http-nio-8080"]
2022-10-11 12:20:56 [main] INFO :Starting service [Tomcat]
2022-10-11 12:20:56 [main] INFO :Starting Servlet engine: [Apache Tomcat/9.0.65]
2022-10-11 12:20:56 [main] INFO :Initializing Spring embedded WebApplicationContext
2022-10-11 12:20:56 [main] INFO :Root WebApplicationContext: initialization completed in 2610 ms
2022-10-11 12:20:57 [main] INFO :HHH000204: Processing PersistenceUnitInfo [name: default]
2022-10-11 12:20:57 [main] INFO :HHH000412: Hibernate ORM core version 5.6.10.Final
2022-10-11 12:20:57 [main] INFO :HCANN000001: Hibernate Commons Annotations {5.1.2.Final}
2022-10-11 12:20:57 [main] INFO :HikariPool-1 - Starting...
2022-10-11 12:20:57 [main] INFO :HikariPool-1 - Start completed.
2022-10-11 12:20:57 [main] INFO :HHH000400: Using dialect: org.hibernate.dialect.MySQL57Dialect
2022-10-11 12:20:58 [main] INFO :HHH000490: Using JtaPlatform implementation: [org.hibernate.engine.transaction.jta.platform.internal.NoJtaPlatform]
2022-10-11 12:20:58 [main] INFO :Initialized JPA EntityManagerFactory for persistence unit 'default'
2022-10-11 12:21:00 [main] WARN :spring.jpa.open-in-view is enabled by default. Therefore, database queries may be performed during view rendering. Explicitly configure spring.jpa.open-in-view to disable this warning
2022-10-11 12:21:01 [main] INFO :Starting ProtocolHandler ["http-nio-8080"]
2022-10-11 12:21:01 [main] INFO :Tomcat started on port(s): 8080 (http) with context path ''
2022-10-11 12:21:01 [main] INFO :Started Main in 7.94 seconds (JVM running for 8.773)
2022-10-11 12:21:21 [http-nio-8080-exec-2] INFO :Initializing Spring DispatcherServlet 'dispatcherServlet'
2022-10-11 12:21:21 [http-nio-8080-exec-2] INFO :Initializing Servlet 'dispatcherServlet'
2022-10-11 12:21:21 [http-nio-8080-exec-2] INFO :Completed initialization in 3 ms
2022-10-11 12:21:21 [http-nio-8080-exec-2] DEBUG:
    select
        couponenti0_.id as id1_1_,
        couponenti0_.amount as amount2_1_,
        couponenti0_.category as category3_1_,
        couponenti0_.company_entity_id as company_9_1_,
        couponenti0_.description as descript4_1_,
        couponenti0_.end_date as end_date5_1_,
        couponenti0_.price as price6_1_,
        couponenti0_.start_date as start_da7_1_,
        couponenti0_.title as title8_1_ 
    from
        coupons couponenti0_
2022-10-11 12:21:21 [http-nio-8080-exec-2] DEBUG:
    select
        companyent0_.id as id1_0_0_,
        companyent0_.address as address2_0_0_,
        companyent0_.name as name3_0_0_,
        companyent0_.phone_number as phone_nu4_0_0_ 
    from
        companies companyent0_ 
    where
        companyent0_.id=?
2022-10-11 12:21:21 [http-nio-8080-exec-2] TRACE:binding parameter [1] as [BIGINT] - [1]
2022-10-11 12:21:21 [http-nio-8080-exec-5] DEBUG:
    select
        couponenti0_.id as id1_1_,
        couponenti0_.amount as amount2_1_,
        couponenti0_.category as category3_1_,
        couponenti0_.company_entity_id as company_9_1_,
        couponenti0_.description as descript4_1_,
        couponenti0_.end_date as end_date5_1_,
        couponenti0_.price as price6_1_,
        couponenti0_.start_date as start_da7_1_,
        couponenti0_.title as title8_1_ 
    from
        coupons couponenti0_
2022-10-11 12:21:21 [http-nio-8080-exec-5] DEBUG:
    select
        companyent0_.id as id1_0_0_,
        companyent0_.address as address2_0_0_,
        companyent0_.name as name3_0_0_,
        companyent0_.phone_number as phone_nu4_0_0_ 
    from
        companies companyent0_ 
    where
        companyent0_.id=?
2022-10-11 12:21:21 [http-nio-8080-exec-5] TRACE:binding parameter [1] as [BIGINT] - [1]
2022-10-11 13:07:49 [http-nio-8080-exec-3] DEBUG:
    select
        couponenti0_.id as id1_1_,
        couponenti0_.amount as amount2_1_,
        couponenti0_.category as category3_1_,
        couponenti0_.company_entity_id as company_9_1_,
        couponenti0_.description as descript4_1_,
        couponenti0_.end_date as end_date5_1_,
        couponenti0_.price as price6_1_,
        couponenti0_.start_date as start_da7_1_,
        couponenti0_.title as title8_1_ 
    from
        coupons couponenti0_
2022-10-11 13:07:49 [http-nio-8080-exec-3] DEBUG:
    select
        companyent0_.id as id1_0_0_,
        companyent0_.address as address2_0_0_,
        companyent0_.name as name3_0_0_,
        companyent0_.phone_number as phone_nu4_0_0_ 
    from
        companies companyent0_ 
    where
        companyent0_.id=?
2022-10-11 13:07:49 [http-nio-8080-exec-3] TRACE:binding parameter [1] as [BIGINT] - [1]
2022-10-11 13:07:49 [http-nio-8080-exec-4] DEBUG:
    select
        couponenti0_.id as id1_1_,
        couponenti0_.amount as amount2_1_,
        couponenti0_.category as category3_1_,
        couponenti0_.company_entity_id as company_9_1_,
        couponenti0_.description as descript4_1_,
        couponenti0_.end_date as end_date5_1_,
        couponenti0_.price as price6_1_,
        couponenti0_.start_date as start_da7_1_,
        couponenti0_.title as title8_1_ 
    from
        coupons couponenti0_
2022-10-11 13:07:49 [http-nio-8080-exec-4] DEBUG:
    select
        companyent0_.id as id1_0_0_,
        companyent0_.address as address2_0_0_,
        companyent0_.name as name3_0_0_,
        companyent0_.phone_number as phone_nu4_0_0_ 
    from
        companies companyent0_ 
    where
        companyent0_.id=?
2022-10-11 13:07:49 [http-nio-8080-exec-4] TRACE:binding parameter [1] as [BIGINT] - [1]
2022-10-11 13:07:50 [http-nio-8080-exec-7] DEBUG:
    select
        couponenti0_.id as id1_1_,
        couponenti0_.amount as amount2_1_,
        couponenti0_.category as category3_1_,
        couponenti0_.company_entity_id as company_9_1_,
        couponenti0_.description as descript4_1_,
        couponenti0_.end_date as end_date5_1_,
        couponenti0_.price as price6_1_,
        couponenti0_.start_date as start_da7_1_,
        couponenti0_.title as title8_1_ 
    from
        coupons couponenti0_
2022-10-11 13:07:50 [http-nio-8080-exec-7] DEBUG:
    select
        companyent0_.id as id1_0_0_,
        companyent0_.address as address2_0_0_,
        companyent0_.name as name3_0_0_,
        companyent0_.phone_number as phone_nu4_0_0_ 
    from
        companies companyent0_ 
    where
        companyent0_.id=?
2022-10-11 13:07:50 [http-nio-8080-exec-7] TRACE:binding parameter [1] as [BIGINT] - [1]
2022-10-11 13:07:50 [http-nio-8080-exec-8] DEBUG:
    select
        couponenti0_.id as id1_1_,
        couponenti0_.amount as amount2_1_,
        couponenti0_.category as category3_1_,
        couponenti0_.company_entity_id as company_9_1_,
        couponenti0_.description as descript4_1_,
        couponenti0_.end_date as end_date5_1_,
        couponenti0_.price as price6_1_,
        couponenti0_.start_date as start_da7_1_,
        couponenti0_.title as title8_1_ 
    from
        coupons couponenti0_
2022-10-11 13:07:50 [http-nio-8080-exec-8] DEBUG:
    select
        companyent0_.id as id1_0_0_,
        companyent0_.address as address2_0_0_,
        companyent0_.name as name3_0_0_,
        companyent0_.phone_number as phone_nu4_0_0_ 
    from
        companies companyent0_ 
    where
        companyent0_.id=?
2022-10-11 13:07:50 [http-nio-8080-exec-8] TRACE:binding parameter [1] as [BIGINT] - [1]
2022-10-11 13:07:55 [http-nio-8080-exec-9] DEBUG:
    select
        couponenti0_.id as id1_1_,
        couponenti0_.amount as amount2_1_,
        couponenti0_.category as category3_1_,
        couponenti0_.company_entity_id as company_9_1_,
        couponenti0_.description as descript4_1_,
        couponenti0_.end_date as end_date5_1_,
        couponenti0_.price as price6_1_,
        couponenti0_.start_date as start_da7_1_,
        couponenti0_.title as title8_1_ 
    from
        coupons couponenti0_
2022-10-11 13:07:55 [http-nio-8080-exec-9] DEBUG:
    select
        companyent0_.id as id1_0_0_,
        companyent0_.address as address2_0_0_,
        companyent0_.name as name3_0_0_,
        companyent0_.phone_number as phone_nu4_0_0_ 
    from
        companies companyent0_ 
    where
        companyent0_.id=?
2022-10-11 13:07:55 [http-nio-8080-exec-9] TRACE:binding parameter [1] as [BIGINT] - [1]
2022-10-11 13:07:55 [http-nio-8080-exec-10] DEBUG:
    select
        couponenti0_.id as id1_1_,
        couponenti0_.amount as amount2_1_,
        couponenti0_.category as category3_1_,
        couponenti0_.company_entity_id as company_9_1_,
        couponenti0_.description as descript4_1_,
        couponenti0_.end_date as end_date5_1_,
        couponenti0_.price as price6_1_,
        couponenti0_.start_date as start_da7_1_,
        couponenti0_.title as title8_1_ 
    from
        coupons couponenti0_
2022-10-11 13:07:55 [http-nio-8080-exec-10] DEBUG:
    select
        companyent0_.id as id1_0_0_,
        companyent0_.address as address2_0_0_,
        companyent0_.name as name3_0_0_,
        companyent0_.phone_number as phone_nu4_0_0_ 
    from
        companies companyent0_ 
    where
        companyent0_.id=?
2022-10-11 13:07:55 [http-nio-8080-exec-10] TRACE:binding parameter [1] as [BIGINT] - [1]
2022-10-11 13:08:14 [http-nio-8080-exec-2] DEBUG:
    select
        couponenti0_.id as id1_1_,
        couponenti0_.amount as amount2_1_,
        couponenti0_.category as category3_1_,
        couponenti0_.company_entity_id as company_9_1_,
        couponenti0_.description as descript4_1_,
        couponenti0_.end_date as end_date5_1_,
        couponenti0_.price as price6_1_,
        couponenti0_.start_date as start_da7_1_,
        couponenti0_.title as title8_1_ 
    from
        coupons couponenti0_
2022-10-11 13:08:14 [http-nio-8080-exec-2] DEBUG:
    select
        companyent0_.id as id1_0_0_,
        companyent0_.address as address2_0_0_,
        companyent0_.name as name3_0_0_,
        companyent0_.phone_number as phone_nu4_0_0_ 
    from
        companies companyent0_ 
    where
        companyent0_.id=?
2022-10-11 13:08:14 [http-nio-8080-exec-2] TRACE:binding parameter [1] as [BIGINT] - [1]
2022-10-11 13:08:14 [http-nio-8080-exec-5] DEBUG:
    select
        couponenti0_.id as id1_1_,
        couponenti0_.amount as amount2_1_,
        couponenti0_.category as category3_1_,
        couponenti0_.company_entity_id as company_9_1_,
        couponenti0_.description as descript4_1_,
        couponenti0_.end_date as end_date5_1_,
        couponenti0_.price as price6_1_,
        couponenti0_.start_date as start_da7_1_,
        couponenti0_.title as title8_1_ 
    from
        coupons couponenti0_
2022-10-11 13:08:14 [http-nio-8080-exec-5] DEBUG:
    select
        companyent0_.id as id1_0_0_,
        companyent0_.address as address2_0_0_,
        companyent0_.name as name3_0_0_,
        companyent0_.phone_number as phone_nu4_0_0_ 
    from
        companies companyent0_ 
    where
        companyent0_.id=?
2022-10-11 13:08:14 [http-nio-8080-exec-5] TRACE:binding parameter [1] as [BIGINT] - [1]
2022-10-11 13:53:57 [http-nio-8080-exec-3] DEBUG:
    select
        couponenti0_.id as id1_1_,
        couponenti0_.amount as amount2_1_,
        couponenti0_.category as category3_1_,
        couponenti0_.company_entity_id as company_9_1_,
        couponenti0_.description as descript4_1_,
        couponenti0_.end_date as end_date5_1_,
        couponenti0_.price as price6_1_,
        couponenti0_.start_date as start_da7_1_,
        couponenti0_.title as title8_1_ 
    from
        coupons couponenti0_
2022-10-11 13:53:57 [http-nio-8080-exec-3] DEBUG:
    select
        companyent0_.id as id1_0_0_,
        companyent0_.address as address2_0_0_,
        companyent0_.name as name3_0_0_,
        companyent0_.phone_number as phone_nu4_0_0_ 
    from
        companies companyent0_ 
    where
        companyent0_.id=?
2022-10-11 13:53:57 [http-nio-8080-exec-3] TRACE:binding parameter [1] as [BIGINT] - [1]
2022-10-11 13:53:57 [http-nio-8080-exec-4] DEBUG:
    select
        couponenti0_.id as id1_1_,
        couponenti0_.amount as amount2_1_,
        couponenti0_.category as category3_1_,
        couponenti0_.company_entity_id as company_9_1_,
        couponenti0_.description as descript4_1_,
        couponenti0_.end_date as end_date5_1_,
        couponenti0_.price as price6_1_,
        couponenti0_.start_date as start_da7_1_,
        couponenti0_.title as title8_1_ 
    from
        coupons couponenti0_
2022-10-11 13:53:57 [http-nio-8080-exec-4] DEBUG:
    select
        companyent0_.id as id1_0_0_,
        companyent0_.address as address2_0_0_,
        companyent0_.name as name3_0_0_,
        companyent0_.phone_number as phone_nu4_0_0_ 
    from
        companies companyent0_ 
    where
        companyent0_.id=?
2022-10-11 13:53:57 [http-nio-8080-exec-4] TRACE:binding parameter [1] as [BIGINT] - [1]
2022-10-11 13:55:18 [http-nio-8080-exec-9] DEBUG:
    select
        couponenti0_.id as id1_1_,
        couponenti0_.amount as amount2_1_,
        couponenti0_.category as category3_1_,
        couponenti0_.company_entity_id as company_9_1_,
        couponenti0_.description as descript4_1_,
        couponenti0_.end_date as end_date5_1_,
        couponenti0_.price as price6_1_,
        couponenti0_.start_date as start_da7_1_,
        couponenti0_.title as title8_1_ 
    from
        coupons couponenti0_
2022-10-11 13:55:18 [http-nio-8080-exec-9] DEBUG:
    select
        companyent0_.id as id1_0_0_,
        companyent0_.address as address2_0_0_,
        companyent0_.name as name3_0_0_,
        companyent0_.phone_number as phone_nu4_0_0_ 
    from
        companies companyent0_ 
    where
        companyent0_.id=?
2022-10-11 13:55:18 [http-nio-8080-exec-9] TRACE:binding parameter [1] as [BIGINT] - [1]
2022-10-11 13:55:18 [http-nio-8080-exec-9] DEBUG:
    select
        couponenti0_.id as id1_1_,
        couponenti0_.amount as amount2_1_,
        couponenti0_.category as category3_1_,
        couponenti0_.company_entity_id as company_9_1_,
        couponenti0_.description as descript4_1_,
        couponenti0_.end_date as end_date5_1_,
        couponenti0_.price as price6_1_,
        couponenti0_.start_date as start_da7_1_,
        couponenti0_.title as title8_1_ 
    from
        coupons couponenti0_
2022-10-11 13:55:18 [http-nio-8080-exec-9] DEBUG:
    select
        companyent0_.id as id1_0_0_,
        companyent0_.address as address2_0_0_,
        companyent0_.name as name3_0_0_,
        companyent0_.phone_number as phone_nu4_0_0_ 
    from
        companies companyent0_ 
    where
        companyent0_.id=?
2022-10-11 13:55:18 [http-nio-8080-exec-9] TRACE:binding parameter [1] as [BIGINT] - [1]
2022-10-11 14:17:30 [http-nio-8080-exec-5] DEBUG:
    select
        couponenti0_.id as id1_1_,
        couponenti0_.amount as amount2_1_,
        couponenti0_.category as category3_1_,
        couponenti0_.company_entity_id as company_9_1_,
        couponenti0_.description as descript4_1_,
        couponenti0_.end_date as end_date5_1_,
        couponenti0_.price as price6_1_,
        couponenti0_.start_date as start_da7_1_,
        couponenti0_.title as title8_1_ 
    from
        coupons couponenti0_
2022-10-11 14:17:30 [http-nio-8080-exec-5] DEBUG:
    select
        companyent0_.id as id1_0_0_,
        companyent0_.address as address2_0_0_,
        companyent0_.name as name3_0_0_,
        companyent0_.phone_number as phone_nu4_0_0_ 
    from
        companies companyent0_ 
    where
        companyent0_.id=?
2022-10-11 14:17:30 [http-nio-8080-exec-5] TRACE:binding parameter [1] as [BIGINT] - [1]
2022-10-11 14:17:30 [http-nio-8080-exec-6] DEBUG:
    select
        couponenti0_.id as id1_1_,
        couponenti0_.amount as amount2_1_,
        couponenti0_.category as category3_1_,
        couponenti0_.company_entity_id as company_9_1_,
        couponenti0_.description as descript4_1_,
        couponenti0_.end_date as end_date5_1_,
        couponenti0_.price as price6_1_,
        couponenti0_.start_date as start_da7_1_,
        couponenti0_.title as title8_1_ 
    from
        coupons couponenti0_
2022-10-11 14:17:30 [http-nio-8080-exec-6] DEBUG:
    select
        companyent0_.id as id1_0_0_,
        companyent0_.address as address2_0_0_,
        companyent0_.name as name3_0_0_,
        companyent0_.phone_number as phone_nu4_0_0_ 
    from
        companies companyent0_ 
    where
        companyent0_.id=?
2022-10-11 14:17:30 [http-nio-8080-exec-6] TRACE:binding parameter [1] as [BIGINT] - [1]
2022-10-11 14:31:57 [http-nio-8080-exec-3] DEBUG:
    select
        couponenti0_.id as id1_1_,
        couponenti0_.amount as amount2_1_,
        couponenti0_.category as category3_1_,
        couponenti0_.company_entity_id as company_9_1_,
        couponenti0_.description as descript4_1_,
        couponenti0_.end_date as end_date5_1_,
        couponenti0_.price as price6_1_,
        couponenti0_.start_date as start_da7_1_,
        couponenti0_.title as title8_1_ 
    from
        coupons couponenti0_
2022-10-11 14:31:57 [http-nio-8080-exec-3] DEBUG:
    select
        companyent0_.id as id1_0_0_,
        companyent0_.address as address2_0_0_,
        companyent0_.name as name3_0_0_,
        companyent0_.phone_number as phone_nu4_0_0_ 
    from
        companies companyent0_ 
    where
        companyent0_.id=?
2022-10-11 14:31:57 [http-nio-8080-exec-3] TRACE:binding parameter [1] as [BIGINT] - [1]
2022-10-11 14:31:57 [http-nio-8080-exec-4] DEBUG:
    select
        couponenti0_.id as id1_1_,
        couponenti0_.amount as amount2_1_,
        couponenti0_.category as category3_1_,
        couponenti0_.company_entity_id as company_9_1_,
        couponenti0_.description as descript4_1_,
        couponenti0_.end_date as end_date5_1_,
        couponenti0_.price as price6_1_,
        couponenti0_.start_date as start_da7_1_,
        couponenti0_.title as title8_1_ 
    from
        coupons couponenti0_
2022-10-11 14:31:57 [http-nio-8080-exec-4] DEBUG:
    select
        companyent0_.id as id1_0_0_,
        companyent0_.address as address2_0_0_,
        companyent0_.name as name3_0_0_,
        companyent0_.phone_number as phone_nu4_0_0_ 
    from
        companies companyent0_ 
    where
        companyent0_.id=?
2022-10-11 14:31:57 [http-nio-8080-exec-4] TRACE:binding parameter [1] as [BIGINT] - [1]
2022-10-11 14:38:30 [http-nio-8080-exec-9] DEBUG:
    select
        couponenti0_.id as id1_1_,
        couponenti0_.amount as amount2_1_,
        couponenti0_.category as category3_1_,
        couponenti0_.company_entity_id as company_9_1_,
        couponenti0_.description as descript4_1_,
        couponenti0_.end_date as end_date5_1_,
        couponenti0_.price as price6_1_,
        couponenti0_.start_date as start_da7_1_,
        couponenti0_.title as title8_1_ 
    from
        coupons couponenti0_
2022-10-11 14:38:30 [http-nio-8080-exec-9] DEBUG:
    select
        companyent0_.id as id1_0_0_,
        companyent0_.address as address2_0_0_,
        companyent0_.name as name3_0_0_,
        companyent0_.phone_number as phone_nu4_0_0_ 
    from
        companies companyent0_ 
    where
        companyent0_.id=?
2022-10-11 14:38:30 [http-nio-8080-exec-9] TRACE:binding parameter [1] as [BIGINT] - [1]
2022-10-11 14:38:30 [http-nio-8080-exec-10] DEBUG:
    select
        couponenti0_.id as id1_1_,
        couponenti0_.amount as amount2_1_,
        couponenti0_.category as category3_1_,
        couponenti0_.company_entity_id as company_9_1_,
        couponenti0_.description as descript4_1_,
        couponenti0_.end_date as end_date5_1_,
        couponenti0_.price as price6_1_,
        couponenti0_.start_date as start_da7_1_,
        couponenti0_.title as title8_1_ 
    from
        coupons couponenti0_
2022-10-11 14:38:30 [http-nio-8080-exec-10] DEBUG:
    select
        companyent0_.id as id1_0_0_,
        companyent0_.address as address2_0_0_,
        companyent0_.name as name3_0_0_,
        companyent0_.phone_number as phone_nu4_0_0_ 
    from
        companies companyent0_ 
    where
        companyent0_.id=?
2022-10-11 14:38:30 [http-nio-8080-exec-10] TRACE:binding parameter [1] as [BIGINT] - [1]
2022-10-11 15:34:01 [HikariPool-1 housekeeper] WARN :HikariPool-1 - Thread starvation or clock leap detected (housekeeper delta=15m32s238ms).
2022-10-11 16:02:07 [HikariPool-1 housekeeper] WARN :HikariPool-1 - Thread starvation or clock leap detected (housekeeper delta=3m35s70ms).
2022-10-11 16:53:43 [http-nio-8080-exec-5] INFO :Init duration for springdoc-openapi is: 1008 ms
2022-10-11 16:53:52 [HikariPool-1 housekeeper] WARN :HikariPool-1 - Thread starvation or clock leap detected (housekeeper delta=2m15s102ms).
2022-10-11 16:57:37 [http-nio-8080-exec-2] DEBUG:
    insert 
    into
        users
        (first_name, last_name, password, user_type, username) 
    values
        (?, ?, ?, ?, ?)
2022-10-11 16:57:37 [http-nio-8080-exec-2] TRACE:binding parameter [1] as [VARCHAR] - [Shelly]
2022-10-11 16:57:37 [http-nio-8080-exec-2] TRACE:binding parameter [2] as [VARCHAR] - [Yaron]
2022-10-11 16:57:37 [http-nio-8080-exec-2] TRACE:binding parameter [3] as [VARCHAR] - [12345678]
2022-10-11 16:57:37 [http-nio-8080-exec-2] TRACE:binding parameter [4] as [VARCHAR] - [ADMIN]
2022-10-11 16:57:37 [http-nio-8080-exec-2] TRACE:binding parameter [5] as [VARCHAR] - [ShellyY]
2022-10-11 16:58:35 [http-nio-8080-exec-10] DEBUG:
    insert 
    into
        companies
        (address, name, phone_number) 
    values
        (?, ?, ?)
2022-10-11 16:58:35 [http-nio-8080-exec-10] TRACE:binding parameter [1] as [VARCHAR] - [Ibn Gabirol st. 39 Tel-Aviv]
2022-10-11 16:58:35 [http-nio-8080-exec-10] TRACE:binding parameter [2] as [VARCHAR] - [Brown Hotels]
2022-10-11 16:58:35 [http-nio-8080-exec-10] TRACE:binding parameter [3] as [VARCHAR] - [098621111]
2022-10-11 17:00:46 [http-nio-8080-exec-3] DEBUG:
    insert 
    into
        coupons
        (amount, category, company_entity_id, description, end_date, price, start_date, title) 
    values
        (?, ?, ?, ?, ?, ?, ?, ?)
2022-10-11 17:00:46 [http-nio-8080-exec-3] TRACE:binding parameter [1] as [INTEGER] - [20]
2022-10-11 17:00:46 [http-nio-8080-exec-3] TRACE:binding parameter [2] as [VARCHAR] - [Spa]
2022-10-11 17:00:46 [http-nio-8080-exec-3] TRACE:binding parameter [3] as [BIGINT] - [null]
2022-10-11 17:00:46 [http-nio-8080-exec-3] TRACE:binding parameter [4] as [VARCHAR] - [Massage and free entrance to the pool]
2022-10-11 17:00:46 [http-nio-8080-exec-3] TRACE:binding parameter [5] as [DATE] - [2024-10-11]
2022-10-11 17:00:46 [http-nio-8080-exec-3] TRACE:binding parameter [6] as [FLOAT] - [200.0]
2022-10-11 17:00:46 [http-nio-8080-exec-3] TRACE:binding parameter [7] as [DATE] - [2022-10-11]
2022-10-11 17:00:46 [http-nio-8080-exec-3] TRACE:binding parameter [8] as [VARCHAR] - [Day off at Brown hotel]
2022-10-11 17:01:03 [http-nio-8080-exec-1] DEBUG:
    select
        couponenti0_.id as id1_1_,
        couponenti0_.amount as amount2_1_,
        couponenti0_.category as category3_1_,
        couponenti0_.company_entity_id as company_9_1_,
        couponenti0_.description as descript4_1_,
        couponenti0_.end_date as end_date5_1_,
        couponenti0_.price as price6_1_,
        couponenti0_.start_date as start_da7_1_,
        couponenti0_.title as title8_1_ 
    from
        coupons couponenti0_
2022-10-11 17:01:03 [http-nio-8080-exec-1] DEBUG:
    select
        companyent0_.id as id1_0_0_,
        companyent0_.address as address2_0_0_,
        companyent0_.name as name3_0_0_,
        companyent0_.phone_number as phone_nu4_0_0_ 
    from
        companies companyent0_ 
    where
        companyent0_.id=?
2022-10-11 17:01:03 [http-nio-8080-exec-1] TRACE:binding parameter [1] as [BIGINT] - [1]
2022-10-11 17:01:03 [http-nio-8080-exec-6] DEBUG:
    select
        couponenti0_.id as id1_1_,
        couponenti0_.amount as amount2_1_,
        couponenti0_.category as category3_1_,
        couponenti0_.company_entity_id as company_9_1_,
        couponenti0_.description as descript4_1_,
        couponenti0_.end_date as end_date5_1_,
        couponenti0_.price as price6_1_,
        couponenti0_.start_date as start_da7_1_,
        couponenti0_.title as title8_1_ 
    from
        coupons couponenti0_
2022-10-11 17:01:03 [http-nio-8080-exec-6] DEBUG:
    select
        companyent0_.id as id1_0_0_,
        companyent0_.address as address2_0_0_,
        companyent0_.name as name3_0_0_,
        companyent0_.phone_number as phone_nu4_0_0_ 
    from
        companies companyent0_ 
    where
        companyent0_.id=?
2022-10-11 17:01:03 [http-nio-8080-exec-6] TRACE:binding parameter [1] as [BIGINT] - [1]
2022-10-11 17:01:43 [http-nio-8080-exec-7] DEBUG:
    select
        couponenti0_.id as id1_1_,
        couponenti0_.amount as amount2_1_,
        couponenti0_.category as category3_1_,
        couponenti0_.company_entity_id as company_9_1_,
        couponenti0_.description as descript4_1_,
        couponenti0_.end_date as end_date5_1_,
        couponenti0_.price as price6_1_,
        couponenti0_.start_date as start_da7_1_,
        couponenti0_.title as title8_1_ 
    from
        coupons couponenti0_
2022-10-11 17:01:43 [http-nio-8080-exec-7] DEBUG:
    select
        companyent0_.id as id1_0_0_,
        companyent0_.address as address2_0_0_,
        companyent0_.name as name3_0_0_,
        companyent0_.phone_number as phone_nu4_0_0_ 
    from
        companies companyent0_ 
    where
        companyent0_.id=?
2022-10-11 17:01:43 [http-nio-8080-exec-7] TRACE:binding parameter [1] as [BIGINT] - [1]
2022-10-11 17:01:43 [http-nio-8080-exec-8] DEBUG:
    select
        couponenti0_.id as id1_1_,
        couponenti0_.amount as amount2_1_,
        couponenti0_.category as category3_1_,
        couponenti0_.company_entity_id as company_9_1_,
        couponenti0_.description as descript4_1_,
        couponenti0_.end_date as end_date5_1_,
        couponenti0_.price as price6_1_,
        couponenti0_.start_date as start_da7_1_,
        couponenti0_.title as title8_1_ 
    from
        coupons couponenti0_
2022-10-11 17:01:43 [http-nio-8080-exec-8] DEBUG:
    select
        companyent0_.id as id1_0_0_,
        companyent0_.address as address2_0_0_,
        companyent0_.name as name3_0_0_,
        companyent0_.phone_number as phone_nu4_0_0_ 
    from
        companies companyent0_ 
    where
        companyent0_.id=?
2022-10-11 17:01:43 [http-nio-8080-exec-8] TRACE:binding parameter [1] as [BIGINT] - [1]
2022-10-11 17:02:52 [http-nio-8080-exec-10] DEBUG:
    select
        couponenti0_.id as id1_1_,
        couponenti0_.amount as amount2_1_,
        couponenti0_.category as category3_1_,
        couponenti0_.company_entity_id as company_9_1_,
        couponenti0_.description as descript4_1_,
        couponenti0_.end_date as end_date5_1_,
        couponenti0_.price as price6_1_,
        couponenti0_.start_date as start_da7_1_,
        couponenti0_.title as title8_1_ 
    from
        coupons couponenti0_
2022-10-11 17:02:52 [http-nio-8080-exec-10] DEBUG:
    select
        companyent0_.id as id1_0_0_,
        companyent0_.address as address2_0_0_,
        companyent0_.name as name3_0_0_,
        companyent0_.phone_number as phone_nu4_0_0_ 
    from
        companies companyent0_ 
    where
        companyent0_.id=?
2022-10-11 17:02:52 [http-nio-8080-exec-10] TRACE:binding parameter [1] as [BIGINT] - [1]
2022-10-11 17:02:52 [http-nio-8080-exec-10] DEBUG:
    select
        companyent0_.id as id1_0_0_,
        companyent0_.address as address2_0_0_,
        companyent0_.name as name3_0_0_,
        companyent0_.phone_number as phone_nu4_0_0_ 
    from
        companies companyent0_ 
    where
        companyent0_.id=?
2022-10-11 17:02:52 [http-nio-8080-exec-10] TRACE:binding parameter [1] as [BIGINT] - [2]
2022-10-11 17:02:52 [http-nio-8080-exec-5] DEBUG:
    select
        couponenti0_.id as id1_1_,
        couponenti0_.amount as amount2_1_,
        couponenti0_.category as category3_1_,
        couponenti0_.company_entity_id as company_9_1_,
        couponenti0_.description as descript4_1_,
        couponenti0_.end_date as end_date5_1_,
        couponenti0_.price as price6_1_,
        couponenti0_.start_date as start_da7_1_,
        couponenti0_.title as title8_1_ 
    from
        coupons couponenti0_
2022-10-11 17:02:52 [http-nio-8080-exec-5] DEBUG:
    select
        companyent0_.id as id1_0_0_,
        companyent0_.address as address2_0_0_,
        companyent0_.name as name3_0_0_,
        companyent0_.phone_number as phone_nu4_0_0_ 
    from
        companies companyent0_ 
    where
        companyent0_.id=?
2022-10-11 17:02:52 [http-nio-8080-exec-5] TRACE:binding parameter [1] as [BIGINT] - [1]
2022-10-11 17:02:52 [http-nio-8080-exec-5] DEBUG:
    select
        companyent0_.id as id1_0_0_,
        companyent0_.address as address2_0_0_,
        companyent0_.name as name3_0_0_,
        companyent0_.phone_number as phone_nu4_0_0_ 
    from
        companies companyent0_ 
    where
        companyent0_.id=?
2022-10-11 17:02:52 [http-nio-8080-exec-5] TRACE:binding parameter [1] as [BIGINT] - [2]
2022-10-11 17:11:11 [SpringApplicationShutdownHook] INFO :Closing JPA EntityManagerFactory for persistence unit 'default'
2022-10-11 17:11:11 [SpringApplicationShutdownHook] INFO :HikariPool-1 - Shutdown initiated...
2022-10-11 17:11:11 [SpringApplicationShutdownHook] INFO :HikariPool-1 - Shutdown completed.
2022-10-11 17:11:18 [main] INFO :Starting Main using Java 18.0.1.1 on Shellys-MBP.lan with PID 40121 (/Users/shelly_yaron/Documents/לימודים/Java Full stack/IdeaProjects/CouponsProject/target/classes started by shelly_yaron in /Users/shelly_yaron/Documents/לימודים/Java Full stack/IdeaProjects/CouponsProject)
2022-10-11 17:11:18 [main] INFO :No active profile set, falling back to 1 default profile: "default"
2022-10-11 17:11:19 [main] INFO :Bootstrapping Spring Data JPA repositories in DEFAULT mode.
2022-10-11 17:11:20 [main] INFO :Finished Spring Data repository scanning in 123 ms. Found 5 JPA repository interfaces.
2022-10-11 17:11:21 [main] INFO :Tomcat initialized with port(s): 8080 (http)
2022-10-11 17:11:21 [main] INFO :Initializing ProtocolHandler ["http-nio-8080"]
2022-10-11 17:11:21 [main] INFO :Starting service [Tomcat]
2022-10-11 17:11:21 [main] INFO :Starting Servlet engine: [Apache Tomcat/9.0.65]
2022-10-11 17:11:21 [main] INFO :Initializing Spring embedded WebApplicationContext
2022-10-11 17:11:21 [main] INFO :Root WebApplicationContext: initialization completed in 2641 ms
2022-10-11 17:11:21 [main] INFO :HHH000204: Processing PersistenceUnitInfo [name: default]
2022-10-11 17:11:21 [main] INFO :HHH000412: Hibernate ORM core version 5.6.10.Final
2022-10-11 17:11:21 [main] INFO :HCANN000001: Hibernate Commons Annotations {5.1.2.Final}
2022-10-11 17:11:21 [main] INFO :HikariPool-1 - Starting...
2022-10-11 17:11:22 [main] INFO :HikariPool-1 - Start completed.
2022-10-11 17:11:22 [main] INFO :HHH000400: Using dialect: org.hibernate.dialect.MySQL57Dialect
2022-10-11 17:11:23 [main] DEBUG:
    
    alter table coupons 
       add column image_url varchar(255)
2022-10-11 17:11:23 [main] INFO :HHH000490: Using JtaPlatform implementation: [org.hibernate.engine.transaction.jta.platform.internal.NoJtaPlatform]
2022-10-11 17:11:23 [main] INFO :Initialized JPA EntityManagerFactory for persistence unit 'default'
2022-10-11 17:11:24 [main] WARN :spring.jpa.open-in-view is enabled by default. Therefore, database queries may be performed during view rendering. Explicitly configure spring.jpa.open-in-view to disable this warning
2022-10-11 17:11:25 [main] INFO :Starting ProtocolHandler ["http-nio-8080"]
2022-10-11 17:11:25 [main] INFO :Tomcat started on port(s): 8080 (http) with context path ''
2022-10-11 17:11:25 [main] INFO :Started Main in 7.748 seconds (JVM running for 8.58)
2022-10-11 17:14:26 [http-nio-8080-exec-2] INFO :Initializing Spring DispatcherServlet 'dispatcherServlet'
2022-10-11 17:14:26 [http-nio-8080-exec-2] INFO :Initializing Servlet 'dispatcherServlet'
2022-10-11 17:14:26 [http-nio-8080-exec-2] INFO :Completed initialization in 8 ms
2022-10-11 17:14:26 [http-nio-8080-exec-2] DEBUG:
    select
        couponenti0_.id as id1_1_,
        couponenti0_.amount as amount2_1_,
        couponenti0_.category as category3_1_,
        couponenti0_.company_entity_id as company10_1_,
        couponenti0_.description as descript4_1_,
        couponenti0_.end_date as end_date5_1_,
        couponenti0_.image_url as image_ur6_1_,
        couponenti0_.price as price7_1_,
        couponenti0_.start_date as start_da8_1_,
        couponenti0_.title as title9_1_ 
    from
        coupons couponenti0_
2022-10-11 17:14:26 [http-nio-8080-exec-2] DEBUG:
    select
        companyent0_.id as id1_0_0_,
        companyent0_.address as address2_0_0_,
        companyent0_.name as name3_0_0_,
        companyent0_.phone_number as phone_nu4_0_0_ 
    from
        companies companyent0_ 
    where
        companyent0_.id=?
2022-10-11 17:14:26 [http-nio-8080-exec-2] TRACE:binding parameter [1] as [BIGINT] - [1]
2022-10-11 17:14:26 [http-nio-8080-exec-2] DEBUG:
    select
        companyent0_.id as id1_0_0_,
        companyent0_.address as address2_0_0_,
        companyent0_.name as name3_0_0_,
        companyent0_.phone_number as phone_nu4_0_0_ 
    from
        companies companyent0_ 
    where
        companyent0_.id=?
2022-10-11 17:14:26 [http-nio-8080-exec-2] TRACE:binding parameter [1] as [BIGINT] - [2]
2022-10-11 17:14:27 [http-nio-8080-exec-5] DEBUG:
    select
        couponenti0_.id as id1_1_,
        couponenti0_.amount as amount2_1_,
        couponenti0_.category as category3_1_,
        couponenti0_.company_entity_id as company10_1_,
        couponenti0_.description as descript4_1_,
        couponenti0_.end_date as end_date5_1_,
        couponenti0_.image_url as image_ur6_1_,
        couponenti0_.price as price7_1_,
        couponenti0_.start_date as start_da8_1_,
        couponenti0_.title as title9_1_ 
    from
        coupons couponenti0_
2022-10-11 17:14:27 [http-nio-8080-exec-5] DEBUG:
    select
        companyent0_.id as id1_0_0_,
        companyent0_.address as address2_0_0_,
        companyent0_.name as name3_0_0_,
        companyent0_.phone_number as phone_nu4_0_0_ 
    from
        companies companyent0_ 
    where
        companyent0_.id=?
2022-10-11 17:14:27 [http-nio-8080-exec-5] TRACE:binding parameter [1] as [BIGINT] - [1]
2022-10-11 17:14:27 [http-nio-8080-exec-5] DEBUG:
    select
        companyent0_.id as id1_0_0_,
        companyent0_.address as address2_0_0_,
        companyent0_.name as name3_0_0_,
        companyent0_.phone_number as phone_nu4_0_0_ 
    from
        companies companyent0_ 
    where
        companyent0_.id=?
2022-10-11 17:14:27 [http-nio-8080-exec-5] TRACE:binding parameter [1] as [BIGINT] - [2]
2022-10-11 17:20:54 [http-nio-8080-exec-7] DEBUG:
    select
        couponenti0_.id as id1_1_,
        couponenti0_.amount as amount2_1_,
        couponenti0_.category as category3_1_,
        couponenti0_.company_entity_id as company10_1_,
        couponenti0_.description as descript4_1_,
        couponenti0_.end_date as end_date5_1_,
        couponenti0_.image_url as image_ur6_1_,
        couponenti0_.price as price7_1_,
        couponenti0_.start_date as start_da8_1_,
        couponenti0_.title as title9_1_ 
    from
        coupons couponenti0_
2022-10-11 17:20:54 [http-nio-8080-exec-7] DEBUG:
    select
        companyent0_.id as id1_0_0_,
        companyent0_.address as address2_0_0_,
        companyent0_.name as name3_0_0_,
        companyent0_.phone_number as phone_nu4_0_0_ 
    from
        companies companyent0_ 
    where
        companyent0_.id=?
2022-10-11 17:20:54 [http-nio-8080-exec-7] TRACE:binding parameter [1] as [BIGINT] - [1]
2022-10-11 17:20:54 [http-nio-8080-exec-7] DEBUG:
    select
        companyent0_.id as id1_0_0_,
        companyent0_.address as address2_0_0_,
        companyent0_.name as name3_0_0_,
        companyent0_.phone_number as phone_nu4_0_0_ 
    from
        companies companyent0_ 
    where
        companyent0_.id=?
2022-10-11 17:20:54 [http-nio-8080-exec-7] TRACE:binding parameter [1] as [BIGINT] - [2]
2022-10-11 17:20:54 [http-nio-8080-exec-3] DEBUG:
    select
        couponenti0_.id as id1_1_,
        couponenti0_.amount as amount2_1_,
        couponenti0_.category as category3_1_,
        couponenti0_.company_entity_id as company10_1_,
        couponenti0_.description as descript4_1_,
        couponenti0_.end_date as end_date5_1_,
        couponenti0_.image_url as image_ur6_1_,
        couponenti0_.price as price7_1_,
        couponenti0_.start_date as start_da8_1_,
        couponenti0_.title as title9_1_ 
    from
        coupons couponenti0_
2022-10-11 17:20:54 [http-nio-8080-exec-3] DEBUG:
    select
        companyent0_.id as id1_0_0_,
        companyent0_.address as address2_0_0_,
        companyent0_.name as name3_0_0_,
        companyent0_.phone_number as phone_nu4_0_0_ 
    from
        companies companyent0_ 
    where
        companyent0_.id=?
2022-10-11 17:20:54 [http-nio-8080-exec-3] TRACE:binding parameter [1] as [BIGINT] - [1]
2022-10-11 17:20:54 [http-nio-8080-exec-3] DEBUG:
    select
        companyent0_.id as id1_0_0_,
        companyent0_.address as address2_0_0_,
        companyent0_.name as name3_0_0_,
        companyent0_.phone_number as phone_nu4_0_0_ 
    from
        companies companyent0_ 
    where
        companyent0_.id=?
2022-10-11 17:20:54 [http-nio-8080-exec-3] TRACE:binding parameter [1] as [BIGINT] - [2]
2022-10-11 17:21:08 [http-nio-8080-exec-1] DEBUG:
    select
        couponenti0_.id as id1_1_,
        couponenti0_.amount as amount2_1_,
        couponenti0_.category as category3_1_,
        couponenti0_.company_entity_id as company10_1_,
        couponenti0_.description as descript4_1_,
        couponenti0_.end_date as end_date5_1_,
        couponenti0_.image_url as image_ur6_1_,
        couponenti0_.price as price7_1_,
        couponenti0_.start_date as start_da8_1_,
        couponenti0_.title as title9_1_ 
    from
        coupons couponenti0_
2022-10-11 17:21:08 [http-nio-8080-exec-1] DEBUG:
    select
        companyent0_.id as id1_0_0_,
        companyent0_.address as address2_0_0_,
        companyent0_.name as name3_0_0_,
        companyent0_.phone_number as phone_nu4_0_0_ 
    from
        companies companyent0_ 
    where
        companyent0_.id=?
2022-10-11 17:21:08 [http-nio-8080-exec-1] TRACE:binding parameter [1] as [BIGINT] - [1]
2022-10-11 17:21:08 [http-nio-8080-exec-1] DEBUG:
    select
        companyent0_.id as id1_0_0_,
        companyent0_.address as address2_0_0_,
        companyent0_.name as name3_0_0_,
        companyent0_.phone_number as phone_nu4_0_0_ 
    from
        companies companyent0_ 
    where
        companyent0_.id=?
2022-10-11 17:21:08 [http-nio-8080-exec-1] TRACE:binding parameter [1] as [BIGINT] - [2]
2022-10-11 17:21:08 [http-nio-8080-exec-8] DEBUG:
    select
        couponenti0_.id as id1_1_,
        couponenti0_.amount as amount2_1_,
        couponenti0_.category as category3_1_,
        couponenti0_.company_entity_id as company10_1_,
        couponenti0_.description as descript4_1_,
        couponenti0_.end_date as end_date5_1_,
        couponenti0_.image_url as image_ur6_1_,
        couponenti0_.price as price7_1_,
        couponenti0_.start_date as start_da8_1_,
        couponenti0_.title as title9_1_ 
    from
        coupons couponenti0_
2022-10-11 17:21:08 [http-nio-8080-exec-8] DEBUG:
    select
        companyent0_.id as id1_0_0_,
        companyent0_.address as address2_0_0_,
        companyent0_.name as name3_0_0_,
        companyent0_.phone_number as phone_nu4_0_0_ 
    from
        companies companyent0_ 
    where
        companyent0_.id=?
2022-10-11 17:21:08 [http-nio-8080-exec-8] TRACE:binding parameter [1] as [BIGINT] - [1]
2022-10-11 17:21:08 [http-nio-8080-exec-8] DEBUG:
    select
        companyent0_.id as id1_0_0_,
        companyent0_.address as address2_0_0_,
        companyent0_.name as name3_0_0_,
        companyent0_.phone_number as phone_nu4_0_0_ 
    from
        companies companyent0_ 
    where
        companyent0_.id=?
2022-10-11 17:21:08 [http-nio-8080-exec-8] TRACE:binding parameter [1] as [BIGINT] - [2]
2022-10-11 17:26:37 [http-nio-8080-exec-2] DEBUG:
    select
        couponenti0_.id as id1_1_,
        couponenti0_.amount as amount2_1_,
        couponenti0_.category as category3_1_,
        couponenti0_.company_entity_id as company10_1_,
        couponenti0_.description as descript4_1_,
        couponenti0_.end_date as end_date5_1_,
        couponenti0_.image_url as image_ur6_1_,
        couponenti0_.price as price7_1_,
        couponenti0_.start_date as start_da8_1_,
        couponenti0_.title as title9_1_ 
    from
        coupons couponenti0_
2022-10-11 17:26:37 [http-nio-8080-exec-2] DEBUG:
    select
        companyent0_.id as id1_0_0_,
        companyent0_.address as address2_0_0_,
        companyent0_.name as name3_0_0_,
        companyent0_.phone_number as phone_nu4_0_0_ 
    from
        companies companyent0_ 
    where
        companyent0_.id=?
2022-10-11 17:26:37 [http-nio-8080-exec-2] TRACE:binding parameter [1] as [BIGINT] - [1]
2022-10-11 17:26:37 [http-nio-8080-exec-2] DEBUG:
    select
        companyent0_.id as id1_0_0_,
        companyent0_.address as address2_0_0_,
        companyent0_.name as name3_0_0_,
        companyent0_.phone_number as phone_nu4_0_0_ 
    from
        companies companyent0_ 
    where
        companyent0_.id=?
2022-10-11 17:26:37 [http-nio-8080-exec-2] TRACE:binding parameter [1] as [BIGINT] - [2]
2022-10-11 17:26:37 [http-nio-8080-exec-5] DEBUG:
    select
        couponenti0_.id as id1_1_,
        couponenti0_.amount as amount2_1_,
        couponenti0_.category as category3_1_,
        couponenti0_.company_entity_id as company10_1_,
        couponenti0_.description as descript4_1_,
        couponenti0_.end_date as end_date5_1_,
        couponenti0_.image_url as image_ur6_1_,
        couponenti0_.price as price7_1_,
        couponenti0_.start_date as start_da8_1_,
        couponenti0_.title as title9_1_ 
    from
        coupons couponenti0_
2022-10-11 17:26:37 [http-nio-8080-exec-5] DEBUG:
    select
        companyent0_.id as id1_0_0_,
        companyent0_.address as address2_0_0_,
        companyent0_.name as name3_0_0_,
        companyent0_.phone_number as phone_nu4_0_0_ 
    from
        companies companyent0_ 
    where
        companyent0_.id=?
2022-10-11 17:26:37 [http-nio-8080-exec-5] TRACE:binding parameter [1] as [BIGINT] - [1]
2022-10-11 17:26:37 [http-nio-8080-exec-5] DEBUG:
    select
        companyent0_.id as id1_0_0_,
        companyent0_.address as address2_0_0_,
        companyent0_.name as name3_0_0_,
        companyent0_.phone_number as phone_nu4_0_0_ 
    from
        companies companyent0_ 
    where
        companyent0_.id=?
2022-10-11 17:26:37 [http-nio-8080-exec-5] TRACE:binding parameter [1] as [BIGINT] - [2]
2022-10-11 17:31:08 [http-nio-8080-exec-7] DEBUG:
    select
        couponenti0_.id as id1_1_,
        couponenti0_.amount as amount2_1_,
        couponenti0_.category as category3_1_,
        couponenti0_.company_entity_id as company10_1_,
        couponenti0_.description as descript4_1_,
        couponenti0_.end_date as end_date5_1_,
        couponenti0_.image_url as image_ur6_1_,
        couponenti0_.price as price7_1_,
        couponenti0_.start_date as start_da8_1_,
        couponenti0_.title as title9_1_ 
    from
        coupons couponenti0_
2022-10-11 17:31:08 [http-nio-8080-exec-7] DEBUG:
    select
        companyent0_.id as id1_0_0_,
        companyent0_.address as address2_0_0_,
        companyent0_.name as name3_0_0_,
        companyent0_.phone_number as phone_nu4_0_0_ 
    from
        companies companyent0_ 
    where
        companyent0_.id=?
2022-10-11 17:31:08 [http-nio-8080-exec-7] TRACE:binding parameter [1] as [BIGINT] - [1]
2022-10-11 17:31:08 [http-nio-8080-exec-7] DEBUG:
    select
        companyent0_.id as id1_0_0_,
        companyent0_.address as address2_0_0_,
        companyent0_.name as name3_0_0_,
        companyent0_.phone_number as phone_nu4_0_0_ 
    from
        companies companyent0_ 
    where
        companyent0_.id=?
2022-10-11 17:31:08 [http-nio-8080-exec-7] TRACE:binding parameter [1] as [BIGINT] - [2]
2022-10-11 17:31:08 [http-nio-8080-exec-3] DEBUG:
    select
        couponenti0_.id as id1_1_,
        couponenti0_.amount as amount2_1_,
        couponenti0_.category as category3_1_,
        couponenti0_.company_entity_id as company10_1_,
        couponenti0_.description as descript4_1_,
        couponenti0_.end_date as end_date5_1_,
        couponenti0_.image_url as image_ur6_1_,
        couponenti0_.price as price7_1_,
        couponenti0_.start_date as start_da8_1_,
        couponenti0_.title as title9_1_ 
    from
        coupons couponenti0_
2022-10-11 17:31:08 [http-nio-8080-exec-3] DEBUG:
    select
        companyent0_.id as id1_0_0_,
        companyent0_.address as address2_0_0_,
        companyent0_.name as name3_0_0_,
        companyent0_.phone_number as phone_nu4_0_0_ 
    from
        companies companyent0_ 
    where
        companyent0_.id=?
2022-10-11 17:31:08 [http-nio-8080-exec-3] TRACE:binding parameter [1] as [BIGINT] - [1]
2022-10-11 17:31:08 [http-nio-8080-exec-3] DEBUG:
    select
        companyent0_.id as id1_0_0_,
        companyent0_.address as address2_0_0_,
        companyent0_.name as name3_0_0_,
        companyent0_.phone_number as phone_nu4_0_0_ 
    from
        companies companyent0_ 
    where
        companyent0_.id=?
2022-10-11 17:31:08 [http-nio-8080-exec-3] TRACE:binding parameter [1] as [BIGINT] - [2]
2022-10-11 17:53:29 [HikariPool-1 housekeeper] WARN :HikariPool-1 - Thread starvation or clock leap detected (housekeeper delta=11m5s680ms).
2022-10-11 18:10:45 [HikariPool-1 housekeeper] WARN :HikariPool-1 - Thread starvation or clock leap detected (housekeeper delta=16m45s720ms).
2022-10-11 18:29:54 [HikariPool-1 housekeeper] WARN :HikariPool-1 - Thread starvation or clock leap detected (housekeeper delta=15m39s307ms).
2022-10-11 18:44:42 [HikariPool-1 housekeeper] WARN :HikariPool-1 - Thread starvation or clock leap detected (housekeeper delta=14m47s408ms).
2022-10-11 19:03:34 [HikariPool-1 housekeeper] WARN :HikariPool-1 - Thread starvation or clock leap detected (housekeeper delta=14m22s469ms).
2022-10-11 19:21:26 [HikariPool-1 housekeeper] WARN :HikariPool-1 - Thread starvation or clock leap detected (housekeeper delta=17m21s264ms).
2022-10-11 19:24:41 [HikariPool-1 housekeeper] WARN :HikariPool-1 - Thread starvation or clock leap detected (housekeeper delta=2m45s9ms).
2022-10-11 19:25:54 [HikariPool-1 housekeeper] WARN :HikariPool-1 - Thread starvation or clock leap detected (housekeeper delta=1m13s476ms).
2022-10-11 19:43:56 [HikariPool-1 housekeeper] WARN :HikariPool-1 - Thread starvation or clock leap detected (housekeeper delta=17m31s425ms).
2022-10-11 22:25:48 [HikariPool-1 housekeeper] WARN :HikariPool-1 - Thread starvation or clock leap detected (housekeeper delta=17m47s753ms).
2022-10-11 22:39:53 [HikariPool-1 housekeeper] WARN :HikariPool-1 - Thread starvation or clock leap detected (housekeeper delta=9m34s579ms).
2022-10-11 23:04:30 [HikariPool-1 housekeeper] WARN :HikariPool-1 - Thread starvation or clock leap detected (housekeeper delta=10m6s605ms).
2022-10-11 23:21:11 [HikariPool-1 housekeeper] WARN :HikariPool-1 - Thread starvation or clock leap detected (housekeeper delta=16m11s500ms).
2022-10-11 23:30:23 [HikariPool-1 housekeeper] WARN :HikariPool-1 - Thread starvation or clock leap detected (housekeeper delta=9m11s986ms).
