2022-09-29 11:59:47 [main] INFO :Starting Main using Java 18.0.1.1 on Shellys-MBP.lan with PID 42934 (/Users/shelly_yaron/Documents/לימודים/Java Full stack/IdeaProjects/CouponsProject/target/classes started by shelly_yaron in /Users/shelly_yaron/Documents/לימודים/Java Full stack/IdeaProjects/CouponsProject)
2022-09-29 11:59:47 [main] INFO :No active profile set, falling back to 1 default profile: "default"
2022-09-29 11:59:48 [main] INFO :Bootstrapping Spring Data JPA repositories in DEFAULT mode.
2022-09-29 11:59:48 [main] INFO :Finished Spring Data repository scanning in 108 ms. Found 5 JPA repository interfaces.
2022-09-29 11:59:49 [main] INFO :Tomcat initialized with port(s): 8080 (http)
2022-09-29 11:59:49 [main] INFO :Initializing ProtocolHandler ["http-nio-8080"]
2022-09-29 11:59:49 [main] INFO :Starting service [Tomcat]
2022-09-29 11:59:49 [main] INFO :Starting Servlet engine: [Apache Tomcat/9.0.65]
2022-09-29 11:59:50 [main] INFO :Initializing Spring embedded WebApplicationContext
2022-09-29 11:59:50 [main] INFO :Root WebApplicationContext: initialization completed in 2647 ms
2022-09-29 11:59:50 [main] INFO :HHH000204: Processing PersistenceUnitInfo [name: default]
2022-09-29 11:59:50 [main] INFO :HHH000412: Hibernate ORM core version 5.6.10.Final
2022-09-29 11:59:50 [main] INFO :HCANN000001: Hibernate Commons Annotations {5.1.2.Final}
2022-09-29 11:59:50 [main] INFO :HikariPool-1 - Starting...
2022-09-29 11:59:51 [main] INFO :HikariPool-1 - Start completed.
2022-09-29 11:59:51 [main] INFO :HHH000400: Using dialect: org.hibernate.dialect.MySQL57Dialect
2022-09-29 11:59:52 [main] INFO :HHH000490: Using JtaPlatform implementation: [org.hibernate.engine.transaction.jta.platform.internal.NoJtaPlatform]
2022-09-29 11:59:52 [main] INFO :Initialized JPA EntityManagerFactory for persistence unit 'default'
2022-09-29 11:59:53 [main] WARN :spring.jpa.open-in-view is enabled by default. Therefore, database queries may be performed during view rendering. Explicitly configure spring.jpa.open-in-view to disable this warning
2022-09-29 11:59:54 [main] INFO :Starting ProtocolHandler ["http-nio-8080"]
2022-09-29 11:59:54 [main] INFO :Tomcat started on port(s): 8080 (http) with context path ''
2022-09-29 11:59:54 [main] INFO :Started Main in 7.899 seconds (JVM running for 8.771)
2022-09-29 12:01:00 [http-nio-8080-exec-3] INFO :Initializing Spring DispatcherServlet 'dispatcherServlet'
2022-09-29 12:01:00 [http-nio-8080-exec-3] INFO :Initializing Servlet 'dispatcherServlet'
2022-09-29 12:01:00 [http-nio-8080-exec-3] INFO :Completed initialization in 3 ms
2022-09-29 12:01:01 [http-nio-8080-exec-3] DEBUG:
    select
        couponenti0_.id as id1_1_,
        couponenti0_.amount as amount2_1_,
        couponenti0_.category as category3_1_,
        couponenti0_.company_entity_id as company_9_1_,
        couponenti0_.description as descript4_1_,
        couponenti0_.end_date as end_date5_1_,
        couponenti0_.price as price6_1_,
        couponenti0_.start_date as start_da7_1_,
        couponenti0_.title as title8_1_ 
    from
        coupons couponenti0_
2022-09-29 12:01:01 [http-nio-8080-exec-3] DEBUG:
    select
        companyent0_.id as id1_0_0_,
        companyent0_.address as address2_0_0_,
        companyent0_.name as name3_0_0_,
        companyent0_.phone_number as phone_nu4_0_0_ 
    from
        companies companyent0_ 
    where
        companyent0_.id=?
2022-09-29 12:01:01 [http-nio-8080-exec-3] TRACE:binding parameter [1] as [BIGINT] - [1]
2022-09-29 12:01:01 [http-nio-8080-exec-4] DEBUG:
    select
        couponenti0_.id as id1_1_,
        couponenti0_.amount as amount2_1_,
        couponenti0_.category as category3_1_,
        couponenti0_.company_entity_id as company_9_1_,
        couponenti0_.description as descript4_1_,
        couponenti0_.end_date as end_date5_1_,
        couponenti0_.price as price6_1_,
        couponenti0_.start_date as start_da7_1_,
        couponenti0_.title as title8_1_ 
    from
        coupons couponenti0_
2022-09-29 12:01:01 [http-nio-8080-exec-4] DEBUG:
    select
        companyent0_.id as id1_0_0_,
        companyent0_.address as address2_0_0_,
        companyent0_.name as name3_0_0_,
        companyent0_.phone_number as phone_nu4_0_0_ 
    from
        companies companyent0_ 
    where
        companyent0_.id=?
2022-09-29 12:01:01 [http-nio-8080-exec-4] TRACE:binding parameter [1] as [BIGINT] - [1]
2022-09-29 12:39:16 [http-nio-8080-exec-5] DEBUG:
    select
        couponenti0_.id as id1_1_,
        couponenti0_.amount as amount2_1_,
        couponenti0_.category as category3_1_,
        couponenti0_.company_entity_id as company_9_1_,
        couponenti0_.description as descript4_1_,
        couponenti0_.end_date as end_date5_1_,
        couponenti0_.price as price6_1_,
        couponenti0_.start_date as start_da7_1_,
        couponenti0_.title as title8_1_ 
    from
        coupons couponenti0_
2022-09-29 12:39:16 [http-nio-8080-exec-5] DEBUG:
    select
        companyent0_.id as id1_0_0_,
        companyent0_.address as address2_0_0_,
        companyent0_.name as name3_0_0_,
        companyent0_.phone_number as phone_nu4_0_0_ 
    from
        companies companyent0_ 
    where
        companyent0_.id=?
2022-09-29 12:39:16 [http-nio-8080-exec-5] TRACE:binding parameter [1] as [BIGINT] - [1]
2022-09-29 12:39:16 [http-nio-8080-exec-6] DEBUG:
    select
        couponenti0_.id as id1_1_,
        couponenti0_.amount as amount2_1_,
        couponenti0_.category as category3_1_,
        couponenti0_.company_entity_id as company_9_1_,
        couponenti0_.description as descript4_1_,
        couponenti0_.end_date as end_date5_1_,
        couponenti0_.price as price6_1_,
        couponenti0_.start_date as start_da7_1_,
        couponenti0_.title as title8_1_ 
    from
        coupons couponenti0_
2022-09-29 12:39:16 [http-nio-8080-exec-6] DEBUG:
    select
        companyent0_.id as id1_0_0_,
        companyent0_.address as address2_0_0_,
        companyent0_.name as name3_0_0_,
        companyent0_.phone_number as phone_nu4_0_0_ 
    from
        companies companyent0_ 
    where
        companyent0_.id=?
2022-09-29 12:39:16 [http-nio-8080-exec-6] TRACE:binding parameter [1] as [BIGINT] - [1]
2022-09-29 12:44:17 [http-nio-8080-exec-9] DEBUG:
    select
        couponenti0_.id as id1_1_,
        couponenti0_.amount as amount2_1_,
        couponenti0_.category as category3_1_,
        couponenti0_.company_entity_id as company_9_1_,
        couponenti0_.description as descript4_1_,
        couponenti0_.end_date as end_date5_1_,
        couponenti0_.price as price6_1_,
        couponenti0_.start_date as start_da7_1_,
        couponenti0_.title as title8_1_ 
    from
        coupons couponenti0_
2022-09-29 12:44:17 [http-nio-8080-exec-9] DEBUG:
    select
        companyent0_.id as id1_0_0_,
        companyent0_.address as address2_0_0_,
        companyent0_.name as name3_0_0_,
        companyent0_.phone_number as phone_nu4_0_0_ 
    from
        companies companyent0_ 
    where
        companyent0_.id=?
2022-09-29 12:44:17 [http-nio-8080-exec-9] TRACE:binding parameter [1] as [BIGINT] - [1]
2022-09-29 12:44:17 [http-nio-8080-exec-10] DEBUG:
    select
        couponenti0_.id as id1_1_,
        couponenti0_.amount as amount2_1_,
        couponenti0_.category as category3_1_,
        couponenti0_.company_entity_id as company_9_1_,
        couponenti0_.description as descript4_1_,
        couponenti0_.end_date as end_date5_1_,
        couponenti0_.price as price6_1_,
        couponenti0_.start_date as start_da7_1_,
        couponenti0_.title as title8_1_ 
    from
        coupons couponenti0_
2022-09-29 12:44:17 [http-nio-8080-exec-10] DEBUG:
    select
        companyent0_.id as id1_0_0_,
        companyent0_.address as address2_0_0_,
        companyent0_.name as name3_0_0_,
        companyent0_.phone_number as phone_nu4_0_0_ 
    from
        companies companyent0_ 
    where
        companyent0_.id=?
2022-09-29 12:44:17 [http-nio-8080-exec-10] TRACE:binding parameter [1] as [BIGINT] - [1]
2022-09-29 12:48:19 [http-nio-8080-exec-4] DEBUG:
    select
        couponenti0_.id as id1_1_,
        couponenti0_.amount as amount2_1_,
        couponenti0_.category as category3_1_,
        couponenti0_.company_entity_id as company_9_1_,
        couponenti0_.description as descript4_1_,
        couponenti0_.end_date as end_date5_1_,
        couponenti0_.price as price6_1_,
        couponenti0_.start_date as start_da7_1_,
        couponenti0_.title as title8_1_ 
    from
        coupons couponenti0_
2022-09-29 12:48:19 [http-nio-8080-exec-4] DEBUG:
    select
        companyent0_.id as id1_0_0_,
        companyent0_.address as address2_0_0_,
        companyent0_.name as name3_0_0_,
        companyent0_.phone_number as phone_nu4_0_0_ 
    from
        companies companyent0_ 
    where
        companyent0_.id=?
2022-09-29 12:48:19 [http-nio-8080-exec-4] TRACE:binding parameter [1] as [BIGINT] - [1]
2022-09-29 12:48:19 [http-nio-8080-exec-2] DEBUG:
    select
        couponenti0_.id as id1_1_,
        couponenti0_.amount as amount2_1_,
        couponenti0_.category as category3_1_,
        couponenti0_.company_entity_id as company_9_1_,
        couponenti0_.description as descript4_1_,
        couponenti0_.end_date as end_date5_1_,
        couponenti0_.price as price6_1_,
        couponenti0_.start_date as start_da7_1_,
        couponenti0_.title as title8_1_ 
    from
        coupons couponenti0_
2022-09-29 12:48:19 [http-nio-8080-exec-2] DEBUG:
    select
        companyent0_.id as id1_0_0_,
        companyent0_.address as address2_0_0_,
        companyent0_.name as name3_0_0_,
        companyent0_.phone_number as phone_nu4_0_0_ 
    from
        companies companyent0_ 
    where
        companyent0_.id=?
2022-09-29 12:48:19 [http-nio-8080-exec-2] TRACE:binding parameter [1] as [BIGINT] - [1]
2022-09-29 12:49:15 [http-nio-8080-exec-1] DEBUG:
    select
        couponenti0_.id as id1_1_,
        couponenti0_.amount as amount2_1_,
        couponenti0_.category as category3_1_,
        couponenti0_.company_entity_id as company_9_1_,
        couponenti0_.description as descript4_1_,
        couponenti0_.end_date as end_date5_1_,
        couponenti0_.price as price6_1_,
        couponenti0_.start_date as start_da7_1_,
        couponenti0_.title as title8_1_ 
    from
        coupons couponenti0_
2022-09-29 12:49:16 [http-nio-8080-exec-1] DEBUG:
    select
        companyent0_.id as id1_0_0_,
        companyent0_.address as address2_0_0_,
        companyent0_.name as name3_0_0_,
        companyent0_.phone_number as phone_nu4_0_0_ 
    from
        companies companyent0_ 
    where
        companyent0_.id=?
2022-09-29 12:49:16 [http-nio-8080-exec-1] TRACE:binding parameter [1] as [BIGINT] - [1]
2022-09-29 12:49:16 [http-nio-8080-exec-5] DEBUG:
    select
        couponenti0_.id as id1_1_,
        couponenti0_.amount as amount2_1_,
        couponenti0_.category as category3_1_,
        couponenti0_.company_entity_id as company_9_1_,
        couponenti0_.description as descript4_1_,
        couponenti0_.end_date as end_date5_1_,
        couponenti0_.price as price6_1_,
        couponenti0_.start_date as start_da7_1_,
        couponenti0_.title as title8_1_ 
    from
        coupons couponenti0_
2022-09-29 12:49:16 [http-nio-8080-exec-5] DEBUG:
    select
        companyent0_.id as id1_0_0_,
        companyent0_.address as address2_0_0_,
        companyent0_.name as name3_0_0_,
        companyent0_.phone_number as phone_nu4_0_0_ 
    from
        companies companyent0_ 
    where
        companyent0_.id=?
2022-09-29 12:49:16 [http-nio-8080-exec-5] TRACE:binding parameter [1] as [BIGINT] - [1]
2022-09-29 12:49:37 [http-nio-8080-exec-6] DEBUG:
    select
        couponenti0_.id as id1_1_,
        couponenti0_.amount as amount2_1_,
        couponenti0_.category as category3_1_,
        couponenti0_.company_entity_id as company_9_1_,
        couponenti0_.description as descript4_1_,
        couponenti0_.end_date as end_date5_1_,
        couponenti0_.price as price6_1_,
        couponenti0_.start_date as start_da7_1_,
        couponenti0_.title as title8_1_ 
    from
        coupons couponenti0_
2022-09-29 12:49:37 [http-nio-8080-exec-6] DEBUG:
    select
        companyent0_.id as id1_0_0_,
        companyent0_.address as address2_0_0_,
        companyent0_.name as name3_0_0_,
        companyent0_.phone_number as phone_nu4_0_0_ 
    from
        companies companyent0_ 
    where
        companyent0_.id=?
2022-09-29 12:49:37 [http-nio-8080-exec-6] TRACE:binding parameter [1] as [BIGINT] - [1]
2022-09-29 12:49:37 [http-nio-8080-exec-8] DEBUG:
    select
        couponenti0_.id as id1_1_,
        couponenti0_.amount as amount2_1_,
        couponenti0_.category as category3_1_,
        couponenti0_.company_entity_id as company_9_1_,
        couponenti0_.description as descript4_1_,
        couponenti0_.end_date as end_date5_1_,
        couponenti0_.price as price6_1_,
        couponenti0_.start_date as start_da7_1_,
        couponenti0_.title as title8_1_ 
    from
        coupons couponenti0_
2022-09-29 12:49:37 [http-nio-8080-exec-8] DEBUG:
    select
        companyent0_.id as id1_0_0_,
        companyent0_.address as address2_0_0_,
        companyent0_.name as name3_0_0_,
        companyent0_.phone_number as phone_nu4_0_0_ 
    from
        companies companyent0_ 
    where
        companyent0_.id=?
2022-09-29 12:49:37 [http-nio-8080-exec-8] TRACE:binding parameter [1] as [BIGINT] - [1]
2022-09-29 12:54:20 [http-nio-8080-exec-10] DEBUG:
    select
        couponenti0_.id as id1_1_,
        couponenti0_.amount as amount2_1_,
        couponenti0_.category as category3_1_,
        couponenti0_.company_entity_id as company_9_1_,
        couponenti0_.description as descript4_1_,
        couponenti0_.end_date as end_date5_1_,
        couponenti0_.price as price6_1_,
        couponenti0_.start_date as start_da7_1_,
        couponenti0_.title as title8_1_ 
    from
        coupons couponenti0_
2022-09-29 12:54:20 [http-nio-8080-exec-10] DEBUG:
    select
        companyent0_.id as id1_0_0_,
        companyent0_.address as address2_0_0_,
        companyent0_.name as name3_0_0_,
        companyent0_.phone_number as phone_nu4_0_0_ 
    from
        companies companyent0_ 
    where
        companyent0_.id=?
2022-09-29 12:54:20 [http-nio-8080-exec-10] TRACE:binding parameter [1] as [BIGINT] - [1]
2022-09-29 12:54:20 [http-nio-8080-exec-3] DEBUG:
    select
        couponenti0_.id as id1_1_,
        couponenti0_.amount as amount2_1_,
        couponenti0_.category as category3_1_,
        couponenti0_.company_entity_id as company_9_1_,
        couponenti0_.description as descript4_1_,
        couponenti0_.end_date as end_date5_1_,
        couponenti0_.price as price6_1_,
        couponenti0_.start_date as start_da7_1_,
        couponenti0_.title as title8_1_ 
    from
        coupons couponenti0_
2022-09-29 12:54:20 [http-nio-8080-exec-3] DEBUG:
    select
        companyent0_.id as id1_0_0_,
        companyent0_.address as address2_0_0_,
        companyent0_.name as name3_0_0_,
        companyent0_.phone_number as phone_nu4_0_0_ 
    from
        companies companyent0_ 
    where
        companyent0_.id=?
2022-09-29 12:54:20 [http-nio-8080-exec-3] TRACE:binding parameter [1] as [BIGINT] - [1]
2022-09-29 12:55:15 [http-nio-8080-exec-4] DEBUG:
    select
        couponenti0_.id as id1_1_,
        couponenti0_.amount as amount2_1_,
        couponenti0_.category as category3_1_,
        couponenti0_.company_entity_id as company_9_1_,
        couponenti0_.description as descript4_1_,
        couponenti0_.end_date as end_date5_1_,
        couponenti0_.price as price6_1_,
        couponenti0_.start_date as start_da7_1_,
        couponenti0_.title as title8_1_ 
    from
        coupons couponenti0_
2022-09-29 12:55:15 [http-nio-8080-exec-4] DEBUG:
    select
        companyent0_.id as id1_0_0_,
        companyent0_.address as address2_0_0_,
        companyent0_.name as name3_0_0_,
        companyent0_.phone_number as phone_nu4_0_0_ 
    from
        companies companyent0_ 
    where
        companyent0_.id=?
2022-09-29 12:55:15 [http-nio-8080-exec-4] TRACE:binding parameter [1] as [BIGINT] - [1]
2022-09-29 12:55:15 [http-nio-8080-exec-4] DEBUG:
    select
        couponenti0_.id as id1_1_,
        couponenti0_.amount as amount2_1_,
        couponenti0_.category as category3_1_,
        couponenti0_.company_entity_id as company_9_1_,
        couponenti0_.description as descript4_1_,
        couponenti0_.end_date as end_date5_1_,
        couponenti0_.price as price6_1_,
        couponenti0_.start_date as start_da7_1_,
        couponenti0_.title as title8_1_ 
    from
        coupons couponenti0_
2022-09-29 12:55:15 [http-nio-8080-exec-4] DEBUG:
    select
        companyent0_.id as id1_0_0_,
        companyent0_.address as address2_0_0_,
        companyent0_.name as name3_0_0_,
        companyent0_.phone_number as phone_nu4_0_0_ 
    from
        companies companyent0_ 
    where
        companyent0_.id=?
2022-09-29 12:55:15 [http-nio-8080-exec-4] TRACE:binding parameter [1] as [BIGINT] - [1]
2022-09-29 13:39:49 [http-nio-8080-exec-6] DEBUG:
    select
        couponenti0_.id as id1_1_,
        couponenti0_.amount as amount2_1_,
        couponenti0_.category as category3_1_,
        couponenti0_.company_entity_id as company_9_1_,
        couponenti0_.description as descript4_1_,
        couponenti0_.end_date as end_date5_1_,
        couponenti0_.price as price6_1_,
        couponenti0_.start_date as start_da7_1_,
        couponenti0_.title as title8_1_ 
    from
        coupons couponenti0_
2022-09-29 13:39:49 [http-nio-8080-exec-6] DEBUG:
    select
        companyent0_.id as id1_0_0_,
        companyent0_.address as address2_0_0_,
        companyent0_.name as name3_0_0_,
        companyent0_.phone_number as phone_nu4_0_0_ 
    from
        companies companyent0_ 
    where
        companyent0_.id=?
2022-09-29 13:39:49 [http-nio-8080-exec-6] TRACE:binding parameter [1] as [BIGINT] - [1]
2022-09-29 13:39:49 [http-nio-8080-exec-8] DEBUG:
    select
        couponenti0_.id as id1_1_,
        couponenti0_.amount as amount2_1_,
        couponenti0_.category as category3_1_,
        couponenti0_.company_entity_id as company_9_1_,
        couponenti0_.description as descript4_1_,
        couponenti0_.end_date as end_date5_1_,
        couponenti0_.price as price6_1_,
        couponenti0_.start_date as start_da7_1_,
        couponenti0_.title as title8_1_ 
    from
        coupons couponenti0_
2022-09-29 13:39:49 [http-nio-8080-exec-8] DEBUG:
    select
        companyent0_.id as id1_0_0_,
        companyent0_.address as address2_0_0_,
        companyent0_.name as name3_0_0_,
        companyent0_.phone_number as phone_nu4_0_0_ 
    from
        companies companyent0_ 
    where
        companyent0_.id=?
2022-09-29 13:39:49 [http-nio-8080-exec-8] TRACE:binding parameter [1] as [BIGINT] - [1]
2022-09-29 13:51:10 [http-nio-8080-exec-10] DEBUG:
    select
        couponenti0_.id as id1_1_,
        couponenti0_.amount as amount2_1_,
        couponenti0_.category as category3_1_,
        couponenti0_.company_entity_id as company_9_1_,
        couponenti0_.description as descript4_1_,
        couponenti0_.end_date as end_date5_1_,
        couponenti0_.price as price6_1_,
        couponenti0_.start_date as start_da7_1_,
        couponenti0_.title as title8_1_ 
    from
        coupons couponenti0_
2022-09-29 13:51:10 [http-nio-8080-exec-10] DEBUG:
    select
        companyent0_.id as id1_0_0_,
        companyent0_.address as address2_0_0_,
        companyent0_.name as name3_0_0_,
        companyent0_.phone_number as phone_nu4_0_0_ 
    from
        companies companyent0_ 
    where
        companyent0_.id=?
2022-09-29 13:51:10 [http-nio-8080-exec-10] TRACE:binding parameter [1] as [BIGINT] - [1]
2022-09-29 13:51:10 [http-nio-8080-exec-3] DEBUG:
    select
        couponenti0_.id as id1_1_,
        couponenti0_.amount as amount2_1_,
        couponenti0_.category as category3_1_,
        couponenti0_.company_entity_id as company_9_1_,
        couponenti0_.description as descript4_1_,
        couponenti0_.end_date as end_date5_1_,
        couponenti0_.price as price6_1_,
        couponenti0_.start_date as start_da7_1_,
        couponenti0_.title as title8_1_ 
    from
        coupons couponenti0_
2022-09-29 13:51:10 [http-nio-8080-exec-3] DEBUG:
    select
        companyent0_.id as id1_0_0_,
        companyent0_.address as address2_0_0_,
        companyent0_.name as name3_0_0_,
        companyent0_.phone_number as phone_nu4_0_0_ 
    from
        companies companyent0_ 
    where
        companyent0_.id=?
2022-09-29 13:51:10 [http-nio-8080-exec-3] TRACE:binding parameter [1] as [BIGINT] - [1]
2022-09-29 13:51:53 [http-nio-8080-exec-2] DEBUG:
    select
        couponenti0_.id as id1_1_,
        couponenti0_.amount as amount2_1_,
        couponenti0_.category as category3_1_,
        couponenti0_.company_entity_id as company_9_1_,
        couponenti0_.description as descript4_1_,
        couponenti0_.end_date as end_date5_1_,
        couponenti0_.price as price6_1_,
        couponenti0_.start_date as start_da7_1_,
        couponenti0_.title as title8_1_ 
    from
        coupons couponenti0_
2022-09-29 13:51:53 [http-nio-8080-exec-2] DEBUG:
    select
        companyent0_.id as id1_0_0_,
        companyent0_.address as address2_0_0_,
        companyent0_.name as name3_0_0_,
        companyent0_.phone_number as phone_nu4_0_0_ 
    from
        companies companyent0_ 
    where
        companyent0_.id=?
2022-09-29 13:51:53 [http-nio-8080-exec-2] TRACE:binding parameter [1] as [BIGINT] - [1]
2022-09-29 13:51:53 [http-nio-8080-exec-4] DEBUG:
    select
        couponenti0_.id as id1_1_,
        couponenti0_.amount as amount2_1_,
        couponenti0_.category as category3_1_,
        couponenti0_.company_entity_id as company_9_1_,
        couponenti0_.description as descript4_1_,
        couponenti0_.end_date as end_date5_1_,
        couponenti0_.price as price6_1_,
        couponenti0_.start_date as start_da7_1_,
        couponenti0_.title as title8_1_ 
    from
        coupons couponenti0_
2022-09-29 13:51:53 [http-nio-8080-exec-4] DEBUG:
    select
        companyent0_.id as id1_0_0_,
        companyent0_.address as address2_0_0_,
        companyent0_.name as name3_0_0_,
        companyent0_.phone_number as phone_nu4_0_0_ 
    from
        companies companyent0_ 
    where
        companyent0_.id=?
2022-09-29 13:51:53 [http-nio-8080-exec-4] TRACE:binding parameter [1] as [BIGINT] - [1]
2022-09-29 13:53:20 [http-nio-8080-exec-6] DEBUG:
    select
        couponenti0_.id as id1_1_,
        couponenti0_.amount as amount2_1_,
        couponenti0_.category as category3_1_,
        couponenti0_.company_entity_id as company_9_1_,
        couponenti0_.description as descript4_1_,
        couponenti0_.end_date as end_date5_1_,
        couponenti0_.price as price6_1_,
        couponenti0_.start_date as start_da7_1_,
        couponenti0_.title as title8_1_ 
    from
        coupons couponenti0_
2022-09-29 13:53:20 [http-nio-8080-exec-6] DEBUG:
    select
        companyent0_.id as id1_0_0_,
        companyent0_.address as address2_0_0_,
        companyent0_.name as name3_0_0_,
        companyent0_.phone_number as phone_nu4_0_0_ 
    from
        companies companyent0_ 
    where
        companyent0_.id=?
2022-09-29 13:53:20 [http-nio-8080-exec-6] TRACE:binding parameter [1] as [BIGINT] - [1]
2022-09-29 13:53:20 [http-nio-8080-exec-8] DEBUG:
    select
        couponenti0_.id as id1_1_,
        couponenti0_.amount as amount2_1_,
        couponenti0_.category as category3_1_,
        couponenti0_.company_entity_id as company_9_1_,
        couponenti0_.description as descript4_1_,
        couponenti0_.end_date as end_date5_1_,
        couponenti0_.price as price6_1_,
        couponenti0_.start_date as start_da7_1_,
        couponenti0_.title as title8_1_ 
    from
        coupons couponenti0_
2022-09-29 13:53:20 [http-nio-8080-exec-8] DEBUG:
    select
        companyent0_.id as id1_0_0_,
        companyent0_.address as address2_0_0_,
        companyent0_.name as name3_0_0_,
        companyent0_.phone_number as phone_nu4_0_0_ 
    from
        companies companyent0_ 
    where
        companyent0_.id=?
2022-09-29 13:53:20 [http-nio-8080-exec-8] TRACE:binding parameter [1] as [BIGINT] - [1]
2022-09-29 14:19:42 [http-nio-8080-exec-10] DEBUG:
    select
        couponenti0_.id as id1_1_,
        couponenti0_.amount as amount2_1_,
        couponenti0_.category as category3_1_,
        couponenti0_.company_entity_id as company_9_1_,
        couponenti0_.description as descript4_1_,
        couponenti0_.end_date as end_date5_1_,
        couponenti0_.price as price6_1_,
        couponenti0_.start_date as start_da7_1_,
        couponenti0_.title as title8_1_ 
    from
        coupons couponenti0_
2022-09-29 14:19:42 [http-nio-8080-exec-10] DEBUG:
    select
        companyent0_.id as id1_0_0_,
        companyent0_.address as address2_0_0_,
        companyent0_.name as name3_0_0_,
        companyent0_.phone_number as phone_nu4_0_0_ 
    from
        companies companyent0_ 
    where
        companyent0_.id=?
2022-09-29 14:19:42 [http-nio-8080-exec-10] TRACE:binding parameter [1] as [BIGINT] - [1]
2022-09-29 14:19:42 [http-nio-8080-exec-3] DEBUG:
    select
        couponenti0_.id as id1_1_,
        couponenti0_.amount as amount2_1_,
        couponenti0_.category as category3_1_,
        couponenti0_.company_entity_id as company_9_1_,
        couponenti0_.description as descript4_1_,
        couponenti0_.end_date as end_date5_1_,
        couponenti0_.price as price6_1_,
        couponenti0_.start_date as start_da7_1_,
        couponenti0_.title as title8_1_ 
    from
        coupons couponenti0_
2022-09-29 14:19:42 [http-nio-8080-exec-3] DEBUG:
    select
        companyent0_.id as id1_0_0_,
        companyent0_.address as address2_0_0_,
        companyent0_.name as name3_0_0_,
        companyent0_.phone_number as phone_nu4_0_0_ 
    from
        companies companyent0_ 
    where
        companyent0_.id=?
2022-09-29 14:19:42 [http-nio-8080-exec-3] TRACE:binding parameter [1] as [BIGINT] - [1]
2022-09-29 14:19:53 [http-nio-8080-exec-2] DEBUG:
    select
        couponenti0_.id as id1_1_,
        couponenti0_.amount as amount2_1_,
        couponenti0_.category as category3_1_,
        couponenti0_.company_entity_id as company_9_1_,
        couponenti0_.description as descript4_1_,
        couponenti0_.end_date as end_date5_1_,
        couponenti0_.price as price6_1_,
        couponenti0_.start_date as start_da7_1_,
        couponenti0_.title as title8_1_ 
    from
        coupons couponenti0_
2022-09-29 14:19:53 [http-nio-8080-exec-2] DEBUG:
    select
        companyent0_.id as id1_0_0_,
        companyent0_.address as address2_0_0_,
        companyent0_.name as name3_0_0_,
        companyent0_.phone_number as phone_nu4_0_0_ 
    from
        companies companyent0_ 
    where
        companyent0_.id=?
2022-09-29 14:19:53 [http-nio-8080-exec-2] TRACE:binding parameter [1] as [BIGINT] - [1]
2022-09-29 14:19:53 [http-nio-8080-exec-4] DEBUG:
    select
        couponenti0_.id as id1_1_,
        couponenti0_.amount as amount2_1_,
        couponenti0_.category as category3_1_,
        couponenti0_.company_entity_id as company_9_1_,
        couponenti0_.description as descript4_1_,
        couponenti0_.end_date as end_date5_1_,
        couponenti0_.price as price6_1_,
        couponenti0_.start_date as start_da7_1_,
        couponenti0_.title as title8_1_ 
    from
        coupons couponenti0_
2022-09-29 14:19:53 [http-nio-8080-exec-4] DEBUG:
    select
        companyent0_.id as id1_0_0_,
        companyent0_.address as address2_0_0_,
        companyent0_.name as name3_0_0_,
        companyent0_.phone_number as phone_nu4_0_0_ 
    from
        companies companyent0_ 
    where
        companyent0_.id=?
2022-09-29 14:19:53 [http-nio-8080-exec-4] TRACE:binding parameter [1] as [BIGINT] - [1]
2022-09-29 14:25:01 [http-nio-8080-exec-6] DEBUG:
    select
        couponenti0_.id as id1_1_,
        couponenti0_.amount as amount2_1_,
        couponenti0_.category as category3_1_,
        couponenti0_.company_entity_id as company_9_1_,
        couponenti0_.description as descript4_1_,
        couponenti0_.end_date as end_date5_1_,
        couponenti0_.price as price6_1_,
        couponenti0_.start_date as start_da7_1_,
        couponenti0_.title as title8_1_ 
    from
        coupons couponenti0_
2022-09-29 14:25:01 [http-nio-8080-exec-6] DEBUG:
    select
        companyent0_.id as id1_0_0_,
        companyent0_.address as address2_0_0_,
        companyent0_.name as name3_0_0_,
        companyent0_.phone_number as phone_nu4_0_0_ 
    from
        companies companyent0_ 
    where
        companyent0_.id=?
2022-09-29 14:25:01 [http-nio-8080-exec-6] TRACE:binding parameter [1] as [BIGINT] - [1]
2022-09-29 14:25:01 [http-nio-8080-exec-8] DEBUG:
    select
        couponenti0_.id as id1_1_,
        couponenti0_.amount as amount2_1_,
        couponenti0_.category as category3_1_,
        couponenti0_.company_entity_id as company_9_1_,
        couponenti0_.description as descript4_1_,
        couponenti0_.end_date as end_date5_1_,
        couponenti0_.price as price6_1_,
        couponenti0_.start_date as start_da7_1_,
        couponenti0_.title as title8_1_ 
    from
        coupons couponenti0_
2022-09-29 14:25:01 [http-nio-8080-exec-8] DEBUG:
    select
        companyent0_.id as id1_0_0_,
        companyent0_.address as address2_0_0_,
        companyent0_.name as name3_0_0_,
        companyent0_.phone_number as phone_nu4_0_0_ 
    from
        companies companyent0_ 
    where
        companyent0_.id=?
2022-09-29 14:25:01 [http-nio-8080-exec-8] TRACE:binding parameter [1] as [BIGINT] - [1]
2022-09-29 14:25:14 [http-nio-8080-exec-9] DEBUG:
    select
        couponenti0_.id as id1_1_,
        couponenti0_.amount as amount2_1_,
        couponenti0_.category as category3_1_,
        couponenti0_.company_entity_id as company_9_1_,
        couponenti0_.description as descript4_1_,
        couponenti0_.end_date as end_date5_1_,
        couponenti0_.price as price6_1_,
        couponenti0_.start_date as start_da7_1_,
        couponenti0_.title as title8_1_ 
    from
        coupons couponenti0_
2022-09-29 14:25:14 [http-nio-8080-exec-9] DEBUG:
    select
        companyent0_.id as id1_0_0_,
        companyent0_.address as address2_0_0_,
        companyent0_.name as name3_0_0_,
        companyent0_.phone_number as phone_nu4_0_0_ 
    from
        companies companyent0_ 
    where
        companyent0_.id=?
2022-09-29 14:25:14 [http-nio-8080-exec-9] TRACE:binding parameter [1] as [BIGINT] - [1]
2022-09-29 14:25:14 [http-nio-8080-exec-7] DEBUG:
    select
        couponenti0_.id as id1_1_,
        couponenti0_.amount as amount2_1_,
        couponenti0_.category as category3_1_,
        couponenti0_.company_entity_id as company_9_1_,
        couponenti0_.description as descript4_1_,
        couponenti0_.end_date as end_date5_1_,
        couponenti0_.price as price6_1_,
        couponenti0_.start_date as start_da7_1_,
        couponenti0_.title as title8_1_ 
    from
        coupons couponenti0_
2022-09-29 14:25:14 [http-nio-8080-exec-7] DEBUG:
    select
        companyent0_.id as id1_0_0_,
        companyent0_.address as address2_0_0_,
        companyent0_.name as name3_0_0_,
        companyent0_.phone_number as phone_nu4_0_0_ 
    from
        companies companyent0_ 
    where
        companyent0_.id=?
2022-09-29 14:25:14 [http-nio-8080-exec-7] TRACE:binding parameter [1] as [BIGINT] - [1]
2022-09-29 14:45:22 [HikariPool-1 housekeeper] WARN :HikariPool-1 - Thread starvation or clock leap detected (housekeeper delta=5m28s587ms).
2022-09-29 14:50:50 [HikariPool-1 housekeeper] WARN :HikariPool-1 - Thread starvation or clock leap detected (housekeeper delta=5m28s735ms).
2022-09-29 14:53:41 [HikariPool-1 housekeeper] WARN :HikariPool-1 - Thread starvation or clock leap detected (housekeeper delta=1m14s477ms).
2022-09-29 14:54:40 [HikariPool-1 housekeeper] WARN :HikariPool-1 - Thread starvation or clock leap detected (housekeeper delta=58s895ms).
2022-09-29 14:57:57 [HikariPool-1 housekeeper] WARN :HikariPool-1 - Thread starvation or clock leap detected (housekeeper delta=47s185ms).
2022-09-29 16:05:08 [HikariPool-1 housekeeper] WARN :HikariPool-1 - Thread starvation or clock leap detected (housekeeper delta=5m9s667ms).
2022-09-29 16:24:49 [HikariPool-1 housekeeper] WARN :HikariPool-1 - Thread starvation or clock leap detected (housekeeper delta=16m11s358ms).
2022-09-29 17:10:37 [HikariPool-1 housekeeper] WARN :HikariPool-1 - Thread starvation or clock leap detected (housekeeper delta=8m46s730ms).
2022-09-29 17:12:13 [HikariPool-1 housekeeper] WARN :HikariPool-1 - Thread starvation or clock leap detected (housekeeper delta=1m35s993ms).
2022-09-29 17:18:51 [HikariPool-1 housekeeper] WARN :HikariPool-1 - Thread starvation or clock leap detected (housekeeper delta=6m8s729ms).
2022-09-29 17:33:28 [HikariPool-1 housekeeper] WARN :HikariPool-1 - Thread starvation or clock leap detected (housekeeper delta=10m36s400ms).
2022-09-29 17:50:01 [HikariPool-1 housekeeper] WARN :HikariPool-1 - Thread starvation or clock leap detected (housekeeper delta=16m33s367ms).
2022-09-29 18:06:40 [HikariPool-1 housekeeper] WARN :HikariPool-1 - Thread starvation or clock leap detected (housekeeper delta=16m8s643ms).
2022-09-29 18:07:26 [HikariPool-1 housekeeper] WARN :HikariPool-1 - Thread starvation or clock leap detected (housekeeper delta=45s893ms).
2022-09-29 18:09:33 [HikariPool-1 housekeeper] WARN :HikariPool-1 - Thread starvation or clock leap detected (housekeeper delta=1m37s309ms).
2022-09-29 18:25:05 [HikariPool-1 housekeeper] WARN :HikariPool-1 - Thread starvation or clock leap detected (housekeeper delta=15m31s587ms).
2022-09-29 18:45:41 [HikariPool-1 housekeeper] WARN :HikariPool-1 - Thread starvation or clock leap detected (housekeeper delta=16m36s217ms).
2022-09-29 20:01:04 [HikariPool-1 housekeeper] WARN :HikariPool-1 - Thread starvation or clock leap detected (housekeeper delta=15m52s31ms).
2022-09-29 20:19:57 [HikariPool-1 housekeeper] WARN :HikariPool-1 - Thread starvation or clock leap detected (housekeeper delta=16m23s246ms).
2022-09-29 20:37:34 [HikariPool-1 housekeeper] WARN :HikariPool-1 - Thread starvation or clock leap detected (housekeeper delta=17m6s594ms).
2022-09-29 21:53:19 [HikariPool-1 housekeeper] WARN :HikariPool-1 - Thread starvation or clock leap detected (housekeeper delta=16m14s6ms).
2022-09-29 22:10:25 [HikariPool-1 housekeeper] WARN :HikariPool-1 - Thread starvation or clock leap detected (housekeeper delta=16m36s730ms).
2022-09-29 22:26:37 [HikariPool-1 housekeeper] WARN :HikariPool-1 - Thread starvation or clock leap detected (housekeeper delta=15m41s887ms).
2022-09-29 23:30:43 [HikariPool-1 housekeeper] WARN :HikariPool-1 - Thread starvation or clock leap detected (housekeeper delta=4m5s229ms).
2022-09-29 23:31:45 [HikariPool-1 housekeeper] WARN :HikariPool-1 - Thread starvation or clock leap detected (housekeeper delta=1m1s786ms).
2022-09-29 23:53:17 [HikariPool-1 housekeeper] WARN :HikariPool-1 - Thread starvation or clock leap detected (housekeeper delta=17m31s801ms).
