2022-12-29 00:00:41 [HikariPool-1 housekeeper] WARN :HikariPool-1 - Thread starvation or clock leap detected (housekeeper delta=7m58s542ms).
2022-12-29 00:16:42 [HikariPool-1 housekeeper] WARN :HikariPool-1 - Thread starvation or clock leap detected (housekeeper delta=15m30s748ms).
2022-12-29 00:33:27 [HikariPool-1 housekeeper] WARN :HikariPool-1 - Thread starvation or clock leap detected (housekeeper delta=15m14s943ms).
2022-12-29 00:36:07 [HikariPool-1 housekeeper] WARN :HikariPool-1 - Thread starvation or clock leap detected (housekeeper delta=2m9s859ms).
2022-12-29 00:52:05 [HikariPool-1 housekeeper] WARN :HikariPool-1 - Thread starvation or clock leap detected (housekeeper delta=15m58s20ms).
2022-12-29 01:09:29 [HikariPool-1 housekeeper] WARN :HikariPool-1 - Thread starvation or clock leap detected (housekeeper delta=16m53s813ms).
2022-12-29 01:26:54 [HikariPool-1 housekeeper] WARN :HikariPool-1 - Thread starvation or clock leap detected (housekeeper delta=16m54s908ms).
2022-12-29 01:42:34 [HikariPool-1 housekeeper] WARN :HikariPool-1 - Thread starvation or clock leap detected (housekeeper delta=15m40s902ms).
2022-12-29 01:58:53 [HikariPool-1 housekeeper] WARN :HikariPool-1 - Thread starvation or clock leap detected (housekeeper delta=15m48s894ms).
2022-12-29 02:19:25 [HikariPool-1 housekeeper] WARN :HikariPool-1 - Thread starvation or clock leap detected (housekeeper delta=17m31s437ms).
2022-12-29 02:36:14 [HikariPool-1 housekeeper] WARN :HikariPool-1 - Thread starvation or clock leap detected (housekeeper delta=16m18s859ms).
2022-12-29 02:42:38 [HikariPool-1 housekeeper] WARN :HikariPool-1 - Thread starvation or clock leap detected (housekeeper delta=3m24s622ms).
2022-12-29 02:58:37 [HikariPool-1 housekeeper] WARN :HikariPool-1 - Thread starvation or clock leap detected (housekeeper delta=15m28s572ms).
2022-12-29 03:13:22 [HikariPool-1 housekeeper] WARN :HikariPool-1 - Thread starvation or clock leap detected (housekeeper delta=14m14s789ms).
2022-12-29 03:30:03 [HikariPool-1 housekeeper] WARN :HikariPool-1 - Thread starvation or clock leap detected (housekeeper delta=16m10s980ms).
2022-12-29 03:34:52 [HikariPool-1 housekeeper] WARN :HikariPool-1 - Thread starvation or clock leap detected (housekeeper delta=4m49s648ms).
2022-12-29 03:55:01 [HikariPool-1 housekeeper] WARN :HikariPool-1 - Thread starvation or clock leap detected (housekeeper delta=16m38s144ms).
2022-12-29 04:11:46 [HikariPool-1 housekeeper] WARN :HikariPool-1 - Thread starvation or clock leap detected (housekeeper delta=16m45s912ms).
2022-12-29 04:29:37 [HikariPool-1 housekeeper] WARN :HikariPool-1 - Thread starvation or clock leap detected (housekeeper delta=17m20s60ms).
2022-12-29 04:45:56 [HikariPool-1 housekeeper] WARN :HikariPool-1 - Thread starvation or clock leap detected (housekeeper delta=15m48s965ms).
2022-12-29 05:01:49 [HikariPool-1 housekeeper] WARN :HikariPool-1 - Thread starvation or clock leap detected (housekeeper delta=15m53s920ms).
2022-12-29 05:18:17 [HikariPool-1 housekeeper] WARN :HikariPool-1 - Thread starvation or clock leap detected (housekeeper delta=15m57s876ms).
2022-12-29 05:36:21 [HikariPool-1 housekeeper] WARN :HikariPool-1 - Thread starvation or clock leap detected (housekeeper delta=17m33s881ms).
2022-12-29 05:55:09 [HikariPool-1 housekeeper] WARN :HikariPool-1 - Thread starvation or clock leap detected (housekeeper delta=16m17s572ms).
2022-12-29 06:12:17 [HikariPool-1 housekeeper] WARN :HikariPool-1 - Thread starvation or clock leap detected (housekeeper delta=16m37s771ms).
2022-12-29 06:23:02 [HikariPool-1 housekeeper] WARN :HikariPool-1 - Thread starvation or clock leap detected (housekeeper delta=8m15s162ms).
2022-12-29 06:40:43 [HikariPool-1 housekeeper] WARN :HikariPool-1 - Thread starvation or clock leap detected (housekeeper delta=17m11s61ms).
2022-12-29 07:00:03 [HikariPool-1 housekeeper] WARN :HikariPool-1 - Thread starvation or clock leap detected (housekeeper delta=17m50s284ms).
2022-12-29 07:09:50 [HikariPool-1 housekeeper] WARN :HikariPool-1 - Thread starvation or clock leap detected (housekeeper delta=9m16s511ms).
2022-12-29 07:14:58 [HikariPool-1 housekeeper] WARN :HikariPool-1 - Thread starvation or clock leap detected (housekeeper delta=3m8s620ms).
2022-12-29 07:30:42 [HikariPool-1 housekeeper] WARN :HikariPool-1 - Thread starvation or clock leap detected (housekeeper delta=15m44s81ms).
2022-12-29 07:48:16 [HikariPool-1 housekeeper] WARN :HikariPool-1 - Thread starvation or clock leap detected (housekeeper delta=17m3s979ms).
2022-12-29 08:00:28 [HikariPool-1 housekeeper] WARN :HikariPool-1 - Thread starvation or clock leap detected (housekeeper delta=9m11s153ms).
2022-12-29 08:16:30 [HikariPool-1 housekeeper] WARN :HikariPool-1 - Thread starvation or clock leap detected (housekeeper delta=15m32s464ms).
2022-12-29 08:23:16 [HikariPool-1 housekeeper] WARN :HikariPool-1 - Thread starvation or clock leap detected (housekeeper delta=6m15s894ms).
2022-12-29 08:40:29 [HikariPool-1 housekeeper] WARN :HikariPool-1 - Thread starvation or clock leap detected (housekeeper delta=17m12s927ms).
2022-12-29 08:53:26 [HikariPool-1 housekeeper] WARN :HikariPool-1 - Thread starvation or clock leap detected (housekeeper delta=12m27s418ms).
2022-12-29 09:11:28 [HikariPool-1 housekeeper] WARN :HikariPool-1 - Thread starvation or clock leap detected (housekeeper delta=17m1s173ms).
2022-12-29 09:27:08 [HikariPool-1 housekeeper] WARN :HikariPool-1 - Thread starvation or clock leap detected (housekeeper delta=15m9s512ms).
2022-12-29 09:42:46 [HikariPool-1 housekeeper] WARN :HikariPool-1 - Thread starvation or clock leap detected (housekeeper delta=15m38s267ms).
2022-12-29 09:50:30 [HikariPool-1 housekeeper] WARN :HikariPool-1 - Thread starvation or clock leap detected (housekeeper delta=7m14s58ms).
2022-12-29 10:08:37 [HikariPool-1 housekeeper] WARN :HikariPool-1 - Thread starvation or clock leap detected (housekeeper delta=15m6s507ms).
2022-12-29 10:10:38 [HikariPool-1 housekeeper] WARN :HikariPool-1 - Thread starvation or clock leap detected (housekeeper delta=1m329ms).
2022-12-29 10:30:18 [HikariPool-1 housekeeper] WARN :HikariPool-1 - Thread starvation or clock leap detected (housekeeper delta=15m54s931ms).
2022-12-29 10:46:03 [HikariPool-1 housekeeper] WARN :HikariPool-1 - Thread starvation or clock leap detected (housekeeper delta=15m44s863ms).
2022-12-29 10:54:18 [HikariPool-1 housekeeper] WARN :HikariPool-1 - Thread starvation or clock leap detected (housekeeper delta=4m15s282ms).
2022-12-29 11:12:11 [HikariPool-1 housekeeper] WARN :HikariPool-1 - Thread starvation or clock leap detected (housekeeper delta=17m22s955ms).
2022-12-29 11:30:29 [HikariPool-1 housekeeper] WARN :HikariPool-1 - Thread starvation or clock leap detected (housekeeper delta=17m47s777ms).
2022-12-29 11:32:18 [HikariPool-1 housekeeper] WARN :HikariPool-1 - Thread starvation or clock leap detected (housekeeper delta=1m48s624ms).
2022-12-29 11:40:35 [HikariPool-1 housekeeper] WARN :HikariPool-1 - Thread starvation or clock leap detected (housekeeper delta=4m47s330ms).
2022-12-29 11:43:59 [HikariPool-1 housekeeper] WARN :HikariPool-1 - Thread starvation or clock leap detected (housekeeper delta=3m23s754ms).
2022-12-29 11:45:37 [SpringApplicationShutdownHook] INFO :Closing JPA EntityManagerFactory for persistence unit 'default'
2022-12-29 11:45:37 [SpringApplicationShutdownHook] INFO :HikariPool-1 - Shutdown initiated...
2022-12-29 11:45:37 [SpringApplicationShutdownHook] INFO :HikariPool-1 - Shutdown completed.
2022-12-29 11:45:42 [main] INFO :Starting Main using Java 18.0.1.1 on Shellys-MBP.lan with PID 17547 (/Users/shelly_yaron/IdeaProjects/CouponsProject/target/classes started by shelly_yaron in /Users/shelly_yaron/IdeaProjects/CouponsProject)
2022-12-29 11:45:42 [main] INFO :No active profile set, falling back to 1 default profile: "default"
2022-12-29 11:45:43 [main] INFO :Bootstrapping Spring Data JPA repositories in DEFAULT mode.
2022-12-29 11:45:43 [main] INFO :Finished Spring Data repository scanning in 105 ms. Found 5 JPA repository interfaces.
2022-12-29 11:45:45 [main] INFO :Tomcat initialized with port(s): 8080 (http)
2022-12-29 11:45:45 [main] INFO :Initializing ProtocolHandler ["http-nio-8080"]
2022-12-29 11:45:45 [main] INFO :Starting service [Tomcat]
2022-12-29 11:45:45 [main] INFO :Starting Servlet engine: [Apache Tomcat/9.0.65]
2022-12-29 11:45:45 [main] INFO :Initializing Spring embedded WebApplicationContext
2022-12-29 11:45:45 [main] INFO :Root WebApplicationContext: initialization completed in 2485 ms
2022-12-29 11:45:45 [main] INFO :HHH000204: Processing PersistenceUnitInfo [name: default]
2022-12-29 11:45:45 [main] INFO :HHH000412: Hibernate ORM core version 5.6.10.Final
2022-12-29 11:45:45 [main] INFO :HCANN000001: Hibernate Commons Annotations {5.1.2.Final}
2022-12-29 11:45:45 [main] INFO :HikariPool-1 - Starting...
2022-12-29 11:45:46 [main] INFO :HikariPool-1 - Start completed.
2022-12-29 11:45:46 [main] INFO :HHH000400: Using dialect: org.hibernate.dialect.MySQL57Dialect
2022-12-29 11:45:47 [main] INFO :HHH000490: Using JtaPlatform implementation: [org.hibernate.engine.transaction.jta.platform.internal.NoJtaPlatform]
2022-12-29 11:45:47 [main] INFO :Initialized JPA EntityManagerFactory for persistence unit 'default'
2022-12-29 11:45:48 [main] WARN :spring.jpa.open-in-view is enabled by default. Therefore, database queries may be performed during view rendering. Explicitly configure spring.jpa.open-in-view to disable this warning
2022-12-29 11:45:49 [main] INFO :Starting ProtocolHandler ["http-nio-8080"]
2022-12-29 11:45:49 [main] INFO :Tomcat started on port(s): 8080 (http) with context path ''
2022-12-29 11:45:49 [main] INFO :Started Main in 7.414 seconds (JVM running for 8.209)
2022-12-29 11:45:55 [http-nio-8080-exec-1] INFO :Initializing Spring DispatcherServlet 'dispatcherServlet'
2022-12-29 11:45:55 [http-nio-8080-exec-1] INFO :Initializing Servlet 'dispatcherServlet'
2022-12-29 11:45:55 [http-nio-8080-exec-1] INFO :Completed initialization in 2 ms
2022-12-29 11:45:55 [http-nio-8080-exec-1] DEBUG:
    select
        couponenti0_.id as id1_1_,
        couponenti0_.amount as amount2_1_,
        couponenti0_.category as category3_1_,
        couponenti0_.company_entity_id as company10_1_,
        couponenti0_.description as descript4_1_,
        couponenti0_.end_date as end_date5_1_,
        couponenti0_.image_url as image_ur6_1_,
        couponenti0_.price as price7_1_,
        couponenti0_.start_date as start_da8_1_,
        couponenti0_.title as title9_1_ 
    from
        coupons couponenti0_
2022-12-29 11:45:55 [http-nio-8080-exec-1] DEBUG:
    select
        companyent0_.id as id1_0_0_,
        companyent0_.address as address2_0_0_,
        companyent0_.name as name3_0_0_,
        companyent0_.phone_number as phone_nu4_0_0_ 
    from
        companies companyent0_ 
    where
        companyent0_.id=?
2022-12-29 11:45:55 [http-nio-8080-exec-1] TRACE:binding parameter [1] as [BIGINT] - [1]
2022-12-29 11:45:55 [http-nio-8080-exec-1] DEBUG:
    select
        companyent0_.id as id1_0_0_,
        companyent0_.address as address2_0_0_,
        companyent0_.name as name3_0_0_,
        companyent0_.phone_number as phone_nu4_0_0_ 
    from
        companies companyent0_ 
    where
        companyent0_.id=?
2022-12-29 11:45:55 [http-nio-8080-exec-1] TRACE:binding parameter [1] as [BIGINT] - [2]
2022-12-29 11:45:55 [http-nio-8080-exec-1] DEBUG:
    select
        companyent0_.id as id1_0_0_,
        companyent0_.address as address2_0_0_,
        companyent0_.name as name3_0_0_,
        companyent0_.phone_number as phone_nu4_0_0_ 
    from
        companies companyent0_ 
    where
        companyent0_.id=?
2022-12-29 11:45:55 [http-nio-8080-exec-1] TRACE:binding parameter [1] as [BIGINT] - [3]
2022-12-29 11:45:55 [http-nio-8080-exec-4] DEBUG:
    select
        couponenti0_.id as id1_1_,
        couponenti0_.amount as amount2_1_,
        couponenti0_.category as category3_1_,
        couponenti0_.company_entity_id as company10_1_,
        couponenti0_.description as descript4_1_,
        couponenti0_.end_date as end_date5_1_,
        couponenti0_.image_url as image_ur6_1_,
        couponenti0_.price as price7_1_,
        couponenti0_.start_date as start_da8_1_,
        couponenti0_.title as title9_1_ 
    from
        coupons couponenti0_
2022-12-29 11:45:55 [http-nio-8080-exec-4] DEBUG:
    select
        companyent0_.id as id1_0_0_,
        companyent0_.address as address2_0_0_,
        companyent0_.name as name3_0_0_,
        companyent0_.phone_number as phone_nu4_0_0_ 
    from
        companies companyent0_ 
    where
        companyent0_.id=?
2022-12-29 11:45:55 [http-nio-8080-exec-4] TRACE:binding parameter [1] as [BIGINT] - [1]
2022-12-29 11:45:55 [http-nio-8080-exec-4] DEBUG:
    select
        companyent0_.id as id1_0_0_,
        companyent0_.address as address2_0_0_,
        companyent0_.name as name3_0_0_,
        companyent0_.phone_number as phone_nu4_0_0_ 
    from
        companies companyent0_ 
    where
        companyent0_.id=?
2022-12-29 11:45:55 [http-nio-8080-exec-4] TRACE:binding parameter [1] as [BIGINT] - [2]
2022-12-29 11:45:55 [http-nio-8080-exec-4] DEBUG:
    select
        companyent0_.id as id1_0_0_,
        companyent0_.address as address2_0_0_,
        companyent0_.name as name3_0_0_,
        companyent0_.phone_number as phone_nu4_0_0_ 
    from
        companies companyent0_ 
    where
        companyent0_.id=?
2022-12-29 11:45:55 [http-nio-8080-exec-4] TRACE:binding parameter [1] as [BIGINT] - [3]
2022-12-29 11:45:55 [http-nio-8080-exec-5] DEBUG:
    select
        couponenti0_.id as id1_1_0_,
        couponenti0_.amount as amount2_1_0_,
        couponenti0_.category as category3_1_0_,
        couponenti0_.company_entity_id as company10_1_0_,
        couponenti0_.description as descript4_1_0_,
        couponenti0_.end_date as end_date5_1_0_,
        couponenti0_.image_url as image_ur6_1_0_,
        couponenti0_.price as price7_1_0_,
        couponenti0_.start_date as start_da8_1_0_,
        couponenti0_.title as title9_1_0_,
        companyent1_.id as id1_0_1_,
        companyent1_.address as address2_0_1_,
        companyent1_.name as name3_0_1_,
        companyent1_.phone_number as phone_nu4_0_1_ 
    from
        coupons couponenti0_ 
    left outer join
        companies companyent1_ 
            on couponenti0_.company_entity_id=companyent1_.id 
    where
        couponenti0_.id=?
2022-12-29 11:45:55 [http-nio-8080-exec-9] DEBUG:
    select
        couponenti0_.id as id1_1_0_,
        couponenti0_.amount as amount2_1_0_,
        couponenti0_.category as category3_1_0_,
        couponenti0_.company_entity_id as company10_1_0_,
        couponenti0_.description as descript4_1_0_,
        couponenti0_.end_date as end_date5_1_0_,
        couponenti0_.image_url as image_ur6_1_0_,
        couponenti0_.price as price7_1_0_,
        couponenti0_.start_date as start_da8_1_0_,
        couponenti0_.title as title9_1_0_,
        companyent1_.id as id1_0_1_,
        companyent1_.address as address2_0_1_,
        companyent1_.name as name3_0_1_,
        companyent1_.phone_number as phone_nu4_0_1_ 
    from
        coupons couponenti0_ 
    left outer join
        companies companyent1_ 
            on couponenti0_.company_entity_id=companyent1_.id 
    where
        couponenti0_.id=?
2022-12-29 11:45:55 [http-nio-8080-exec-10] DEBUG:
    select
        couponenti0_.id as id1_1_0_,
        couponenti0_.amount as amount2_1_0_,
        couponenti0_.category as category3_1_0_,
        couponenti0_.company_entity_id as company10_1_0_,
        couponenti0_.description as descript4_1_0_,
        couponenti0_.end_date as end_date5_1_0_,
        couponenti0_.image_url as image_ur6_1_0_,
        couponenti0_.price as price7_1_0_,
        couponenti0_.start_date as start_da8_1_0_,
        couponenti0_.title as title9_1_0_,
        companyent1_.id as id1_0_1_,
        companyent1_.address as address2_0_1_,
        companyent1_.name as name3_0_1_,
        companyent1_.phone_number as phone_nu4_0_1_ 
    from
        coupons couponenti0_ 
    left outer join
        companies companyent1_ 
            on couponenti0_.company_entity_id=companyent1_.id 
    where
        couponenti0_.id=?
2022-12-29 11:45:55 [http-nio-8080-exec-9] TRACE:binding parameter [1] as [BIGINT] - [3]
2022-12-29 11:45:55 [http-nio-8080-exec-5] TRACE:binding parameter [1] as [BIGINT] - [1]
2022-12-29 11:45:55 [http-nio-8080-exec-10] TRACE:binding parameter [1] as [BIGINT] - [2]
2022-12-29 11:45:55 [http-nio-8080-exec-3] DEBUG:
    select
        couponenti0_.id as id1_1_0_,
        couponenti0_.amount as amount2_1_0_,
        couponenti0_.category as category3_1_0_,
        couponenti0_.company_entity_id as company10_1_0_,
        couponenti0_.description as descript4_1_0_,
        couponenti0_.end_date as end_date5_1_0_,
        couponenti0_.image_url as image_ur6_1_0_,
        couponenti0_.price as price7_1_0_,
        couponenti0_.start_date as start_da8_1_0_,
        couponenti0_.title as title9_1_0_,
        companyent1_.id as id1_0_1_,
        companyent1_.address as address2_0_1_,
        companyent1_.name as name3_0_1_,
        companyent1_.phone_number as phone_nu4_0_1_ 
    from
        coupons couponenti0_ 
    left outer join
        companies companyent1_ 
            on couponenti0_.company_entity_id=companyent1_.id 
    where
        couponenti0_.id=?
2022-12-29 11:45:55 [http-nio-8080-exec-5] DEBUG:
    select
        couponenti0_.id as id1_1_0_,
        couponenti0_.amount as amount2_1_0_,
        couponenti0_.category as category3_1_0_,
        couponenti0_.company_entity_id as company10_1_0_,
        couponenti0_.description as descript4_1_0_,
        couponenti0_.end_date as end_date5_1_0_,
        couponenti0_.image_url as image_ur6_1_0_,
        couponenti0_.price as price7_1_0_,
        couponenti0_.start_date as start_da8_1_0_,
        couponenti0_.title as title9_1_0_,
        companyent1_.id as id1_0_1_,
        companyent1_.address as address2_0_1_,
        companyent1_.name as name3_0_1_,
        companyent1_.phone_number as phone_nu4_0_1_ 
    from
        coupons couponenti0_ 
    left outer join
        companies companyent1_ 
            on couponenti0_.company_entity_id=companyent1_.id 
    where
        couponenti0_.id=?
2022-12-29 11:45:55 [http-nio-8080-exec-10] DEBUG:
    select
        couponenti0_.id as id1_1_0_,
        couponenti0_.amount as amount2_1_0_,
        couponenti0_.category as category3_1_0_,
        couponenti0_.company_entity_id as company10_1_0_,
        couponenti0_.description as descript4_1_0_,
        couponenti0_.end_date as end_date5_1_0_,
        couponenti0_.image_url as image_ur6_1_0_,
        couponenti0_.price as price7_1_0_,
        couponenti0_.start_date as start_da8_1_0_,
        couponenti0_.title as title9_1_0_,
        companyent1_.id as id1_0_1_,
        companyent1_.address as address2_0_1_,
        companyent1_.name as name3_0_1_,
        companyent1_.phone_number as phone_nu4_0_1_ 
    from
        coupons couponenti0_ 
    left outer join
        companies companyent1_ 
            on couponenti0_.company_entity_id=companyent1_.id 
    where
        couponenti0_.id=?
2022-12-29 11:45:55 [http-nio-8080-exec-5] TRACE:binding parameter [1] as [BIGINT] - [1]
2022-12-29 11:45:55 [http-nio-8080-exec-3] TRACE:binding parameter [1] as [BIGINT] - [3]
2022-12-29 11:45:55 [http-nio-8080-exec-10] TRACE:binding parameter [1] as [BIGINT] - [2]
2022-12-29 11:46:16 [http-nio-8080-exec-7] DEBUG:
    select
        couponenti0_.id as id1_1_,
        couponenti0_.amount as amount2_1_,
        couponenti0_.category as category3_1_,
        couponenti0_.company_entity_id as company10_1_,
        couponenti0_.description as descript4_1_,
        couponenti0_.end_date as end_date5_1_,
        couponenti0_.image_url as image_ur6_1_,
        couponenti0_.price as price7_1_,
        couponenti0_.start_date as start_da8_1_,
        couponenti0_.title as title9_1_ 
    from
        coupons couponenti0_
2022-12-29 11:46:16 [http-nio-8080-exec-7] DEBUG:
    select
        companyent0_.id as id1_0_0_,
        companyent0_.address as address2_0_0_,
        companyent0_.name as name3_0_0_,
        companyent0_.phone_number as phone_nu4_0_0_ 
    from
        companies companyent0_ 
    where
        companyent0_.id=?
2022-12-29 11:46:16 [http-nio-8080-exec-7] TRACE:binding parameter [1] as [BIGINT] - [1]
2022-12-29 11:46:16 [http-nio-8080-exec-7] DEBUG:
    select
        companyent0_.id as id1_0_0_,
        companyent0_.address as address2_0_0_,
        companyent0_.name as name3_0_0_,
        companyent0_.phone_number as phone_nu4_0_0_ 
    from
        companies companyent0_ 
    where
        companyent0_.id=?
2022-12-29 11:46:16 [http-nio-8080-exec-7] TRACE:binding parameter [1] as [BIGINT] - [2]
2022-12-29 11:46:16 [http-nio-8080-exec-7] DEBUG:
    select
        companyent0_.id as id1_0_0_,
        companyent0_.address as address2_0_0_,
        companyent0_.name as name3_0_0_,
        companyent0_.phone_number as phone_nu4_0_0_ 
    from
        companies companyent0_ 
    where
        companyent0_.id=?
2022-12-29 11:46:16 [http-nio-8080-exec-7] TRACE:binding parameter [1] as [BIGINT] - [3]
2022-12-29 11:46:17 [http-nio-8080-exec-8] DEBUG:
    select
        couponenti0_.id as id1_1_,
        couponenti0_.amount as amount2_1_,
        couponenti0_.category as category3_1_,
        couponenti0_.company_entity_id as company10_1_,
        couponenti0_.description as descript4_1_,
        couponenti0_.end_date as end_date5_1_,
        couponenti0_.image_url as image_ur6_1_,
        couponenti0_.price as price7_1_,
        couponenti0_.start_date as start_da8_1_,
        couponenti0_.title as title9_1_ 
    from
        coupons couponenti0_
2022-12-29 11:46:17 [http-nio-8080-exec-8] DEBUG:
    select
        companyent0_.id as id1_0_0_,
        companyent0_.address as address2_0_0_,
        companyent0_.name as name3_0_0_,
        companyent0_.phone_number as phone_nu4_0_0_ 
    from
        companies companyent0_ 
    where
        companyent0_.id=?
2022-12-29 11:46:17 [http-nio-8080-exec-8] TRACE:binding parameter [1] as [BIGINT] - [1]
2022-12-29 11:46:17 [http-nio-8080-exec-9] DEBUG:
    select
        couponenti0_.id as id1_1_0_,
        couponenti0_.amount as amount2_1_0_,
        couponenti0_.category as category3_1_0_,
        couponenti0_.company_entity_id as company10_1_0_,
        couponenti0_.description as descript4_1_0_,
        couponenti0_.end_date as end_date5_1_0_,
        couponenti0_.image_url as image_ur6_1_0_,
        couponenti0_.price as price7_1_0_,
        couponenti0_.start_date as start_da8_1_0_,
        couponenti0_.title as title9_1_0_,
        companyent1_.id as id1_0_1_,
        companyent1_.address as address2_0_1_,
        companyent1_.name as name3_0_1_,
        companyent1_.phone_number as phone_nu4_0_1_ 
    from
        coupons couponenti0_ 
    left outer join
        companies companyent1_ 
            on couponenti0_.company_entity_id=companyent1_.id 
    where
        couponenti0_.id=?
2022-12-29 11:46:17 [http-nio-8080-exec-1] DEBUG:
    select
        couponenti0_.id as id1_1_0_,
        couponenti0_.amount as amount2_1_0_,
        couponenti0_.category as category3_1_0_,
        couponenti0_.company_entity_id as company10_1_0_,
        couponenti0_.description as descript4_1_0_,
        couponenti0_.end_date as end_date5_1_0_,
        couponenti0_.image_url as image_ur6_1_0_,
        couponenti0_.price as price7_1_0_,
        couponenti0_.start_date as start_da8_1_0_,
        couponenti0_.title as title9_1_0_,
        companyent1_.id as id1_0_1_,
        companyent1_.address as address2_0_1_,
        companyent1_.name as name3_0_1_,
        companyent1_.phone_number as phone_nu4_0_1_ 
    from
        coupons couponenti0_ 
    left outer join
        companies companyent1_ 
            on couponenti0_.company_entity_id=companyent1_.id 
    where
        couponenti0_.id=?
2022-12-29 11:46:17 [http-nio-8080-exec-8] DEBUG:
    select
        companyent0_.id as id1_0_0_,
        companyent0_.address as address2_0_0_,
        companyent0_.name as name3_0_0_,
        companyent0_.phone_number as phone_nu4_0_0_ 
    from
        companies companyent0_ 
    where
        companyent0_.id=?
2022-12-29 11:46:17 [http-nio-8080-exec-9] TRACE:binding parameter [1] as [BIGINT] - [3]
2022-12-29 11:46:17 [http-nio-8080-exec-8] TRACE:binding parameter [1] as [BIGINT] - [2]
2022-12-29 11:46:17 [http-nio-8080-exec-1] TRACE:binding parameter [1] as [BIGINT] - [1]
2022-12-29 11:46:17 [http-nio-8080-exec-4] DEBUG:
    select
        couponenti0_.id as id1_1_0_,
        couponenti0_.amount as amount2_1_0_,
        couponenti0_.category as category3_1_0_,
        couponenti0_.company_entity_id as company10_1_0_,
        couponenti0_.description as descript4_1_0_,
        couponenti0_.end_date as end_date5_1_0_,
        couponenti0_.image_url as image_ur6_1_0_,
        couponenti0_.price as price7_1_0_,
        couponenti0_.start_date as start_da8_1_0_,
        couponenti0_.title as title9_1_0_,
        companyent1_.id as id1_0_1_,
        companyent1_.address as address2_0_1_,
        companyent1_.name as name3_0_1_,
        companyent1_.phone_number as phone_nu4_0_1_ 
    from
        coupons couponenti0_ 
    left outer join
        companies companyent1_ 
            on couponenti0_.company_entity_id=companyent1_.id 
    where
        couponenti0_.id=?
2022-12-29 11:46:17 [http-nio-8080-exec-4] TRACE:binding parameter [1] as [BIGINT] - [2]
2022-12-29 11:46:17 [http-nio-8080-exec-8] DEBUG:
    select
        companyent0_.id as id1_0_0_,
        companyent0_.address as address2_0_0_,
        companyent0_.name as name3_0_0_,
        companyent0_.phone_number as phone_nu4_0_0_ 
    from
        companies companyent0_ 
    where
        companyent0_.id=?
2022-12-29 11:46:17 [http-nio-8080-exec-8] TRACE:binding parameter [1] as [BIGINT] - [3]
2022-12-29 11:46:17 [http-nio-8080-exec-1] DEBUG:
    select
        couponenti0_.id as id1_1_0_,
        couponenti0_.amount as amount2_1_0_,
        couponenti0_.category as category3_1_0_,
        couponenti0_.company_entity_id as company10_1_0_,
        couponenti0_.description as descript4_1_0_,
        couponenti0_.end_date as end_date5_1_0_,
        couponenti0_.image_url as image_ur6_1_0_,
        couponenti0_.price as price7_1_0_,
        couponenti0_.start_date as start_da8_1_0_,
        couponenti0_.title as title9_1_0_,
        companyent1_.id as id1_0_1_,
        companyent1_.address as address2_0_1_,
        companyent1_.name as name3_0_1_,
        companyent1_.phone_number as phone_nu4_0_1_ 
    from
        coupons couponenti0_ 
    left outer join
        companies companyent1_ 
            on couponenti0_.company_entity_id=companyent1_.id 
    where
        couponenti0_.id=?
2022-12-29 11:46:17 [http-nio-8080-exec-2] DEBUG:
    select
        couponenti0_.id as id1_1_0_,
        couponenti0_.amount as amount2_1_0_,
        couponenti0_.category as category3_1_0_,
        couponenti0_.company_entity_id as company10_1_0_,
        couponenti0_.description as descript4_1_0_,
        couponenti0_.end_date as end_date5_1_0_,
        couponenti0_.image_url as image_ur6_1_0_,
        couponenti0_.price as price7_1_0_,
        couponenti0_.start_date as start_da8_1_0_,
        couponenti0_.title as title9_1_0_,
        companyent1_.id as id1_0_1_,
        companyent1_.address as address2_0_1_,
        companyent1_.name as name3_0_1_,
        companyent1_.phone_number as phone_nu4_0_1_ 
    from
        coupons couponenti0_ 
    left outer join
        companies companyent1_ 
            on couponenti0_.company_entity_id=companyent1_.id 
    where
        couponenti0_.id=?
2022-12-29 11:46:17 [http-nio-8080-exec-3] DEBUG:
    select
        couponenti0_.id as id1_1_0_,
        couponenti0_.amount as amount2_1_0_,
        couponenti0_.category as category3_1_0_,
        couponenti0_.company_entity_id as company10_1_0_,
        couponenti0_.description as descript4_1_0_,
        couponenti0_.end_date as end_date5_1_0_,
        couponenti0_.image_url as image_ur6_1_0_,
        couponenti0_.price as price7_1_0_,
        couponenti0_.start_date as start_da8_1_0_,
        couponenti0_.title as title9_1_0_,
        companyent1_.id as id1_0_1_,
        companyent1_.address as address2_0_1_,
        companyent1_.name as name3_0_1_,
        companyent1_.phone_number as phone_nu4_0_1_ 
    from
        coupons couponenti0_ 
    left outer join
        companies companyent1_ 
            on couponenti0_.company_entity_id=companyent1_.id 
    where
        couponenti0_.id=?
2022-12-29 11:46:17 [http-nio-8080-exec-3] TRACE:binding parameter [1] as [BIGINT] - [1]
2022-12-29 11:46:17 [http-nio-8080-exec-2] TRACE:binding parameter [1] as [BIGINT] - [3]
2022-12-29 11:46:17 [http-nio-8080-exec-1] TRACE:binding parameter [1] as [BIGINT] - [2]
2022-12-29 12:28:24 [HikariPool-1 housekeeper] WARN :HikariPool-1 - Thread starvation or clock leap detected (housekeeper delta=18m5s741ms).
2022-12-29 12:30:39 [HikariPool-1 housekeeper] WARN :HikariPool-1 - Thread starvation or clock leap detected (housekeeper delta=1m44s870ms).
2022-12-29 12:41:31 [HikariPool-1 housekeeper] WARN :HikariPool-1 - Thread starvation or clock leap detected (housekeeper delta=10m52s333ms).
2022-12-29 12:58:38 [HikariPool-1 housekeeper] WARN :HikariPool-1 - Thread starvation or clock leap detected (housekeeper delta=16m36s711ms).
2022-12-29 13:01:52 [HikariPool-1 housekeeper] WARN :HikariPool-1 - Thread starvation or clock leap detected (housekeeper delta=3m13s488ms).
2022-12-29 13:04:12 [HikariPool-1 housekeeper] WARN :HikariPool-1 - Thread starvation or clock leap detected (housekeeper delta=49s577ms).
2022-12-29 13:15:45 [HikariPool-1 housekeeper] WARN :HikariPool-1 - Thread starvation or clock leap detected (housekeeper delta=11m33s624ms).
2022-12-29 13:34:37 [HikariPool-1 housekeeper] WARN :HikariPool-1 - Thread starvation or clock leap detected (housekeeper delta=18m22s39ms).
2022-12-29 13:57:54 [HikariPool-1 housekeeper] WARN :HikariPool-1 - Thread starvation or clock leap detected (housekeeper delta=17m421ms).
2022-12-29 14:29:49 [HikariPool-1 housekeeper] WARN :HikariPool-1 - Thread starvation or clock leap detected (housekeeper delta=18m24s302ms).
2022-12-29 14:32:40 [HikariPool-1 housekeeper] WARN :HikariPool-1 - Thread starvation or clock leap detected (housekeeper delta=2m20s958ms).
2022-12-29 14:48:08 [HikariPool-1 housekeeper] WARN :HikariPool-1 - Thread starvation or clock leap detected (housekeeper delta=15m28s240ms).
2022-12-29 15:06:58 [HikariPool-1 housekeeper] WARN :HikariPool-1 - Thread starvation or clock leap detected (housekeeper delta=18m19s521ms).
2022-12-29 15:23:10 [HikariPool-1 housekeeper] WARN :HikariPool-1 - Thread starvation or clock leap detected (housekeeper delta=15m42s378ms).
2022-12-29 15:28:01 [HikariPool-1 housekeeper] WARN :HikariPool-1 - Thread starvation or clock leap detected (housekeeper delta=4m21s515ms).
2022-12-29 15:43:39 [HikariPool-1 housekeeper] WARN :HikariPool-1 - Thread starvation or clock leap detected (housekeeper delta=15m37s879ms).
2022-12-29 16:05:01 [HikariPool-1 housekeeper] WARN :HikariPool-1 - Thread starvation or clock leap detected (housekeeper delta=17m51s208ms).
2022-12-29 16:21:27 [HikariPool-1 housekeeper] WARN :HikariPool-1 - Thread starvation or clock leap detected (housekeeper delta=15m56s261ms).
2022-12-29 16:39:47 [HikariPool-1 housekeeper] WARN :HikariPool-1 - Thread starvation or clock leap detected (housekeeper delta=17m49s715ms).
2022-12-29 16:54:28 [HikariPool-1 housekeeper] WARN :HikariPool-1 - Thread starvation or clock leap detected (housekeeper delta=14m41s148ms).
2022-12-29 17:10:58 [HikariPool-1 housekeeper] WARN :HikariPool-1 - Thread starvation or clock leap detected (housekeeper delta=16m448ms).
2022-12-29 17:27:06 [HikariPool-1 housekeeper] WARN :HikariPool-1 - Thread starvation or clock leap detected (housekeeper delta=15m37s417ms).
2022-12-29 17:32:59 [HikariPool-1 housekeeper] WARN :HikariPool-1 - Thread starvation or clock leap detected (housekeeper delta=4m50s216ms).
2022-12-29 17:42:40 [HikariPool-1 housekeeper] WARN :HikariPool-1 - Thread starvation or clock leap detected (housekeeper delta=8m37s74ms).
2022-12-29 18:18:01 [HikariPool-1 housekeeper] WARN :HikariPool-1 - Thread starvation or clock leap detected (housekeeper delta=17m36s796ms).
2022-12-29 18:35:25 [HikariPool-1 housekeeper] WARN :HikariPool-1 - Thread starvation or clock leap detected (housekeeper delta=16m53s832ms).
2022-12-29 18:40:58 [HikariPool-1 housekeeper] WARN :HikariPool-1 - Thread starvation or clock leap detected (housekeeper delta=5m33s257ms).
2022-12-29 18:47:48 [HikariPool-1 housekeeper] WARN :HikariPool-1 - Thread starvation or clock leap detected (housekeeper delta=6m20s220ms).
2022-12-29 18:57:13 [HikariPool-1 housekeeper] WARN :HikariPool-1 - Thread starvation or clock leap detected (housekeeper delta=8m54s864ms).
2022-12-29 19:14:15 [HikariPool-1 housekeeper] WARN :HikariPool-1 - Thread starvation or clock leap detected (housekeeper delta=17m1s687ms).
2022-12-29 19:32:40 [HikariPool-1 housekeeper] WARN :HikariPool-1 - Thread starvation or clock leap detected (housekeeper delta=17m55s198ms).
2022-12-29 19:48:06 [HikariPool-1 housekeeper] WARN :HikariPool-1 - Thread starvation or clock leap detected (housekeeper delta=14m26s154ms).
2022-12-29 19:57:17 [HikariPool-1 housekeeper] WARN :HikariPool-1 - Thread starvation or clock leap detected (housekeeper delta=8m40s992ms).
2022-12-29 20:06:19 [HikariPool-1 housekeeper] WARN :HikariPool-1 - Thread starvation or clock leap detected (housekeeper delta=9m1s629ms).
2022-12-29 20:21:34 [HikariPool-1 housekeeper] WARN :HikariPool-1 - Thread starvation or clock leap detected (housekeeper delta=11m45s27ms).
2022-12-29 20:29:19 [HikariPool-1 housekeeper] WARN :HikariPool-1 - Thread starvation or clock leap detected (housekeeper delta=7m15s67ms).
2022-12-29 20:46:21 [HikariPool-1 housekeeper] WARN :HikariPool-1 - Thread starvation or clock leap detected (housekeeper delta=15m55s737ms).
2022-12-29 20:47:49 [HikariPool-1 housekeeper] WARN :HikariPool-1 - Thread starvation or clock leap detected (housekeeper delta=1m28s626ms).
2022-12-29 20:50:11 [HikariPool-1 housekeeper] WARN :HikariPool-1 - Thread starvation or clock leap detected (housekeeper delta=1m51s473ms).
2022-12-29 20:51:56 [HikariPool-1 housekeeper] WARN :HikariPool-1 - Thread starvation or clock leap detected (housekeeper delta=1m45s223ms).
2022-12-29 21:09:54 [HikariPool-1 housekeeper] WARN :HikariPool-1 - Thread starvation or clock leap detected (housekeeper delta=17m27s544ms).
2022-12-29 21:28:50 [HikariPool-1 housekeeper] WARN :HikariPool-1 - Thread starvation or clock leap detected (housekeeper delta=18m26s541ms).
2022-12-29 21:45:29 [HikariPool-1 housekeeper] WARN :HikariPool-1 - Thread starvation or clock leap detected (housekeeper delta=16m8s607ms).
2022-12-29 22:05:35 [HikariPool-1 housekeeper] WARN :HikariPool-1 - Thread starvation or clock leap detected (housekeeper delta=17m6s21ms).
2022-12-29 22:11:23 [HikariPool-1 housekeeper] WARN :HikariPool-1 - Thread starvation or clock leap detected (housekeeper delta=1m47s799ms).
2022-12-29 22:13:36 [HikariPool-1 housekeeper] WARN :HikariPool-1 - Thread starvation or clock leap detected (housekeeper delta=2m12s857ms).
2022-12-29 22:16:12 [HikariPool-1 housekeeper] WARN :HikariPool-1 - Thread starvation or clock leap detected (housekeeper delta=2m6s628ms).
2022-12-29 22:19:44 [HikariPool-1 housekeeper] WARN :HikariPool-1 - Thread starvation or clock leap detected (housekeeper delta=3m1s801ms).
2022-12-29 22:20:32 [HikariPool-1 housekeeper] WARN :HikariPool-1 - Thread starvation or clock leap detected (housekeeper delta=47s589ms).
2022-12-29 22:23:35 [HikariPool-1 housekeeper] WARN :HikariPool-1 - Thread starvation or clock leap detected (housekeeper delta=2m33s638ms).
2022-12-29 22:40:38 [HikariPool-1 housekeeper] WARN :HikariPool-1 - Thread starvation or clock leap detected (housekeeper delta=17m3s1ms).
2022-12-29 22:57:38 [HikariPool-1 housekeeper] WARN :HikariPool-1 - Thread starvation or clock leap detected (housekeeper delta=16m29s735ms).
2022-12-29 23:13:53 [HikariPool-1 housekeeper] WARN :HikariPool-1 - Thread starvation or clock leap detected (housekeeper delta=16m14s875ms).
2022-12-29 23:30:37 [HikariPool-1 housekeeper] WARN :HikariPool-1 - Thread starvation or clock leap detected (housekeeper delta=15m43s650ms).
2022-12-29 23:40:47 [HikariPool-1 housekeeper] WARN :HikariPool-1 - Thread starvation or clock leap detected (housekeeper delta=10m10s231ms).
