2022-09-26 00:08:20 [HikariPool-1 housekeeper] WARN :HikariPool-1 - Thread starvation or clock leap detected (housekeeper delta=37m58s379ms).
2022-09-26 01:11:47 [HikariPool-1 housekeeper] WARN :HikariPool-1 - Thread starvation or clock leap detected (housekeeper delta=1h3m27s547ms).
2022-09-26 02:22:25 [HikariPool-1 housekeeper] WARN :HikariPool-1 - Thread starvation or clock leap detected (housekeeper delta=1h10m37s402ms).
2022-09-26 03:10:49 [HikariPool-1 housekeeper] WARN :HikariPool-1 - Thread starvation or clock leap detected (housekeeper delta=48m24s242ms).
2022-09-26 04:35:22 [HikariPool-1 housekeeper] WARN :HikariPool-1 - Thread starvation or clock leap detected (housekeeper delta=1h24m33s408ms).
2022-09-26 05:41:52 [HikariPool-1 housekeeper] WARN :HikariPool-1 - Thread starvation or clock leap detected (housekeeper delta=1h6m29s427ms).
2022-09-26 07:02:33 [HikariPool-1 housekeeper] WARN :HikariPool-1 - Thread starvation or clock leap detected (housekeeper delta=1h20m41s191ms).
2022-09-26 08:00:34 [HikariPool-1 housekeeper] WARN :HikariPool-1 - Thread starvation or clock leap detected (housekeeper delta=58m840ms).
2022-09-26 09:07:25 [HikariPool-1 housekeeper] WARN :HikariPool-1 - Thread starvation or clock leap detected (housekeeper delta=1h6m51s166ms).
2022-09-26 10:20:21 [HikariPool-1 housekeeper] WARN :HikariPool-1 - Thread starvation or clock leap detected (housekeeper delta=1h12m55s995ms).
2022-09-26 10:48:20 [http-nio-8080-exec-8] DEBUG:
    select
        couponenti0_.id as id1_1_,
        couponenti0_.amount as amount2_1_,
        couponenti0_.category as category3_1_,
        couponenti0_.company_entity_id as company_9_1_,
        couponenti0_.description as descript4_1_,
        couponenti0_.end_date as end_date5_1_,
        couponenti0_.price as price6_1_,
        couponenti0_.start_date as start_da7_1_,
        couponenti0_.title as title8_1_ 
    from
        coupons couponenti0_
2022-09-26 10:48:20 [http-nio-8080-exec-8] DEBUG:
    select
        companyent0_.id as id1_0_0_,
        companyent0_.address as address2_0_0_,
        companyent0_.name as name3_0_0_,
        companyent0_.phone_number as phone_nu4_0_0_ 
    from
        companies companyent0_ 
    where
        companyent0_.id=?
2022-09-26 10:48:20 [http-nio-8080-exec-8] TRACE:binding parameter [1] as [BIGINT] - [1]
2022-09-26 10:48:20 [http-nio-8080-exec-9] DEBUG:
    select
        couponenti0_.id as id1_1_,
        couponenti0_.amount as amount2_1_,
        couponenti0_.category as category3_1_,
        couponenti0_.company_entity_id as company_9_1_,
        couponenti0_.description as descript4_1_,
        couponenti0_.end_date as end_date5_1_,
        couponenti0_.price as price6_1_,
        couponenti0_.start_date as start_da7_1_,
        couponenti0_.title as title8_1_ 
    from
        coupons couponenti0_
2022-09-26 10:48:20 [http-nio-8080-exec-9] DEBUG:
    select
        companyent0_.id as id1_0_0_,
        companyent0_.address as address2_0_0_,
        companyent0_.name as name3_0_0_,
        companyent0_.phone_number as phone_nu4_0_0_ 
    from
        companies companyent0_ 
    where
        companyent0_.id=?
2022-09-26 10:48:20 [http-nio-8080-exec-9] TRACE:binding parameter [1] as [BIGINT] - [1]
2022-09-26 10:50:24 [http-nio-8080-exec-2] DEBUG:
    select
        couponenti0_.id as id1_1_,
        couponenti0_.amount as amount2_1_,
        couponenti0_.category as category3_1_,
        couponenti0_.company_entity_id as company_9_1_,
        couponenti0_.description as descript4_1_,
        couponenti0_.end_date as end_date5_1_,
        couponenti0_.price as price6_1_,
        couponenti0_.start_date as start_da7_1_,
        couponenti0_.title as title8_1_ 
    from
        coupons couponenti0_
2022-09-26 10:50:24 [http-nio-8080-exec-2] DEBUG:
    select
        companyent0_.id as id1_0_0_,
        companyent0_.address as address2_0_0_,
        companyent0_.name as name3_0_0_,
        companyent0_.phone_number as phone_nu4_0_0_ 
    from
        companies companyent0_ 
    where
        companyent0_.id=?
2022-09-26 10:50:24 [http-nio-8080-exec-2] TRACE:binding parameter [1] as [BIGINT] - [1]
2022-09-26 10:50:24 [http-nio-8080-exec-4] DEBUG:
    select
        couponenti0_.id as id1_1_,
        couponenti0_.amount as amount2_1_,
        couponenti0_.category as category3_1_,
        couponenti0_.company_entity_id as company_9_1_,
        couponenti0_.description as descript4_1_,
        couponenti0_.end_date as end_date5_1_,
        couponenti0_.price as price6_1_,
        couponenti0_.start_date as start_da7_1_,
        couponenti0_.title as title8_1_ 
    from
        coupons couponenti0_
2022-09-26 10:50:24 [http-nio-8080-exec-4] DEBUG:
    select
        companyent0_.id as id1_0_0_,
        companyent0_.address as address2_0_0_,
        companyent0_.name as name3_0_0_,
        companyent0_.phone_number as phone_nu4_0_0_ 
    from
        companies companyent0_ 
    where
        companyent0_.id=?
2022-09-26 10:50:24 [http-nio-8080-exec-4] TRACE:binding parameter [1] as [BIGINT] - [1]
2022-09-26 11:23:27 [http-nio-8080-exec-5] DEBUG:
    select
        couponenti0_.id as id1_1_,
        couponenti0_.amount as amount2_1_,
        couponenti0_.category as category3_1_,
        couponenti0_.company_entity_id as company_9_1_,
        couponenti0_.description as descript4_1_,
        couponenti0_.end_date as end_date5_1_,
        couponenti0_.price as price6_1_,
        couponenti0_.start_date as start_da7_1_,
        couponenti0_.title as title8_1_ 
    from
        coupons couponenti0_
2022-09-26 11:23:27 [http-nio-8080-exec-5] DEBUG:
    select
        companyent0_.id as id1_0_0_,
        companyent0_.address as address2_0_0_,
        companyent0_.name as name3_0_0_,
        companyent0_.phone_number as phone_nu4_0_0_ 
    from
        companies companyent0_ 
    where
        companyent0_.id=?
2022-09-26 11:23:27 [http-nio-8080-exec-5] TRACE:binding parameter [1] as [BIGINT] - [1]
2022-09-26 11:23:27 [http-nio-8080-exec-6] DEBUG:
    select
        couponenti0_.id as id1_1_,
        couponenti0_.amount as amount2_1_,
        couponenti0_.category as category3_1_,
        couponenti0_.company_entity_id as company_9_1_,
        couponenti0_.description as descript4_1_,
        couponenti0_.end_date as end_date5_1_,
        couponenti0_.price as price6_1_,
        couponenti0_.start_date as start_da7_1_,
        couponenti0_.title as title8_1_ 
    from
        coupons couponenti0_
2022-09-26 11:23:27 [http-nio-8080-exec-6] DEBUG:
    select
        companyent0_.id as id1_0_0_,
        companyent0_.address as address2_0_0_,
        companyent0_.name as name3_0_0_,
        companyent0_.phone_number as phone_nu4_0_0_ 
    from
        companies companyent0_ 
    where
        companyent0_.id=?
2022-09-26 11:23:27 [http-nio-8080-exec-6] TRACE:binding parameter [1] as [BIGINT] - [1]
2022-09-26 11:42:28 [http-nio-8080-exec-9] DEBUG:
    select
        couponenti0_.id as id1_1_,
        couponenti0_.amount as amount2_1_,
        couponenti0_.category as category3_1_,
        couponenti0_.company_entity_id as company_9_1_,
        couponenti0_.description as descript4_1_,
        couponenti0_.end_date as end_date5_1_,
        couponenti0_.price as price6_1_,
        couponenti0_.start_date as start_da7_1_,
        couponenti0_.title as title8_1_ 
    from
        coupons couponenti0_
2022-09-26 11:42:28 [http-nio-8080-exec-9] DEBUG:
    select
        companyent0_.id as id1_0_0_,
        companyent0_.address as address2_0_0_,
        companyent0_.name as name3_0_0_,
        companyent0_.phone_number as phone_nu4_0_0_ 
    from
        companies companyent0_ 
    where
        companyent0_.id=?
2022-09-26 11:42:28 [http-nio-8080-exec-9] TRACE:binding parameter [1] as [BIGINT] - [1]
2022-09-26 11:42:28 [http-nio-8080-exec-1] DEBUG:
    select
        couponenti0_.id as id1_1_,
        couponenti0_.amount as amount2_1_,
        couponenti0_.category as category3_1_,
        couponenti0_.company_entity_id as company_9_1_,
        couponenti0_.description as descript4_1_,
        couponenti0_.end_date as end_date5_1_,
        couponenti0_.price as price6_1_,
        couponenti0_.start_date as start_da7_1_,
        couponenti0_.title as title8_1_ 
    from
        coupons couponenti0_
2022-09-26 11:42:28 [http-nio-8080-exec-1] DEBUG:
    select
        companyent0_.id as id1_0_0_,
        companyent0_.address as address2_0_0_,
        companyent0_.name as name3_0_0_,
        companyent0_.phone_number as phone_nu4_0_0_ 
    from
        companies companyent0_ 
    where
        companyent0_.id=?
2022-09-26 11:42:28 [http-nio-8080-exec-1] TRACE:binding parameter [1] as [BIGINT] - [1]
2022-09-26 11:42:35 [http-nio-8080-exec-10] DEBUG:
    select
        couponenti0_.id as id1_1_,
        couponenti0_.amount as amount2_1_,
        couponenti0_.category as category3_1_,
        couponenti0_.company_entity_id as company_9_1_,
        couponenti0_.description as descript4_1_,
        couponenti0_.end_date as end_date5_1_,
        couponenti0_.price as price6_1_,
        couponenti0_.start_date as start_da7_1_,
        couponenti0_.title as title8_1_ 
    from
        coupons couponenti0_
2022-09-26 11:42:35 [http-nio-8080-exec-10] DEBUG:
    select
        companyent0_.id as id1_0_0_,
        companyent0_.address as address2_0_0_,
        companyent0_.name as name3_0_0_,
        companyent0_.phone_number as phone_nu4_0_0_ 
    from
        companies companyent0_ 
    where
        companyent0_.id=?
2022-09-26 11:42:35 [http-nio-8080-exec-10] TRACE:binding parameter [1] as [BIGINT] - [1]
2022-09-26 11:42:35 [http-nio-8080-exec-2] DEBUG:
    select
        couponenti0_.id as id1_1_,
        couponenti0_.amount as amount2_1_,
        couponenti0_.category as category3_1_,
        couponenti0_.company_entity_id as company_9_1_,
        couponenti0_.description as descript4_1_,
        couponenti0_.end_date as end_date5_1_,
        couponenti0_.price as price6_1_,
        couponenti0_.start_date as start_da7_1_,
        couponenti0_.title as title8_1_ 
    from
        coupons couponenti0_
2022-09-26 11:42:35 [http-nio-8080-exec-2] DEBUG:
    select
        companyent0_.id as id1_0_0_,
        companyent0_.address as address2_0_0_,
        companyent0_.name as name3_0_0_,
        companyent0_.phone_number as phone_nu4_0_0_ 
    from
        companies companyent0_ 
    where
        companyent0_.id=?
2022-09-26 11:42:35 [http-nio-8080-exec-2] TRACE:binding parameter [1] as [BIGINT] - [1]
2022-09-26 11:43:50 [http-nio-8080-exec-5] DEBUG:
    select
        couponenti0_.id as id1_1_,
        couponenti0_.amount as amount2_1_,
        couponenti0_.category as category3_1_,
        couponenti0_.company_entity_id as company_9_1_,
        couponenti0_.description as descript4_1_,
        couponenti0_.end_date as end_date5_1_,
        couponenti0_.price as price6_1_,
        couponenti0_.start_date as start_da7_1_,
        couponenti0_.title as title8_1_ 
    from
        coupons couponenti0_
2022-09-26 11:43:50 [http-nio-8080-exec-5] DEBUG:
    select
        companyent0_.id as id1_0_0_,
        companyent0_.address as address2_0_0_,
        companyent0_.name as name3_0_0_,
        companyent0_.phone_number as phone_nu4_0_0_ 
    from
        companies companyent0_ 
    where
        companyent0_.id=?
2022-09-26 11:43:50 [http-nio-8080-exec-5] TRACE:binding parameter [1] as [BIGINT] - [1]
2022-09-26 11:43:50 [http-nio-8080-exec-6] DEBUG:
    select
        couponenti0_.id as id1_1_,
        couponenti0_.amount as amount2_1_,
        couponenti0_.category as category3_1_,
        couponenti0_.company_entity_id as company_9_1_,
        couponenti0_.description as descript4_1_,
        couponenti0_.end_date as end_date5_1_,
        couponenti0_.price as price6_1_,
        couponenti0_.start_date as start_da7_1_,
        couponenti0_.title as title8_1_ 
    from
        coupons couponenti0_
2022-09-26 11:43:50 [http-nio-8080-exec-6] DEBUG:
    select
        companyent0_.id as id1_0_0_,
        companyent0_.address as address2_0_0_,
        companyent0_.name as name3_0_0_,
        companyent0_.phone_number as phone_nu4_0_0_ 
    from
        companies companyent0_ 
    where
        companyent0_.id=?
2022-09-26 11:43:50 [http-nio-8080-exec-6] TRACE:binding parameter [1] as [BIGINT] - [1]
2022-09-26 11:48:29 [http-nio-8080-exec-9] DEBUG:
    select
        couponenti0_.id as id1_1_,
        couponenti0_.amount as amount2_1_,
        couponenti0_.category as category3_1_,
        couponenti0_.company_entity_id as company_9_1_,
        couponenti0_.description as descript4_1_,
        couponenti0_.end_date as end_date5_1_,
        couponenti0_.price as price6_1_,
        couponenti0_.start_date as start_da7_1_,
        couponenti0_.title as title8_1_ 
    from
        coupons couponenti0_
2022-09-26 11:48:29 [http-nio-8080-exec-9] DEBUG:
    select
        companyent0_.id as id1_0_0_,
        companyent0_.address as address2_0_0_,
        companyent0_.name as name3_0_0_,
        companyent0_.phone_number as phone_nu4_0_0_ 
    from
        companies companyent0_ 
    where
        companyent0_.id=?
2022-09-26 11:48:29 [http-nio-8080-exec-9] TRACE:binding parameter [1] as [BIGINT] - [1]
2022-09-26 11:48:29 [http-nio-8080-exec-1] DEBUG:
    select
        couponenti0_.id as id1_1_,
        couponenti0_.amount as amount2_1_,
        couponenti0_.category as category3_1_,
        couponenti0_.company_entity_id as company_9_1_,
        couponenti0_.description as descript4_1_,
        couponenti0_.end_date as end_date5_1_,
        couponenti0_.price as price6_1_,
        couponenti0_.start_date as start_da7_1_,
        couponenti0_.title as title8_1_ 
    from
        coupons couponenti0_
2022-09-26 11:48:29 [http-nio-8080-exec-1] DEBUG:
    select
        companyent0_.id as id1_0_0_,
        companyent0_.address as address2_0_0_,
        companyent0_.name as name3_0_0_,
        companyent0_.phone_number as phone_nu4_0_0_ 
    from
        companies companyent0_ 
    where
        companyent0_.id=?
2022-09-26 11:48:29 [http-nio-8080-exec-1] TRACE:binding parameter [1] as [BIGINT] - [1]
2022-09-26 12:04:50 [http-nio-8080-exec-4] DEBUG:
    select
        couponenti0_.id as id1_1_,
        couponenti0_.amount as amount2_1_,
        couponenti0_.category as category3_1_,
        couponenti0_.company_entity_id as company_9_1_,
        couponenti0_.description as descript4_1_,
        couponenti0_.end_date as end_date5_1_,
        couponenti0_.price as price6_1_,
        couponenti0_.start_date as start_da7_1_,
        couponenti0_.title as title8_1_ 
    from
        coupons couponenti0_
2022-09-26 12:04:50 [http-nio-8080-exec-4] DEBUG:
    select
        companyent0_.id as id1_0_0_,
        companyent0_.address as address2_0_0_,
        companyent0_.name as name3_0_0_,
        companyent0_.phone_number as phone_nu4_0_0_ 
    from
        companies companyent0_ 
    where
        companyent0_.id=?
2022-09-26 12:04:50 [http-nio-8080-exec-4] TRACE:binding parameter [1] as [BIGINT] - [1]
2022-09-26 12:04:50 [http-nio-8080-exec-4] DEBUG:
    select
        couponenti0_.id as id1_1_,
        couponenti0_.amount as amount2_1_,
        couponenti0_.category as category3_1_,
        couponenti0_.company_entity_id as company_9_1_,
        couponenti0_.description as descript4_1_,
        couponenti0_.end_date as end_date5_1_,
        couponenti0_.price as price6_1_,
        couponenti0_.start_date as start_da7_1_,
        couponenti0_.title as title8_1_ 
    from
        coupons couponenti0_
2022-09-26 12:04:50 [http-nio-8080-exec-4] DEBUG:
    select
        companyent0_.id as id1_0_0_,
        companyent0_.address as address2_0_0_,
        companyent0_.name as name3_0_0_,
        companyent0_.phone_number as phone_nu4_0_0_ 
    from
        companies companyent0_ 
    where
        companyent0_.id=?
2022-09-26 12:04:50 [http-nio-8080-exec-4] TRACE:binding parameter [1] as [BIGINT] - [1]
2022-09-26 12:06:18 [http-nio-8080-exec-7] DEBUG:
    select
        couponenti0_.id as id1_1_,
        couponenti0_.amount as amount2_1_,
        couponenti0_.category as category3_1_,
        couponenti0_.company_entity_id as company_9_1_,
        couponenti0_.description as descript4_1_,
        couponenti0_.end_date as end_date5_1_,
        couponenti0_.price as price6_1_,
        couponenti0_.start_date as start_da7_1_,
        couponenti0_.title as title8_1_ 
    from
        coupons couponenti0_
2022-09-26 12:06:18 [http-nio-8080-exec-7] DEBUG:
    select
        companyent0_.id as id1_0_0_,
        companyent0_.address as address2_0_0_,
        companyent0_.name as name3_0_0_,
        companyent0_.phone_number as phone_nu4_0_0_ 
    from
        companies companyent0_ 
    where
        companyent0_.id=?
2022-09-26 12:06:18 [http-nio-8080-exec-7] TRACE:binding parameter [1] as [BIGINT] - [1]
2022-09-26 12:06:18 [http-nio-8080-exec-7] DEBUG:
    select
        couponenti0_.id as id1_1_,
        couponenti0_.amount as amount2_1_,
        couponenti0_.category as category3_1_,
        couponenti0_.company_entity_id as company_9_1_,
        couponenti0_.description as descript4_1_,
        couponenti0_.end_date as end_date5_1_,
        couponenti0_.price as price6_1_,
        couponenti0_.start_date as start_da7_1_,
        couponenti0_.title as title8_1_ 
    from
        coupons couponenti0_
2022-09-26 12:06:18 [http-nio-8080-exec-7] DEBUG:
    select
        companyent0_.id as id1_0_0_,
        companyent0_.address as address2_0_0_,
        companyent0_.name as name3_0_0_,
        companyent0_.phone_number as phone_nu4_0_0_ 
    from
        companies companyent0_ 
    where
        companyent0_.id=?
2022-09-26 12:06:18 [http-nio-8080-exec-7] TRACE:binding parameter [1] as [BIGINT] - [1]
2022-09-26 12:16:03 [http-nio-8080-exec-1] DEBUG:
    select
        couponenti0_.id as id1_1_,
        couponenti0_.amount as amount2_1_,
        couponenti0_.category as category3_1_,
        couponenti0_.company_entity_id as company_9_1_,
        couponenti0_.description as descript4_1_,
        couponenti0_.end_date as end_date5_1_,
        couponenti0_.price as price6_1_,
        couponenti0_.start_date as start_da7_1_,
        couponenti0_.title as title8_1_ 
    from
        coupons couponenti0_
2022-09-26 12:16:03 [http-nio-8080-exec-1] DEBUG:
    select
        companyent0_.id as id1_0_0_,
        companyent0_.address as address2_0_0_,
        companyent0_.name as name3_0_0_,
        companyent0_.phone_number as phone_nu4_0_0_ 
    from
        companies companyent0_ 
    where
        companyent0_.id=?
2022-09-26 12:16:03 [http-nio-8080-exec-1] TRACE:binding parameter [1] as [BIGINT] - [1]
2022-09-26 12:16:03 [http-nio-8080-exec-2] DEBUG:
    select
        couponenti0_.id as id1_1_,
        couponenti0_.amount as amount2_1_,
        couponenti0_.category as category3_1_,
        couponenti0_.company_entity_id as company_9_1_,
        couponenti0_.description as descript4_1_,
        couponenti0_.end_date as end_date5_1_,
        couponenti0_.price as price6_1_,
        couponenti0_.start_date as start_da7_1_,
        couponenti0_.title as title8_1_ 
    from
        coupons couponenti0_
2022-09-26 12:16:03 [http-nio-8080-exec-2] DEBUG:
    select
        companyent0_.id as id1_0_0_,
        companyent0_.address as address2_0_0_,
        companyent0_.name as name3_0_0_,
        companyent0_.phone_number as phone_nu4_0_0_ 
    from
        companies companyent0_ 
    where
        companyent0_.id=?
2022-09-26 12:16:03 [http-nio-8080-exec-2] TRACE:binding parameter [1] as [BIGINT] - [1]
2022-09-26 12:54:41 [HikariPool-1 housekeeper] WARN :HikariPool-1 - Thread starvation or clock leap detected (housekeeper delta=19m18s660ms).
2022-09-26 13:29:20 [HikariPool-1 housekeeper] WARN :HikariPool-1 - Thread starvation or clock leap detected (housekeeper delta=34m38s973ms).
2022-09-26 13:32:28 [HikariPool-1 housekeeper] WARN :HikariPool-1 - Thread starvation or clock leap detected (housekeeper delta=3m8s574ms).
2022-09-26 13:51:56 [HikariPool-1 housekeeper] WARN :HikariPool-1 - Thread starvation or clock leap detected (housekeeper delta=19m28s69ms).
2022-09-26 15:11:24 [HikariPool-1 housekeeper] WARN :HikariPool-1 - Thread starvation or clock leap detected (housekeeper delta=1h19m27s851ms).
2022-09-26 16:14:22 [HikariPool-1 housekeeper] WARN :HikariPool-1 - Thread starvation or clock leap detected (housekeeper delta=1h2m58s284ms).
2022-09-26 17:11:40 [HikariPool-1 housekeeper] WARN :HikariPool-1 - Thread starvation or clock leap detected (housekeeper delta=57m17s423ms).
2022-09-26 17:27:42 [HikariPool-1 housekeeper] WARN :HikariPool-1 - Thread starvation or clock leap detected (housekeeper delta=16m2s210ms).
2022-09-26 18:07:57 [HikariPool-1 housekeeper] WARN :HikariPool-1 - Thread starvation or clock leap detected (housekeeper delta=40m15s331ms).
2022-09-26 19:03:49 [HikariPool-1 housekeeper] WARN :HikariPool-1 - Thread starvation or clock leap detected (housekeeper delta=55m51s326ms).
2022-09-26 19:25:00 [HikariPool-1 housekeeper] WARN :HikariPool-1 - Thread starvation or clock leap detected (housekeeper delta=21m11s27ms).
2022-09-26 19:30:29 [SpringApplicationShutdownHook] INFO :Closing JPA EntityManagerFactory for persistence unit 'default'
2022-09-26 19:30:29 [SpringApplicationShutdownHook] INFO :HikariPool-1 - Shutdown initiated...
2022-09-26 19:30:29 [SpringApplicationShutdownHook] INFO :HikariPool-1 - Shutdown completed.
2022-09-26 19:37:37 [main] INFO :Starting Main using Java 18.0.1.1 on Shellys-MBP.lan with PID 31500 (/Users/shelly_yaron/Documents/לימודים/Java Full stack/IdeaProjects/CouponsProject/target/classes started by shelly_yaron in /Users/shelly_yaron/Documents/לימודים/Java Full stack/IdeaProjects/CouponsProject)
2022-09-26 19:37:37 [main] INFO :No active profile set, falling back to 1 default profile: "default"
2022-09-26 19:37:39 [main] INFO :Bootstrapping Spring Data JPA repositories in DEFAULT mode.
2022-09-26 19:37:39 [main] INFO :Finished Spring Data repository scanning in 120 ms. Found 5 JPA repository interfaces.
2022-09-26 19:37:40 [main] INFO :Tomcat initialized with port(s): 8080 (http)
2022-09-26 19:37:40 [main] INFO :Initializing ProtocolHandler ["http-nio-8080"]
2022-09-26 19:37:40 [main] INFO :Starting service [Tomcat]
2022-09-26 19:37:40 [main] INFO :Starting Servlet engine: [Apache Tomcat/9.0.65]
2022-09-26 19:37:40 [main] INFO :Initializing Spring embedded WebApplicationContext
2022-09-26 19:37:40 [main] INFO :Root WebApplicationContext: initialization completed in 2688 ms
2022-09-26 19:37:41 [main] INFO :HHH000204: Processing PersistenceUnitInfo [name: default]
2022-09-26 19:37:41 [main] INFO :HHH000412: Hibernate ORM core version 5.6.10.Final
2022-09-26 19:37:41 [main] INFO :HCANN000001: Hibernate Commons Annotations {5.1.2.Final}
2022-09-26 19:37:41 [main] INFO :HikariPool-1 - Starting...
2022-09-26 19:37:41 [main] INFO :HikariPool-1 - Start completed.
2022-09-26 19:37:41 [main] INFO :HHH000400: Using dialect: org.hibernate.dialect.MySQL57Dialect
2022-09-26 19:37:42 [main] INFO :HHH000490: Using JtaPlatform implementation: [org.hibernate.engine.transaction.jta.platform.internal.NoJtaPlatform]
2022-09-26 19:37:42 [main] INFO :Initialized JPA EntityManagerFactory for persistence unit 'default'
2022-09-26 19:37:43 [main] WARN :spring.jpa.open-in-view is enabled by default. Therefore, database queries may be performed during view rendering. Explicitly configure spring.jpa.open-in-view to disable this warning
2022-09-26 19:37:45 [main] INFO :Starting ProtocolHandler ["http-nio-8080"]
2022-09-26 19:37:45 [main] INFO :Tomcat started on port(s): 8080 (http) with context path ''
2022-09-26 19:37:45 [main] INFO :Started Main in 8.026 seconds (JVM running for 8.908)
2022-09-26 19:38:17 [http-nio-8080-exec-2] INFO :Initializing Spring DispatcherServlet 'dispatcherServlet'
2022-09-26 19:38:17 [http-nio-8080-exec-2] INFO :Initializing Servlet 'dispatcherServlet'
2022-09-26 19:38:17 [http-nio-8080-exec-2] INFO :Completed initialization in 6 ms
2022-09-26 19:38:17 [http-nio-8080-exec-2] DEBUG:
    select
        couponenti0_.id as id1_1_,
        couponenti0_.amount as amount2_1_,
        couponenti0_.category as category3_1_,
        couponenti0_.company_entity_id as company_9_1_,
        couponenti0_.description as descript4_1_,
        couponenti0_.end_date as end_date5_1_,
        couponenti0_.price as price6_1_,
        couponenti0_.start_date as start_da7_1_,
        couponenti0_.title as title8_1_ 
    from
        coupons couponenti0_
2022-09-26 19:38:17 [http-nio-8080-exec-2] DEBUG:
    select
        companyent0_.id as id1_0_0_,
        companyent0_.address as address2_0_0_,
        companyent0_.name as name3_0_0_,
        companyent0_.phone_number as phone_nu4_0_0_ 
    from
        companies companyent0_ 
    where
        companyent0_.id=?
2022-09-26 19:38:17 [http-nio-8080-exec-2] TRACE:binding parameter [1] as [BIGINT] - [1]
2022-09-26 19:38:17 [http-nio-8080-exec-1] DEBUG:
    select
        couponenti0_.id as id1_1_,
        couponenti0_.amount as amount2_1_,
        couponenti0_.category as category3_1_,
        couponenti0_.company_entity_id as company_9_1_,
        couponenti0_.description as descript4_1_,
        couponenti0_.end_date as end_date5_1_,
        couponenti0_.price as price6_1_,
        couponenti0_.start_date as start_da7_1_,
        couponenti0_.title as title8_1_ 
    from
        coupons couponenti0_
2022-09-26 19:38:17 [http-nio-8080-exec-1] DEBUG:
    select
        companyent0_.id as id1_0_0_,
        companyent0_.address as address2_0_0_,
        companyent0_.name as name3_0_0_,
        companyent0_.phone_number as phone_nu4_0_0_ 
    from
        companies companyent0_ 
    where
        companyent0_.id=?
2022-09-26 19:38:17 [http-nio-8080-exec-1] TRACE:binding parameter [1] as [BIGINT] - [1]
2022-09-26 19:40:52 [http-nio-8080-exec-7] DEBUG:
    select
        couponenti0_.id as id1_1_,
        couponenti0_.amount as amount2_1_,
        couponenti0_.category as category3_1_,
        couponenti0_.company_entity_id as company_9_1_,
        couponenti0_.description as descript4_1_,
        couponenti0_.end_date as end_date5_1_,
        couponenti0_.price as price6_1_,
        couponenti0_.start_date as start_da7_1_,
        couponenti0_.title as title8_1_ 
    from
        coupons couponenti0_
2022-09-26 19:40:52 [http-nio-8080-exec-7] DEBUG:
    select
        companyent0_.id as id1_0_0_,
        companyent0_.address as address2_0_0_,
        companyent0_.name as name3_0_0_,
        companyent0_.phone_number as phone_nu4_0_0_ 
    from
        companies companyent0_ 
    where
        companyent0_.id=?
2022-09-26 19:40:52 [http-nio-8080-exec-7] TRACE:binding parameter [1] as [BIGINT] - [1]
2022-09-26 19:40:52 [http-nio-8080-exec-5] WARN :No mapping for GET /favicon.ico
2022-09-26 19:44:16 [http-nio-8080-exec-9] DEBUG:
    select
        couponenti0_.id as id1_1_,
        couponenti0_.amount as amount2_1_,
        couponenti0_.category as category3_1_,
        couponenti0_.company_entity_id as company_9_1_,
        couponenti0_.description as descript4_1_,
        couponenti0_.end_date as end_date5_1_,
        couponenti0_.price as price6_1_,
        couponenti0_.start_date as start_da7_1_,
        couponenti0_.title as title8_1_ 
    from
        coupons couponenti0_
2022-09-26 19:44:16 [http-nio-8080-exec-9] DEBUG:
    select
        companyent0_.id as id1_0_0_,
        companyent0_.address as address2_0_0_,
        companyent0_.name as name3_0_0_,
        companyent0_.phone_number as phone_nu4_0_0_ 
    from
        companies companyent0_ 
    where
        companyent0_.id=?
2022-09-26 19:44:16 [http-nio-8080-exec-9] TRACE:binding parameter [1] as [BIGINT] - [1]
2022-09-26 19:44:16 [http-nio-8080-exec-9] DEBUG:
    select
        couponenti0_.id as id1_1_,
        couponenti0_.amount as amount2_1_,
        couponenti0_.category as category3_1_,
        couponenti0_.company_entity_id as company_9_1_,
        couponenti0_.description as descript4_1_,
        couponenti0_.end_date as end_date5_1_,
        couponenti0_.price as price6_1_,
        couponenti0_.start_date as start_da7_1_,
        couponenti0_.title as title8_1_ 
    from
        coupons couponenti0_
2022-09-26 19:44:16 [http-nio-8080-exec-9] DEBUG:
    select
        companyent0_.id as id1_0_0_,
        companyent0_.address as address2_0_0_,
        companyent0_.name as name3_0_0_,
        companyent0_.phone_number as phone_nu4_0_0_ 
    from
        companies companyent0_ 
    where
        companyent0_.id=?
2022-09-26 19:44:16 [http-nio-8080-exec-9] TRACE:binding parameter [1] as [BIGINT] - [1]
2022-09-26 19:44:41 [SpringApplicationShutdownHook] INFO :Closing JPA EntityManagerFactory for persistence unit 'default'
2022-09-26 19:44:41 [SpringApplicationShutdownHook] INFO :HikariPool-1 - Shutdown initiated...
2022-09-26 19:44:41 [SpringApplicationShutdownHook] INFO :HikariPool-1 - Shutdown completed.
2022-09-26 19:44:45 [main] INFO :Starting Main using Java 18.0.1.1 on Shellys-MBP.lan with PID 31601 (/Users/shelly_yaron/Documents/לימודים/Java Full stack/IdeaProjects/CouponsProject/target/classes started by shelly_yaron in /Users/shelly_yaron/Documents/לימודים/Java Full stack/IdeaProjects/CouponsProject)
2022-09-26 19:44:45 [main] INFO :No active profile set, falling back to 1 default profile: "default"
2022-09-26 19:44:47 [main] INFO :Bootstrapping Spring Data JPA repositories in DEFAULT mode.
2022-09-26 19:44:47 [main] INFO :Finished Spring Data repository scanning in 106 ms. Found 5 JPA repository interfaces.
2022-09-26 19:44:48 [main] INFO :Tomcat initialized with port(s): 8080 (http)
2022-09-26 19:44:48 [main] INFO :Initializing ProtocolHandler ["http-nio-8080"]
2022-09-26 19:44:48 [main] INFO :Starting service [Tomcat]
2022-09-26 19:44:48 [main] INFO :Starting Servlet engine: [Apache Tomcat/9.0.65]
2022-09-26 19:44:48 [main] INFO :Initializing Spring embedded WebApplicationContext
2022-09-26 19:44:48 [main] INFO :Root WebApplicationContext: initialization completed in 2496 ms
2022-09-26 19:44:48 [main] INFO :HHH000204: Processing PersistenceUnitInfo [name: default]
2022-09-26 19:44:48 [main] INFO :HHH000412: Hibernate ORM core version 5.6.10.Final
2022-09-26 19:44:49 [main] INFO :HCANN000001: Hibernate Commons Annotations {5.1.2.Final}
2022-09-26 19:44:49 [main] INFO :HikariPool-1 - Starting...
2022-09-26 19:44:49 [main] INFO :HikariPool-1 - Start completed.
2022-09-26 19:44:49 [main] INFO :HHH000400: Using dialect: org.hibernate.dialect.MySQL57Dialect
2022-09-26 19:44:50 [main] INFO :HHH000490: Using JtaPlatform implementation: [org.hibernate.engine.transaction.jta.platform.internal.NoJtaPlatform]
2022-09-26 19:44:50 [main] INFO :Initialized JPA EntityManagerFactory for persistence unit 'default'
2022-09-26 19:44:51 [main] WARN :spring.jpa.open-in-view is enabled by default. Therefore, database queries may be performed during view rendering. Explicitly configure spring.jpa.open-in-view to disable this warning
2022-09-26 19:44:52 [main] INFO :Starting ProtocolHandler ["http-nio-8080"]
2022-09-26 19:44:52 [main] INFO :Tomcat started on port(s): 8080 (http) with context path ''
2022-09-26 19:44:52 [main] INFO :Started Main in 7.396 seconds (JVM running for 8.164)
2022-09-26 19:44:58 [http-nio-8080-exec-1] INFO :Initializing Spring DispatcherServlet 'dispatcherServlet'
2022-09-26 19:44:58 [http-nio-8080-exec-1] INFO :Initializing Servlet 'dispatcherServlet'
2022-09-26 19:44:58 [http-nio-8080-exec-1] INFO :Completed initialization in 5 ms
2022-09-26 19:44:58 [http-nio-8080-exec-1] DEBUG:
    select
        couponenti0_.id as id1_1_,
        couponenti0_.amount as amount2_1_,
        couponenti0_.category as category3_1_,
        couponenti0_.company_entity_id as company_9_1_,
        couponenti0_.description as descript4_1_,
        couponenti0_.end_date as end_date5_1_,
        couponenti0_.price as price6_1_,
        couponenti0_.start_date as start_da7_1_,
        couponenti0_.title as title8_1_ 
    from
        coupons couponenti0_
2022-09-26 19:44:58 [http-nio-8080-exec-1] DEBUG:
    select
        companyent0_.id as id1_0_0_,
        companyent0_.address as address2_0_0_,
        companyent0_.name as name3_0_0_,
        companyent0_.phone_number as phone_nu4_0_0_ 
    from
        companies companyent0_ 
    where
        companyent0_.id=?
2022-09-26 19:44:58 [http-nio-8080-exec-1] TRACE:binding parameter [1] as [BIGINT] - [1]
2022-09-26 19:44:58 [http-nio-8080-exec-4] DEBUG:
    select
        couponenti0_.id as id1_1_,
        couponenti0_.amount as amount2_1_,
        couponenti0_.category as category3_1_,
        couponenti0_.company_entity_id as company_9_1_,
        couponenti0_.description as descript4_1_,
        couponenti0_.end_date as end_date5_1_,
        couponenti0_.price as price6_1_,
        couponenti0_.start_date as start_da7_1_,
        couponenti0_.title as title8_1_ 
    from
        coupons couponenti0_
2022-09-26 19:44:58 [http-nio-8080-exec-4] DEBUG:
    select
        companyent0_.id as id1_0_0_,
        companyent0_.address as address2_0_0_,
        companyent0_.name as name3_0_0_,
        companyent0_.phone_number as phone_nu4_0_0_ 
    from
        companies companyent0_ 
    where
        companyent0_.id=?
2022-09-26 19:44:58 [http-nio-8080-exec-4] TRACE:binding parameter [1] as [BIGINT] - [1]
2022-09-26 20:53:32 [http-nio-8080-exec-10] DEBUG:
    select
        couponenti0_.id as id1_1_,
        couponenti0_.amount as amount2_1_,
        couponenti0_.category as category3_1_,
        couponenti0_.company_entity_id as company_9_1_,
        couponenti0_.description as descript4_1_,
        couponenti0_.end_date as end_date5_1_,
        couponenti0_.price as price6_1_,
        couponenti0_.start_date as start_da7_1_,
        couponenti0_.title as title8_1_ 
    from
        coupons couponenti0_
2022-09-26 20:53:32 [http-nio-8080-exec-10] DEBUG:
    select
        companyent0_.id as id1_0_0_,
        companyent0_.address as address2_0_0_,
        companyent0_.name as name3_0_0_,
        companyent0_.phone_number as phone_nu4_0_0_ 
    from
        companies companyent0_ 
    where
        companyent0_.id=?
2022-09-26 20:53:32 [http-nio-8080-exec-10] TRACE:binding parameter [1] as [BIGINT] - [1]
2022-09-26 21:05:24 [SpringApplicationShutdownHook] INFO :Closing JPA EntityManagerFactory for persistence unit 'default'
2022-09-26 21:05:24 [SpringApplicationShutdownHook] INFO :HikariPool-1 - Shutdown initiated...
2022-09-26 21:05:24 [SpringApplicationShutdownHook] INFO :HikariPool-1 - Shutdown completed.
2022-09-26 21:09:05 [main] INFO :Starting Main using Java 18.0.1.1 on Shellys-MBP.lan with PID 32724 (/Users/shelly_yaron/Documents/לימודים/Java Full stack/IdeaProjects/CouponsProject/target/classes started by shelly_yaron in /Users/shelly_yaron/Documents/לימודים/Java Full stack/IdeaProjects/CouponsProject)
2022-09-26 21:09:05 [main] INFO :No active profile set, falling back to 1 default profile: "default"
2022-09-26 21:09:07 [main] INFO :Bootstrapping Spring Data JPA repositories in DEFAULT mode.
2022-09-26 21:09:07 [main] INFO :Finished Spring Data repository scanning in 111 ms. Found 5 JPA repository interfaces.
2022-09-26 21:09:08 [main] INFO :Tomcat initialized with port(s): 8080 (http)
2022-09-26 21:09:08 [main] INFO :Initializing ProtocolHandler ["http-nio-8080"]
2022-09-26 21:09:08 [main] INFO :Starting service [Tomcat]
2022-09-26 21:09:08 [main] INFO :Starting Servlet engine: [Apache Tomcat/9.0.65]
2022-09-26 21:09:08 [main] INFO :Initializing Spring embedded WebApplicationContext
2022-09-26 21:09:08 [main] INFO :Root WebApplicationContext: initialization completed in 2609 ms
2022-09-26 21:09:08 [main] INFO :HHH000204: Processing PersistenceUnitInfo [name: default]
2022-09-26 21:09:08 [main] INFO :HHH000412: Hibernate ORM core version 5.6.10.Final
2022-09-26 21:09:08 [main] INFO :HCANN000001: Hibernate Commons Annotations {5.1.2.Final}
2022-09-26 21:09:09 [main] INFO :HikariPool-1 - Starting...
2022-09-26 21:09:09 [main] INFO :HikariPool-1 - Start completed.
2022-09-26 21:09:09 [main] INFO :HHH000400: Using dialect: org.hibernate.dialect.MySQL57Dialect
2022-09-26 21:09:10 [main] INFO :HHH000490: Using JtaPlatform implementation: [org.hibernate.engine.transaction.jta.platform.internal.NoJtaPlatform]
2022-09-26 21:09:10 [main] INFO :Initialized JPA EntityManagerFactory for persistence unit 'default'
2022-09-26 21:09:11 [main] WARN :spring.jpa.open-in-view is enabled by default. Therefore, database queries may be performed during view rendering. Explicitly configure spring.jpa.open-in-view to disable this warning
2022-09-26 21:09:12 [main] INFO :Starting ProtocolHandler ["http-nio-8080"]
2022-09-26 21:09:12 [main] INFO :Tomcat started on port(s): 8080 (http) with context path ''
2022-09-26 21:09:12 [main] INFO :Started Main in 7.776 seconds (JVM running for 8.633)
2022-09-26 21:09:15 [SpringApplicationShutdownHook] INFO :Closing JPA EntityManagerFactory for persistence unit 'default'
2022-09-26 21:09:15 [SpringApplicationShutdownHook] INFO :HikariPool-1 - Shutdown initiated...
2022-09-26 21:09:15 [SpringApplicationShutdownHook] INFO :HikariPool-1 - Shutdown completed.
2022-09-26 21:09:18 [main] INFO :Starting Main using Java 18.0.1.1 on Shellys-MBP.lan with PID 32733 (/Users/shelly_yaron/Documents/לימודים/Java Full stack/IdeaProjects/CouponsProject/target/classes started by shelly_yaron in /Users/shelly_yaron/Documents/לימודים/Java Full stack/IdeaProjects/CouponsProject)
2022-09-26 21:09:18 [main] INFO :No active profile set, falling back to 1 default profile: "default"
2022-09-26 21:09:19 [main] INFO :Bootstrapping Spring Data JPA repositories in DEFAULT mode.
2022-09-26 21:09:19 [main] INFO :Finished Spring Data repository scanning in 109 ms. Found 5 JPA repository interfaces.
2022-09-26 21:09:20 [main] INFO :Tomcat initialized with port(s): 8080 (http)
2022-09-26 21:09:21 [main] INFO :Initializing ProtocolHandler ["http-nio-8080"]
2022-09-26 21:09:21 [main] INFO :Starting service [Tomcat]
2022-09-26 21:09:21 [main] INFO :Starting Servlet engine: [Apache Tomcat/9.0.65]
2022-09-26 21:09:21 [main] INFO :Initializing Spring embedded WebApplicationContext
2022-09-26 21:09:21 [main] INFO :Root WebApplicationContext: initialization completed in 2647 ms
2022-09-26 21:09:21 [main] INFO :HHH000204: Processing PersistenceUnitInfo [name: default]
2022-09-26 21:09:21 [main] INFO :HHH000412: Hibernate ORM core version 5.6.10.Final
2022-09-26 21:09:21 [main] INFO :HCANN000001: Hibernate Commons Annotations {5.1.2.Final}
2022-09-26 21:09:21 [main] INFO :HikariPool-1 - Starting...
2022-09-26 21:09:22 [main] INFO :HikariPool-1 - Start completed.
2022-09-26 21:09:22 [main] INFO :HHH000400: Using dialect: org.hibernate.dialect.MySQL57Dialect
2022-09-26 21:09:23 [main] INFO :HHH000490: Using JtaPlatform implementation: [org.hibernate.engine.transaction.jta.platform.internal.NoJtaPlatform]
2022-09-26 21:09:23 [main] INFO :Initialized JPA EntityManagerFactory for persistence unit 'default'
2022-09-26 21:09:24 [main] WARN :spring.jpa.open-in-view is enabled by default. Therefore, database queries may be performed during view rendering. Explicitly configure spring.jpa.open-in-view to disable this warning
2022-09-26 21:09:25 [main] INFO :Starting ProtocolHandler ["http-nio-8080"]
2022-09-26 21:09:25 [main] INFO :Tomcat started on port(s): 8080 (http) with context path ''
2022-09-26 21:09:25 [main] INFO :Started Main in 7.728 seconds (JVM running for 8.513)
2022-09-26 21:09:29 [http-nio-8080-exec-1] INFO :Initializing Spring DispatcherServlet 'dispatcherServlet'
2022-09-26 21:09:29 [http-nio-8080-exec-1] INFO :Initializing Servlet 'dispatcherServlet'
2022-09-26 21:09:29 [http-nio-8080-exec-1] INFO :Completed initialization in 2 ms
2022-09-26 21:09:30 [http-nio-8080-exec-10] INFO :Init duration for springdoc-openapi is: 755 ms
2022-09-26 21:11:08 [http-nio-8080-exec-4] DEBUG:
    select
        couponenti0_.id as id1_1_,
        couponenti0_.amount as amount2_1_,
        couponenti0_.category as category3_1_,
        couponenti0_.company_entity_id as company_9_1_,
        couponenti0_.description as descript4_1_,
        couponenti0_.end_date as end_date5_1_,
        couponenti0_.price as price6_1_,
        couponenti0_.start_date as start_da7_1_,
        couponenti0_.title as title8_1_ 
    from
        coupons couponenti0_
2022-09-26 21:11:08 [http-nio-8080-exec-4] DEBUG:
    select
        companyent0_.id as id1_0_0_,
        companyent0_.address as address2_0_0_,
        companyent0_.name as name3_0_0_,
        companyent0_.phone_number as phone_nu4_0_0_ 
    from
        companies companyent0_ 
    where
        companyent0_.id=?
2022-09-26 21:11:08 [http-nio-8080-exec-4] TRACE:binding parameter [1] as [BIGINT] - [1]
2022-09-26 21:11:08 [http-nio-8080-exec-2] DEBUG:
    select
        couponenti0_.id as id1_1_,
        couponenti0_.amount as amount2_1_,
        couponenti0_.category as category3_1_,
        couponenti0_.company_entity_id as company_9_1_,
        couponenti0_.description as descript4_1_,
        couponenti0_.end_date as end_date5_1_,
        couponenti0_.price as price6_1_,
        couponenti0_.start_date as start_da7_1_,
        couponenti0_.title as title8_1_ 
    from
        coupons couponenti0_
2022-09-26 21:11:08 [http-nio-8080-exec-2] DEBUG:
    select
        companyent0_.id as id1_0_0_,
        companyent0_.address as address2_0_0_,
        companyent0_.name as name3_0_0_,
        companyent0_.phone_number as phone_nu4_0_0_ 
    from
        companies companyent0_ 
    where
        companyent0_.id=?
2022-09-26 21:11:08 [http-nio-8080-exec-2] TRACE:binding parameter [1] as [BIGINT] - [1]
2022-09-26 21:16:59 [http-nio-8080-exec-10] DEBUG:
    select
        couponenti0_.id as id1_1_,
        couponenti0_.amount as amount2_1_,
        couponenti0_.category as category3_1_,
        couponenti0_.company_entity_id as company_9_1_,
        couponenti0_.description as descript4_1_,
        couponenti0_.end_date as end_date5_1_,
        couponenti0_.price as price6_1_,
        couponenti0_.start_date as start_da7_1_,
        couponenti0_.title as title8_1_ 
    from
        coupons couponenti0_
2022-09-26 21:16:59 [http-nio-8080-exec-10] DEBUG:
    select
        companyent0_.id as id1_0_0_,
        companyent0_.address as address2_0_0_,
        companyent0_.name as name3_0_0_,
        companyent0_.phone_number as phone_nu4_0_0_ 
    from
        companies companyent0_ 
    where
        companyent0_.id=?
2022-09-26 21:16:59 [http-nio-8080-exec-10] TRACE:binding parameter [1] as [BIGINT] - [1]
2022-09-26 21:16:59 [http-nio-8080-exec-8] DEBUG:
    select
        couponenti0_.id as id1_1_,
        couponenti0_.amount as amount2_1_,
        couponenti0_.category as category3_1_,
        couponenti0_.company_entity_id as company_9_1_,
        couponenti0_.description as descript4_1_,
        couponenti0_.end_date as end_date5_1_,
        couponenti0_.price as price6_1_,
        couponenti0_.start_date as start_da7_1_,
        couponenti0_.title as title8_1_ 
    from
        coupons couponenti0_
2022-09-26 21:16:59 [http-nio-8080-exec-8] DEBUG:
    select
        companyent0_.id as id1_0_0_,
        companyent0_.address as address2_0_0_,
        companyent0_.name as name3_0_0_,
        companyent0_.phone_number as phone_nu4_0_0_ 
    from
        companies companyent0_ 
    where
        companyent0_.id=?
2022-09-26 21:16:59 [http-nio-8080-exec-8] TRACE:binding parameter [1] as [BIGINT] - [1]
2022-09-26 21:17:00 [http-nio-8080-exec-1] DEBUG:
    select
        couponenti0_.id as id1_1_,
        couponenti0_.amount as amount2_1_,
        couponenti0_.category as category3_1_,
        couponenti0_.company_entity_id as company_9_1_,
        couponenti0_.description as descript4_1_,
        couponenti0_.end_date as end_date5_1_,
        couponenti0_.price as price6_1_,
        couponenti0_.start_date as start_da7_1_,
        couponenti0_.title as title8_1_ 
    from
        coupons couponenti0_
2022-09-26 21:17:00 [http-nio-8080-exec-1] DEBUG:
    select
        companyent0_.id as id1_0_0_,
        companyent0_.address as address2_0_0_,
        companyent0_.name as name3_0_0_,
        companyent0_.phone_number as phone_nu4_0_0_ 
    from
        companies companyent0_ 
    where
        companyent0_.id=?
2022-09-26 21:17:00 [http-nio-8080-exec-1] TRACE:binding parameter [1] as [BIGINT] - [1]
2022-09-26 21:17:00 [http-nio-8080-exec-3] DEBUG:
    select
        couponenti0_.id as id1_1_,
        couponenti0_.amount as amount2_1_,
        couponenti0_.category as category3_1_,
        couponenti0_.company_entity_id as company_9_1_,
        couponenti0_.description as descript4_1_,
        couponenti0_.end_date as end_date5_1_,
        couponenti0_.price as price6_1_,
        couponenti0_.start_date as start_da7_1_,
        couponenti0_.title as title8_1_ 
    from
        coupons couponenti0_
2022-09-26 21:17:00 [http-nio-8080-exec-3] DEBUG:
    select
        companyent0_.id as id1_0_0_,
        companyent0_.address as address2_0_0_,
        companyent0_.name as name3_0_0_,
        companyent0_.phone_number as phone_nu4_0_0_ 
    from
        companies companyent0_ 
    where
        companyent0_.id=?
2022-09-26 21:17:00 [http-nio-8080-exec-3] TRACE:binding parameter [1] as [BIGINT] - [1]
2022-09-26 21:18:08 [http-nio-8080-exec-4] DEBUG:
    select
        couponenti0_.id as id1_1_,
        couponenti0_.amount as amount2_1_,
        couponenti0_.category as category3_1_,
        couponenti0_.company_entity_id as company_9_1_,
        couponenti0_.description as descript4_1_,
        couponenti0_.end_date as end_date5_1_,
        couponenti0_.price as price6_1_,
        couponenti0_.start_date as start_da7_1_,
        couponenti0_.title as title8_1_ 
    from
        coupons couponenti0_
2022-09-26 21:18:08 [http-nio-8080-exec-4] DEBUG:
    select
        companyent0_.id as id1_0_0_,
        companyent0_.address as address2_0_0_,
        companyent0_.name as name3_0_0_,
        companyent0_.phone_number as phone_nu4_0_0_ 
    from
        companies companyent0_ 
    where
        companyent0_.id=?
2022-09-26 21:18:08 [http-nio-8080-exec-4] TRACE:binding parameter [1] as [BIGINT] - [1]
2022-09-26 21:18:08 [http-nio-8080-exec-2] DEBUG:
    select
        couponenti0_.id as id1_1_,
        couponenti0_.amount as amount2_1_,
        couponenti0_.category as category3_1_,
        couponenti0_.company_entity_id as company_9_1_,
        couponenti0_.description as descript4_1_,
        couponenti0_.end_date as end_date5_1_,
        couponenti0_.price as price6_1_,
        couponenti0_.start_date as start_da7_1_,
        couponenti0_.title as title8_1_ 
    from
        coupons couponenti0_
2022-09-26 21:18:08 [http-nio-8080-exec-2] DEBUG:
    select
        companyent0_.id as id1_0_0_,
        companyent0_.address as address2_0_0_,
        companyent0_.name as name3_0_0_,
        companyent0_.phone_number as phone_nu4_0_0_ 
    from
        companies companyent0_ 
    where
        companyent0_.id=?
2022-09-26 21:18:08 [http-nio-8080-exec-2] TRACE:binding parameter [1] as [BIGINT] - [1]
2022-09-26 21:18:08 [http-nio-8080-exec-9] DEBUG:
    select
        couponenti0_.id as id1_1_,
        couponenti0_.amount as amount2_1_,
        couponenti0_.category as category3_1_,
        couponenti0_.company_entity_id as company_9_1_,
        couponenti0_.description as descript4_1_,
        couponenti0_.end_date as end_date5_1_,
        couponenti0_.price as price6_1_,
        couponenti0_.start_date as start_da7_1_,
        couponenti0_.title as title8_1_ 
    from
        coupons couponenti0_
2022-09-26 21:18:08 [http-nio-8080-exec-9] DEBUG:
    select
        companyent0_.id as id1_0_0_,
        companyent0_.address as address2_0_0_,
        companyent0_.name as name3_0_0_,
        companyent0_.phone_number as phone_nu4_0_0_ 
    from
        companies companyent0_ 
    where
        companyent0_.id=?
2022-09-26 21:18:08 [http-nio-8080-exec-9] TRACE:binding parameter [1] as [BIGINT] - [1]
2022-09-26 21:18:08 [http-nio-8080-exec-7] DEBUG:
    select
        couponenti0_.id as id1_1_,
        couponenti0_.amount as amount2_1_,
        couponenti0_.category as category3_1_,
        couponenti0_.company_entity_id as company_9_1_,
        couponenti0_.description as descript4_1_,
        couponenti0_.end_date as end_date5_1_,
        couponenti0_.price as price6_1_,
        couponenti0_.start_date as start_da7_1_,
        couponenti0_.title as title8_1_ 
    from
        coupons couponenti0_
2022-09-26 21:18:08 [http-nio-8080-exec-7] DEBUG:
    select
        companyent0_.id as id1_0_0_,
        companyent0_.address as address2_0_0_,
        companyent0_.name as name3_0_0_,
        companyent0_.phone_number as phone_nu4_0_0_ 
    from
        companies companyent0_ 
    where
        companyent0_.id=?
2022-09-26 21:18:08 [http-nio-8080-exec-7] TRACE:binding parameter [1] as [BIGINT] - [1]
2022-09-26 21:19:22 [http-nio-8080-exec-1] DEBUG:
    select
        couponenti0_.id as id1_1_,
        couponenti0_.amount as amount2_1_,
        couponenti0_.category as category3_1_,
        couponenti0_.company_entity_id as company_9_1_,
        couponenti0_.description as descript4_1_,
        couponenti0_.end_date as end_date5_1_,
        couponenti0_.price as price6_1_,
        couponenti0_.start_date as start_da7_1_,
        couponenti0_.title as title8_1_ 
    from
        coupons couponenti0_
2022-09-26 21:19:22 [http-nio-8080-exec-1] DEBUG:
    select
        companyent0_.id as id1_0_0_,
        companyent0_.address as address2_0_0_,
        companyent0_.name as name3_0_0_,
        companyent0_.phone_number as phone_nu4_0_0_ 
    from
        companies companyent0_ 
    where
        companyent0_.id=?
2022-09-26 21:19:22 [http-nio-8080-exec-1] TRACE:binding parameter [1] as [BIGINT] - [1]
2022-09-26 21:19:22 [http-nio-8080-exec-1] DEBUG:
    select
        couponenti0_.id as id1_1_,
        couponenti0_.amount as amount2_1_,
        couponenti0_.category as category3_1_,
        couponenti0_.company_entity_id as company_9_1_,
        couponenti0_.description as descript4_1_,
        couponenti0_.end_date as end_date5_1_,
        couponenti0_.price as price6_1_,
        couponenti0_.start_date as start_da7_1_,
        couponenti0_.title as title8_1_ 
    from
        coupons couponenti0_
2022-09-26 21:19:22 [http-nio-8080-exec-1] DEBUG:
    select
        companyent0_.id as id1_0_0_,
        companyent0_.address as address2_0_0_,
        companyent0_.name as name3_0_0_,
        companyent0_.phone_number as phone_nu4_0_0_ 
    from
        companies companyent0_ 
    where
        companyent0_.id=?
2022-09-26 21:19:22 [http-nio-8080-exec-1] TRACE:binding parameter [1] as [BIGINT] - [1]
2022-09-26 21:20:12 [http-nio-8080-exec-5] DEBUG:
    select
        couponenti0_.id as id1_1_,
        couponenti0_.amount as amount2_1_,
        couponenti0_.category as category3_1_,
        couponenti0_.company_entity_id as company_9_1_,
        couponenti0_.description as descript4_1_,
        couponenti0_.end_date as end_date5_1_,
        couponenti0_.price as price6_1_,
        couponenti0_.start_date as start_da7_1_,
        couponenti0_.title as title8_1_ 
    from
        coupons couponenti0_
2022-09-26 21:20:12 [http-nio-8080-exec-5] DEBUG:
    select
        companyent0_.id as id1_0_0_,
        companyent0_.address as address2_0_0_,
        companyent0_.name as name3_0_0_,
        companyent0_.phone_number as phone_nu4_0_0_ 
    from
        companies companyent0_ 
    where
        companyent0_.id=?
2022-09-26 21:20:12 [http-nio-8080-exec-5] TRACE:binding parameter [1] as [BIGINT] - [1]
2022-09-26 21:20:12 [http-nio-8080-exec-6] DEBUG:
    select
        couponenti0_.id as id1_1_,
        couponenti0_.amount as amount2_1_,
        couponenti0_.category as category3_1_,
        couponenti0_.company_entity_id as company_9_1_,
        couponenti0_.description as descript4_1_,
        couponenti0_.end_date as end_date5_1_,
        couponenti0_.price as price6_1_,
        couponenti0_.start_date as start_da7_1_,
        couponenti0_.title as title8_1_ 
    from
        coupons couponenti0_
2022-09-26 21:20:12 [http-nio-8080-exec-6] DEBUG:
    select
        companyent0_.id as id1_0_0_,
        companyent0_.address as address2_0_0_,
        companyent0_.name as name3_0_0_,
        companyent0_.phone_number as phone_nu4_0_0_ 
    from
        companies companyent0_ 
    where
        companyent0_.id=?
2022-09-26 21:20:12 [http-nio-8080-exec-6] TRACE:binding parameter [1] as [BIGINT] - [1]
2022-09-26 21:20:13 [http-nio-8080-exec-4] DEBUG:
    select
        couponenti0_.id as id1_1_,
        couponenti0_.amount as amount2_1_,
        couponenti0_.category as category3_1_,
        couponenti0_.company_entity_id as company_9_1_,
        couponenti0_.description as descript4_1_,
        couponenti0_.end_date as end_date5_1_,
        couponenti0_.price as price6_1_,
        couponenti0_.start_date as start_da7_1_,
        couponenti0_.title as title8_1_ 
    from
        coupons couponenti0_
2022-09-26 21:20:13 [http-nio-8080-exec-4] DEBUG:
    select
        companyent0_.id as id1_0_0_,
        companyent0_.address as address2_0_0_,
        companyent0_.name as name3_0_0_,
        companyent0_.phone_number as phone_nu4_0_0_ 
    from
        companies companyent0_ 
    where
        companyent0_.id=?
2022-09-26 21:20:13 [http-nio-8080-exec-4] TRACE:binding parameter [1] as [BIGINT] - [1]
2022-09-26 21:20:13 [http-nio-8080-exec-2] DEBUG:
    select
        couponenti0_.id as id1_1_,
        couponenti0_.amount as amount2_1_,
        couponenti0_.category as category3_1_,
        couponenti0_.company_entity_id as company_9_1_,
        couponenti0_.description as descript4_1_,
        couponenti0_.end_date as end_date5_1_,
        couponenti0_.price as price6_1_,
        couponenti0_.start_date as start_da7_1_,
        couponenti0_.title as title8_1_ 
    from
        coupons couponenti0_
2022-09-26 21:20:13 [http-nio-8080-exec-2] DEBUG:
    select
        companyent0_.id as id1_0_0_,
        companyent0_.address as address2_0_0_,
        companyent0_.name as name3_0_0_,
        companyent0_.phone_number as phone_nu4_0_0_ 
    from
        companies companyent0_ 
    where
        companyent0_.id=?
2022-09-26 21:20:13 [http-nio-8080-exec-2] TRACE:binding parameter [1] as [BIGINT] - [1]
2022-09-26 21:23:48 [http-nio-8080-exec-10] DEBUG:
    select
        couponenti0_.id as id1_1_,
        couponenti0_.amount as amount2_1_,
        couponenti0_.category as category3_1_,
        couponenti0_.company_entity_id as company_9_1_,
        couponenti0_.description as descript4_1_,
        couponenti0_.end_date as end_date5_1_,
        couponenti0_.price as price6_1_,
        couponenti0_.start_date as start_da7_1_,
        couponenti0_.title as title8_1_ 
    from
        coupons couponenti0_
2022-09-26 21:23:48 [http-nio-8080-exec-10] DEBUG:
    select
        companyent0_.id as id1_0_0_,
        companyent0_.address as address2_0_0_,
        companyent0_.name as name3_0_0_,
        companyent0_.phone_number as phone_nu4_0_0_ 
    from
        companies companyent0_ 
    where
        companyent0_.id=?
2022-09-26 21:23:48 [http-nio-8080-exec-10] TRACE:binding parameter [1] as [BIGINT] - [1]
2022-09-26 21:23:48 [http-nio-8080-exec-8] DEBUG:
    select
        couponenti0_.id as id1_1_,
        couponenti0_.amount as amount2_1_,
        couponenti0_.category as category3_1_,
        couponenti0_.company_entity_id as company_9_1_,
        couponenti0_.description as descript4_1_,
        couponenti0_.end_date as end_date5_1_,
        couponenti0_.price as price6_1_,
        couponenti0_.start_date as start_da7_1_,
        couponenti0_.title as title8_1_ 
    from
        coupons couponenti0_
2022-09-26 21:23:48 [http-nio-8080-exec-8] DEBUG:
    select
        companyent0_.id as id1_0_0_,
        companyent0_.address as address2_0_0_,
        companyent0_.name as name3_0_0_,
        companyent0_.phone_number as phone_nu4_0_0_ 
    from
        companies companyent0_ 
    where
        companyent0_.id=?
2022-09-26 21:23:48 [http-nio-8080-exec-8] TRACE:binding parameter [1] as [BIGINT] - [1]
2022-09-26 21:25:16 [http-nio-8080-exec-5] DEBUG:
    select
        couponenti0_.id as id1_1_,
        couponenti0_.amount as amount2_1_,
        couponenti0_.category as category3_1_,
        couponenti0_.company_entity_id as company_9_1_,
        couponenti0_.description as descript4_1_,
        couponenti0_.end_date as end_date5_1_,
        couponenti0_.price as price6_1_,
        couponenti0_.start_date as start_da7_1_,
        couponenti0_.title as title8_1_ 
    from
        coupons couponenti0_
2022-09-26 21:25:16 [http-nio-8080-exec-5] DEBUG:
    select
        companyent0_.id as id1_0_0_,
        companyent0_.address as address2_0_0_,
        companyent0_.name as name3_0_0_,
        companyent0_.phone_number as phone_nu4_0_0_ 
    from
        companies companyent0_ 
    where
        companyent0_.id=?
2022-09-26 21:25:16 [http-nio-8080-exec-5] TRACE:binding parameter [1] as [BIGINT] - [1]
2022-09-26 21:25:16 [http-nio-8080-exec-6] DEBUG:
    select
        couponenti0_.id as id1_1_,
        couponenti0_.amount as amount2_1_,
        couponenti0_.category as category3_1_,
        couponenti0_.company_entity_id as company_9_1_,
        couponenti0_.description as descript4_1_,
        couponenti0_.end_date as end_date5_1_,
        couponenti0_.price as price6_1_,
        couponenti0_.start_date as start_da7_1_,
        couponenti0_.title as title8_1_ 
    from
        coupons couponenti0_
2022-09-26 21:25:16 [http-nio-8080-exec-6] DEBUG:
    select
        companyent0_.id as id1_0_0_,
        companyent0_.address as address2_0_0_,
        companyent0_.name as name3_0_0_,
        companyent0_.phone_number as phone_nu4_0_0_ 
    from
        companies companyent0_ 
    where
        companyent0_.id=?
2022-09-26 21:25:16 [http-nio-8080-exec-6] TRACE:binding parameter [1] as [BIGINT] - [1]
2022-09-26 21:25:24 [http-nio-8080-exec-4] DEBUG:
    select
        couponenti0_.id as id1_1_,
        couponenti0_.amount as amount2_1_,
        couponenti0_.category as category3_1_,
        couponenti0_.company_entity_id as company_9_1_,
        couponenti0_.description as descript4_1_,
        couponenti0_.end_date as end_date5_1_,
        couponenti0_.price as price6_1_,
        couponenti0_.start_date as start_da7_1_,
        couponenti0_.title as title8_1_ 
    from
        coupons couponenti0_
2022-09-26 21:25:24 [http-nio-8080-exec-4] DEBUG:
    select
        companyent0_.id as id1_0_0_,
        companyent0_.address as address2_0_0_,
        companyent0_.name as name3_0_0_,
        companyent0_.phone_number as phone_nu4_0_0_ 
    from
        companies companyent0_ 
    where
        companyent0_.id=?
2022-09-26 21:25:24 [http-nio-8080-exec-4] TRACE:binding parameter [1] as [BIGINT] - [1]
2022-09-26 21:25:24 [http-nio-8080-exec-2] DEBUG:
    select
        couponenti0_.id as id1_1_,
        couponenti0_.amount as amount2_1_,
        couponenti0_.category as category3_1_,
        couponenti0_.company_entity_id as company_9_1_,
        couponenti0_.description as descript4_1_,
        couponenti0_.end_date as end_date5_1_,
        couponenti0_.price as price6_1_,
        couponenti0_.start_date as start_da7_1_,
        couponenti0_.title as title8_1_ 
    from
        coupons couponenti0_
2022-09-26 21:25:24 [http-nio-8080-exec-2] DEBUG:
    select
        companyent0_.id as id1_0_0_,
        companyent0_.address as address2_0_0_,
        companyent0_.name as name3_0_0_,
        companyent0_.phone_number as phone_nu4_0_0_ 
    from
        companies companyent0_ 
    where
        companyent0_.id=?
2022-09-26 21:25:24 [http-nio-8080-exec-2] TRACE:binding parameter [1] as [BIGINT] - [1]
2022-09-26 21:25:25 [http-nio-8080-exec-9] DEBUG:
    select
        couponenti0_.id as id1_1_,
        couponenti0_.amount as amount2_1_,
        couponenti0_.category as category3_1_,
        couponenti0_.company_entity_id as company_9_1_,
        couponenti0_.description as descript4_1_,
        couponenti0_.end_date as end_date5_1_,
        couponenti0_.price as price6_1_,
        couponenti0_.start_date as start_da7_1_,
        couponenti0_.title as title8_1_ 
    from
        coupons couponenti0_
2022-09-26 21:25:25 [http-nio-8080-exec-9] DEBUG:
    select
        companyent0_.id as id1_0_0_,
        companyent0_.address as address2_0_0_,
        companyent0_.name as name3_0_0_,
        companyent0_.phone_number as phone_nu4_0_0_ 
    from
        companies companyent0_ 
    where
        companyent0_.id=?
2022-09-26 21:25:25 [http-nio-8080-exec-9] TRACE:binding parameter [1] as [BIGINT] - [1]
2022-09-26 21:25:25 [http-nio-8080-exec-7] DEBUG:
    select
        couponenti0_.id as id1_1_,
        couponenti0_.amount as amount2_1_,
        couponenti0_.category as category3_1_,
        couponenti0_.company_entity_id as company_9_1_,
        couponenti0_.description as descript4_1_,
        couponenti0_.end_date as end_date5_1_,
        couponenti0_.price as price6_1_,
        couponenti0_.start_date as start_da7_1_,
        couponenti0_.title as title8_1_ 
    from
        coupons couponenti0_
2022-09-26 21:25:25 [http-nio-8080-exec-7] DEBUG:
    select
        companyent0_.id as id1_0_0_,
        companyent0_.address as address2_0_0_,
        companyent0_.name as name3_0_0_,
        companyent0_.phone_number as phone_nu4_0_0_ 
    from
        companies companyent0_ 
    where
        companyent0_.id=?
2022-09-26 21:25:25 [http-nio-8080-exec-7] TRACE:binding parameter [1] as [BIGINT] - [1]
2022-09-26 21:25:26 [http-nio-8080-exec-10] DEBUG:
    select
        couponenti0_.id as id1_1_,
        couponenti0_.amount as amount2_1_,
        couponenti0_.category as category3_1_,
        couponenti0_.company_entity_id as company_9_1_,
        couponenti0_.description as descript4_1_,
        couponenti0_.end_date as end_date5_1_,
        couponenti0_.price as price6_1_,
        couponenti0_.start_date as start_da7_1_,
        couponenti0_.title as title8_1_ 
    from
        coupons couponenti0_
2022-09-26 21:25:26 [http-nio-8080-exec-10] DEBUG:
    select
        companyent0_.id as id1_0_0_,
        companyent0_.address as address2_0_0_,
        companyent0_.name as name3_0_0_,
        companyent0_.phone_number as phone_nu4_0_0_ 
    from
        companies companyent0_ 
    where
        companyent0_.id=?
2022-09-26 21:25:26 [http-nio-8080-exec-10] TRACE:binding parameter [1] as [BIGINT] - [1]
2022-09-26 21:25:26 [http-nio-8080-exec-8] DEBUG:
    select
        couponenti0_.id as id1_1_,
        couponenti0_.amount as amount2_1_,
        couponenti0_.category as category3_1_,
        couponenti0_.company_entity_id as company_9_1_,
        couponenti0_.description as descript4_1_,
        couponenti0_.end_date as end_date5_1_,
        couponenti0_.price as price6_1_,
        couponenti0_.start_date as start_da7_1_,
        couponenti0_.title as title8_1_ 
    from
        coupons couponenti0_
2022-09-26 21:25:26 [http-nio-8080-exec-8] DEBUG:
    select
        companyent0_.id as id1_0_0_,
        companyent0_.address as address2_0_0_,
        companyent0_.name as name3_0_0_,
        companyent0_.phone_number as phone_nu4_0_0_ 
    from
        companies companyent0_ 
    where
        companyent0_.id=?
2022-09-26 21:25:26 [http-nio-8080-exec-8] TRACE:binding parameter [1] as [BIGINT] - [1]
2022-09-26 21:25:58 [http-nio-8080-exec-1] DEBUG:
    select
        couponenti0_.id as id1_1_,
        couponenti0_.amount as amount2_1_,
        couponenti0_.category as category3_1_,
        couponenti0_.company_entity_id as company_9_1_,
        couponenti0_.description as descript4_1_,
        couponenti0_.end_date as end_date5_1_,
        couponenti0_.price as price6_1_,
        couponenti0_.start_date as start_da7_1_,
        couponenti0_.title as title8_1_ 
    from
        coupons couponenti0_
2022-09-26 21:25:58 [http-nio-8080-exec-1] DEBUG:
    select
        companyent0_.id as id1_0_0_,
        companyent0_.address as address2_0_0_,
        companyent0_.name as name3_0_0_,
        companyent0_.phone_number as phone_nu4_0_0_ 
    from
        companies companyent0_ 
    where
        companyent0_.id=?
2022-09-26 21:25:58 [http-nio-8080-exec-1] TRACE:binding parameter [1] as [BIGINT] - [1]
2022-09-26 21:25:58 [http-nio-8080-exec-3] DEBUG:
    select
        couponenti0_.id as id1_1_,
        couponenti0_.amount as amount2_1_,
        couponenti0_.category as category3_1_,
        couponenti0_.company_entity_id as company_9_1_,
        couponenti0_.description as descript4_1_,
        couponenti0_.end_date as end_date5_1_,
        couponenti0_.price as price6_1_,
        couponenti0_.start_date as start_da7_1_,
        couponenti0_.title as title8_1_ 
    from
        coupons couponenti0_
2022-09-26 21:25:58 [http-nio-8080-exec-3] DEBUG:
    select
        companyent0_.id as id1_0_0_,
        companyent0_.address as address2_0_0_,
        companyent0_.name as name3_0_0_,
        companyent0_.phone_number as phone_nu4_0_0_ 
    from
        companies companyent0_ 
    where
        companyent0_.id=?
2022-09-26 21:25:58 [http-nio-8080-exec-3] TRACE:binding parameter [1] as [BIGINT] - [1]
2022-09-26 21:26:24 [http-nio-8080-exec-5] DEBUG:
    select
        couponenti0_.id as id1_1_,
        couponenti0_.amount as amount2_1_,
        couponenti0_.category as category3_1_,
        couponenti0_.company_entity_id as company_9_1_,
        couponenti0_.description as descript4_1_,
        couponenti0_.end_date as end_date5_1_,
        couponenti0_.price as price6_1_,
        couponenti0_.start_date as start_da7_1_,
        couponenti0_.title as title8_1_ 
    from
        coupons couponenti0_
2022-09-26 21:26:24 [http-nio-8080-exec-5] DEBUG:
    select
        companyent0_.id as id1_0_0_,
        companyent0_.address as address2_0_0_,
        companyent0_.name as name3_0_0_,
        companyent0_.phone_number as phone_nu4_0_0_ 
    from
        companies companyent0_ 
    where
        companyent0_.id=?
2022-09-26 21:26:24 [http-nio-8080-exec-5] TRACE:binding parameter [1] as [BIGINT] - [1]
2022-09-26 21:26:24 [http-nio-8080-exec-6] DEBUG:
    select
        couponenti0_.id as id1_1_,
        couponenti0_.amount as amount2_1_,
        couponenti0_.category as category3_1_,
        couponenti0_.company_entity_id as company_9_1_,
        couponenti0_.description as descript4_1_,
        couponenti0_.end_date as end_date5_1_,
        couponenti0_.price as price6_1_,
        couponenti0_.start_date as start_da7_1_,
        couponenti0_.title as title8_1_ 
    from
        coupons couponenti0_
2022-09-26 21:26:24 [http-nio-8080-exec-6] DEBUG:
    select
        companyent0_.id as id1_0_0_,
        companyent0_.address as address2_0_0_,
        companyent0_.name as name3_0_0_,
        companyent0_.phone_number as phone_nu4_0_0_ 
    from
        companies companyent0_ 
    where
        companyent0_.id=?
2022-09-26 21:26:24 [http-nio-8080-exec-6] TRACE:binding parameter [1] as [BIGINT] - [1]
2022-09-26 21:28:01 [http-nio-8080-exec-9] DEBUG:
    select
        couponenti0_.id as id1_1_,
        couponenti0_.amount as amount2_1_,
        couponenti0_.category as category3_1_,
        couponenti0_.company_entity_id as company_9_1_,
        couponenti0_.description as descript4_1_,
        couponenti0_.end_date as end_date5_1_,
        couponenti0_.price as price6_1_,
        couponenti0_.start_date as start_da7_1_,
        couponenti0_.title as title8_1_ 
    from
        coupons couponenti0_
2022-09-26 21:28:01 [http-nio-8080-exec-9] DEBUG:
    select
        companyent0_.id as id1_0_0_,
        companyent0_.address as address2_0_0_,
        companyent0_.name as name3_0_0_,
        companyent0_.phone_number as phone_nu4_0_0_ 
    from
        companies companyent0_ 
    where
        companyent0_.id=?
2022-09-26 21:28:01 [http-nio-8080-exec-9] TRACE:binding parameter [1] as [BIGINT] - [1]
2022-09-26 21:28:01 [http-nio-8080-exec-7] DEBUG:
    select
        couponenti0_.id as id1_1_,
        couponenti0_.amount as amount2_1_,
        couponenti0_.category as category3_1_,
        couponenti0_.company_entity_id as company_9_1_,
        couponenti0_.description as descript4_1_,
        couponenti0_.end_date as end_date5_1_,
        couponenti0_.price as price6_1_,
        couponenti0_.start_date as start_da7_1_,
        couponenti0_.title as title8_1_ 
    from
        coupons couponenti0_
2022-09-26 21:28:01 [http-nio-8080-exec-7] DEBUG:
    select
        companyent0_.id as id1_0_0_,
        companyent0_.address as address2_0_0_,
        companyent0_.name as name3_0_0_,
        companyent0_.phone_number as phone_nu4_0_0_ 
    from
        companies companyent0_ 
    where
        companyent0_.id=?
2022-09-26 21:28:01 [http-nio-8080-exec-7] TRACE:binding parameter [1] as [BIGINT] - [1]
2022-09-26 21:28:49 [http-nio-8080-exec-10] DEBUG:
    select
        couponenti0_.id as id1_1_,
        couponenti0_.amount as amount2_1_,
        couponenti0_.category as category3_1_,
        couponenti0_.company_entity_id as company_9_1_,
        couponenti0_.description as descript4_1_,
        couponenti0_.end_date as end_date5_1_,
        couponenti0_.price as price6_1_,
        couponenti0_.start_date as start_da7_1_,
        couponenti0_.title as title8_1_ 
    from
        coupons couponenti0_
2022-09-26 21:28:49 [http-nio-8080-exec-10] DEBUG:
    select
        companyent0_.id as id1_0_0_,
        companyent0_.address as address2_0_0_,
        companyent0_.name as name3_0_0_,
        companyent0_.phone_number as phone_nu4_0_0_ 
    from
        companies companyent0_ 
    where
        companyent0_.id=?
2022-09-26 21:28:49 [http-nio-8080-exec-10] TRACE:binding parameter [1] as [BIGINT] - [1]
2022-09-26 21:28:49 [http-nio-8080-exec-8] DEBUG:
    select
        couponenti0_.id as id1_1_,
        couponenti0_.amount as amount2_1_,
        couponenti0_.category as category3_1_,
        couponenti0_.company_entity_id as company_9_1_,
        couponenti0_.description as descript4_1_,
        couponenti0_.end_date as end_date5_1_,
        couponenti0_.price as price6_1_,
        couponenti0_.start_date as start_da7_1_,
        couponenti0_.title as title8_1_ 
    from
        coupons couponenti0_
2022-09-26 21:28:49 [http-nio-8080-exec-8] DEBUG:
    select
        companyent0_.id as id1_0_0_,
        companyent0_.address as address2_0_0_,
        companyent0_.name as name3_0_0_,
        companyent0_.phone_number as phone_nu4_0_0_ 
    from
        companies companyent0_ 
    where
        companyent0_.id=?
2022-09-26 21:28:49 [http-nio-8080-exec-8] TRACE:binding parameter [1] as [BIGINT] - [1]
2022-09-26 21:29:19 [http-nio-8080-exec-3] DEBUG:
    select
        couponenti0_.id as id1_1_,
        couponenti0_.amount as amount2_1_,
        couponenti0_.category as category3_1_,
        couponenti0_.company_entity_id as company_9_1_,
        couponenti0_.description as descript4_1_,
        couponenti0_.end_date as end_date5_1_,
        couponenti0_.price as price6_1_,
        couponenti0_.start_date as start_da7_1_,
        couponenti0_.title as title8_1_ 
    from
        coupons couponenti0_
2022-09-26 21:29:19 [http-nio-8080-exec-3] DEBUG:
    select
        companyent0_.id as id1_0_0_,
        companyent0_.address as address2_0_0_,
        companyent0_.name as name3_0_0_,
        companyent0_.phone_number as phone_nu4_0_0_ 
    from
        companies companyent0_ 
    where
        companyent0_.id=?
2022-09-26 21:29:19 [http-nio-8080-exec-3] TRACE:binding parameter [1] as [BIGINT] - [1]
2022-09-26 21:29:19 [http-nio-8080-exec-5] DEBUG:
    select
        couponenti0_.id as id1_1_,
        couponenti0_.amount as amount2_1_,
        couponenti0_.category as category3_1_,
        couponenti0_.company_entity_id as company_9_1_,
        couponenti0_.description as descript4_1_,
        couponenti0_.end_date as end_date5_1_,
        couponenti0_.price as price6_1_,
        couponenti0_.start_date as start_da7_1_,
        couponenti0_.title as title8_1_ 
    from
        coupons couponenti0_
2022-09-26 21:29:19 [http-nio-8080-exec-5] DEBUG:
    select
        companyent0_.id as id1_0_0_,
        companyent0_.address as address2_0_0_,
        companyent0_.name as name3_0_0_,
        companyent0_.phone_number as phone_nu4_0_0_ 
    from
        companies companyent0_ 
    where
        companyent0_.id=?
2022-09-26 21:29:19 [http-nio-8080-exec-5] TRACE:binding parameter [1] as [BIGINT] - [1]
2022-09-26 21:29:48 [http-nio-8080-exec-6] DEBUG:
    select
        couponenti0_.id as id1_1_,
        couponenti0_.amount as amount2_1_,
        couponenti0_.category as category3_1_,
        couponenti0_.company_entity_id as company_9_1_,
        couponenti0_.description as descript4_1_,
        couponenti0_.end_date as end_date5_1_,
        couponenti0_.price as price6_1_,
        couponenti0_.start_date as start_da7_1_,
        couponenti0_.title as title8_1_ 
    from
        coupons couponenti0_
2022-09-26 21:29:48 [http-nio-8080-exec-6] DEBUG:
    select
        companyent0_.id as id1_0_0_,
        companyent0_.address as address2_0_0_,
        companyent0_.name as name3_0_0_,
        companyent0_.phone_number as phone_nu4_0_0_ 
    from
        companies companyent0_ 
    where
        companyent0_.id=?
2022-09-26 21:29:48 [http-nio-8080-exec-6] TRACE:binding parameter [1] as [BIGINT] - [1]
2022-09-26 21:29:48 [http-nio-8080-exec-4] DEBUG:
    select
        couponenti0_.id as id1_1_,
        couponenti0_.amount as amount2_1_,
        couponenti0_.category as category3_1_,
        couponenti0_.company_entity_id as company_9_1_,
        couponenti0_.description as descript4_1_,
        couponenti0_.end_date as end_date5_1_,
        couponenti0_.price as price6_1_,
        couponenti0_.start_date as start_da7_1_,
        couponenti0_.title as title8_1_ 
    from
        coupons couponenti0_
2022-09-26 21:29:48 [http-nio-8080-exec-4] DEBUG:
    select
        companyent0_.id as id1_0_0_,
        companyent0_.address as address2_0_0_,
        companyent0_.name as name3_0_0_,
        companyent0_.phone_number as phone_nu4_0_0_ 
    from
        companies companyent0_ 
    where
        companyent0_.id=?
2022-09-26 21:29:48 [http-nio-8080-exec-4] TRACE:binding parameter [1] as [BIGINT] - [1]
2022-09-26 21:30:43 [http-nio-8080-exec-9] DEBUG:
    select
        couponenti0_.id as id1_1_,
        couponenti0_.amount as amount2_1_,
        couponenti0_.category as category3_1_,
        couponenti0_.company_entity_id as company_9_1_,
        couponenti0_.description as descript4_1_,
        couponenti0_.end_date as end_date5_1_,
        couponenti0_.price as price6_1_,
        couponenti0_.start_date as start_da7_1_,
        couponenti0_.title as title8_1_ 
    from
        coupons couponenti0_
2022-09-26 21:30:43 [http-nio-8080-exec-9] DEBUG:
    select
        companyent0_.id as id1_0_0_,
        companyent0_.address as address2_0_0_,
        companyent0_.name as name3_0_0_,
        companyent0_.phone_number as phone_nu4_0_0_ 
    from
        companies companyent0_ 
    where
        companyent0_.id=?
2022-09-26 21:30:43 [http-nio-8080-exec-9] TRACE:binding parameter [1] as [BIGINT] - [1]
2022-09-26 21:30:43 [http-nio-8080-exec-7] DEBUG:
    select
        couponenti0_.id as id1_1_,
        couponenti0_.amount as amount2_1_,
        couponenti0_.category as category3_1_,
        couponenti0_.company_entity_id as company_9_1_,
        couponenti0_.description as descript4_1_,
        couponenti0_.end_date as end_date5_1_,
        couponenti0_.price as price6_1_,
        couponenti0_.start_date as start_da7_1_,
        couponenti0_.title as title8_1_ 
    from
        coupons couponenti0_
2022-09-26 21:30:43 [http-nio-8080-exec-7] DEBUG:
    select
        companyent0_.id as id1_0_0_,
        companyent0_.address as address2_0_0_,
        companyent0_.name as name3_0_0_,
        companyent0_.phone_number as phone_nu4_0_0_ 
    from
        companies companyent0_ 
    where
        companyent0_.id=?
2022-09-26 21:30:43 [http-nio-8080-exec-7] TRACE:binding parameter [1] as [BIGINT] - [1]
2022-09-26 21:30:59 [http-nio-8080-exec-10] DEBUG:
    select
        couponenti0_.id as id1_1_,
        couponenti0_.amount as amount2_1_,
        couponenti0_.category as category3_1_,
        couponenti0_.company_entity_id as company_9_1_,
        couponenti0_.description as descript4_1_,
        couponenti0_.end_date as end_date5_1_,
        couponenti0_.price as price6_1_,
        couponenti0_.start_date as start_da7_1_,
        couponenti0_.title as title8_1_ 
    from
        coupons couponenti0_
2022-09-26 21:30:59 [http-nio-8080-exec-10] DEBUG:
    select
        companyent0_.id as id1_0_0_,
        companyent0_.address as address2_0_0_,
        companyent0_.name as name3_0_0_,
        companyent0_.phone_number as phone_nu4_0_0_ 
    from
        companies companyent0_ 
    where
        companyent0_.id=?
2022-09-26 21:30:59 [http-nio-8080-exec-10] TRACE:binding parameter [1] as [BIGINT] - [1]
2022-09-26 21:30:59 [http-nio-8080-exec-8] DEBUG:
    select
        couponenti0_.id as id1_1_,
        couponenti0_.amount as amount2_1_,
        couponenti0_.category as category3_1_,
        couponenti0_.company_entity_id as company_9_1_,
        couponenti0_.description as descript4_1_,
        couponenti0_.end_date as end_date5_1_,
        couponenti0_.price as price6_1_,
        couponenti0_.start_date as start_da7_1_,
        couponenti0_.title as title8_1_ 
    from
        coupons couponenti0_
2022-09-26 21:30:59 [http-nio-8080-exec-8] DEBUG:
    select
        companyent0_.id as id1_0_0_,
        companyent0_.address as address2_0_0_,
        companyent0_.name as name3_0_0_,
        companyent0_.phone_number as phone_nu4_0_0_ 
    from
        companies companyent0_ 
    where
        companyent0_.id=?
2022-09-26 21:30:59 [http-nio-8080-exec-8] TRACE:binding parameter [1] as [BIGINT] - [1]
2022-09-26 21:31:43 [http-nio-8080-exec-1] DEBUG:
    select
        couponenti0_.id as id1_1_,
        couponenti0_.amount as amount2_1_,
        couponenti0_.category as category3_1_,
        couponenti0_.company_entity_id as company_9_1_,
        couponenti0_.description as descript4_1_,
        couponenti0_.end_date as end_date5_1_,
        couponenti0_.price as price6_1_,
        couponenti0_.start_date as start_da7_1_,
        couponenti0_.title as title8_1_ 
    from
        coupons couponenti0_
2022-09-26 21:31:43 [http-nio-8080-exec-1] DEBUG:
    select
        companyent0_.id as id1_0_0_,
        companyent0_.address as address2_0_0_,
        companyent0_.name as name3_0_0_,
        companyent0_.phone_number as phone_nu4_0_0_ 
    from
        companies companyent0_ 
    where
        companyent0_.id=?
2022-09-26 21:31:43 [http-nio-8080-exec-1] TRACE:binding parameter [1] as [BIGINT] - [1]
2022-09-26 21:31:43 [http-nio-8080-exec-3] DEBUG:
    select
        couponenti0_.id as id1_1_,
        couponenti0_.amount as amount2_1_,
        couponenti0_.category as category3_1_,
        couponenti0_.company_entity_id as company_9_1_,
        couponenti0_.description as descript4_1_,
        couponenti0_.end_date as end_date5_1_,
        couponenti0_.price as price6_1_,
        couponenti0_.start_date as start_da7_1_,
        couponenti0_.title as title8_1_ 
    from
        coupons couponenti0_
2022-09-26 21:31:43 [http-nio-8080-exec-3] DEBUG:
    select
        companyent0_.id as id1_0_0_,
        companyent0_.address as address2_0_0_,
        companyent0_.name as name3_0_0_,
        companyent0_.phone_number as phone_nu4_0_0_ 
    from
        companies companyent0_ 
    where
        companyent0_.id=?
2022-09-26 21:31:43 [http-nio-8080-exec-3] TRACE:binding parameter [1] as [BIGINT] - [1]
2022-09-26 21:32:19 [http-nio-8080-exec-5] DEBUG:
    select
        couponenti0_.id as id1_1_,
        couponenti0_.amount as amount2_1_,
        couponenti0_.category as category3_1_,
        couponenti0_.company_entity_id as company_9_1_,
        couponenti0_.description as descript4_1_,
        couponenti0_.end_date as end_date5_1_,
        couponenti0_.price as price6_1_,
        couponenti0_.start_date as start_da7_1_,
        couponenti0_.title as title8_1_ 
    from
        coupons couponenti0_
2022-09-26 21:32:19 [http-nio-8080-exec-5] DEBUG:
    select
        companyent0_.id as id1_0_0_,
        companyent0_.address as address2_0_0_,
        companyent0_.name as name3_0_0_,
        companyent0_.phone_number as phone_nu4_0_0_ 
    from
        companies companyent0_ 
    where
        companyent0_.id=?
2022-09-26 21:32:19 [http-nio-8080-exec-5] TRACE:binding parameter [1] as [BIGINT] - [1]
2022-09-26 21:32:19 [http-nio-8080-exec-6] DEBUG:
    select
        couponenti0_.id as id1_1_,
        couponenti0_.amount as amount2_1_,
        couponenti0_.category as category3_1_,
        couponenti0_.company_entity_id as company_9_1_,
        couponenti0_.description as descript4_1_,
        couponenti0_.end_date as end_date5_1_,
        couponenti0_.price as price6_1_,
        couponenti0_.start_date as start_da7_1_,
        couponenti0_.title as title8_1_ 
    from
        coupons couponenti0_
2022-09-26 21:32:19 [http-nio-8080-exec-6] DEBUG:
    select
        companyent0_.id as id1_0_0_,
        companyent0_.address as address2_0_0_,
        companyent0_.name as name3_0_0_,
        companyent0_.phone_number as phone_nu4_0_0_ 
    from
        companies companyent0_ 
    where
        companyent0_.id=?
2022-09-26 21:32:19 [http-nio-8080-exec-6] TRACE:binding parameter [1] as [BIGINT] - [1]
2022-09-26 21:33:49 [http-nio-8080-exec-9] DEBUG:
    select
        couponenti0_.id as id1_1_,
        couponenti0_.amount as amount2_1_,
        couponenti0_.category as category3_1_,
        couponenti0_.company_entity_id as company_9_1_,
        couponenti0_.description as descript4_1_,
        couponenti0_.end_date as end_date5_1_,
        couponenti0_.price as price6_1_,
        couponenti0_.start_date as start_da7_1_,
        couponenti0_.title as title8_1_ 
    from
        coupons couponenti0_
2022-09-26 21:33:49 [http-nio-8080-exec-9] DEBUG:
    select
        companyent0_.id as id1_0_0_,
        companyent0_.address as address2_0_0_,
        companyent0_.name as name3_0_0_,
        companyent0_.phone_number as phone_nu4_0_0_ 
    from
        companies companyent0_ 
    where
        companyent0_.id=?
2022-09-26 21:33:49 [http-nio-8080-exec-9] TRACE:binding parameter [1] as [BIGINT] - [1]
2022-09-26 21:33:49 [http-nio-8080-exec-7] DEBUG:
    select
        couponenti0_.id as id1_1_,
        couponenti0_.amount as amount2_1_,
        couponenti0_.category as category3_1_,
        couponenti0_.company_entity_id as company_9_1_,
        couponenti0_.description as descript4_1_,
        couponenti0_.end_date as end_date5_1_,
        couponenti0_.price as price6_1_,
        couponenti0_.start_date as start_da7_1_,
        couponenti0_.title as title8_1_ 
    from
        coupons couponenti0_
2022-09-26 21:33:49 [http-nio-8080-exec-7] DEBUG:
    select
        companyent0_.id as id1_0_0_,
        companyent0_.address as address2_0_0_,
        companyent0_.name as name3_0_0_,
        companyent0_.phone_number as phone_nu4_0_0_ 
    from
        companies companyent0_ 
    where
        companyent0_.id=?
2022-09-26 21:33:49 [http-nio-8080-exec-7] TRACE:binding parameter [1] as [BIGINT] - [1]
2022-09-26 21:34:46 [http-nio-8080-exec-10] DEBUG:
    select
        couponenti0_.id as id1_1_,
        couponenti0_.amount as amount2_1_,
        couponenti0_.category as category3_1_,
        couponenti0_.company_entity_id as company_9_1_,
        couponenti0_.description as descript4_1_,
        couponenti0_.end_date as end_date5_1_,
        couponenti0_.price as price6_1_,
        couponenti0_.start_date as start_da7_1_,
        couponenti0_.title as title8_1_ 
    from
        coupons couponenti0_
2022-09-26 21:34:46 [http-nio-8080-exec-10] DEBUG:
    select
        companyent0_.id as id1_0_0_,
        companyent0_.address as address2_0_0_,
        companyent0_.name as name3_0_0_,
        companyent0_.phone_number as phone_nu4_0_0_ 
    from
        companies companyent0_ 
    where
        companyent0_.id=?
2022-09-26 21:34:46 [http-nio-8080-exec-10] TRACE:binding parameter [1] as [BIGINT] - [1]
2022-09-26 21:34:46 [http-nio-8080-exec-10] DEBUG:
    select
        couponenti0_.id as id1_1_,
        couponenti0_.amount as amount2_1_,
        couponenti0_.category as category3_1_,
        couponenti0_.company_entity_id as company_9_1_,
        couponenti0_.description as descript4_1_,
        couponenti0_.end_date as end_date5_1_,
        couponenti0_.price as price6_1_,
        couponenti0_.start_date as start_da7_1_,
        couponenti0_.title as title8_1_ 
    from
        coupons couponenti0_
2022-09-26 21:34:46 [http-nio-8080-exec-10] DEBUG:
    select
        companyent0_.id as id1_0_0_,
        companyent0_.address as address2_0_0_,
        companyent0_.name as name3_0_0_,
        companyent0_.phone_number as phone_nu4_0_0_ 
    from
        companies companyent0_ 
    where
        companyent0_.id=?
2022-09-26 21:34:46 [http-nio-8080-exec-10] TRACE:binding parameter [1] as [BIGINT] - [1]
2022-09-26 21:38:18 [http-nio-8080-exec-5] DEBUG:
    select
        couponenti0_.id as id1_1_,
        couponenti0_.amount as amount2_1_,
        couponenti0_.category as category3_1_,
        couponenti0_.company_entity_id as company_9_1_,
        couponenti0_.description as descript4_1_,
        couponenti0_.end_date as end_date5_1_,
        couponenti0_.price as price6_1_,
        couponenti0_.start_date as start_da7_1_,
        couponenti0_.title as title8_1_ 
    from
        coupons couponenti0_
2022-09-26 21:38:18 [http-nio-8080-exec-5] DEBUG:
    select
        companyent0_.id as id1_0_0_,
        companyent0_.address as address2_0_0_,
        companyent0_.name as name3_0_0_,
        companyent0_.phone_number as phone_nu4_0_0_ 
    from
        companies companyent0_ 
    where
        companyent0_.id=?
2022-09-26 21:38:18 [http-nio-8080-exec-5] TRACE:binding parameter [1] as [BIGINT] - [1]
2022-09-26 21:38:18 [http-nio-8080-exec-6] DEBUG:
    select
        couponenti0_.id as id1_1_,
        couponenti0_.amount as amount2_1_,
        couponenti0_.category as category3_1_,
        couponenti0_.company_entity_id as company_9_1_,
        couponenti0_.description as descript4_1_,
        couponenti0_.end_date as end_date5_1_,
        couponenti0_.price as price6_1_,
        couponenti0_.start_date as start_da7_1_,
        couponenti0_.title as title8_1_ 
    from
        coupons couponenti0_
2022-09-26 21:38:18 [http-nio-8080-exec-6] DEBUG:
    select
        companyent0_.id as id1_0_0_,
        companyent0_.address as address2_0_0_,
        companyent0_.name as name3_0_0_,
        companyent0_.phone_number as phone_nu4_0_0_ 
    from
        companies companyent0_ 
    where
        companyent0_.id=?
2022-09-26 21:38:18 [http-nio-8080-exec-6] TRACE:binding parameter [1] as [BIGINT] - [1]
2022-09-26 21:38:47 [http-nio-8080-exec-4] DEBUG:
    select
        couponenti0_.id as id1_1_,
        couponenti0_.amount as amount2_1_,
        couponenti0_.category as category3_1_,
        couponenti0_.company_entity_id as company_9_1_,
        couponenti0_.description as descript4_1_,
        couponenti0_.end_date as end_date5_1_,
        couponenti0_.price as price6_1_,
        couponenti0_.start_date as start_da7_1_,
        couponenti0_.title as title8_1_ 
    from
        coupons couponenti0_
2022-09-26 21:38:47 [http-nio-8080-exec-4] DEBUG:
    select
        companyent0_.id as id1_0_0_,
        companyent0_.address as address2_0_0_,
        companyent0_.name as name3_0_0_,
        companyent0_.phone_number as phone_nu4_0_0_ 
    from
        companies companyent0_ 
    where
        companyent0_.id=?
2022-09-26 21:38:47 [http-nio-8080-exec-4] TRACE:binding parameter [1] as [BIGINT] - [1]
2022-09-26 21:38:47 [http-nio-8080-exec-2] DEBUG:
    select
        couponenti0_.id as id1_1_,
        couponenti0_.amount as amount2_1_,
        couponenti0_.category as category3_1_,
        couponenti0_.company_entity_id as company_9_1_,
        couponenti0_.description as descript4_1_,
        couponenti0_.end_date as end_date5_1_,
        couponenti0_.price as price6_1_,
        couponenti0_.start_date as start_da7_1_,
        couponenti0_.title as title8_1_ 
    from
        coupons couponenti0_
2022-09-26 21:38:47 [http-nio-8080-exec-2] DEBUG:
    select
        companyent0_.id as id1_0_0_,
        companyent0_.address as address2_0_0_,
        companyent0_.name as name3_0_0_,
        companyent0_.phone_number as phone_nu4_0_0_ 
    from
        companies companyent0_ 
    where
        companyent0_.id=?
2022-09-26 21:38:47 [http-nio-8080-exec-2] TRACE:binding parameter [1] as [BIGINT] - [1]
2022-09-26 21:39:14 [http-nio-8080-exec-9] DEBUG:
    select
        couponenti0_.id as id1_1_,
        couponenti0_.amount as amount2_1_,
        couponenti0_.category as category3_1_,
        couponenti0_.company_entity_id as company_9_1_,
        couponenti0_.description as descript4_1_,
        couponenti0_.end_date as end_date5_1_,
        couponenti0_.price as price6_1_,
        couponenti0_.start_date as start_da7_1_,
        couponenti0_.title as title8_1_ 
    from
        coupons couponenti0_
2022-09-26 21:39:14 [http-nio-8080-exec-9] DEBUG:
    select
        companyent0_.id as id1_0_0_,
        companyent0_.address as address2_0_0_,
        companyent0_.name as name3_0_0_,
        companyent0_.phone_number as phone_nu4_0_0_ 
    from
        companies companyent0_ 
    where
        companyent0_.id=?
2022-09-26 21:39:14 [http-nio-8080-exec-9] TRACE:binding parameter [1] as [BIGINT] - [1]
2022-09-26 21:39:14 [http-nio-8080-exec-7] DEBUG:
    select
        couponenti0_.id as id1_1_,
        couponenti0_.amount as amount2_1_,
        couponenti0_.category as category3_1_,
        couponenti0_.company_entity_id as company_9_1_,
        couponenti0_.description as descript4_1_,
        couponenti0_.end_date as end_date5_1_,
        couponenti0_.price as price6_1_,
        couponenti0_.start_date as start_da7_1_,
        couponenti0_.title as title8_1_ 
    from
        coupons couponenti0_
2022-09-26 21:39:14 [http-nio-8080-exec-7] DEBUG:
    select
        companyent0_.id as id1_0_0_,
        companyent0_.address as address2_0_0_,
        companyent0_.name as name3_0_0_,
        companyent0_.phone_number as phone_nu4_0_0_ 
    from
        companies companyent0_ 
    where
        companyent0_.id=?
2022-09-26 21:39:14 [http-nio-8080-exec-7] TRACE:binding parameter [1] as [BIGINT] - [1]
2022-09-26 21:40:40 [http-nio-8080-exec-3] DEBUG:
    select
        couponenti0_.id as id1_1_,
        couponenti0_.amount as amount2_1_,
        couponenti0_.category as category3_1_,
        couponenti0_.company_entity_id as company_9_1_,
        couponenti0_.description as descript4_1_,
        couponenti0_.end_date as end_date5_1_,
        couponenti0_.price as price6_1_,
        couponenti0_.start_date as start_da7_1_,
        couponenti0_.title as title8_1_ 
    from
        coupons couponenti0_
2022-09-26 21:40:40 [http-nio-8080-exec-3] DEBUG:
    select
        companyent0_.id as id1_0_0_,
        companyent0_.address as address2_0_0_,
        companyent0_.name as name3_0_0_,
        companyent0_.phone_number as phone_nu4_0_0_ 
    from
        companies companyent0_ 
    where
        companyent0_.id=?
2022-09-26 21:40:40 [http-nio-8080-exec-3] TRACE:binding parameter [1] as [BIGINT] - [1]
2022-09-26 21:40:40 [http-nio-8080-exec-1] DEBUG:
    select
        couponenti0_.id as id1_1_,
        couponenti0_.amount as amount2_1_,
        couponenti0_.category as category3_1_,
        couponenti0_.company_entity_id as company_9_1_,
        couponenti0_.description as descript4_1_,
        couponenti0_.end_date as end_date5_1_,
        couponenti0_.price as price6_1_,
        couponenti0_.start_date as start_da7_1_,
        couponenti0_.title as title8_1_ 
    from
        coupons couponenti0_
2022-09-26 21:40:40 [http-nio-8080-exec-1] DEBUG:
    select
        companyent0_.id as id1_0_0_,
        companyent0_.address as address2_0_0_,
        companyent0_.name as name3_0_0_,
        companyent0_.phone_number as phone_nu4_0_0_ 
    from
        companies companyent0_ 
    where
        companyent0_.id=?
2022-09-26 21:40:40 [http-nio-8080-exec-1] TRACE:binding parameter [1] as [BIGINT] - [1]
2022-09-26 21:48:07 [http-nio-8080-exec-4] DEBUG:
    select
        couponenti0_.id as id1_1_,
        couponenti0_.amount as amount2_1_,
        couponenti0_.category as category3_1_,
        couponenti0_.company_entity_id as company_9_1_,
        couponenti0_.description as descript4_1_,
        couponenti0_.end_date as end_date5_1_,
        couponenti0_.price as price6_1_,
        couponenti0_.start_date as start_da7_1_,
        couponenti0_.title as title8_1_ 
    from
        coupons couponenti0_
2022-09-26 21:48:07 [http-nio-8080-exec-4] DEBUG:
    select
        companyent0_.id as id1_0_0_,
        companyent0_.address as address2_0_0_,
        companyent0_.name as name3_0_0_,
        companyent0_.phone_number as phone_nu4_0_0_ 
    from
        companies companyent0_ 
    where
        companyent0_.id=?
2022-09-26 21:48:07 [http-nio-8080-exec-4] TRACE:binding parameter [1] as [BIGINT] - [1]
2022-09-26 21:48:07 [http-nio-8080-exec-2] DEBUG:
    select
        couponenti0_.id as id1_1_,
        couponenti0_.amount as amount2_1_,
        couponenti0_.category as category3_1_,
        couponenti0_.company_entity_id as company_9_1_,
        couponenti0_.description as descript4_1_,
        couponenti0_.end_date as end_date5_1_,
        couponenti0_.price as price6_1_,
        couponenti0_.start_date as start_da7_1_,
        couponenti0_.title as title8_1_ 
    from
        coupons couponenti0_
2022-09-26 21:48:07 [http-nio-8080-exec-2] DEBUG:
    select
        companyent0_.id as id1_0_0_,
        companyent0_.address as address2_0_0_,
        companyent0_.name as name3_0_0_,
        companyent0_.phone_number as phone_nu4_0_0_ 
    from
        companies companyent0_ 
    where
        companyent0_.id=?
2022-09-26 21:48:07 [http-nio-8080-exec-2] TRACE:binding parameter [1] as [BIGINT] - [1]
2022-09-26 21:52:19 [http-nio-8080-exec-8] DEBUG:
    select
        couponenti0_.id as id1_1_,
        couponenti0_.amount as amount2_1_,
        couponenti0_.category as category3_1_,
        couponenti0_.company_entity_id as company_9_1_,
        couponenti0_.description as descript4_1_,
        couponenti0_.end_date as end_date5_1_,
        couponenti0_.price as price6_1_,
        couponenti0_.start_date as start_da7_1_,
        couponenti0_.title as title8_1_ 
    from
        coupons couponenti0_
2022-09-26 21:52:19 [http-nio-8080-exec-8] DEBUG:
    select
        companyent0_.id as id1_0_0_,
        companyent0_.address as address2_0_0_,
        companyent0_.name as name3_0_0_,
        companyent0_.phone_number as phone_nu4_0_0_ 
    from
        companies companyent0_ 
    where
        companyent0_.id=?
2022-09-26 21:52:19 [http-nio-8080-exec-8] TRACE:binding parameter [1] as [BIGINT] - [1]
2022-09-26 21:52:19 [http-nio-8080-exec-10] DEBUG:
    select
        couponenti0_.id as id1_1_,
        couponenti0_.amount as amount2_1_,
        couponenti0_.category as category3_1_,
        couponenti0_.company_entity_id as company_9_1_,
        couponenti0_.description as descript4_1_,
        couponenti0_.end_date as end_date5_1_,
        couponenti0_.price as price6_1_,
        couponenti0_.start_date as start_da7_1_,
        couponenti0_.title as title8_1_ 
    from
        coupons couponenti0_
2022-09-26 21:52:19 [http-nio-8080-exec-10] DEBUG:
    select
        companyent0_.id as id1_0_0_,
        companyent0_.address as address2_0_0_,
        companyent0_.name as name3_0_0_,
        companyent0_.phone_number as phone_nu4_0_0_ 
    from
        companies companyent0_ 
    where
        companyent0_.id=?
2022-09-26 21:52:19 [http-nio-8080-exec-10] TRACE:binding parameter [1] as [BIGINT] - [1]
2022-09-26 21:52:35 [SpringApplicationShutdownHook] INFO :Closing JPA EntityManagerFactory for persistence unit 'default'
2022-09-26 21:52:35 [SpringApplicationShutdownHook] INFO :HikariPool-1 - Shutdown initiated...
2022-09-26 21:52:36 [SpringApplicationShutdownHook] INFO :HikariPool-1 - Shutdown completed.
