2022-10-03 17:55:28 [main] INFO :Starting Main using Java 18.0.1.1 on Shellys-MBP.lan with PID 2285 (/Users/shelly_yaron/Documents/לימודים/Java Full stack/IdeaProjects/CouponsProject/target/classes started by shelly_yaron in /Users/shelly_yaron/Documents/לימודים/Java Full stack/IdeaProjects/CouponsProject)
2022-10-03 17:55:28 [main] INFO :No active profile set, falling back to 1 default profile: "default"
2022-10-03 17:55:29 [main] INFO :Bootstrapping Spring Data JPA repositories in DEFAULT mode.
2022-10-03 17:55:29 [main] INFO :Finished Spring Data repository scanning in 119 ms. Found 5 JPA repository interfaces.
2022-10-03 17:55:30 [main] INFO :Tomcat initialized with port(s): 8080 (http)
2022-10-03 17:55:30 [main] INFO :Initializing ProtocolHandler ["http-nio-8080"]
2022-10-03 17:55:30 [main] INFO :Starting service [Tomcat]
2022-10-03 17:55:30 [main] INFO :Starting Servlet engine: [Apache Tomcat/9.0.65]
2022-10-03 17:55:31 [main] INFO :Initializing Spring embedded WebApplicationContext
2022-10-03 17:55:31 [main] INFO :Root WebApplicationContext: initialization completed in 2614 ms
2022-10-03 17:55:31 [main] INFO :HHH000204: Processing PersistenceUnitInfo [name: default]
2022-10-03 17:55:31 [main] INFO :HHH000412: Hibernate ORM core version 5.6.10.Final
2022-10-03 17:55:31 [main] INFO :HCANN000001: Hibernate Commons Annotations {5.1.2.Final}
2022-10-03 17:55:31 [main] INFO :HikariPool-1 - Starting...
2022-10-03 17:55:32 [main] INFO :HikariPool-1 - Start completed.
2022-10-03 17:55:32 [main] INFO :HHH000400: Using dialect: org.hibernate.dialect.MySQL57Dialect
2022-10-03 17:55:33 [main] INFO :HHH000490: Using JtaPlatform implementation: [org.hibernate.engine.transaction.jta.platform.internal.NoJtaPlatform]
2022-10-03 17:55:33 [main] INFO :Initialized JPA EntityManagerFactory for persistence unit 'default'
2022-10-03 17:55:34 [main] WARN :spring.jpa.open-in-view is enabled by default. Therefore, database queries may be performed during view rendering. Explicitly configure spring.jpa.open-in-view to disable this warning
2022-10-03 17:55:35 [main] INFO :Starting ProtocolHandler ["http-nio-8080"]
2022-10-03 17:55:35 [main] INFO :Tomcat started on port(s): 8080 (http) with context path ''
2022-10-03 17:55:35 [main] INFO :Started Main in 8.011 seconds (JVM running for 9.02)
2022-10-03 17:56:00 [http-nio-8080-exec-2] INFO :Initializing Spring DispatcherServlet 'dispatcherServlet'
2022-10-03 17:56:00 [http-nio-8080-exec-2] INFO :Initializing Servlet 'dispatcherServlet'
2022-10-03 17:56:00 [http-nio-8080-exec-2] INFO :Completed initialization in 2 ms
2022-10-03 17:59:59 [SpringApplicationShutdownHook] INFO :Closing JPA EntityManagerFactory for persistence unit 'default'
2022-10-03 17:59:59 [SpringApplicationShutdownHook] INFO :HikariPool-1 - Shutdown initiated...
2022-10-03 17:59:59 [SpringApplicationShutdownHook] INFO :HikariPool-1 - Shutdown completed.
2022-10-03 18:00:05 [main] INFO :Starting Main using Java 18.0.1.1 on Shellys-MBP.lan with PID 2394 (/Users/shelly_yaron/Documents/לימודים/Java Full stack/IdeaProjects/CouponsProject/target/classes started by shelly_yaron in /Users/shelly_yaron/Documents/לימודים/Java Full stack/IdeaProjects/CouponsProject)
2022-10-03 18:00:05 [main] INFO :No active profile set, falling back to 1 default profile: "default"
2022-10-03 18:00:07 [main] INFO :Bootstrapping Spring Data JPA repositories in DEFAULT mode.
2022-10-03 18:00:07 [main] INFO :Finished Spring Data repository scanning in 119 ms. Found 5 JPA repository interfaces.
2022-10-03 18:00:08 [main] INFO :Tomcat initialized with port(s): 8080 (http)
2022-10-03 18:00:08 [main] INFO :Initializing ProtocolHandler ["http-nio-8080"]
2022-10-03 18:00:08 [main] INFO :Starting service [Tomcat]
2022-10-03 18:00:08 [main] INFO :Starting Servlet engine: [Apache Tomcat/9.0.65]
2022-10-03 18:00:08 [main] INFO :Initializing Spring embedded WebApplicationContext
2022-10-03 18:00:08 [main] INFO :Root WebApplicationContext: initialization completed in 2658 ms
2022-10-03 18:00:08 [main] INFO :HHH000204: Processing PersistenceUnitInfo [name: default]
2022-10-03 18:00:09 [main] INFO :HHH000412: Hibernate ORM core version 5.6.10.Final
2022-10-03 18:00:09 [main] INFO :HCANN000001: Hibernate Commons Annotations {5.1.2.Final}
2022-10-03 18:00:09 [main] INFO :HikariPool-1 - Starting...
2022-10-03 18:00:09 [main] INFO :HikariPool-1 - Start completed.
2022-10-03 18:00:09 [main] INFO :HHH000400: Using dialect: org.hibernate.dialect.MySQL57Dialect
2022-10-03 18:00:10 [main] INFO :HHH000490: Using JtaPlatform implementation: [org.hibernate.engine.transaction.jta.platform.internal.NoJtaPlatform]
2022-10-03 18:00:10 [main] INFO :Initialized JPA EntityManagerFactory for persistence unit 'default'
2022-10-03 18:00:11 [main] WARN :spring.jpa.open-in-view is enabled by default. Therefore, database queries may be performed during view rendering. Explicitly configure spring.jpa.open-in-view to disable this warning
2022-10-03 18:00:12 [main] INFO :Starting ProtocolHandler ["http-nio-8080"]
2022-10-03 18:00:12 [main] INFO :Tomcat started on port(s): 8080 (http) with context path ''
2022-10-03 18:00:12 [main] INFO :Started Main in 7.662 seconds (JVM running for 8.462)
2022-10-03 18:00:17 [http-nio-8080-exec-1] INFO :Initializing Spring DispatcherServlet 'dispatcherServlet'
2022-10-03 18:00:17 [http-nio-8080-exec-1] INFO :Initializing Servlet 'dispatcherServlet'
2022-10-03 18:00:17 [http-nio-8080-exec-1] INFO :Completed initialization in 2 ms
2022-10-03 18:00:54 [SpringApplicationShutdownHook] INFO :Closing JPA EntityManagerFactory for persistence unit 'default'
2022-10-03 18:00:54 [SpringApplicationShutdownHook] INFO :HikariPool-1 - Shutdown initiated...
2022-10-03 18:00:54 [SpringApplicationShutdownHook] INFO :HikariPool-1 - Shutdown completed.
2022-10-03 18:00:58 [main] INFO :Starting Main using Java 18.0.1.1 on Shellys-MBP.lan with PID 2410 (/Users/shelly_yaron/Documents/לימודים/Java Full stack/IdeaProjects/CouponsProject/target/classes started by shelly_yaron in /Users/shelly_yaron/Documents/לימודים/Java Full stack/IdeaProjects/CouponsProject)
2022-10-03 18:00:58 [main] INFO :No active profile set, falling back to 1 default profile: "default"
2022-10-03 18:01:00 [main] INFO :Bootstrapping Spring Data JPA repositories in DEFAULT mode.
2022-10-03 18:01:00 [main] INFO :Finished Spring Data repository scanning in 125 ms. Found 5 JPA repository interfaces.
2022-10-03 18:01:01 [main] INFO :Tomcat initialized with port(s): 8080 (http)
2022-10-03 18:01:01 [main] INFO :Initializing ProtocolHandler ["http-nio-8080"]
2022-10-03 18:01:01 [main] INFO :Starting service [Tomcat]
2022-10-03 18:01:01 [main] INFO :Starting Servlet engine: [Apache Tomcat/9.0.65]
2022-10-03 18:01:01 [main] INFO :Initializing Spring embedded WebApplicationContext
2022-10-03 18:01:01 [main] INFO :Root WebApplicationContext: initialization completed in 2645 ms
2022-10-03 18:01:01 [main] INFO :HHH000204: Processing PersistenceUnitInfo [name: default]
2022-10-03 18:01:01 [main] INFO :HHH000412: Hibernate ORM core version 5.6.10.Final
2022-10-03 18:01:01 [main] INFO :HCANN000001: Hibernate Commons Annotations {5.1.2.Final}
2022-10-03 18:01:01 [main] INFO :HikariPool-1 - Starting...
2022-10-03 18:01:02 [main] INFO :HikariPool-1 - Start completed.
2022-10-03 18:01:02 [main] INFO :HHH000400: Using dialect: org.hibernate.dialect.MySQL57Dialect
2022-10-03 18:01:03 [main] INFO :HHH000490: Using JtaPlatform implementation: [org.hibernate.engine.transaction.jta.platform.internal.NoJtaPlatform]
2022-10-03 18:01:03 [main] INFO :Initialized JPA EntityManagerFactory for persistence unit 'default'
2022-10-03 18:01:04 [main] WARN :spring.jpa.open-in-view is enabled by default. Therefore, database queries may be performed during view rendering. Explicitly configure spring.jpa.open-in-view to disable this warning
2022-10-03 18:01:05 [main] INFO :Starting ProtocolHandler ["http-nio-8080"]
2022-10-03 18:01:05 [main] INFO :Tomcat started on port(s): 8080 (http) with context path ''
2022-10-03 18:01:05 [main] INFO :Started Main in 7.73 seconds (JVM running for 8.528)
2022-10-03 18:01:09 [http-nio-8080-exec-1] INFO :Initializing Spring DispatcherServlet 'dispatcherServlet'
2022-10-03 18:01:09 [http-nio-8080-exec-1] INFO :Initializing Servlet 'dispatcherServlet'
2022-10-03 18:01:09 [http-nio-8080-exec-1] INFO :Completed initialization in 4 ms
2022-10-03 18:01:10 [http-nio-8080-exec-1] DEBUG:
    select
        couponenti0_.id as id1_1_,
        couponenti0_.amount as amount2_1_,
        couponenti0_.category as category3_1_,
        couponenti0_.company_entity_id as company_9_1_,
        couponenti0_.description as descript4_1_,
        couponenti0_.end_date as end_date5_1_,
        couponenti0_.price as price6_1_,
        couponenti0_.start_date as start_da7_1_,
        couponenti0_.title as title8_1_ 
    from
        coupons couponenti0_
2022-10-03 18:01:10 [http-nio-8080-exec-1] DEBUG:
    select
        companyent0_.id as id1_0_0_,
        companyent0_.address as address2_0_0_,
        companyent0_.name as name3_0_0_,
        companyent0_.phone_number as phone_nu4_0_0_ 
    from
        companies companyent0_ 
    where
        companyent0_.id=?
2022-10-03 18:01:10 [http-nio-8080-exec-1] TRACE:binding parameter [1] as [BIGINT] - [1]
2022-10-03 18:01:10 [http-nio-8080-exec-2] DEBUG:
    select
        couponenti0_.id as id1_1_,
        couponenti0_.amount as amount2_1_,
        couponenti0_.category as category3_1_,
        couponenti0_.company_entity_id as company_9_1_,
        couponenti0_.description as descript4_1_,
        couponenti0_.end_date as end_date5_1_,
        couponenti0_.price as price6_1_,
        couponenti0_.start_date as start_da7_1_,
        couponenti0_.title as title8_1_ 
    from
        coupons couponenti0_
2022-10-03 18:01:10 [http-nio-8080-exec-2] DEBUG:
    select
        companyent0_.id as id1_0_0_,
        companyent0_.address as address2_0_0_,
        companyent0_.name as name3_0_0_,
        companyent0_.phone_number as phone_nu4_0_0_ 
    from
        companies companyent0_ 
    where
        companyent0_.id=?
2022-10-03 18:01:10 [http-nio-8080-exec-2] TRACE:binding parameter [1] as [BIGINT] - [1]
2022-10-03 20:58:08 [SpringApplicationShutdownHook] INFO :Closing JPA EntityManagerFactory for persistence unit 'default'
2022-10-03 20:58:08 [SpringApplicationShutdownHook] INFO :HikariPool-1 - Shutdown initiated...
2022-10-03 20:58:08 [SpringApplicationShutdownHook] INFO :HikariPool-1 - Shutdown completed.
